[0.024s] Invoking command in '/home/jetpack/JetRacer/build/can_interface': AMENT_PREFIX_PATH=/home/jetpack/JetRacer/install/bus_msgs:${AMENT_PREFIX_PATH} CMAKE_PREFIX_PATH=/home/jetpack/JetRacer/install/bus_msgs:/opt/ros/jazzy/opt/gz_math_vendor:/opt/ros/jazzy/opt/gz_utils_vendor:/opt/ros/jazzy/opt/gz_cmake_vendor:/opt/ros/jazzy LD_LIBRARY_PATH=/home/jetpack/JetRacer/install/bus_msgs/lib:${LD_LIBRARY_PATH} PYTHONPATH=/home/jetpack/JetRacer/install/bus_msgs/lib/python3.12/site-packages:${PYTHONPATH} /usr/bin/cmake --build /home/jetpack/JetRacer/build/can_interface -- -j4 -l4
[0.125s] [ 40%] Built target sockcanpp
[0.181s] [100%] Built target can_interface_node
[0.206s] Invoked command in '/home/jetpack/JetRacer/build/can_interface' returned '0': AMENT_PREFIX_PATH=/home/jetpack/JetRacer/install/bus_msgs:${AMENT_PREFIX_PATH} CMAKE_PREFIX_PATH=/home/jetpack/JetRacer/install/bus_msgs:/opt/ros/jazzy/opt/gz_math_vendor:/opt/ros/jazzy/opt/gz_utils_vendor:/opt/ros/jazzy/opt/gz_cmake_vendor:/opt/ros/jazzy LD_LIBRARY_PATH=/home/jetpack/JetRacer/install/bus_msgs/lib:${LD_LIBRARY_PATH} PYTHONPATH=/home/jetpack/JetRacer/install/bus_msgs/lib/python3.12/site-packages:${PYTHONPATH} /usr/bin/cmake --build /home/jetpack/JetRacer/build/can_interface -- -j4 -l4
[0.264s] Invoking command in '/home/jetpack/JetRacer/build/can_interface': AMENT_PREFIX_PATH=/home/jetpack/JetRacer/install/bus_msgs:${AMENT_PREFIX_PATH} CMAKE_PREFIX_PATH=/home/jetpack/JetRacer/install/bus_msgs:/opt/ros/jazzy/opt/gz_math_vendor:/opt/ros/jazzy/opt/gz_utils_vendor:/opt/ros/jazzy/opt/gz_cmake_vendor:/opt/ros/jazzy LD_LIBRARY_PATH=/home/jetpack/JetRacer/install/bus_msgs/lib:${LD_LIBRARY_PATH} PYTHONPATH=/home/jetpack/JetRacer/install/bus_msgs/lib/python3.12/site-packages:${PYTHONPATH} /usr/bin/cmake --install /home/jetpack/JetRacer/build/can_interface
[0.281s] -- Install configuration: ""
[0.284s] -- Execute custom install script
[0.284s] -- Up-to-date symlink: /home/jetpack/JetRacer/install/can_interface/lib/cmake/sockcanpp/libsockcanppConfig.cmake
[0.284s] -- Up-to-date symlink: /home/jetpack/JetRacer/install/can_interface/lib/cmake/sockcanpp/libsockcanppConfigVersion.cmake
[0.285s] -- Up-to-date symlink: /home/jetpack/JetRacer/install/can_interface/lib/pkgconfig/libsockcanpp.pc
[0.286s] -- Up-to-date symlink: /home/jetpack/JetRacer/install/can_interface/lib/can_interface/can_interface_node
[0.286s] -- Up-to-date symlink: /home/jetpack/JetRacer/install/can_interface/share/ament_index/resource_index/package_run_dependencies/can_interface
[0.286s] -- Up-to-date symlink: /home/jetpack/JetRacer/install/can_interface/share/ament_index/resource_index/parent_prefix_path/can_interface
[0.286s] -- Up-to-date symlink: /home/jetpack/JetRacer/install/can_interface/share/can_interface/environment/ament_prefix_path.sh
[0.286s] -- Up-to-date symlink: /home/jetpack/JetRacer/install/can_interface/share/can_interface/environment/ament_prefix_path.dsv
[0.287s] -- Up-to-date symlink: /home/jetpack/JetRacer/install/can_interface/share/can_interface/environment/path.sh
[0.287s] -- Up-to-date symlink: /home/jetpack/JetRacer/install/can_interface/share/can_interface/environment/path.dsv
[0.287s] -- Up-to-date symlink: /home/jetpack/JetRacer/install/can_interface/share/can_interface/local_setup.bash
[0.287s] -- Up-to-date symlink: /home/jetpack/JetRacer/install/can_interface/share/can_interface/local_setup.sh
[0.287s] -- Up-to-date symlink: /home/jetpack/JetRacer/install/can_interface/share/can_interface/local_setup.zsh
[0.287s] -- Up-to-date symlink: /home/jetpack/JetRacer/install/can_interface/share/can_interface/local_setup.dsv
[0.287s] -- Symlinking: /home/jetpack/JetRacer/install/can_interface/share/can_interface/package.dsv
[0.301s] -- Up-to-date symlink: /home/jetpack/JetRacer/install/can_interface/share/ament_index/resource_index/packages/can_interface
[0.301s] -- Up-to-date symlink: /home/jetpack/JetRacer/install/can_interface/share/can_interface/cmake/can_interfaceConfig.cmake
[0.302s] -- Up-to-date symlink: /home/jetpack/JetRacer/install/can_interface/share/can_interface/cmake/can_interfaceConfig-version.cmake
[0.302s] -- Up-to-date symlink: /home/jetpack/JetRacer/install/can_interface/share/can_interface/package.xml
[0.303s] -- Up-to-date: /home/jetpack/JetRacer/install/can_interface/lib/sockcanpp.so.1.1.0
[0.303s] -- Up-to-date: /home/jetpack/JetRacer/install/can_interface/lib/sockcanpp.so
[0.303s] -- Up-to-date: /home/jetpack/JetRacer/install/can_interface/include/CanDriver.hpp
[0.303s] -- Up-to-date: /home/jetpack/JetRacer/install/can_interface/include/CanId.hpp
[0.304s] -- Up-to-date: /home/jetpack/JetRacer/install/can_interface/include/CanMessage.hpp
[0.304s] -- Up-to-date: /home/jetpack/JetRacer/install/can_interface/lib/cmake/sockcanpp/sockcanppTargets.cmake
[0.304s] -- Up-to-date: /home/jetpack/JetRacer/install/can_interface/lib/cmake/sockcanpp/sockcanppTargets-noconfig.cmake
[0.326s] Invoked command in '/home/jetpack/JetRacer/build/can_interface' returned '0': AMENT_PREFIX_PATH=/home/jetpack/JetRacer/install/bus_msgs:${AMENT_PREFIX_PATH} CMAKE_PREFIX_PATH=/home/jetpack/JetRacer/install/bus_msgs:/opt/ros/jazzy/opt/gz_math_vendor:/opt/ros/jazzy/opt/gz_utils_vendor:/opt/ros/jazzy/opt/gz_cmake_vendor:/opt/ros/jazzy LD_LIBRARY_PATH=/home/jetpack/JetRacer/install/bus_msgs/lib:${LD_LIBRARY_PATH} PYTHONPATH=/home/jetpack/JetRacer/install/bus_msgs/lib/python3.12/site-packages:${PYTHONPATH} /usr/bin/cmake --install /home/jetpack/JetRacer/build/can_interface
