[0.025s] Invoking command in '/home/jetpack/JetRacer/build/i2c_interface': AMENT_PREFIX_PATH=/home/jetpack/JetRacer/install/bus_msgs:${AMENT_PREFIX_PATH} CMAKE_PREFIX_PATH=/home/jetpack/JetRacer/install/bus_msgs:/opt/ros/jazzy/opt/gz_math_vendor:/opt/ros/jazzy/opt/gz_utils_vendor:/opt/ros/jazzy/opt/gz_cmake_vendor:/opt/ros/jazzy LD_LIBRARY_PATH=/home/jetpack/JetRacer/install/bus_msgs/lib:${LD_LIBRARY_PATH} PYTHONPATH=/home/jetpack/JetRacer/install/bus_msgs/lib/python3.12/site-packages:${PYTHONPATH} /usr/bin/cmake --build /home/jetpack/JetRacer/build/i2c_interface -- -j4 -l4
[0.155s] [100%] Built target i2c_interface_node
[0.181s] Invoked command in '/home/jetpack/JetRacer/build/i2c_interface' returned '0': AMENT_PREFIX_PATH=/home/jetpack/JetRacer/install/bus_msgs:${AMENT_PREFIX_PATH} CMAKE_PREFIX_PATH=/home/jetpack/JetRacer/install/bus_msgs:/opt/ros/jazzy/opt/gz_math_vendor:/opt/ros/jazzy/opt/gz_utils_vendor:/opt/ros/jazzy/opt/gz_cmake_vendor:/opt/ros/jazzy LD_LIBRARY_PATH=/home/jetpack/JetRacer/install/bus_msgs/lib:${LD_LIBRARY_PATH} PYTHONPATH=/home/jetpack/JetRacer/install/bus_msgs/lib/python3.12/site-packages:${PYTHONPATH} /usr/bin/cmake --build /home/jetpack/JetRacer/build/i2c_interface -- -j4 -l4
[0.234s] Invoking command in '/home/jetpack/JetRacer/build/i2c_interface': AMENT_PREFIX_PATH=/home/jetpack/JetRacer/install/bus_msgs:${AMENT_PREFIX_PATH} CMAKE_PREFIX_PATH=/home/jetpack/JetRacer/install/bus_msgs:/opt/ros/jazzy/opt/gz_math_vendor:/opt/ros/jazzy/opt/gz_utils_vendor:/opt/ros/jazzy/opt/gz_cmake_vendor:/opt/ros/jazzy LD_LIBRARY_PATH=/home/jetpack/JetRacer/install/bus_msgs/lib:${LD_LIBRARY_PATH} PYTHONPATH=/home/jetpack/JetRacer/install/bus_msgs/lib/python3.12/site-packages:${PYTHONPATH} /usr/bin/cmake --install /home/jetpack/JetRacer/build/i2c_interface
[0.261s] -- Install configuration: ""
[0.261s] -- Execute custom install script
[0.261s] -- Up-to-date symlink: /home/jetpack/JetRacer/install/i2c_interface/lib/i2c_interface/i2c_interface_node
[0.261s] -- Up-to-date symlink: /home/jetpack/JetRacer/install/i2c_interface/share/ament_index/resource_index/package_run_dependencies/i2c_interface
[0.261s] -- Up-to-date symlink: /home/jetpack/JetRacer/install/i2c_interface/share/ament_index/resource_index/parent_prefix_path/i2c_interface
[0.261s] -- Up-to-date symlink: /home/jetpack/JetRacer/install/i2c_interface/share/i2c_interface/environment/ament_prefix_path.sh
[0.262s] -- Up-to-date symlink: /home/jetpack/JetRacer/install/i2c_interface/share/i2c_interface/environment/ament_prefix_path.dsv
[0.262s] -- Up-to-date symlink: /home/jetpack/JetRacer/install/i2c_interface/share/i2c_interface/environment/path.sh
[0.262s] -- Up-to-date symlink: /home/jetpack/JetRacer/install/i2c_interface/share/i2c_interface/environment/path.dsv
[0.263s] -- Up-to-date symlink: /home/jetpack/JetRacer/install/i2c_interface/share/i2c_interface/local_setup.bash
[0.263s] -- Up-to-date symlink: /home/jetpack/JetRacer/install/i2c_interface/share/i2c_interface/local_setup.sh
[0.263s] -- Up-to-date symlink: /home/jetpack/JetRacer/install/i2c_interface/share/i2c_interface/local_setup.zsh
[0.263s] -- Up-to-date symlink: /home/jetpack/JetRacer/install/i2c_interface/share/i2c_interface/local_setup.dsv
[0.263s] -- Symlinking: /home/jetpack/JetRacer/install/i2c_interface/share/i2c_interface/package.dsv
[0.285s] -- Up-to-date symlink: /home/jetpack/JetRacer/install/i2c_interface/share/ament_index/resource_index/packages/i2c_interface
[0.285s] -- Up-to-date symlink: /home/jetpack/JetRacer/install/i2c_interface/share/i2c_interface/cmake/i2c_interfaceConfig.cmake
[0.285s] -- Up-to-date symlink: /home/jetpack/JetRacer/install/i2c_interface/share/i2c_interface/cmake/i2c_interfaceConfig-version.cmake
[0.286s] -- Up-to-date symlink: /home/jetpack/JetRacer/install/i2c_interface/share/i2c_interface/package.xml
[0.310s] Invoked command in '/home/jetpack/JetRacer/build/i2c_interface' returned '0': AMENT_PREFIX_PATH=/home/jetpack/JetRacer/install/bus_msgs:${AMENT_PREFIX_PATH} CMAKE_PREFIX_PATH=/home/jetpack/JetRacer/install/bus_msgs:/opt/ros/jazzy/opt/gz_math_vendor:/opt/ros/jazzy/opt/gz_utils_vendor:/opt/ros/jazzy/opt/gz_cmake_vendor:/opt/ros/jazzy LD_LIBRARY_PATH=/home/jetpack/JetRacer/install/bus_msgs/lib:${LD_LIBRARY_PATH} PYTHONPATH=/home/jetpack/JetRacer/install/bus_msgs/lib/python3.12/site-packages:${PYTHONPATH} /usr/bin/cmake --install /home/jetpack/JetRacer/build/i2c_interface
