[0.019s] Invoking command in '/home/jetpack/JetRacer/build/oled_display': CMAKE_PREFIX_PATH=/home/jetpack/JetRacer/install/bus_msgs:/home/jetpack/JetRacer/install/speed_sensor:/home/jetpack/JetRacer/install/servo_motor:/home/jetpack/JetRacer/install/oled_service:/home/jetpack/JetRacer/install/oled_display:/home/jetpack/JetRacer/install/i2c_interface:/home/jetpack/JetRacer/install/can_interface:/opt/ros/jazzy/opt/gz_math_vendor:/opt/ros/jazzy/opt/gz_utils_vendor:/opt/ros/jazzy/opt/gz_cmake_vendor:/opt/ros/jazzy LD_LIBRARY_PATH=/home/jetpack/JetRacer/install/bus_msgs/lib:/home/jetpack/JetRacer/install/can_interface/lib:/opt/ros/jazzy/opt/rviz_ogre_vendor/lib:/opt/ros/jazzy/lib/aarch64-linux-gnu:/opt/ros/jazzy/opt/gz_math_vendor/lib:/opt/ros/jazzy/opt/gz_utils_vendor/lib:/opt/ros/jazzy/opt/gz_cmake_vendor/lib:/opt/ros/jazzy/lib /usr/bin/cmake --build /home/jetpack/JetRacer/build/oled_display -- -j4 -l4
[0.129s] [ 33%] [32mBuilding CXX object CMakeFiles/oled_display_node.dir/src/OledDisplayNode.cpp.o[0m
[14.365s] [ 66%] [32m[1mLinking CXX executable oled_display_node[0m
[15.070s] [100%] Built target oled_display_node
[15.206s] Invoked command in '/home/jetpack/JetRacer/build/oled_display' returned '0': CMAKE_PREFIX_PATH=/home/jetpack/JetRacer/install/bus_msgs:/home/jetpack/JetRacer/install/speed_sensor:/home/jetpack/JetRacer/install/servo_motor:/home/jetpack/JetRacer/install/oled_service:/home/jetpack/JetRacer/install/oled_display:/home/jetpack/JetRacer/install/i2c_interface:/home/jetpack/JetRacer/install/can_interface:/opt/ros/jazzy/opt/gz_math_vendor:/opt/ros/jazzy/opt/gz_utils_vendor:/opt/ros/jazzy/opt/gz_cmake_vendor:/opt/ros/jazzy LD_LIBRARY_PATH=/home/jetpack/JetRacer/install/bus_msgs/lib:/home/jetpack/JetRacer/install/can_interface/lib:/opt/ros/jazzy/opt/rviz_ogre_vendor/lib:/opt/ros/jazzy/lib/aarch64-linux-gnu:/opt/ros/jazzy/opt/gz_math_vendor/lib:/opt/ros/jazzy/opt/gz_utils_vendor/lib:/opt/ros/jazzy/opt/gz_cmake_vendor/lib:/opt/ros/jazzy/lib /usr/bin/cmake --build /home/jetpack/JetRacer/build/oled_display -- -j4 -l4
[15.266s] Invoking command in '/home/jetpack/JetRacer/build/oled_display': CMAKE_PREFIX_PATH=/home/jetpack/JetRacer/install/bus_msgs:/home/jetpack/JetRacer/install/speed_sensor:/home/jetpack/JetRacer/install/servo_motor:/home/jetpack/JetRacer/install/oled_service:/home/jetpack/JetRacer/install/oled_display:/home/jetpack/JetRacer/install/i2c_interface:/home/jetpack/JetRacer/install/can_interface:/opt/ros/jazzy/opt/gz_math_vendor:/opt/ros/jazzy/opt/gz_utils_vendor:/opt/ros/jazzy/opt/gz_cmake_vendor:/opt/ros/jazzy LD_LIBRARY_PATH=/home/jetpack/JetRacer/install/bus_msgs/lib:/home/jetpack/JetRacer/install/can_interface/lib:/opt/ros/jazzy/opt/rviz_ogre_vendor/lib:/opt/ros/jazzy/lib/aarch64-linux-gnu:/opt/ros/jazzy/opt/gz_math_vendor/lib:/opt/ros/jazzy/opt/gz_utils_vendor/lib:/opt/ros/jazzy/opt/gz_cmake_vendor/lib:/opt/ros/jazzy/lib /usr/bin/cmake --install /home/jetpack/JetRacer/build/oled_display
[15.279s] -- Install configuration: ""
[15.280s] -- Installing: /home/jetpack/JetRacer/install/oled_display/lib/oled_display/oled_display_node
[15.290s] -- Set non-toolchain portion of runtime path of "/home/jetpack/JetRacer/install/oled_display/lib/oled_display/oled_display_node" to ""
[15.290s] -- Up-to-date: /home/jetpack/JetRacer/install/oled_display/share/ament_index/resource_index/package_run_dependencies/oled_display
[15.291s] -- Up-to-date: /home/jetpack/JetRacer/install/oled_display/share/ament_index/resource_index/parent_prefix_path/oled_display
[15.291s] -- Up-to-date: /home/jetpack/JetRacer/install/oled_display/share/oled_display/environment/ament_prefix_path.sh
[15.291s] -- Up-to-date: /home/jetpack/JetRacer/install/oled_display/share/oled_display/environment/ament_prefix_path.dsv
[15.291s] -- Up-to-date: /home/jetpack/JetRacer/install/oled_display/share/oled_display/environment/path.sh
[15.291s] -- Up-to-date: /home/jetpack/JetRacer/install/oled_display/share/oled_display/environment/path.dsv
[15.291s] -- Up-to-date: /home/jetpack/JetRacer/install/oled_display/share/oled_display/local_setup.bash
[15.291s] -- Up-to-date: /home/jetpack/JetRacer/install/oled_display/share/oled_display/local_setup.sh
[15.291s] -- Up-to-date: /home/jetpack/JetRacer/install/oled_display/share/oled_display/local_setup.zsh
[15.291s] -- Up-to-date: /home/jetpack/JetRacer/install/oled_display/share/oled_display/local_setup.dsv
[15.291s] -- Installing: /home/jetpack/JetRacer/install/oled_display/share/oled_display/package.dsv
[15.291s] -- Up-to-date: /home/jetpack/JetRacer/install/oled_display/share/ament_index/resource_index/packages/oled_display
[15.292s] -- Up-to-date: /home/jetpack/JetRacer/install/oled_display/share/oled_display/cmake/ament_cmake_export_dependencies-extras.cmake
[15.292s] -- Up-to-date: /home/jetpack/JetRacer/install/oled_display/share/oled_display/cmake/oled_displayConfig.cmake
[15.292s] -- Up-to-date: /home/jetpack/JetRacer/install/oled_display/share/oled_display/cmake/oled_displayConfig-version.cmake
[15.292s] -- Up-to-date: /home/jetpack/JetRacer/install/oled_display/share/oled_display/package.xml
[15.294s] Invoked command in '/home/jetpack/JetRacer/build/oled_display' returned '0': CMAKE_PREFIX_PATH=/home/jetpack/JetRacer/install/bus_msgs:/home/jetpack/JetRacer/install/speed_sensor:/home/jetpack/JetRacer/install/servo_motor:/home/jetpack/JetRacer/install/oled_service:/home/jetpack/JetRacer/install/oled_display:/home/jetpack/JetRacer/install/i2c_interface:/home/jetpack/JetRacer/install/can_interface:/opt/ros/jazzy/opt/gz_math_vendor:/opt/ros/jazzy/opt/gz_utils_vendor:/opt/ros/jazzy/opt/gz_cmake_vendor:/opt/ros/jazzy LD_LIBRARY_PATH=/home/jetpack/JetRacer/install/bus_msgs/lib:/home/jetpack/JetRacer/install/can_interface/lib:/opt/ros/jazzy/opt/rviz_ogre_vendor/lib:/opt/ros/jazzy/lib/aarch64-linux-gnu:/opt/ros/jazzy/opt/gz_math_vendor/lib:/opt/ros/jazzy/opt/gz_utils_vendor/lib:/opt/ros/jazzy/opt/gz_cmake_vendor/lib:/opt/ros/jazzy/lib /usr/bin/cmake --install /home/jetpack/JetRacer/build/oled_display
