[0.141s] DEBUG:colcon:Command line arguments: ['/usr/bin/colcon', 'build', '--symlink-install']
[0.141s] DEBUG:colcon:Parsed command line arguments: Namespace(log_base=None, log_level=None, verb_name='build', build_base='build', install_base='install', merge_install=False, symlink_install=True, test_result_base=None, continue_on_error=False, executor='parallel', parallel_workers=4, event_handlers=None, ignore_user_meta=False, metas=['./colcon.meta'], base_paths=['.'], packages_ignore=None, packages_ignore_regex=None, paths=None, packages_up_to=None, packages_up_to_regex=None, packages_above=None, packages_above_and_dependencies=None, packages_above_depth=None, packages_select_by_dep=None, packages_skip_by_dep=None, packages_skip_up_to=None, packages_select_build_failed=False, packages_skip_build_finished=False, packages_select_test_failures=False, packages_skip_test_passed=False, packages_select=None, packages_skip=None, packages_select_regex=None, packages_skip_regex=None, packages_start=None, packages_end=None, allow_overriding=[], cmake_args=None, cmake_target=None, cmake_target_skip_unavailable=False, cmake_clean_cache=False, cmake_clean_first=False, cmake_force_configure=False, ament_cmake_args=None, catkin_cmake_args=None, catkin_skip_building_tests=False, mixin_files=None, mixin=None, verb_parser=<colcon_mixin.mixin.mixin_argument.MixinArgumentDecorator object at 0xffff8bbf7290>, verb_extension=<colcon_core.verb.build.BuildVerb object at 0xffff8bda5f70>, main=<bound method BuildVerb.main of <colcon_core.verb.build.BuildVerb object at 0xffff8bda5f70>>, mixin_verb=('build',))
[0.196s] Level 1:colcon.colcon_core.package_discovery:discover_packages(colcon_meta) check parameters
[0.196s] Level 1:colcon.colcon_core.package_discovery:discover_packages(recursive) check parameters
[0.196s] Level 1:colcon.colcon_core.package_discovery:discover_packages(ignore) check parameters
[0.196s] Level 1:colcon.colcon_core.package_discovery:discover_packages(path) check parameters
[0.196s] Level 1:colcon.colcon_core.package_discovery:discover_packages(colcon_meta) discover
[0.196s] Level 1:colcon.colcon_core.package_discovery:discover_packages(recursive) discover
[0.197s] INFO:colcon.colcon_core.package_discovery:Crawling recursively for packages in '/home/jetpack/JetRacer'
[0.197s] Level 1:colcon.colcon_core.package_identification:_identify(.) by extensions ['ignore', 'ignore_ament_install']
[0.197s] Level 1:colcon.colcon_core.package_identification:_identify(.) by extension 'ignore'
[0.197s] Level 1:colcon.colcon_core.package_identification:_identify(.) by extension 'ignore_ament_install'
[0.197s] Level 1:colcon.colcon_core.package_identification:_identify(.) by extensions ['colcon_pkg']
[0.197s] Level 1:colcon.colcon_core.package_identification:_identify(.) by extension 'colcon_pkg'
[0.197s] Level 1:colcon.colcon_core.package_identification:_identify(.) by extensions ['colcon_meta']
[0.197s] Level 1:colcon.colcon_core.package_identification:_identify(.) by extension 'colcon_meta'
[0.197s] Level 1:colcon.colcon_core.package_identification:_identify(.) by extensions ['ros']
[0.197s] Level 1:colcon.colcon_core.package_identification:_identify(.) by extension 'ros'
[0.234s] Level 1:colcon.colcon_core.package_identification:_identify(.) by extensions ['cmake', 'python']
[0.234s] Level 1:colcon.colcon_core.package_identification:_identify(.) by extension 'cmake'
[0.234s] Level 1:colcon.colcon_core.package_identification:_identify(.) by extension 'python'
[0.234s] Level 1:colcon.colcon_core.package_identification:_identify(.) by extensions ['python_setup_py']
[0.234s] Level 1:colcon.colcon_core.package_identification:_identify(.) by extension 'python_setup_py'
[0.234s] Level 1:colcon.colcon_core.package_identification:_identify(build) by extensions ['ignore', 'ignore_ament_install']
[0.234s] Level 1:colcon.colcon_core.package_identification:_identify(build) by extension 'ignore'
[0.234s] Level 1:colcon.colcon_core.package_identification:_identify(build) ignored
[0.235s] Level 1:colcon.colcon_core.package_identification:_identify(install) by extensions ['ignore', 'ignore_ament_install']
[0.235s] Level 1:colcon.colcon_core.package_identification:_identify(install) by extension 'ignore'
[0.235s] Level 1:colcon.colcon_core.package_identification:_identify(install) ignored
[0.235s] Level 1:colcon.colcon_core.package_identification:_identify(log) by extensions ['ignore', 'ignore_ament_install']
[0.235s] Level 1:colcon.colcon_core.package_identification:_identify(log) by extension 'ignore'
[0.235s] Level 1:colcon.colcon_core.package_identification:_identify(log) ignored
[0.235s] Level 1:colcon.colcon_core.package_identification:_identify(src) by extensions ['ignore', 'ignore_ament_install']
[0.235s] Level 1:colcon.colcon_core.package_identification:_identify(src) by extension 'ignore'
[0.235s] Level 1:colcon.colcon_core.package_identification:_identify(src) by extension 'ignore_ament_install'
[0.235s] Level 1:colcon.colcon_core.package_identification:_identify(src) by extensions ['colcon_pkg']
[0.235s] Level 1:colcon.colcon_core.package_identification:_identify(src) by extension 'colcon_pkg'
[0.235s] Level 1:colcon.colcon_core.package_identification:_identify(src) by extensions ['colcon_meta']
[0.235s] Level 1:colcon.colcon_core.package_identification:_identify(src) by extension 'colcon_meta'
[0.235s] Level 1:colcon.colcon_core.package_identification:_identify(src) by extensions ['ros']
[0.235s] Level 1:colcon.colcon_core.package_identification:_identify(src) by extension 'ros'
[0.235s] Level 1:colcon.colcon_core.package_identification:_identify(src) by extensions ['cmake', 'python']
[0.236s] Level 1:colcon.colcon_core.package_identification:_identify(src) by extension 'cmake'
[0.236s] Level 1:colcon.colcon_core.package_identification:_identify(src) by extension 'python'
[0.236s] Level 1:colcon.colcon_core.package_identification:_identify(src) by extensions ['python_setup_py']
[0.236s] Level 1:colcon.colcon_core.package_identification:_identify(src) by extension 'python_setup_py'
[0.236s] Level 1:colcon.colcon_core.package_identification:_identify(src/bus_interfaces) by extensions ['ignore', 'ignore_ament_install']
[0.236s] Level 1:colcon.colcon_core.package_identification:_identify(src/bus_interfaces) by extension 'ignore'
[0.236s] Level 1:colcon.colcon_core.package_identification:_identify(src/bus_interfaces) by extension 'ignore_ament_install'
[0.236s] Level 1:colcon.colcon_core.package_identification:_identify(src/bus_interfaces) by extensions ['colcon_pkg']
[0.236s] Level 1:colcon.colcon_core.package_identification:_identify(src/bus_interfaces) by extension 'colcon_pkg'
[0.236s] Level 1:colcon.colcon_core.package_identification:_identify(src/bus_interfaces) by extensions ['colcon_meta']
[0.236s] Level 1:colcon.colcon_core.package_identification:_identify(src/bus_interfaces) by extension 'colcon_meta'
[0.236s] Level 1:colcon.colcon_core.package_identification:_identify(src/bus_interfaces) by extensions ['ros']
[0.236s] Level 1:colcon.colcon_core.package_identification:_identify(src/bus_interfaces) by extension 'ros'
[0.236s] Level 1:colcon.colcon_core.package_identification:_identify(src/bus_interfaces) by extensions ['cmake', 'python']
[0.236s] Level 1:colcon.colcon_core.package_identification:_identify(src/bus_interfaces) by extension 'cmake'
[0.236s] Level 1:colcon.colcon_core.package_identification:_identify(src/bus_interfaces) by extension 'python'
[0.236s] Level 1:colcon.colcon_core.package_identification:_identify(src/bus_interfaces) by extensions ['python_setup_py']
[0.236s] Level 1:colcon.colcon_core.package_identification:_identify(src/bus_interfaces) by extension 'python_setup_py'
[0.236s] Level 1:colcon.colcon_core.package_identification:_identify(src/bus_interfaces/can_interface) by extensions ['ignore', 'ignore_ament_install']
[0.236s] Level 1:colcon.colcon_core.package_identification:_identify(src/bus_interfaces/can_interface) by extension 'ignore'
[0.237s] Level 1:colcon.colcon_core.package_identification:_identify(src/bus_interfaces/can_interface) by extension 'ignore_ament_install'
[0.237s] Level 1:colcon.colcon_core.package_identification:_identify(src/bus_interfaces/can_interface) by extensions ['colcon_pkg']
[0.237s] Level 1:colcon.colcon_core.package_identification:_identify(src/bus_interfaces/can_interface) by extension 'colcon_pkg'
[0.237s] Level 1:colcon.colcon_core.package_identification:_identify(src/bus_interfaces/can_interface) by extensions ['colcon_meta']
[0.237s] Level 1:colcon.colcon_core.package_identification:_identify(src/bus_interfaces/can_interface) by extension 'colcon_meta'
[0.237s] Level 1:colcon.colcon_core.package_identification:_identify(src/bus_interfaces/can_interface) by extensions ['ros']
[0.237s] Level 1:colcon.colcon_core.package_identification:_identify(src/bus_interfaces/can_interface) by extension 'ros'
[0.240s] DEBUG:colcon.colcon_core.package_identification:Package 'src/bus_interfaces/can_interface' with type 'ros.ament_cmake' and name 'can_interface'
[0.240s] Level 1:colcon.colcon_core.package_identification:_identify(src/bus_interfaces/i2c_interface) by extensions ['ignore', 'ignore_ament_install']
[0.240s] Level 1:colcon.colcon_core.package_identification:_identify(src/bus_interfaces/i2c_interface) by extension 'ignore'
[0.240s] Level 1:colcon.colcon_core.package_identification:_identify(src/bus_interfaces/i2c_interface) by extension 'ignore_ament_install'
[0.240s] Level 1:colcon.colcon_core.package_identification:_identify(src/bus_interfaces/i2c_interface) by extensions ['colcon_pkg']
[0.240s] Level 1:colcon.colcon_core.package_identification:_identify(src/bus_interfaces/i2c_interface) by extension 'colcon_pkg'
[0.240s] Level 1:colcon.colcon_core.package_identification:_identify(src/bus_interfaces/i2c_interface) by extensions ['colcon_meta']
[0.240s] Level 1:colcon.colcon_core.package_identification:_identify(src/bus_interfaces/i2c_interface) by extension 'colcon_meta'
[0.240s] Level 1:colcon.colcon_core.package_identification:_identify(src/bus_interfaces/i2c_interface) by extensions ['ros']
[0.240s] Level 1:colcon.colcon_core.package_identification:_identify(src/bus_interfaces/i2c_interface) by extension 'ros'
[0.241s] DEBUG:colcon.colcon_core.package_identification:Package 'src/bus_interfaces/i2c_interface' with type 'ros.ament_cmake' and name 'i2c_interface'
[0.241s] Level 1:colcon.colcon_core.package_identification:_identify(src/peripherals) by extensions ['ignore', 'ignore_ament_install']
[0.241s] Level 1:colcon.colcon_core.package_identification:_identify(src/peripherals) by extension 'ignore'
[0.242s] Level 1:colcon.colcon_core.package_identification:_identify(src/peripherals) by extension 'ignore_ament_install'
[0.242s] Level 1:colcon.colcon_core.package_identification:_identify(src/peripherals) by extensions ['colcon_pkg']
[0.242s] Level 1:colcon.colcon_core.package_identification:_identify(src/peripherals) by extension 'colcon_pkg'
[0.242s] Level 1:colcon.colcon_core.package_identification:_identify(src/peripherals) by extensions ['colcon_meta']
[0.242s] Level 1:colcon.colcon_core.package_identification:_identify(src/peripherals) by extension 'colcon_meta'
[0.242s] Level 1:colcon.colcon_core.package_identification:_identify(src/peripherals) by extensions ['ros']
[0.242s] Level 1:colcon.colcon_core.package_identification:_identify(src/peripherals) by extension 'ros'
[0.242s] Level 1:colcon.colcon_core.package_identification:_identify(src/peripherals) by extensions ['cmake', 'python']
[0.242s] Level 1:colcon.colcon_core.package_identification:_identify(src/peripherals) by extension 'cmake'
[0.242s] Level 1:colcon.colcon_core.package_identification:_identify(src/peripherals) by extension 'python'
[0.242s] Level 1:colcon.colcon_core.package_identification:_identify(src/peripherals) by extensions ['python_setup_py']
[0.242s] Level 1:colcon.colcon_core.package_identification:_identify(src/peripherals) by extension 'python_setup_py'
[0.242s] Level 1:colcon.colcon_core.package_identification:_identify(src/peripherals/oled_service) by extensions ['ignore', 'ignore_ament_install']
[0.242s] Level 1:colcon.colcon_core.package_identification:_identify(src/peripherals/oled_service) by extension 'ignore'
[0.242s] Level 1:colcon.colcon_core.package_identification:_identify(src/peripherals/oled_service) by extension 'ignore_ament_install'
[0.242s] Level 1:colcon.colcon_core.package_identification:_identify(src/peripherals/oled_service) by extensions ['colcon_pkg']
[0.242s] Level 1:colcon.colcon_core.package_identification:_identify(src/peripherals/oled_service) by extension 'colcon_pkg'
[0.242s] Level 1:colcon.colcon_core.package_identification:_identify(src/peripherals/oled_service) by extensions ['colcon_meta']
[0.242s] Level 1:colcon.colcon_core.package_identification:_identify(src/peripherals/oled_service) by extension 'colcon_meta'
[0.242s] Level 1:colcon.colcon_core.package_identification:_identify(src/peripherals/oled_service) by extensions ['ros']
[0.242s] Level 1:colcon.colcon_core.package_identification:_identify(src/peripherals/oled_service) by extension 'ros'
[0.243s] DEBUG:colcon.colcon_core.package_identification:Package 'src/peripherals/oled_service' with type 'ros.ament_cmake' and name 'oled_service'
[0.243s] Level 1:colcon.colcon_core.package_identification:_identify(src/peripherals/servo_motor) by extensions ['ignore', 'ignore_ament_install']
[0.243s] Level 1:colcon.colcon_core.package_identification:_identify(src/peripherals/servo_motor) by extension 'ignore'
[0.243s] Level 1:colcon.colcon_core.package_identification:_identify(src/peripherals/servo_motor) by extension 'ignore_ament_install'
[0.243s] Level 1:colcon.colcon_core.package_identification:_identify(src/peripherals/servo_motor) by extensions ['colcon_pkg']
[0.243s] Level 1:colcon.colcon_core.package_identification:_identify(src/peripherals/servo_motor) by extension 'colcon_pkg'
[0.243s] Level 1:colcon.colcon_core.package_identification:_identify(src/peripherals/servo_motor) by extensions ['colcon_meta']
[0.243s] Level 1:colcon.colcon_core.package_identification:_identify(src/peripherals/servo_motor) by extension 'colcon_meta'
[0.244s] Level 1:colcon.colcon_core.package_identification:_identify(src/peripherals/servo_motor) by extensions ['ros']
[0.244s] Level 1:colcon.colcon_core.package_identification:_identify(src/peripherals/servo_motor) by extension 'ros'
[0.244s] DEBUG:colcon.colcon_core.package_identification:Package 'src/peripherals/servo_motor' with type 'ros.ament_cmake' and name 'servo_motor'
[0.244s] Level 1:colcon.colcon_core.package_identification:_identify(src/peripherals/speed_sensor) by extensions ['ignore', 'ignore_ament_install']
[0.245s] Level 1:colcon.colcon_core.package_identification:_identify(src/peripherals/speed_sensor) by extension 'ignore'
[0.245s] Level 1:colcon.colcon_core.package_identification:_identify(src/peripherals/speed_sensor) by extension 'ignore_ament_install'
[0.245s] Level 1:colcon.colcon_core.package_identification:_identify(src/peripherals/speed_sensor) by extensions ['colcon_pkg']
[0.245s] Level 1:colcon.colcon_core.package_identification:_identify(src/peripherals/speed_sensor) by extension 'colcon_pkg'
[0.245s] Level 1:colcon.colcon_core.package_identification:_identify(src/peripherals/speed_sensor) by extensions ['colcon_meta']
[0.245s] Level 1:colcon.colcon_core.package_identification:_identify(src/peripherals/speed_sensor) by extension 'colcon_meta'
[0.245s] Level 1:colcon.colcon_core.package_identification:_identify(src/peripherals/speed_sensor) by extensions ['ros']
[0.245s] Level 1:colcon.colcon_core.package_identification:_identify(src/peripherals/speed_sensor) by extension 'ros'
[0.245s] DEBUG:colcon.colcon_core.package_identification:Package 'src/peripherals/speed_sensor' with type 'ros.ament_cmake' and name 'speed_sensor'
[0.246s] Level 1:colcon.colcon_core.package_identification:_identify(src/utils) by extensions ['ignore', 'ignore_ament_install']
[0.246s] Level 1:colcon.colcon_core.package_identification:_identify(src/utils) by extension 'ignore'
[0.246s] Level 1:colcon.colcon_core.package_identification:_identify(src/utils) by extension 'ignore_ament_install'
[0.246s] Level 1:colcon.colcon_core.package_identification:_identify(src/utils) by extensions ['colcon_pkg']
[0.246s] Level 1:colcon.colcon_core.package_identification:_identify(src/utils) by extension 'colcon_pkg'
[0.246s] Level 1:colcon.colcon_core.package_identification:_identify(src/utils) by extensions ['colcon_meta']
[0.246s] Level 1:colcon.colcon_core.package_identification:_identify(src/utils) by extension 'colcon_meta'
[0.246s] Level 1:colcon.colcon_core.package_identification:_identify(src/utils) by extensions ['ros']
[0.246s] Level 1:colcon.colcon_core.package_identification:_identify(src/utils) by extension 'ros'
[0.246s] Level 1:colcon.colcon_core.package_identification:_identify(src/utils) by extensions ['cmake', 'python']
[0.246s] Level 1:colcon.colcon_core.package_identification:_identify(src/utils) by extension 'cmake'
[0.246s] Level 1:colcon.colcon_core.package_identification:_identify(src/utils) by extension 'python'
[0.246s] Level 1:colcon.colcon_core.package_identification:_identify(src/utils) by extensions ['python_setup_py']
[0.246s] Level 1:colcon.colcon_core.package_identification:_identify(src/utils) by extension 'python_setup_py'
[0.246s] Level 1:colcon.colcon_core.package_identification:_identify(src/utils/bus_msgs) by extensions ['ignore', 'ignore_ament_install']
[0.246s] Level 1:colcon.colcon_core.package_identification:_identify(src/utils/bus_msgs) by extension 'ignore'
[0.246s] Level 1:colcon.colcon_core.package_identification:_identify(src/utils/bus_msgs) by extension 'ignore_ament_install'
[0.246s] Level 1:colcon.colcon_core.package_identification:_identify(src/utils/bus_msgs) by extensions ['colcon_pkg']
[0.247s] Level 1:colcon.colcon_core.package_identification:_identify(src/utils/bus_msgs) by extension 'colcon_pkg'
[0.247s] Level 1:colcon.colcon_core.package_identification:_identify(src/utils/bus_msgs) by extensions ['colcon_meta']
[0.247s] Level 1:colcon.colcon_core.package_identification:_identify(src/utils/bus_msgs) by extension 'colcon_meta'
[0.247s] Level 1:colcon.colcon_core.package_identification:_identify(src/utils/bus_msgs) by extensions ['ros']
[0.247s] Level 1:colcon.colcon_core.package_identification:_identify(src/utils/bus_msgs) by extension 'ros'
[0.247s] DEBUG:colcon.colcon_core.package_identification:Package 'src/utils/bus_msgs' with type 'ros.ament_cmake' and name 'bus_msgs'
[0.247s] Level 1:colcon.colcon_core.package_discovery:discover_packages(recursive) using defaults
[0.247s] Level 1:colcon.colcon_core.package_discovery:discover_packages(ignore) discover
[0.247s] Level 1:colcon.colcon_core.package_discovery:discover_packages(ignore) using defaults
[0.247s] Level 1:colcon.colcon_core.package_discovery:discover_packages(path) discover
[0.247s] Level 1:colcon.colcon_core.package_discovery:discover_packages(path) using defaults
[0.271s] Level 1:colcon.colcon_core.package_discovery:discover_packages(prefix_path) check parameters
[0.271s] Level 1:colcon.colcon_core.package_discovery:discover_packages(prefix_path) discover
[0.272s] WARNING:colcon.colcon_core.prefix_path.colcon:The path '/home/jetpack/piracer/install' in the environment variable COLCON_PREFIX_PATH doesn't exist
[0.272s] WARNING:colcon.colcon_ros.prefix_path.ament:The path '/home/jetpack/JetRacer/install/servo_motor' in the environment variable AMENT_PREFIX_PATH doesn't exist
[0.272s] WARNING:colcon.colcon_ros.prefix_path.ament:The path '/home/jetpack/JetRacer/install/oled_service' in the environment variable AMENT_PREFIX_PATH doesn't exist
[0.272s] WARNING:colcon.colcon_ros.prefix_path.ament:The path '/home/jetpack/JetRacer/install/i2c_interface' in the environment variable AMENT_PREFIX_PATH doesn't exist
[0.273s] WARNING:colcon.colcon_ros.prefix_path.ament:The path '/home/jetpack/JetRacer/install/can_interface' in the environment variable AMENT_PREFIX_PATH doesn't exist
[0.273s] WARNING:colcon.colcon_ros.prefix_path.ament:The path '/home/jetpack/JetRacer/install/bus_msgs' in the environment variable AMENT_PREFIX_PATH doesn't exist
[0.273s] WARNING:colcon.colcon_ros.prefix_path.ament:The path '/home/jetpack/piracer/install/oled_service' in the environment variable AMENT_PREFIX_PATH doesn't exist
[0.273s] WARNING:colcon.colcon_ros.prefix_path.ament:The path '/home/jetpack/piracer/install/i2c_interface' in the environment variable AMENT_PREFIX_PATH doesn't exist
[0.273s] WARNING:colcon.colcon_ros.prefix_path.ament:The path '/home/jetpack/piracer/install/can_interface' in the environment variable AMENT_PREFIX_PATH doesn't exist
[0.273s] WARNING:colcon.colcon_ros.prefix_path.ament:The path '/home/jetpack/piracer/install/bus_msgs' in the environment variable AMENT_PREFIX_PATH doesn't exist
[0.273s] WARNING:colcon.colcon_ros.prefix_path.catkin:The path '/home/jetpack/JetRacer/install/servo_motor' in the environment variable CMAKE_PREFIX_PATH doesn't exist
[0.273s] WARNING:colcon.colcon_ros.prefix_path.catkin:The path '/home/jetpack/JetRacer/install/oled_service' in the environment variable CMAKE_PREFIX_PATH doesn't exist
[0.273s] WARNING:colcon.colcon_ros.prefix_path.catkin:The path '/home/jetpack/JetRacer/install/i2c_interface' in the environment variable CMAKE_PREFIX_PATH doesn't exist
[0.273s] WARNING:colcon.colcon_ros.prefix_path.catkin:The path '/home/jetpack/JetRacer/install/can_interface' in the environment variable CMAKE_PREFIX_PATH doesn't exist
[0.273s] WARNING:colcon.colcon_ros.prefix_path.catkin:The path '/home/jetpack/JetRacer/install/bus_msgs' in the environment variable CMAKE_PREFIX_PATH doesn't exist
[0.273s] WARNING:colcon.colcon_ros.prefix_path.catkin:The path '/home/jetpack/piracer/install/oled_service' in the environment variable CMAKE_PREFIX_PATH doesn't exist
[0.273s] WARNING:colcon.colcon_ros.prefix_path.catkin:The path '/home/jetpack/piracer/install/i2c_interface' in the environment variable CMAKE_PREFIX_PATH doesn't exist
[0.273s] WARNING:colcon.colcon_ros.prefix_path.catkin:The path '/home/jetpack/piracer/install/can_interface' in the environment variable CMAKE_PREFIX_PATH doesn't exist
[0.273s] WARNING:colcon.colcon_ros.prefix_path.catkin:The path '/home/jetpack/piracer/install/bus_msgs' in the environment variable CMAKE_PREFIX_PATH doesn't exist
[0.274s] DEBUG:colcon.colcon_installed_package_information.package_discovery:Found 0 installed packages in /home/jetpack/JetRacer/install
[0.276s] DEBUG:colcon.colcon_installed_package_information.package_discovery:Found 285 installed packages in /opt/ros/jazzy
[0.277s] Level 1:colcon.colcon_core.package_discovery:discover_packages(prefix_path) using defaults
[0.335s] Level 5:colcon.colcon_core.verb:set package 'bus_msgs' build argument 'cmake_args' from command line to 'None'
[0.335s] Level 5:colcon.colcon_core.verb:set package 'bus_msgs' build argument 'cmake_target' from command line to 'None'
[0.335s] Level 5:colcon.colcon_core.verb:set package 'bus_msgs' build argument 'cmake_target_skip_unavailable' from command line to 'False'
[0.336s] Level 5:colcon.colcon_core.verb:set package 'bus_msgs' build argument 'cmake_clean_cache' from command line to 'False'
[0.336s] Level 5:colcon.colcon_core.verb:set package 'bus_msgs' build argument 'cmake_clean_first' from command line to 'False'
[0.336s] Level 5:colcon.colcon_core.verb:set package 'bus_msgs' build argument 'cmake_force_configure' from command line to 'False'
[0.336s] Level 5:colcon.colcon_core.verb:set package 'bus_msgs' build argument 'ament_cmake_args' from command line to 'None'
[0.336s] Level 5:colcon.colcon_core.verb:set package 'bus_msgs' build argument 'catkin_cmake_args' from command line to 'None'
[0.336s] Level 5:colcon.colcon_core.verb:set package 'bus_msgs' build argument 'catkin_skip_building_tests' from command line to 'False'
[0.336s] DEBUG:colcon.colcon_core.verb:Building package 'bus_msgs' with the following arguments: {'ament_cmake_args': None, 'build_base': '/home/jetpack/JetRacer/build/bus_msgs', 'catkin_cmake_args': None, 'catkin_skip_building_tests': False, 'cmake_args': None, 'cmake_clean_cache': False, 'cmake_clean_first': False, 'cmake_force_configure': False, 'cmake_target': None, 'cmake_target_skip_unavailable': False, 'install_base': '/home/jetpack/JetRacer/install/bus_msgs', 'merge_install': False, 'path': '/home/jetpack/JetRacer/src/utils/bus_msgs', 'symlink_install': True, 'test_result_base': None}
[0.336s] Level 5:colcon.colcon_core.verb:set package 'oled_service' build argument 'cmake_args' from command line to 'None'
[0.336s] Level 5:colcon.colcon_core.verb:set package 'oled_service' build argument 'cmake_target' from command line to 'None'
[0.336s] Level 5:colcon.colcon_core.verb:set package 'oled_service' build argument 'cmake_target_skip_unavailable' from command line to 'False'
[0.336s] Level 5:colcon.colcon_core.verb:set package 'oled_service' build argument 'cmake_clean_cache' from command line to 'False'
[0.336s] Level 5:colcon.colcon_core.verb:set package 'oled_service' build argument 'cmake_clean_first' from command line to 'False'
[0.336s] Level 5:colcon.colcon_core.verb:set package 'oled_service' build argument 'cmake_force_configure' from command line to 'False'
[0.336s] Level 5:colcon.colcon_core.verb:set package 'oled_service' build argument 'ament_cmake_args' from command line to 'None'
[0.336s] Level 5:colcon.colcon_core.verb:set package 'oled_service' build argument 'catkin_cmake_args' from command line to 'None'
[0.336s] Level 5:colcon.colcon_core.verb:set package 'oled_service' build argument 'catkin_skip_building_tests' from command line to 'False'
[0.336s] DEBUG:colcon.colcon_core.verb:Building package 'oled_service' with the following arguments: {'ament_cmake_args': None, 'build_base': '/home/jetpack/JetRacer/build/oled_service', 'catkin_cmake_args': None, 'catkin_skip_building_tests': False, 'cmake_args': None, 'cmake_clean_cache': False, 'cmake_clean_first': False, 'cmake_force_configure': False, 'cmake_target': None, 'cmake_target_skip_unavailable': False, 'install_base': '/home/jetpack/JetRacer/install/oled_service', 'merge_install': False, 'path': '/home/jetpack/JetRacer/src/peripherals/oled_service', 'symlink_install': True, 'test_result_base': None}
[0.337s] Level 5:colcon.colcon_core.verb:set package 'can_interface' build argument 'cmake_args' from command line to 'None'
[0.337s] Level 5:colcon.colcon_core.verb:set package 'can_interface' build argument 'cmake_target' from command line to 'None'
[0.337s] Level 5:colcon.colcon_core.verb:set package 'can_interface' build argument 'cmake_target_skip_unavailable' from command line to 'False'
[0.337s] Level 5:colcon.colcon_core.verb:set package 'can_interface' build argument 'cmake_clean_cache' from command line to 'False'
[0.337s] Level 5:colcon.colcon_core.verb:set package 'can_interface' build argument 'cmake_clean_first' from command line to 'False'
[0.337s] Level 5:colcon.colcon_core.verb:set package 'can_interface' build argument 'cmake_force_configure' from command line to 'False'
[0.337s] Level 5:colcon.colcon_core.verb:set package 'can_interface' build argument 'ament_cmake_args' from command line to 'None'
[0.337s] Level 5:colcon.colcon_core.verb:set package 'can_interface' build argument 'catkin_cmake_args' from command line to 'None'
[0.337s] Level 5:colcon.colcon_core.verb:set package 'can_interface' build argument 'catkin_skip_building_tests' from command line to 'False'
[0.337s] DEBUG:colcon.colcon_core.verb:Building package 'can_interface' with the following arguments: {'ament_cmake_args': None, 'build_base': '/home/jetpack/JetRacer/build/can_interface', 'catkin_cmake_args': None, 'catkin_skip_building_tests': False, 'cmake_args': None, 'cmake_clean_cache': False, 'cmake_clean_first': False, 'cmake_force_configure': False, 'cmake_target': None, 'cmake_target_skip_unavailable': False, 'install_base': '/home/jetpack/JetRacer/install/can_interface', 'merge_install': False, 'path': '/home/jetpack/JetRacer/src/bus_interfaces/can_interface', 'symlink_install': True, 'test_result_base': None}
[0.337s] Level 5:colcon.colcon_core.verb:set package 'i2c_interface' build argument 'cmake_args' from command line to 'None'
[0.337s] Level 5:colcon.colcon_core.verb:set package 'i2c_interface' build argument 'cmake_target' from command line to 'None'
[0.337s] Level 5:colcon.colcon_core.verb:set package 'i2c_interface' build argument 'cmake_target_skip_unavailable' from command line to 'False'
[0.337s] Level 5:colcon.colcon_core.verb:set package 'i2c_interface' build argument 'cmake_clean_cache' from command line to 'False'
[0.337s] Level 5:colcon.colcon_core.verb:set package 'i2c_interface' build argument 'cmake_clean_first' from command line to 'False'
[0.337s] Level 5:colcon.colcon_core.verb:set package 'i2c_interface' build argument 'cmake_force_configure' from command line to 'False'
[0.337s] Level 5:colcon.colcon_core.verb:set package 'i2c_interface' build argument 'ament_cmake_args' from command line to 'None'
[0.337s] Level 5:colcon.colcon_core.verb:set package 'i2c_interface' build argument 'catkin_cmake_args' from command line to 'None'
[0.337s] Level 5:colcon.colcon_core.verb:set package 'i2c_interface' build argument 'catkin_skip_building_tests' from command line to 'False'
[0.337s] DEBUG:colcon.colcon_core.verb:Building package 'i2c_interface' with the following arguments: {'ament_cmake_args': None, 'build_base': '/home/jetpack/JetRacer/build/i2c_interface', 'catkin_cmake_args': None, 'catkin_skip_building_tests': False, 'cmake_args': None, 'cmake_clean_cache': False, 'cmake_clean_first': False, 'cmake_force_configure': False, 'cmake_target': None, 'cmake_target_skip_unavailable': False, 'install_base': '/home/jetpack/JetRacer/install/i2c_interface', 'merge_install': False, 'path': '/home/jetpack/JetRacer/src/bus_interfaces/i2c_interface', 'symlink_install': True, 'test_result_base': None}
[0.338s] Level 5:colcon.colcon_core.verb:set package 'servo_motor' build argument 'cmake_args' from command line to 'None'
[0.338s] Level 5:colcon.colcon_core.verb:set package 'servo_motor' build argument 'cmake_target' from command line to 'None'
[0.338s] Level 5:colcon.colcon_core.verb:set package 'servo_motor' build argument 'cmake_target_skip_unavailable' from command line to 'False'
[0.338s] Level 5:colcon.colcon_core.verb:set package 'servo_motor' build argument 'cmake_clean_cache' from command line to 'False'
[0.338s] Level 5:colcon.colcon_core.verb:set package 'servo_motor' build argument 'cmake_clean_first' from command line to 'False'
[0.338s] Level 5:colcon.colcon_core.verb:set package 'servo_motor' build argument 'cmake_force_configure' from command line to 'False'
[0.338s] Level 5:colcon.colcon_core.verb:set package 'servo_motor' build argument 'ament_cmake_args' from command line to 'None'
[0.338s] Level 5:colcon.colcon_core.verb:set package 'servo_motor' build argument 'catkin_cmake_args' from command line to 'None'
[0.338s] Level 5:colcon.colcon_core.verb:set package 'servo_motor' build argument 'catkin_skip_building_tests' from command line to 'False'
[0.338s] DEBUG:colcon.colcon_core.verb:Building package 'servo_motor' with the following arguments: {'ament_cmake_args': None, 'build_base': '/home/jetpack/JetRacer/build/servo_motor', 'catkin_cmake_args': None, 'catkin_skip_building_tests': False, 'cmake_args': None, 'cmake_clean_cache': False, 'cmake_clean_first': False, 'cmake_force_configure': False, 'cmake_target': None, 'cmake_target_skip_unavailable': False, 'install_base': '/home/jetpack/JetRacer/install/servo_motor', 'merge_install': False, 'path': '/home/jetpack/JetRacer/src/peripherals/servo_motor', 'symlink_install': True, 'test_result_base': None}
[0.338s] Level 5:colcon.colcon_core.verb:set package 'speed_sensor' build argument 'cmake_args' from command line to 'None'
[0.338s] Level 5:colcon.colcon_core.verb:set package 'speed_sensor' build argument 'cmake_target' from command line to 'None'
[0.338s] Level 5:colcon.colcon_core.verb:set package 'speed_sensor' build argument 'cmake_target_skip_unavailable' from command line to 'False'
[0.338s] Level 5:colcon.colcon_core.verb:set package 'speed_sensor' build argument 'cmake_clean_cache' from command line to 'False'
[0.338s] Level 5:colcon.colcon_core.verb:set package 'speed_sensor' build argument 'cmake_clean_first' from command line to 'False'
[0.338s] Level 5:colcon.colcon_core.verb:set package 'speed_sensor' build argument 'cmake_force_configure' from command line to 'False'
[0.338s] Level 5:colcon.colcon_core.verb:set package 'speed_sensor' build argument 'ament_cmake_args' from command line to 'None'
[0.338s] Level 5:colcon.colcon_core.verb:set package 'speed_sensor' build argument 'catkin_cmake_args' from command line to 'None'
[0.338s] Level 5:colcon.colcon_core.verb:set package 'speed_sensor' build argument 'catkin_skip_building_tests' from command line to 'False'
[0.338s] DEBUG:colcon.colcon_core.verb:Building package 'speed_sensor' with the following arguments: {'ament_cmake_args': None, 'build_base': '/home/jetpack/JetRacer/build/speed_sensor', 'catkin_cmake_args': None, 'catkin_skip_building_tests': False, 'cmake_args': None, 'cmake_clean_cache': False, 'cmake_clean_first': False, 'cmake_force_configure': False, 'cmake_target': None, 'cmake_target_skip_unavailable': False, 'install_base': '/home/jetpack/JetRacer/install/speed_sensor', 'merge_install': False, 'path': '/home/jetpack/JetRacer/src/peripherals/speed_sensor', 'symlink_install': True, 'test_result_base': None}
[0.338s] INFO:colcon.colcon_core.executor:Executing jobs using 'parallel' executor
[0.340s] DEBUG:colcon.colcon_parallel_executor.executor.parallel:run_until_complete
[0.340s] INFO:colcon.colcon_ros.task.ament_cmake.build:Building ROS package in '/home/jetpack/JetRacer/src/utils/bus_msgs' with build type 'ament_cmake'
[0.340s] INFO:colcon.colcon_cmake.task.cmake.build:Building CMake package in '/home/jetpack/JetRacer/src/utils/bus_msgs'
[0.342s] INFO:colcon.colcon_core.plugin_system:Skipping extension 'colcon_core.shell.bat': Not used on non-Windows systems
[0.343s] INFO:colcon.colcon_core.shell:Skip shell extension 'powershell' for command environment: Not usable outside of PowerShell
[0.343s] DEBUG:colcon.colcon_core.shell:Skip shell extension 'dsv' for command environment
[0.347s] INFO:colcon.colcon_ros.task.ament_cmake.build:Building ROS package in '/home/jetpack/JetRacer/src/peripherals/oled_service' with build type 'ament_cmake'
[0.347s] INFO:colcon.colcon_cmake.task.cmake.build:Building CMake package in '/home/jetpack/JetRacer/src/peripherals/oled_service'
[0.347s] INFO:colcon.colcon_core.shell:Skip shell extension 'powershell' for command environment: Not usable outside of PowerShell
[0.347s] DEBUG:colcon.colcon_core.shell:Skip shell extension 'dsv' for command environment
[0.356s] DEBUG:colcon.colcon_core.event_handler.log_command:Invoking command in '/home/jetpack/JetRacer/build/bus_msgs': CMAKE_PREFIX_PATH=${CMAKE_PREFIX_PATH}:/opt/ros/jazzy /usr/bin/cmake /home/jetpack/JetRacer/src/utils/bus_msgs -DAMENT_CMAKE_SYMLINK_INSTALL=1 -DCMAKE_INSTALL_PREFIX=/home/jetpack/JetRacer/install/bus_msgs
[0.361s] DEBUG:colcon.colcon_core.event_handler.log_command:Invoking command in '/home/jetpack/JetRacer/build/oled_service': CMAKE_PREFIX_PATH=${CMAKE_PREFIX_PATH}:/opt/ros/jazzy /usr/bin/cmake /home/jetpack/JetRacer/src/peripherals/oled_service -DAMENT_CMAKE_SYMLINK_INSTALL=1 -DCMAKE_INSTALL_PREFIX=/home/jetpack/JetRacer/install/oled_service
[2.163s] DEBUG:colcon.colcon_core.event_handler.log_command:Invoked command in '/home/jetpack/JetRacer/build/oled_service' returned '0': CMAKE_PREFIX_PATH=${CMAKE_PREFIX_PATH}:/opt/ros/jazzy /usr/bin/cmake /home/jetpack/JetRacer/src/peripherals/oled_service -DAMENT_CMAKE_SYMLINK_INSTALL=1 -DCMAKE_INSTALL_PREFIX=/home/jetpack/JetRacer/install/oled_service
[2.165s] DEBUG:colcon.colcon_core.event_handler.log_command:Invoking command in '/home/jetpack/JetRacer/build/oled_service': CMAKE_PREFIX_PATH=${CMAKE_PREFIX_PATH}:/opt/ros/jazzy /usr/bin/cmake --build /home/jetpack/JetRacer/build/oled_service -- -j4 -l4
[5.209s] DEBUG:colcon.colcon_core.event_handler.log_command:Invoked command in '/home/jetpack/JetRacer/build/bus_msgs' returned '0': CMAKE_PREFIX_PATH=${CMAKE_PREFIX_PATH}:/opt/ros/jazzy /usr/bin/cmake /home/jetpack/JetRacer/src/utils/bus_msgs -DAMENT_CMAKE_SYMLINK_INSTALL=1 -DCMAKE_INSTALL_PREFIX=/home/jetpack/JetRacer/install/bus_msgs
[5.211s] DEBUG:colcon.colcon_core.event_handler.log_command:Invoking command in '/home/jetpack/JetRacer/build/bus_msgs': CMAKE_PREFIX_PATH=${CMAKE_PREFIX_PATH}:/opt/ros/jazzy /usr/bin/cmake --build /home/jetpack/JetRacer/build/bus_msgs -- -j4 -l4
[17.391s] DEBUG:colcon.colcon_core.event_handler.log_command:Invoked command in '/home/jetpack/JetRacer/build/bus_msgs' returned '0': CMAKE_PREFIX_PATH=${CMAKE_PREFIX_PATH}:/opt/ros/jazzy /usr/bin/cmake --build /home/jetpack/JetRacer/build/bus_msgs -- -j4 -l4
[17.545s] DEBUG:colcon.colcon_core.event_handler.log_command:Invoking command in '/home/jetpack/JetRacer/build/bus_msgs': CMAKE_PREFIX_PATH=${CMAKE_PREFIX_PATH}:/opt/ros/jazzy /usr/bin/cmake --install /home/jetpack/JetRacer/build/bus_msgs
[18.577s] DEBUG:colcon.colcon_core.event_handler.log_command:Invoked command in '/home/jetpack/JetRacer/build/oled_service' returned '0': CMAKE_PREFIX_PATH=${CMAKE_PREFIX_PATH}:/opt/ros/jazzy /usr/bin/cmake --build /home/jetpack/JetRacer/build/oled_service -- -j4 -l4
[18.621s] DEBUG:colcon.colcon_core.event_handler.log_command:Invoking command in '/home/jetpack/JetRacer/build/oled_service': CMAKE_PREFIX_PATH=${CMAKE_PREFIX_PATH}:/opt/ros/jazzy /usr/bin/cmake --install /home/jetpack/JetRacer/build/oled_service
[18.912s] Level 1:colcon.colcon_core.environment:create_environment_scripts_only(oled_service)
[18.913s] DEBUG:colcon.colcon_core.event_handler.log_command:Invoked command in '/home/jetpack/JetRacer/build/oled_service' returned '0': CMAKE_PREFIX_PATH=${CMAKE_PREFIX_PATH}:/opt/ros/jazzy /usr/bin/cmake --install /home/jetpack/JetRacer/build/oled_service
[18.915s] Level 1:colcon.colcon_core.environment:checking '/home/jetpack/JetRacer/install/oled_service' for CMake module files
[18.916s] Level 1:colcon.colcon_core.environment:checking '/home/jetpack/JetRacer/install/oled_service' for CMake config files
[18.916s] Level 1:colcon.colcon_core.shell:create_environment_hook('oled_service', 'cmake_prefix_path')
[18.916s] INFO:colcon.colcon_core.shell:Creating environment hook '/home/jetpack/JetRacer/install/oled_service/share/oled_service/hook/cmake_prefix_path.ps1'
[18.917s] INFO:colcon.colcon_core.shell:Creating environment descriptor '/home/jetpack/JetRacer/install/oled_service/share/oled_service/hook/cmake_prefix_path.dsv'
[18.918s] INFO:colcon.colcon_core.shell:Creating environment hook '/home/jetpack/JetRacer/install/oled_service/share/oled_service/hook/cmake_prefix_path.sh'
[18.919s] Level 1:colcon.colcon_core.environment:checking '/home/jetpack/JetRacer/install/oled_service/lib'
[18.919s] Level 1:colcon.colcon_core.environment:checking '/home/jetpack/JetRacer/install/oled_service/bin'
[18.919s] Level 1:colcon.colcon_core.environment:checking '/home/jetpack/JetRacer/install/oled_service/lib/pkgconfig/oled_service.pc'
[18.920s] Level 1:colcon.colcon_core.environment:checking '/home/jetpack/JetRacer/install/oled_service/lib/python3.12/site-packages'
[18.920s] Level 1:colcon.colcon_core.environment:checking '/home/jetpack/JetRacer/install/oled_service/bin'
[18.920s] INFO:colcon.colcon_core.shell:Creating package script '/home/jetpack/JetRacer/install/oled_service/share/oled_service/package.ps1'
[18.921s] INFO:colcon.colcon_core.shell:Creating package descriptor '/home/jetpack/JetRacer/install/oled_service/share/oled_service/package.dsv'
[18.922s] INFO:colcon.colcon_core.shell:Creating package script '/home/jetpack/JetRacer/install/oled_service/share/oled_service/package.sh'
[18.923s] INFO:colcon.colcon_core.shell:Creating package script '/home/jetpack/JetRacer/install/oled_service/share/oled_service/package.bash'
[18.923s] INFO:colcon.colcon_core.shell:Creating package script '/home/jetpack/JetRacer/install/oled_service/share/oled_service/package.zsh'
[18.924s] Level 1:colcon.colcon_core.environment:create_file_with_runtime_dependencies(/home/jetpack/JetRacer/install/oled_service/share/colcon-core/packages/oled_service)
[18.967s] Level 1:colcon.colcon_core.environment:create_environment_scripts_only(oled_service)
[18.967s] Level 1:colcon.colcon_core.environment:checking '/home/jetpack/JetRacer/install/oled_service' for CMake module files
[18.968s] Level 1:colcon.colcon_core.environment:checking '/home/jetpack/JetRacer/install/oled_service' for CMake config files
[18.968s] Level 1:colcon.colcon_core.shell:create_environment_hook('oled_service', 'cmake_prefix_path')
[18.969s] INFO:colcon.colcon_core.shell:Creating environment hook '/home/jetpack/JetRacer/install/oled_service/share/oled_service/hook/cmake_prefix_path.ps1'
[18.969s] INFO:colcon.colcon_core.shell:Creating environment descriptor '/home/jetpack/JetRacer/install/oled_service/share/oled_service/hook/cmake_prefix_path.dsv'
[18.970s] INFO:colcon.colcon_core.shell:Creating environment hook '/home/jetpack/JetRacer/install/oled_service/share/oled_service/hook/cmake_prefix_path.sh'
[18.971s] Level 1:colcon.colcon_core.environment:checking '/home/jetpack/JetRacer/install/oled_service/lib'
[18.972s] Level 1:colcon.colcon_core.environment:checking '/home/jetpack/JetRacer/install/oled_service/bin'
[18.972s] Level 1:colcon.colcon_core.environment:checking '/home/jetpack/JetRacer/install/oled_service/lib/pkgconfig/oled_service.pc'
[18.972s] Level 1:colcon.colcon_core.environment:checking '/home/jetpack/JetRacer/install/oled_service/lib/python3.12/site-packages'
[18.972s] Level 1:colcon.colcon_core.environment:checking '/home/jetpack/JetRacer/install/oled_service/bin'
[18.973s] INFO:colcon.colcon_core.shell:Creating package script '/home/jetpack/JetRacer/install/oled_service/share/oled_service/package.ps1'
[18.973s] INFO:colcon.colcon_core.shell:Creating package descriptor '/home/jetpack/JetRacer/install/oled_service/share/oled_service/package.dsv'
[18.974s] INFO:colcon.colcon_core.shell:Creating package script '/home/jetpack/JetRacer/install/oled_service/share/oled_service/package.sh'
[18.975s] INFO:colcon.colcon_core.shell:Creating package script '/home/jetpack/JetRacer/install/oled_service/share/oled_service/package.bash'
[18.976s] INFO:colcon.colcon_core.shell:Creating package script '/home/jetpack/JetRacer/install/oled_service/share/oled_service/package.zsh'
[18.976s] Level 1:colcon.colcon_core.environment:create_file_with_runtime_dependencies(/home/jetpack/JetRacer/install/oled_service/share/colcon-core/packages/oled_service)
[19.374s] Level 1:colcon.colcon_core.environment:create_environment_scripts_only(bus_msgs)
[19.375s] Level 1:colcon.colcon_core.environment:checking '/home/jetpack/JetRacer/install/bus_msgs' for CMake module files
[19.375s] DEBUG:colcon.colcon_core.event_handler.log_command:Invoked command in '/home/jetpack/JetRacer/build/bus_msgs' returned '0': CMAKE_PREFIX_PATH=${CMAKE_PREFIX_PATH}:/opt/ros/jazzy /usr/bin/cmake --install /home/jetpack/JetRacer/build/bus_msgs
[19.376s] Level 1:colcon.colcon_core.environment:checking '/home/jetpack/JetRacer/install/bus_msgs' for CMake config files
[19.377s] Level 1:colcon.colcon_core.shell:create_environment_hook('bus_msgs', 'cmake_prefix_path')
[19.377s] INFO:colcon.colcon_core.shell:Creating environment hook '/home/jetpack/JetRacer/install/bus_msgs/share/bus_msgs/hook/cmake_prefix_path.ps1'
[19.378s] INFO:colcon.colcon_core.shell:Creating environment descriptor '/home/jetpack/JetRacer/install/bus_msgs/share/bus_msgs/hook/cmake_prefix_path.dsv'
[19.378s] INFO:colcon.colcon_core.shell:Creating environment hook '/home/jetpack/JetRacer/install/bus_msgs/share/bus_msgs/hook/cmake_prefix_path.sh'
[19.379s] Level 1:colcon.colcon_core.environment:checking '/home/jetpack/JetRacer/install/bus_msgs/lib'
[19.379s] Level 1:colcon.colcon_core.shell:create_environment_hook('bus_msgs', 'ld_library_path_lib')
[19.380s] INFO:colcon.colcon_core.shell:Creating environment hook '/home/jetpack/JetRacer/install/bus_msgs/share/bus_msgs/hook/ld_library_path_lib.ps1'
[19.380s] INFO:colcon.colcon_core.shell:Creating environment descriptor '/home/jetpack/JetRacer/install/bus_msgs/share/bus_msgs/hook/ld_library_path_lib.dsv'
[19.380s] INFO:colcon.colcon_core.shell:Creating environment hook '/home/jetpack/JetRacer/install/bus_msgs/share/bus_msgs/hook/ld_library_path_lib.sh'
[19.381s] Level 1:colcon.colcon_core.environment:checking '/home/jetpack/JetRacer/install/bus_msgs/bin'
[19.381s] Level 1:colcon.colcon_core.environment:checking '/home/jetpack/JetRacer/install/bus_msgs/lib/pkgconfig/bus_msgs.pc'
[19.381s] Level 1:colcon.colcon_core.environment:checking '/home/jetpack/JetRacer/install/bus_msgs/lib/python3.12/site-packages'
[19.382s] Level 1:colcon.colcon_core.shell:create_environment_hook('bus_msgs', 'pythonpath')
[19.382s] INFO:colcon.colcon_core.shell:Creating environment hook '/home/jetpack/JetRacer/install/bus_msgs/share/bus_msgs/hook/pythonpath.ps1'
[19.382s] INFO:colcon.colcon_core.shell:Creating environment descriptor '/home/jetpack/JetRacer/install/bus_msgs/share/bus_msgs/hook/pythonpath.dsv'
[19.383s] INFO:colcon.colcon_core.shell:Creating environment hook '/home/jetpack/JetRacer/install/bus_msgs/share/bus_msgs/hook/pythonpath.sh'
[19.383s] Level 1:colcon.colcon_core.environment:checking '/home/jetpack/JetRacer/install/bus_msgs/bin'
[19.384s] INFO:colcon.colcon_core.shell:Creating package script '/home/jetpack/JetRacer/install/bus_msgs/share/bus_msgs/package.ps1'
[19.384s] INFO:colcon.colcon_core.shell:Creating package descriptor '/home/jetpack/JetRacer/install/bus_msgs/share/bus_msgs/package.dsv'
[19.385s] INFO:colcon.colcon_core.shell:Creating package script '/home/jetpack/JetRacer/install/bus_msgs/share/bus_msgs/package.sh'
[19.386s] INFO:colcon.colcon_core.shell:Creating package script '/home/jetpack/JetRacer/install/bus_msgs/share/bus_msgs/package.bash'
[19.386s] INFO:colcon.colcon_core.shell:Creating package script '/home/jetpack/JetRacer/install/bus_msgs/share/bus_msgs/package.zsh'
[19.386s] Level 1:colcon.colcon_core.environment:create_file_with_runtime_dependencies(/home/jetpack/JetRacer/install/bus_msgs/share/colcon-core/packages/bus_msgs)
[19.536s] Level 1:colcon.colcon_core.environment:create_environment_scripts_only(bus_msgs)
[19.536s] Level 1:colcon.colcon_core.environment:checking '/home/jetpack/JetRacer/install/bus_msgs' for CMake module files
[19.537s] Level 1:colcon.colcon_core.environment:checking '/home/jetpack/JetRacer/install/bus_msgs' for CMake config files
[19.539s] Level 1:colcon.colcon_core.shell:create_environment_hook('bus_msgs', 'cmake_prefix_path')
[19.539s] INFO:colcon.colcon_core.shell:Creating environment hook '/home/jetpack/JetRacer/install/bus_msgs/share/bus_msgs/hook/cmake_prefix_path.ps1'
[19.539s] INFO:colcon.colcon_core.shell:Creating environment descriptor '/home/jetpack/JetRacer/install/bus_msgs/share/bus_msgs/hook/cmake_prefix_path.dsv'
[19.541s] INFO:colcon.colcon_core.shell:Creating environment hook '/home/jetpack/JetRacer/install/bus_msgs/share/bus_msgs/hook/cmake_prefix_path.sh'
[19.542s] Level 1:colcon.colcon_core.environment:checking '/home/jetpack/JetRacer/install/bus_msgs/lib'
[19.542s] Level 1:colcon.colcon_core.shell:create_environment_hook('bus_msgs', 'ld_library_path_lib')
[19.542s] INFO:colcon.colcon_core.shell:Creating environment hook '/home/jetpack/JetRacer/install/bus_msgs/share/bus_msgs/hook/ld_library_path_lib.ps1'
[19.543s] INFO:colcon.colcon_core.shell:Creating environment descriptor '/home/jetpack/JetRacer/install/bus_msgs/share/bus_msgs/hook/ld_library_path_lib.dsv'
[19.543s] INFO:colcon.colcon_core.shell:Creating environment hook '/home/jetpack/JetRacer/install/bus_msgs/share/bus_msgs/hook/ld_library_path_lib.sh'
[19.544s] Level 1:colcon.colcon_core.environment:checking '/home/jetpack/JetRacer/install/bus_msgs/bin'
[19.544s] Level 1:colcon.colcon_core.environment:checking '/home/jetpack/JetRacer/install/bus_msgs/lib/pkgconfig/bus_msgs.pc'
[19.545s] Level 1:colcon.colcon_core.environment:checking '/home/jetpack/JetRacer/install/bus_msgs/lib/python3.12/site-packages'
[19.545s] Level 1:colcon.colcon_core.shell:create_environment_hook('bus_msgs', 'pythonpath')
[19.545s] INFO:colcon.colcon_core.shell:Creating environment hook '/home/jetpack/JetRacer/install/bus_msgs/share/bus_msgs/hook/pythonpath.ps1'
[19.546s] INFO:colcon.colcon_core.shell:Creating environment descriptor '/home/jetpack/JetRacer/install/bus_msgs/share/bus_msgs/hook/pythonpath.dsv'
[19.546s] INFO:colcon.colcon_core.shell:Creating environment hook '/home/jetpack/JetRacer/install/bus_msgs/share/bus_msgs/hook/pythonpath.sh'
[19.548s] Level 1:colcon.colcon_core.environment:checking '/home/jetpack/JetRacer/install/bus_msgs/bin'
[19.548s] INFO:colcon.colcon_core.shell:Creating package script '/home/jetpack/JetRacer/install/bus_msgs/share/bus_msgs/package.ps1'
[19.549s] INFO:colcon.colcon_core.shell:Creating package descriptor '/home/jetpack/JetRacer/install/bus_msgs/share/bus_msgs/package.dsv'
[19.549s] INFO:colcon.colcon_core.shell:Creating package script '/home/jetpack/JetRacer/install/bus_msgs/share/bus_msgs/package.sh'
[19.550s] INFO:colcon.colcon_core.shell:Creating package script '/home/jetpack/JetRacer/install/bus_msgs/share/bus_msgs/package.bash'
[19.551s] INFO:colcon.colcon_core.shell:Creating package script '/home/jetpack/JetRacer/install/bus_msgs/share/bus_msgs/package.zsh'
[19.552s] Level 1:colcon.colcon_core.environment:create_file_with_runtime_dependencies(/home/jetpack/JetRacer/install/bus_msgs/share/colcon-core/packages/bus_msgs)
[19.553s] INFO:colcon.colcon_ros.task.ament_cmake.build:Building ROS package in '/home/jetpack/JetRacer/src/bus_interfaces/can_interface' with build type 'ament_cmake'
[19.553s] INFO:colcon.colcon_cmake.task.cmake.build:Building CMake package in '/home/jetpack/JetRacer/src/bus_interfaces/can_interface'
[19.553s] INFO:colcon.colcon_core.shell:Skip shell extension 'powershell' for command environment: Not usable outside of PowerShell
[19.553s] DEBUG:colcon.colcon_core.shell:Skip shell extension 'dsv' for command environment
[19.558s] INFO:colcon.colcon_ros.task.ament_cmake.build:Building ROS package in '/home/jetpack/JetRacer/src/bus_interfaces/i2c_interface' with build type 'ament_cmake'
[19.558s] INFO:colcon.colcon_cmake.task.cmake.build:Building CMake package in '/home/jetpack/JetRacer/src/bus_interfaces/i2c_interface'
[19.559s] INFO:colcon.colcon_core.shell:Skip shell extension 'powershell' for command environment: Not usable outside of PowerShell
[19.559s] DEBUG:colcon.colcon_core.shell:Skip shell extension 'dsv' for command environment
[19.563s] INFO:colcon.colcon_ros.task.ament_cmake.build:Building ROS package in '/home/jetpack/JetRacer/src/peripherals/servo_motor' with build type 'ament_cmake'
[19.563s] INFO:colcon.colcon_cmake.task.cmake.build:Building CMake package in '/home/jetpack/JetRacer/src/peripherals/servo_motor'
[19.564s] INFO:colcon.colcon_core.shell:Skip shell extension 'powershell' for command environment: Not usable outside of PowerShell
[19.564s] DEBUG:colcon.colcon_core.shell:Skip shell extension 'dsv' for command environment
[19.569s] INFO:colcon.colcon_ros.task.ament_cmake.build:Building ROS package in '/home/jetpack/JetRacer/src/peripherals/speed_sensor' with build type 'ament_cmake'
[19.569s] INFO:colcon.colcon_cmake.task.cmake.build:Building CMake package in '/home/jetpack/JetRacer/src/peripherals/speed_sensor'
[19.569s] INFO:colcon.colcon_core.shell:Skip shell extension 'powershell' for command environment: Not usable outside of PowerShell
[19.569s] DEBUG:colcon.colcon_core.shell:Skip shell extension 'dsv' for command environment
[19.581s] DEBUG:colcon.colcon_core.event_handler.log_command:Invoking command in '/home/jetpack/JetRacer/build/can_interface': CMAKE_PREFIX_PATH=/home/jetpack/JetRacer/install/bus_msgs:/home/jetpack/JetRacer/install/servo_motor:/home/jetpack/JetRacer/install/oled_service:/home/jetpack/JetRacer/install/i2c_interface:/home/jetpack/JetRacer/install/can_interface:/home/jetpack/piracer/install/oled_service:/home/jetpack/piracer/install/i2c_interface:/home/jetpack/piracer/install/can_interface:/home/jetpack/piracer/install/bus_msgs:/opt/ros/jazzy/opt/gz_math_vendor:/opt/ros/jazzy/opt/gz_utils_vendor:/opt/ros/jazzy/opt/gz_cmake_vendor:/opt/ros/jazzy LD_LIBRARY_PATH=/home/jetpack/JetRacer/install/bus_msgs/lib:/home/jetpack/JetRacer/install/can_interface/lib:/home/jetpack/piracer/install/can_interface/lib:/home/jetpack/piracer/install/bus_msgs/lib:/opt/ros/jazzy/opt/rviz_ogre_vendor/lib:/opt/ros/jazzy/lib/aarch64-linux-gnu:/opt/ros/jazzy/opt/gz_math_vendor/lib:/opt/ros/jazzy/opt/gz_utils_vendor/lib:/opt/ros/jazzy/opt/gz_cmake_vendor/lib:/opt/ros/jazzy/lib /usr/bin/cmake /home/jetpack/JetRacer/src/bus_interfaces/can_interface -DAMENT_CMAKE_SYMLINK_INSTALL=1 -DCMAKE_INSTALL_PREFIX=/home/jetpack/JetRacer/install/can_interface
[19.582s] DEBUG:colcon.colcon_core.event_handler.log_command:Invoking command in '/home/jetpack/JetRacer/build/i2c_interface': CMAKE_PREFIX_PATH=/home/jetpack/JetRacer/install/bus_msgs:/home/jetpack/JetRacer/install/servo_motor:/home/jetpack/JetRacer/install/oled_service:/home/jetpack/JetRacer/install/i2c_interface:/home/jetpack/JetRacer/install/can_interface:/home/jetpack/piracer/install/oled_service:/home/jetpack/piracer/install/i2c_interface:/home/jetpack/piracer/install/can_interface:/home/jetpack/piracer/install/bus_msgs:/opt/ros/jazzy/opt/gz_math_vendor:/opt/ros/jazzy/opt/gz_utils_vendor:/opt/ros/jazzy/opt/gz_cmake_vendor:/opt/ros/jazzy LD_LIBRARY_PATH=/home/jetpack/JetRacer/install/bus_msgs/lib:/home/jetpack/JetRacer/install/can_interface/lib:/home/jetpack/piracer/install/can_interface/lib:/home/jetpack/piracer/install/bus_msgs/lib:/opt/ros/jazzy/opt/rviz_ogre_vendor/lib:/opt/ros/jazzy/lib/aarch64-linux-gnu:/opt/ros/jazzy/opt/gz_math_vendor/lib:/opt/ros/jazzy/opt/gz_utils_vendor/lib:/opt/ros/jazzy/opt/gz_cmake_vendor/lib:/opt/ros/jazzy/lib /usr/bin/cmake /home/jetpack/JetRacer/src/bus_interfaces/i2c_interface -DAMENT_CMAKE_SYMLINK_INSTALL=1 -DCMAKE_INSTALL_PREFIX=/home/jetpack/JetRacer/install/i2c_interface
[19.585s] DEBUG:colcon.colcon_core.event_handler.log_command:Invoking command in '/home/jetpack/JetRacer/build/servo_motor': CMAKE_PREFIX_PATH=/home/jetpack/JetRacer/install/bus_msgs:/home/jetpack/JetRacer/install/servo_motor:/home/jetpack/JetRacer/install/oled_service:/home/jetpack/JetRacer/install/i2c_interface:/home/jetpack/JetRacer/install/can_interface:/home/jetpack/piracer/install/oled_service:/home/jetpack/piracer/install/i2c_interface:/home/jetpack/piracer/install/can_interface:/home/jetpack/piracer/install/bus_msgs:/opt/ros/jazzy/opt/gz_math_vendor:/opt/ros/jazzy/opt/gz_utils_vendor:/opt/ros/jazzy/opt/gz_cmake_vendor:/opt/ros/jazzy LD_LIBRARY_PATH=/home/jetpack/JetRacer/install/bus_msgs/lib:/home/jetpack/JetRacer/install/can_interface/lib:/home/jetpack/piracer/install/can_interface/lib:/home/jetpack/piracer/install/bus_msgs/lib:/opt/ros/jazzy/opt/rviz_ogre_vendor/lib:/opt/ros/jazzy/lib/aarch64-linux-gnu:/opt/ros/jazzy/opt/gz_math_vendor/lib:/opt/ros/jazzy/opt/gz_utils_vendor/lib:/opt/ros/jazzy/opt/gz_cmake_vendor/lib:/opt/ros/jazzy/lib /usr/bin/cmake /home/jetpack/JetRacer/src/peripherals/servo_motor -DAMENT_CMAKE_SYMLINK_INSTALL=1 -DCMAKE_INSTALL_PREFIX=/home/jetpack/JetRacer/install/servo_motor
[19.594s] DEBUG:colcon.colcon_core.event_handler.log_command:Invoking command in '/home/jetpack/JetRacer/build/speed_sensor': CMAKE_PREFIX_PATH=/home/jetpack/JetRacer/install/bus_msgs:/home/jetpack/JetRacer/install/servo_motor:/home/jetpack/JetRacer/install/oled_service:/home/jetpack/JetRacer/install/i2c_interface:/home/jetpack/JetRacer/install/can_interface:/home/jetpack/piracer/install/oled_service:/home/jetpack/piracer/install/i2c_interface:/home/jetpack/piracer/install/can_interface:/home/jetpack/piracer/install/bus_msgs:/opt/ros/jazzy/opt/gz_math_vendor:/opt/ros/jazzy/opt/gz_utils_vendor:/opt/ros/jazzy/opt/gz_cmake_vendor:/opt/ros/jazzy LD_LIBRARY_PATH=/home/jetpack/JetRacer/install/bus_msgs/lib:/home/jetpack/JetRacer/install/can_interface/lib:/home/jetpack/piracer/install/can_interface/lib:/home/jetpack/piracer/install/bus_msgs/lib:/opt/ros/jazzy/opt/rviz_ogre_vendor/lib:/opt/ros/jazzy/lib/aarch64-linux-gnu:/opt/ros/jazzy/opt/gz_math_vendor/lib:/opt/ros/jazzy/opt/gz_utils_vendor/lib:/opt/ros/jazzy/opt/gz_cmake_vendor/lib:/opt/ros/jazzy/lib /usr/bin/cmake /home/jetpack/JetRacer/src/peripherals/speed_sensor -DAMENT_CMAKE_SYMLINK_INSTALL=1 -DCMAKE_INSTALL_PREFIX=/home/jetpack/JetRacer/install/speed_sensor
[21.868s] DEBUG:colcon.colcon_core.event_handler.log_command:Invoked command in '/home/jetpack/JetRacer/build/servo_motor' returned '0': CMAKE_PREFIX_PATH=/home/jetpack/JetRacer/install/bus_msgs:/home/jetpack/JetRacer/install/servo_motor:/home/jetpack/JetRacer/install/oled_service:/home/jetpack/JetRacer/install/i2c_interface:/home/jetpack/JetRacer/install/can_interface:/home/jetpack/piracer/install/oled_service:/home/jetpack/piracer/install/i2c_interface:/home/jetpack/piracer/install/can_interface:/home/jetpack/piracer/install/bus_msgs:/opt/ros/jazzy/opt/gz_math_vendor:/opt/ros/jazzy/opt/gz_utils_vendor:/opt/ros/jazzy/opt/gz_cmake_vendor:/opt/ros/jazzy LD_LIBRARY_PATH=/home/jetpack/JetRacer/install/bus_msgs/lib:/home/jetpack/JetRacer/install/can_interface/lib:/home/jetpack/piracer/install/can_interface/lib:/home/jetpack/piracer/install/bus_msgs/lib:/opt/ros/jazzy/opt/rviz_ogre_vendor/lib:/opt/ros/jazzy/lib/aarch64-linux-gnu:/opt/ros/jazzy/opt/gz_math_vendor/lib:/opt/ros/jazzy/opt/gz_utils_vendor/lib:/opt/ros/jazzy/opt/gz_cmake_vendor/lib:/opt/ros/jazzy/lib /usr/bin/cmake /home/jetpack/JetRacer/src/peripherals/servo_motor -DAMENT_CMAKE_SYMLINK_INSTALL=1 -DCMAKE_INSTALL_PREFIX=/home/jetpack/JetRacer/install/servo_motor
[21.869s] DEBUG:colcon.colcon_core.event_handler.log_command:Invoking command in '/home/jetpack/JetRacer/build/servo_motor': CMAKE_PREFIX_PATH=/home/jetpack/JetRacer/install/bus_msgs:/home/jetpack/JetRacer/install/servo_motor:/home/jetpack/JetRacer/install/oled_service:/home/jetpack/JetRacer/install/i2c_interface:/home/jetpack/JetRacer/install/can_interface:/home/jetpack/piracer/install/oled_service:/home/jetpack/piracer/install/i2c_interface:/home/jetpack/piracer/install/can_interface:/home/jetpack/piracer/install/bus_msgs:/opt/ros/jazzy/opt/gz_math_vendor:/opt/ros/jazzy/opt/gz_utils_vendor:/opt/ros/jazzy/opt/gz_cmake_vendor:/opt/ros/jazzy LD_LIBRARY_PATH=/home/jetpack/JetRacer/install/bus_msgs/lib:/home/jetpack/JetRacer/install/can_interface/lib:/home/jetpack/piracer/install/can_interface/lib:/home/jetpack/piracer/install/bus_msgs/lib:/opt/ros/jazzy/opt/rviz_ogre_vendor/lib:/opt/ros/jazzy/lib/aarch64-linux-gnu:/opt/ros/jazzy/opt/gz_math_vendor/lib:/opt/ros/jazzy/opt/gz_utils_vendor/lib:/opt/ros/jazzy/opt/gz_cmake_vendor/lib:/opt/ros/jazzy/lib /usr/bin/cmake --build /home/jetpack/JetRacer/build/servo_motor -- -j4 -l4
[21.919s] DEBUG:colcon.colcon_core.event_handler.log_command:Invoked command in '/home/jetpack/JetRacer/build/i2c_interface' returned '0': CMAKE_PREFIX_PATH=/home/jetpack/JetRacer/install/bus_msgs:/home/jetpack/JetRacer/install/servo_motor:/home/jetpack/JetRacer/install/oled_service:/home/jetpack/JetRacer/install/i2c_interface:/home/jetpack/JetRacer/install/can_interface:/home/jetpack/piracer/install/oled_service:/home/jetpack/piracer/install/i2c_interface:/home/jetpack/piracer/install/can_interface:/home/jetpack/piracer/install/bus_msgs:/opt/ros/jazzy/opt/gz_math_vendor:/opt/ros/jazzy/opt/gz_utils_vendor:/opt/ros/jazzy/opt/gz_cmake_vendor:/opt/ros/jazzy LD_LIBRARY_PATH=/home/jetpack/JetRacer/install/bus_msgs/lib:/home/jetpack/JetRacer/install/can_interface/lib:/home/jetpack/piracer/install/can_interface/lib:/home/jetpack/piracer/install/bus_msgs/lib:/opt/ros/jazzy/opt/rviz_ogre_vendor/lib:/opt/ros/jazzy/lib/aarch64-linux-gnu:/opt/ros/jazzy/opt/gz_math_vendor/lib:/opt/ros/jazzy/opt/gz_utils_vendor/lib:/opt/ros/jazzy/opt/gz_cmake_vendor/lib:/opt/ros/jazzy/lib /usr/bin/cmake /home/jetpack/JetRacer/src/bus_interfaces/i2c_interface -DAMENT_CMAKE_SYMLINK_INSTALL=1 -DCMAKE_INSTALL_PREFIX=/home/jetpack/JetRacer/install/i2c_interface
[21.921s] DEBUG:colcon.colcon_core.event_handler.log_command:Invoking command in '/home/jetpack/JetRacer/build/i2c_interface': CMAKE_PREFIX_PATH=/home/jetpack/JetRacer/install/bus_msgs:/home/jetpack/JetRacer/install/servo_motor:/home/jetpack/JetRacer/install/oled_service:/home/jetpack/JetRacer/install/i2c_interface:/home/jetpack/JetRacer/install/can_interface:/home/jetpack/piracer/install/oled_service:/home/jetpack/piracer/install/i2c_interface:/home/jetpack/piracer/install/can_interface:/home/jetpack/piracer/install/bus_msgs:/opt/ros/jazzy/opt/gz_math_vendor:/opt/ros/jazzy/opt/gz_utils_vendor:/opt/ros/jazzy/opt/gz_cmake_vendor:/opt/ros/jazzy LD_LIBRARY_PATH=/home/jetpack/JetRacer/install/bus_msgs/lib:/home/jetpack/JetRacer/install/can_interface/lib:/home/jetpack/piracer/install/can_interface/lib:/home/jetpack/piracer/install/bus_msgs/lib:/opt/ros/jazzy/opt/rviz_ogre_vendor/lib:/opt/ros/jazzy/lib/aarch64-linux-gnu:/opt/ros/jazzy/opt/gz_math_vendor/lib:/opt/ros/jazzy/opt/gz_utils_vendor/lib:/opt/ros/jazzy/opt/gz_cmake_vendor/lib:/opt/ros/jazzy/lib /usr/bin/cmake --build /home/jetpack/JetRacer/build/i2c_interface -- -j4 -l4
[21.929s] DEBUG:colcon.colcon_core.event_handler.log_command:Invoked command in '/home/jetpack/JetRacer/build/speed_sensor' returned '0': CMAKE_PREFIX_PATH=/home/jetpack/JetRacer/install/bus_msgs:/home/jetpack/JetRacer/install/servo_motor:/home/jetpack/JetRacer/install/oled_service:/home/jetpack/JetRacer/install/i2c_interface:/home/jetpack/JetRacer/install/can_interface:/home/jetpack/piracer/install/oled_service:/home/jetpack/piracer/install/i2c_interface:/home/jetpack/piracer/install/can_interface:/home/jetpack/piracer/install/bus_msgs:/opt/ros/jazzy/opt/gz_math_vendor:/opt/ros/jazzy/opt/gz_utils_vendor:/opt/ros/jazzy/opt/gz_cmake_vendor:/opt/ros/jazzy LD_LIBRARY_PATH=/home/jetpack/JetRacer/install/bus_msgs/lib:/home/jetpack/JetRacer/install/can_interface/lib:/home/jetpack/piracer/install/can_interface/lib:/home/jetpack/piracer/install/bus_msgs/lib:/opt/ros/jazzy/opt/rviz_ogre_vendor/lib:/opt/ros/jazzy/lib/aarch64-linux-gnu:/opt/ros/jazzy/opt/gz_math_vendor/lib:/opt/ros/jazzy/opt/gz_utils_vendor/lib:/opt/ros/jazzy/opt/gz_cmake_vendor/lib:/opt/ros/jazzy/lib /usr/bin/cmake /home/jetpack/JetRacer/src/peripherals/speed_sensor -DAMENT_CMAKE_SYMLINK_INSTALL=1 -DCMAKE_INSTALL_PREFIX=/home/jetpack/JetRacer/install/speed_sensor
[21.932s] DEBUG:colcon.colcon_core.event_handler.log_command:Invoking command in '/home/jetpack/JetRacer/build/speed_sensor': CMAKE_PREFIX_PATH=/home/jetpack/JetRacer/install/bus_msgs:/home/jetpack/JetRacer/install/servo_motor:/home/jetpack/JetRacer/install/oled_service:/home/jetpack/JetRacer/install/i2c_interface:/home/jetpack/JetRacer/install/can_interface:/home/jetpack/piracer/install/oled_service:/home/jetpack/piracer/install/i2c_interface:/home/jetpack/piracer/install/can_interface:/home/jetpack/piracer/install/bus_msgs:/opt/ros/jazzy/opt/gz_math_vendor:/opt/ros/jazzy/opt/gz_utils_vendor:/opt/ros/jazzy/opt/gz_cmake_vendor:/opt/ros/jazzy LD_LIBRARY_PATH=/home/jetpack/JetRacer/install/bus_msgs/lib:/home/jetpack/JetRacer/install/can_interface/lib:/home/jetpack/piracer/install/can_interface/lib:/home/jetpack/piracer/install/bus_msgs/lib:/opt/ros/jazzy/opt/rviz_ogre_vendor/lib:/opt/ros/jazzy/lib/aarch64-linux-gnu:/opt/ros/jazzy/opt/gz_math_vendor/lib:/opt/ros/jazzy/opt/gz_utils_vendor/lib:/opt/ros/jazzy/opt/gz_cmake_vendor/lib:/opt/ros/jazzy/lib /usr/bin/cmake --build /home/jetpack/JetRacer/build/speed_sensor -- -j4 -l4
[27.242s] DEBUG:colcon.colcon_core.event_handler.log_command:Invoked command in '/home/jetpack/JetRacer/build/can_interface' returned '0': CMAKE_PREFIX_PATH=/home/jetpack/JetRacer/install/bus_msgs:/home/jetpack/JetRacer/install/servo_motor:/home/jetpack/JetRacer/install/oled_service:/home/jetpack/JetRacer/install/i2c_interface:/home/jetpack/JetRacer/install/can_interface:/home/jetpack/piracer/install/oled_service:/home/jetpack/piracer/install/i2c_interface:/home/jetpack/piracer/install/can_interface:/home/jetpack/piracer/install/bus_msgs:/opt/ros/jazzy/opt/gz_math_vendor:/opt/ros/jazzy/opt/gz_utils_vendor:/opt/ros/jazzy/opt/gz_cmake_vendor:/opt/ros/jazzy LD_LIBRARY_PATH=/home/jetpack/JetRacer/install/bus_msgs/lib:/home/jetpack/JetRacer/install/can_interface/lib:/home/jetpack/piracer/install/can_interface/lib:/home/jetpack/piracer/install/bus_msgs/lib:/opt/ros/jazzy/opt/rviz_ogre_vendor/lib:/opt/ros/jazzy/lib/aarch64-linux-gnu:/opt/ros/jazzy/opt/gz_math_vendor/lib:/opt/ros/jazzy/opt/gz_utils_vendor/lib:/opt/ros/jazzy/opt/gz_cmake_vendor/lib:/opt/ros/jazzy/lib /usr/bin/cmake /home/jetpack/JetRacer/src/bus_interfaces/can_interface -DAMENT_CMAKE_SYMLINK_INSTALL=1 -DCMAKE_INSTALL_PREFIX=/home/jetpack/JetRacer/install/can_interface
[27.243s] DEBUG:colcon.colcon_core.event_handler.log_command:Invoking command in '/home/jetpack/JetRacer/build/can_interface': CMAKE_PREFIX_PATH=/home/jetpack/JetRacer/install/bus_msgs:/home/jetpack/JetRacer/install/servo_motor:/home/jetpack/JetRacer/install/oled_service:/home/jetpack/JetRacer/install/i2c_interface:/home/jetpack/JetRacer/install/can_interface:/home/jetpack/piracer/install/oled_service:/home/jetpack/piracer/install/i2c_interface:/home/jetpack/piracer/install/can_interface:/home/jetpack/piracer/install/bus_msgs:/opt/ros/jazzy/opt/gz_math_vendor:/opt/ros/jazzy/opt/gz_utils_vendor:/opt/ros/jazzy/opt/gz_cmake_vendor:/opt/ros/jazzy LD_LIBRARY_PATH=/home/jetpack/JetRacer/install/bus_msgs/lib:/home/jetpack/JetRacer/install/can_interface/lib:/home/jetpack/piracer/install/can_interface/lib:/home/jetpack/piracer/install/bus_msgs/lib:/opt/ros/jazzy/opt/rviz_ogre_vendor/lib:/opt/ros/jazzy/lib/aarch64-linux-gnu:/opt/ros/jazzy/opt/gz_math_vendor/lib:/opt/ros/jazzy/opt/gz_utils_vendor/lib:/opt/ros/jazzy/opt/gz_cmake_vendor/lib:/opt/ros/jazzy/lib /usr/bin/cmake --build /home/jetpack/JetRacer/build/can_interface -- -j4 -l4
[37.104s] DEBUG:colcon.colcon_core.event_handler.log_command:Invoked command in '/home/jetpack/JetRacer/build/i2c_interface' returned '0': CMAKE_PREFIX_PATH=/home/jetpack/JetRacer/install/bus_msgs:/home/jetpack/JetRacer/install/servo_motor:/home/jetpack/JetRacer/install/oled_service:/home/jetpack/JetRacer/install/i2c_interface:/home/jetpack/JetRacer/install/can_interface:/home/jetpack/piracer/install/oled_service:/home/jetpack/piracer/install/i2c_interface:/home/jetpack/piracer/install/can_interface:/home/jetpack/piracer/install/bus_msgs:/opt/ros/jazzy/opt/gz_math_vendor:/opt/ros/jazzy/opt/gz_utils_vendor:/opt/ros/jazzy/opt/gz_cmake_vendor:/opt/ros/jazzy LD_LIBRARY_PATH=/home/jetpack/JetRacer/install/bus_msgs/lib:/home/jetpack/JetRacer/install/can_interface/lib:/home/jetpack/piracer/install/can_interface/lib:/home/jetpack/piracer/install/bus_msgs/lib:/opt/ros/jazzy/opt/rviz_ogre_vendor/lib:/opt/ros/jazzy/lib/aarch64-linux-gnu:/opt/ros/jazzy/opt/gz_math_vendor/lib:/opt/ros/jazzy/opt/gz_utils_vendor/lib:/opt/ros/jazzy/opt/gz_cmake_vendor/lib:/opt/ros/jazzy/lib /usr/bin/cmake --build /home/jetpack/JetRacer/build/i2c_interface -- -j4 -l4
[37.162s] DEBUG:colcon.colcon_core.event_handler.log_command:Invoking command in '/home/jetpack/JetRacer/build/i2c_interface': CMAKE_PREFIX_PATH=/home/jetpack/JetRacer/install/bus_msgs:/home/jetpack/JetRacer/install/servo_motor:/home/jetpack/JetRacer/install/oled_service:/home/jetpack/JetRacer/install/i2c_interface:/home/jetpack/JetRacer/install/can_interface:/home/jetpack/piracer/install/oled_service:/home/jetpack/piracer/install/i2c_interface:/home/jetpack/piracer/install/can_interface:/home/jetpack/piracer/install/bus_msgs:/opt/ros/jazzy/opt/gz_math_vendor:/opt/ros/jazzy/opt/gz_utils_vendor:/opt/ros/jazzy/opt/gz_cmake_vendor:/opt/ros/jazzy LD_LIBRARY_PATH=/home/jetpack/JetRacer/install/bus_msgs/lib:/home/jetpack/JetRacer/install/can_interface/lib:/home/jetpack/piracer/install/can_interface/lib:/home/jetpack/piracer/install/bus_msgs/lib:/opt/ros/jazzy/opt/rviz_ogre_vendor/lib:/opt/ros/jazzy/lib/aarch64-linux-gnu:/opt/ros/jazzy/opt/gz_math_vendor/lib:/opt/ros/jazzy/opt/gz_utils_vendor/lib:/opt/ros/jazzy/opt/gz_cmake_vendor/lib:/opt/ros/jazzy/lib /usr/bin/cmake --install /home/jetpack/JetRacer/build/i2c_interface
[37.507s] Level 1:colcon.colcon_core.environment:create_environment_scripts_only(i2c_interface)
[37.507s] DEBUG:colcon.colcon_core.event_handler.log_command:Invoked command in '/home/jetpack/JetRacer/build/i2c_interface' returned '0': CMAKE_PREFIX_PATH=/home/jetpack/JetRacer/install/bus_msgs:/home/jetpack/JetRacer/install/servo_motor:/home/jetpack/JetRacer/install/oled_service:/home/jetpack/JetRacer/install/i2c_interface:/home/jetpack/JetRacer/install/can_interface:/home/jetpack/piracer/install/oled_service:/home/jetpack/piracer/install/i2c_interface:/home/jetpack/piracer/install/can_interface:/home/jetpack/piracer/install/bus_msgs:/opt/ros/jazzy/opt/gz_math_vendor:/opt/ros/jazzy/opt/gz_utils_vendor:/opt/ros/jazzy/opt/gz_cmake_vendor:/opt/ros/jazzy LD_LIBRARY_PATH=/home/jetpack/JetRacer/install/bus_msgs/lib:/home/jetpack/JetRacer/install/can_interface/lib:/home/jetpack/piracer/install/can_interface/lib:/home/jetpack/piracer/install/bus_msgs/lib:/opt/ros/jazzy/opt/rviz_ogre_vendor/lib:/opt/ros/jazzy/lib/aarch64-linux-gnu:/opt/ros/jazzy/opt/gz_math_vendor/lib:/opt/ros/jazzy/opt/gz_utils_vendor/lib:/opt/ros/jazzy/opt/gz_cmake_vendor/lib:/opt/ros/jazzy/lib /usr/bin/cmake --install /home/jetpack/JetRacer/build/i2c_interface
[37.508s] Level 1:colcon.colcon_core.environment:checking '/home/jetpack/JetRacer/install/i2c_interface' for CMake module files
[37.509s] Level 1:colcon.colcon_core.environment:checking '/home/jetpack/JetRacer/install/i2c_interface' for CMake config files
[37.509s] Level 1:colcon.colcon_core.shell:create_environment_hook('i2c_interface', 'cmake_prefix_path')
[37.510s] INFO:colcon.colcon_core.shell:Creating environment hook '/home/jetpack/JetRacer/install/i2c_interface/share/i2c_interface/hook/cmake_prefix_path.ps1'
[37.510s] INFO:colcon.colcon_core.shell:Creating environment descriptor '/home/jetpack/JetRacer/install/i2c_interface/share/i2c_interface/hook/cmake_prefix_path.dsv'
[37.511s] INFO:colcon.colcon_core.shell:Creating environment hook '/home/jetpack/JetRacer/install/i2c_interface/share/i2c_interface/hook/cmake_prefix_path.sh'
[37.512s] Level 1:colcon.colcon_core.environment:checking '/home/jetpack/JetRacer/install/i2c_interface/lib'
[37.512s] Level 1:colcon.colcon_core.environment:checking '/home/jetpack/JetRacer/install/i2c_interface/bin'
[37.512s] Level 1:colcon.colcon_core.environment:checking '/home/jetpack/JetRacer/install/i2c_interface/lib/pkgconfig/i2c_interface.pc'
[37.513s] Level 1:colcon.colcon_core.environment:checking '/home/jetpack/JetRacer/install/i2c_interface/lib/python3.12/site-packages'
[37.513s] Level 1:colcon.colcon_core.environment:checking '/home/jetpack/JetRacer/install/i2c_interface/bin'
[37.514s] INFO:colcon.colcon_core.shell:Creating package script '/home/jetpack/JetRacer/install/i2c_interface/share/i2c_interface/package.ps1'
[37.514s] INFO:colcon.colcon_core.shell:Creating package descriptor '/home/jetpack/JetRacer/install/i2c_interface/share/i2c_interface/package.dsv'
[37.515s] INFO:colcon.colcon_core.shell:Creating package script '/home/jetpack/JetRacer/install/i2c_interface/share/i2c_interface/package.sh'
[37.516s] INFO:colcon.colcon_core.shell:Creating package script '/home/jetpack/JetRacer/install/i2c_interface/share/i2c_interface/package.bash'
[37.517s] INFO:colcon.colcon_core.shell:Creating package script '/home/jetpack/JetRacer/install/i2c_interface/share/i2c_interface/package.zsh'
[37.517s] Level 1:colcon.colcon_core.environment:create_file_with_runtime_dependencies(/home/jetpack/JetRacer/install/i2c_interface/share/colcon-core/packages/i2c_interface)
[37.573s] Level 1:colcon.colcon_core.environment:create_environment_scripts_only(i2c_interface)
[37.574s] Level 1:colcon.colcon_core.environment:checking '/home/jetpack/JetRacer/install/i2c_interface' for CMake module files
[37.575s] Level 1:colcon.colcon_core.environment:checking '/home/jetpack/JetRacer/install/i2c_interface' for CMake config files
[37.575s] Level 1:colcon.colcon_core.shell:create_environment_hook('i2c_interface', 'cmake_prefix_path')
[37.576s] INFO:colcon.colcon_core.shell:Creating environment hook '/home/jetpack/JetRacer/install/i2c_interface/share/i2c_interface/hook/cmake_prefix_path.ps1'
[37.577s] INFO:colcon.colcon_core.shell:Creating environment descriptor '/home/jetpack/JetRacer/install/i2c_interface/share/i2c_interface/hook/cmake_prefix_path.dsv'
[37.578s] INFO:colcon.colcon_core.shell:Creating environment hook '/home/jetpack/JetRacer/install/i2c_interface/share/i2c_interface/hook/cmake_prefix_path.sh'
[37.579s] Level 1:colcon.colcon_core.environment:checking '/home/jetpack/JetRacer/install/i2c_interface/lib'
[37.580s] Level 1:colcon.colcon_core.environment:checking '/home/jetpack/JetRacer/install/i2c_interface/bin'
[37.580s] Level 1:colcon.colcon_core.environment:checking '/home/jetpack/JetRacer/install/i2c_interface/lib/pkgconfig/i2c_interface.pc'
[37.580s] Level 1:colcon.colcon_core.environment:checking '/home/jetpack/JetRacer/install/i2c_interface/lib/python3.12/site-packages'
[37.580s] Level 1:colcon.colcon_core.environment:checking '/home/jetpack/JetRacer/install/i2c_interface/bin'
[37.581s] INFO:colcon.colcon_core.shell:Creating package script '/home/jetpack/JetRacer/install/i2c_interface/share/i2c_interface/package.ps1'
[37.582s] INFO:colcon.colcon_core.shell:Creating package descriptor '/home/jetpack/JetRacer/install/i2c_interface/share/i2c_interface/package.dsv'
[37.583s] INFO:colcon.colcon_core.shell:Creating package script '/home/jetpack/JetRacer/install/i2c_interface/share/i2c_interface/package.sh'
[37.584s] INFO:colcon.colcon_core.shell:Creating package script '/home/jetpack/JetRacer/install/i2c_interface/share/i2c_interface/package.bash'
[37.585s] INFO:colcon.colcon_core.shell:Creating package script '/home/jetpack/JetRacer/install/i2c_interface/share/i2c_interface/package.zsh'
[37.586s] Level 1:colcon.colcon_core.environment:create_file_with_runtime_dependencies(/home/jetpack/JetRacer/install/i2c_interface/share/colcon-core/packages/i2c_interface)
[38.275s] DEBUG:colcon.colcon_core.event_handler.log_command:Invoked command in '/home/jetpack/JetRacer/build/can_interface' returned '2': CMAKE_PREFIX_PATH=/home/jetpack/JetRacer/install/bus_msgs:/home/jetpack/JetRacer/install/servo_motor:/home/jetpack/JetRacer/install/oled_service:/home/jetpack/JetRacer/install/i2c_interface:/home/jetpack/JetRacer/install/can_interface:/home/jetpack/piracer/install/oled_service:/home/jetpack/piracer/install/i2c_interface:/home/jetpack/piracer/install/can_interface:/home/jetpack/piracer/install/bus_msgs:/opt/ros/jazzy/opt/gz_math_vendor:/opt/ros/jazzy/opt/gz_utils_vendor:/opt/ros/jazzy/opt/gz_cmake_vendor:/opt/ros/jazzy LD_LIBRARY_PATH=/home/jetpack/JetRacer/install/bus_msgs/lib:/home/jetpack/JetRacer/install/can_interface/lib:/home/jetpack/piracer/install/can_interface/lib:/home/jetpack/piracer/install/bus_msgs/lib:/opt/ros/jazzy/opt/rviz_ogre_vendor/lib:/opt/ros/jazzy/lib/aarch64-linux-gnu:/opt/ros/jazzy/opt/gz_math_vendor/lib:/opt/ros/jazzy/opt/gz_utils_vendor/lib:/opt/ros/jazzy/opt/gz_cmake_vendor/lib:/opt/ros/jazzy/lib /usr/bin/cmake --build /home/jetpack/JetRacer/build/can_interface -- -j4 -l4
[38.324s] Level 1:colcon.colcon_core.environment:create_environment_scripts_only(can_interface)
[38.325s] Level 1:colcon.colcon_core.environment:checking '/home/jetpack/JetRacer/install/can_interface' for CMake module files
[38.325s] Level 1:colcon.colcon_core.environment:checking '/home/jetpack/JetRacer/install/can_interface' for CMake config files
[38.325s] Level 1:colcon.colcon_core.environment:checking '/home/jetpack/JetRacer/install/can_interface/bin'
[38.326s] Level 1:colcon.colcon_core.environment:checking '/home/jetpack/JetRacer/install/can_interface/lib/pkgconfig/can_interface.pc'
[38.326s] Level 1:colcon.colcon_core.environment:checking '/home/jetpack/JetRacer/install/can_interface/lib/python3.12/site-packages'
[38.326s] Level 1:colcon.colcon_core.environment:checking '/home/jetpack/JetRacer/install/can_interface/bin'
[38.326s] INFO:colcon.colcon_core.shell:Creating package script '/home/jetpack/JetRacer/install/can_interface/share/can_interface/package.ps1'
[38.327s] INFO:colcon.colcon_core.shell:Creating package descriptor '/home/jetpack/JetRacer/install/can_interface/share/can_interface/package.dsv'
[38.328s] INFO:colcon.colcon_core.shell:Creating package script '/home/jetpack/JetRacer/install/can_interface/share/can_interface/package.sh'
[38.328s] INFO:colcon.colcon_core.shell:Creating package script '/home/jetpack/JetRacer/install/can_interface/share/can_interface/package.bash'
[38.329s] INFO:colcon.colcon_core.shell:Creating package script '/home/jetpack/JetRacer/install/can_interface/share/can_interface/package.zsh'
[38.330s] Level 1:colcon.colcon_core.environment:create_file_with_runtime_dependencies(/home/jetpack/JetRacer/install/can_interface/share/colcon-core/packages/can_interface)
[45.157s] DEBUG:colcon.colcon_parallel_executor.executor.parallel:closing loop
[45.157s] DEBUG:colcon.colcon_parallel_executor.executor.parallel:loop closed
[45.158s] DEBUG:colcon.colcon_parallel_executor.executor.parallel:run_until_complete finished with '2'
[45.158s] DEBUG:colcon.colcon_core.event_reactor:joining thread
[45.165s] INFO:colcon.colcon_core.plugin_system:Skipping extension 'colcon_notification.desktop_notification.terminal_notifier': Not used on non-Darwin systems
[45.165s] INFO:colcon.colcon_core.plugin_system:Skipping extension 'colcon_notification.desktop_notification.win32': Not used on non-Windows systems
[45.165s] INFO:colcon.colcon_notification.desktop_notification:Sending desktop notification using 'notify2'
[45.166s] DEBUG:colcon.colcon_notification.desktop_notification.notify2:Failed to initialize notify2: org.freedesktop.DBus.Error.ServiceUnknown: The name org.freedesktop.Notifications was not provided by any .service files
[45.167s] DEBUG:colcon.colcon_core.event_reactor:joined thread
[45.167s] INFO:colcon.colcon_core.shell:Creating prefix script '/home/jetpack/JetRacer/install/local_setup.ps1'
[45.168s] INFO:colcon.colcon_core.shell:Creating prefix util module '/home/jetpack/JetRacer/install/_local_setup_util_ps1.py'
[45.170s] INFO:colcon.colcon_core.shell:Creating prefix chain script '/home/jetpack/JetRacer/install/setup.ps1'
[45.171s] INFO:colcon.colcon_core.shell:Creating prefix script '/home/jetpack/JetRacer/install/local_setup.sh'
[45.172s] INFO:colcon.colcon_core.shell:Creating prefix util module '/home/jetpack/JetRacer/install/_local_setup_util_sh.py'
[45.172s] INFO:colcon.colcon_core.shell:Creating prefix chain script '/home/jetpack/JetRacer/install/setup.sh'
[45.174s] INFO:colcon.colcon_core.shell:Creating prefix script '/home/jetpack/JetRacer/install/local_setup.bash'
[45.174s] INFO:colcon.colcon_core.shell:Creating prefix chain script '/home/jetpack/JetRacer/install/setup.bash'
[45.175s] INFO:colcon.colcon_core.shell:Creating prefix script '/home/jetpack/JetRacer/install/local_setup.zsh'
[45.176s] INFO:colcon.colcon_core.shell:Creating prefix chain script '/home/jetpack/JetRacer/install/setup.zsh'
