[0.014s] Invoking command in '/home/jetpack/JetRacer/build/oled_service': CMAKE_PREFIX_PATH=${CMAKE_PREFIX_PATH}:/opt/ros/jazzy /usr/bin/cmake /home/jetpack/JetRacer/src/peripherals/oled_service -DAMENT_CMAKE_SYMLINK_INSTALL=1 -DCMAKE_INSTALL_PREFIX=/home/jetpack/JetRacer/install/oled_service
[0.124s] -- The C compiler identification is GNU 13.2.0
[0.239s] -- The CXX compiler identification is GNU 13.2.0
[0.265s] -- Detecting C compiler ABI info
[0.431s] -- Detecting C compiler ABI info - done
[0.446s] -- Check for working C compiler: /usr/bin/cc - skipped
[0.447s] -- Detecting C compile features
[0.447s] -- Detecting C compile features - done
[0.461s] -- Detecting CXX compiler ABI info
[0.643s] -- Detecting CXX compiler ABI info - done
[0.658s] -- Check for working CXX compiler: /usr/bin/c++ - skipped
[0.658s] -- Detecting CXX compile features
[0.659s] -- Detecting CXX compile features - done
[0.662s] -- Found ament_cmake: 2.5.2 (/opt/ros/jazzy/share/ament_cmake/cmake)
[0.903s] -- Found Python3: /usr/bin/python3 (found version "3.12.3") found components: Interpreter 
[1.034s] -- Override CMake install command with custom implementation using symlinks instead of copying resources
[1.073s] -- Found rclcpp: 28.1.5 (/opt/ros/jazzy/share/rclcpp/cmake)
[1.123s] -- Found rosidl_generator_c: 4.6.4 (/opt/ros/jazzy/share/rosidl_generator_c/cmake)
[1.142s] -- Found rosidl_generator_cpp: 4.6.4 (/opt/ros/jazzy/share/rosidl_generator_cpp/cmake)
[1.164s] -- Using all available rosidl_typesupport_c: rosidl_typesupport_fastrtps_c;rosidl_typesupport_introspection_c
[1.189s] -- Using all available rosidl_typesupport_cpp: rosidl_typesupport_fastrtps_cpp;rosidl_typesupport_introspection_cpp
[1.294s] -- Found rmw_implementation_cmake: 7.3.1 (/opt/ros/jazzy/share/rmw_implementation_cmake/cmake)
[1.299s] -- Found rmw_fastrtps_cpp: 8.4.1 (/opt/ros/jazzy/share/rmw_fastrtps_cpp/cmake)
[1.429s] -- Found OpenSSL: /usr/lib/aarch64-linux-gnu/libcrypto.so (found version "3.0.13")  
[1.457s] -- Found FastRTPS: /opt/ros/jazzy/include (Required is at least version "2.13") 
[1.493s] -- Using RMW implementation 'rmw_fastrtps_cpp' as default
[1.591s] -- Found std_msgs: 5.3.5 (/opt/ros/jazzy/share/std_msgs/cmake)
[1.777s] -- Configuring done (1.8s)
[1.793s] -- Generating done (0.0s)
[1.796s] -- Build files have been written to: /home/jetpack/JetRacer/build/oled_service
[1.816s] Invoked command in '/home/jetpack/JetRacer/build/oled_service' returned '0': CMAKE_PREFIX_PATH=${CMAKE_PREFIX_PATH}:/opt/ros/jazzy /usr/bin/cmake /home/jetpack/JetRacer/src/peripherals/oled_service -DAMENT_CMAKE_SYMLINK_INSTALL=1 -DCMAKE_INSTALL_PREFIX=/home/jetpack/JetRacer/install/oled_service
[1.818s] Invoking command in '/home/jetpack/JetRacer/build/oled_service': CMAKE_PREFIX_PATH=${CMAKE_PREFIX_PATH}:/opt/ros/jazzy /usr/bin/cmake --build /home/jetpack/JetRacer/build/oled_service -- -j4 -l4
[1.909s] [ 75%] [32mBuilding CXX object CMakeFiles/oled_display.dir/src/main.cpp.o[0m
[1.911s] [ 75%] [32mBuilding C object CMakeFiles/oled_display.dir/src/ssd1306_linux/linux_i2c.c.o[0m
[1.911s] [ 75%] [32mBuilding C object CMakeFiles/oled_display.dir/src/ssd1306_linux/ssd1306.c.o[0m
[1.992s] [01m[K/home/jetpack/JetRacer/src/peripherals/oled_service/src/ssd1306_linux/ssd1306.c:[m[K In function ‘[01m[Kssd1306_oled_write_string[m[K’:
[1.992s] [01m[K/home/jetpack/JetRacer/src/peripherals/oled_service/src/ssd1306_linux/ssd1306.c:372:10:[m[K [01;35m[Kwarning: [m[Kassignment discards ‘[01m[Kconst[m[K’ qualifier from pointer target type [[01;35m[K]8;;https://gcc.gnu.org/onlinedocs/gcc/Warning-Options.html#index-Wdiscarded-qualifiers-Wdiscarded-qualifiers]8;;[m[K]
[1.992s]   372 |     line [01;35m[K=[m[K ptr;
[1.992s]       |          [01;35m[K^[m[K
[17.563s] [100%] [32m[1mLinking CXX executable oled_display[0m
[18.210s] [100%] Built target oled_display
[18.229s] Invoked command in '/home/jetpack/JetRacer/build/oled_service' returned '0': CMAKE_PREFIX_PATH=${CMAKE_PREFIX_PATH}:/opt/ros/jazzy /usr/bin/cmake --build /home/jetpack/JetRacer/build/oled_service -- -j4 -l4
[18.274s] Invoking command in '/home/jetpack/JetRacer/build/oled_service': CMAKE_PREFIX_PATH=${CMAKE_PREFIX_PATH}:/opt/ros/jazzy /usr/bin/cmake --install /home/jetpack/JetRacer/build/oled_service
[18.288s] -- Install configuration: ""
[18.288s] -- Execute custom install script
[18.289s] -- Symlinking: /home/jetpack/JetRacer/install/oled_service/lib/oled_service/oled_display
[18.306s] -- Symlinking: /home/jetpack/JetRacer/install/oled_service/share/ament_index/resource_index/package_run_dependencies/oled_service
[18.322s] -- Symlinking: /home/jetpack/JetRacer/install/oled_service/share/ament_index/resource_index/parent_prefix_path/oled_service
[18.338s] -- Symlinking: /home/jetpack/JetRacer/install/oled_service/share/oled_service/environment/ament_prefix_path.sh
[18.355s] -- Symlinking: /home/jetpack/JetRacer/install/oled_service/share/oled_service/environment/ament_prefix_path.dsv
[18.372s] -- Symlinking: /home/jetpack/JetRacer/install/oled_service/share/oled_service/environment/path.sh
[18.388s] -- Symlinking: /home/jetpack/JetRacer/install/oled_service/share/oled_service/environment/path.dsv
[18.404s] -- Symlinking: /home/jetpack/JetRacer/install/oled_service/share/oled_service/local_setup.bash
[18.420s] -- Symlinking: /home/jetpack/JetRacer/install/oled_service/share/oled_service/local_setup.sh
[18.436s] -- Symlinking: /home/jetpack/JetRacer/install/oled_service/share/oled_service/local_setup.zsh
[18.452s] -- Symlinking: /home/jetpack/JetRacer/install/oled_service/share/oled_service/local_setup.dsv
[18.468s] -- Symlinking: /home/jetpack/JetRacer/install/oled_service/share/oled_service/package.dsv
[18.483s] -- Symlinking: /home/jetpack/JetRacer/install/oled_service/share/ament_index/resource_index/packages/oled_service
[18.499s] -- Symlinking: /home/jetpack/JetRacer/install/oled_service/share/oled_service/cmake/ament_cmake_export_dependencies-extras.cmake
[18.515s] -- Symlinking: /home/jetpack/JetRacer/install/oled_service/share/oled_service/cmake/oled_serviceConfig.cmake
[18.531s] -- Symlinking: /home/jetpack/JetRacer/install/oled_service/share/oled_service/cmake/oled_serviceConfig-version.cmake
[18.547s] -- Symlinking: /home/jetpack/JetRacer/install/oled_service/share/oled_service/package.xml
[18.566s] Invoked command in '/home/jetpack/JetRacer/build/oled_service' returned '0': CMAKE_PREFIX_PATH=${CMAKE_PREFIX_PATH}:/opt/ros/jazzy /usr/bin/cmake --install /home/jetpack/JetRacer/build/oled_service
