-- The C compiler identification is GNU 13.2.0
-- The CXX compiler identification is GNU 13.2.0
-- Detecting C compiler ABI info
-- Detecting C compiler ABI info - done
-- Check for working C compiler: /usr/bin/cc - skipped
-- Detecting C compile features
-- Detecting C compile features - done
-- Detecting CXX compiler ABI info
-- Detecting CXX compiler ABI info - done
-- Check for working CXX compiler: /usr/bin/c++ - skipped
-- Detecting CXX compile features
-- Detecting CXX compile features - done
-- Found ament_cmake: 2.5.2 (/opt/ros/jazzy/share/ament_cmake/cmake)
-- Found Python3: /usr/bin/python3 (found version "3.12.3") found components: Interpreter 
-- Override CMake install command with custom implementation using symlinks instead of copying resources
-- Found rosidl_default_generators: 1.6.0 (/opt/ros/jazzy/share/rosidl_default_generators/cmake)
-- Using all available rosidl_typesupport_c: rosidl_typesupport_fastrtps_c;rosidl_typesupport_introspection_c
-- Using all available rosidl_typesupport_cpp: rosidl_typesupport_fastrtps_cpp;rosidl_typesupport_introspection_cpp
-- Found rosidl_adapter: 4.6.4 (/opt/ros/jazzy/share/rosidl_adapter/cmake)
-- Found ament_cmake_ros: 0.12.0 (/opt/ros/jazzy/share/ament_cmake_ros/cmake)
-- Using all available rosidl_typesupport_c: rosidl_typesupport_fastrtps_c;rosidl_typesupport_introspection_c
-- Using all available rosidl_typesupport_cpp: rosidl_typesupport_fastrtps_cpp;rosidl_typesupport_introspection_cpp
-- Found python_cmake_module: 0.11.1 (/opt/ros/jazzy/share/python_cmake_module/cmake)
-- Found PythonExtra: /usr/bin/python3  
-- Found Python3: /usr/bin/python3 (found version "3.12.3") found components: Interpreter Development NumPy Development.Module Development.Embed 
-- Found ament_lint_auto: 0.17.1 (/opt/ros/jazzy/share/ament_lint_auto/cmake)
-- Added test 'lint_cmake' to check CMake code style
-- Added test 'xmllint' to check XML markup files
-- Configuring done (4.8s)
-- Generating done (0.0s)
-- Build files have been written to: /home/jetpack/JetRacer/build/bus_msgs
[  1%] [34m[1mGenerating type hashes for ROS interfaces[0m
[  1%] Built target ament_cmake_python_symlink_bus_msgs
running egg_info
creating bus_msgs.egg-info
writing bus_msgs.egg-info/PKG-INFO
writing dependency_links to bus_msgs.egg-info/dependency_links.txt
writing top-level names to bus_msgs.egg-info/top_level.txt
writing manifest file 'bus_msgs.egg-info/SOURCES.txt'
reading manifest file 'bus_msgs.egg-info/SOURCES.txt'
writing manifest file 'bus_msgs.egg-info/SOURCES.txt'
[  1%] Built target ament_cmake_python_build_bus_msgs_egg
[  1%] Built target bus_msgs__rosidl_generator_type_description
[  3%] [34m[1mGenerating C code for ROS interfaces[0m
[  5%] [34m[1mGenerating C++ code for ROS interfaces[0m
[  5%] Built target bus_msgs__cpp
[  7%] [32mBuilding C object CMakeFiles/bus_msgs__rosidl_generator_c.dir/rosidl_generator_c/bus_msgs/msg/detail/can_frame__description.c.o[0m
[  9%] [32mBuilding C object CMakeFiles/bus_msgs__rosidl_generator_c.dir/rosidl_generator_c/bus_msgs/msg/detail/can_frame__type_support.c.o[0m
[ 11%] [32mBuilding C object CMakeFiles/bus_msgs__rosidl_generator_c.dir/rosidl_generator_c/bus_msgs/msg/detail/can_frame__functions.c.o[0m
[ 12%] [32mBuilding C object CMakeFiles/bus_msgs__rosidl_generator_c.dir/rosidl_generator_c/bus_msgs/srv/detail/i2c_service__description.c.o[0m
[ 14%] [32mBuilding C object CMakeFiles/bus_msgs__rosidl_generator_c.dir/rosidl_generator_c/bus_msgs/srv/detail/i2c_service__functions.c.o[0m
[ 16%] [32mBuilding C object CMakeFiles/bus_msgs__rosidl_generator_c.dir/rosidl_generator_c/bus_msgs/srv/detail/i2c_service__type_support.c.o[0m
[ 18%] [32mBuilding C object CMakeFiles/bus_msgs__rosidl_generator_c.dir/rosidl_generator_c/bus_msgs/srv/detail/can_service__description.c.o[0m
[ 20%] [32mBuilding C object CMakeFiles/bus_msgs__rosidl_generator_c.dir/rosidl_generator_c/bus_msgs/srv/detail/can_service__functions.c.o[0m
[ 22%] [32mBuilding C object CMakeFiles/bus_msgs__rosidl_generator_c.dir/rosidl_generator_c/bus_msgs/srv/detail/can_service__type_support.c.o[0m
[ 24%] [32m[1mLinking C shared library libbus_msgs__rosidl_generator_c.so[0m
[ 24%] Built target bus_msgs__rosidl_generator_c
[ 25%] [34m[1mGenerating C introspection for ROS interfaces[0m
[ 27%] [34m[1mGenerating C++ type support dispatch for ROS interfaces[0m
[ 29%] [34m[1mGenerating C type support for eProsima Fast-RTPS[0m
[ 31%] [34m[1mGenerating C type support dispatch for ROS interfaces[0m
[ 33%] [32mBuilding CXX object CMakeFiles/bus_msgs__rosidl_typesupport_cpp.dir/rosidl_typesupport_cpp/bus_msgs/msg/can_frame__type_support.cpp.o[0m
[ 35%] [32mBuilding CXX object CMakeFiles/bus_msgs__rosidl_typesupport_c.dir/rosidl_typesupport_c/bus_msgs/msg/can_frame__type_support.cpp.o[0m
[ 37%] [32mBuilding C object CMakeFiles/bus_msgs__rosidl_typesupport_introspection_c.dir/rosidl_typesupport_introspection_c/bus_msgs/msg/detail/can_frame__type_support.c.o[0m
[ 38%] [32mBuilding CXX object CMakeFiles/bus_msgs__rosidl_typesupport_fastrtps_c.dir/rosidl_typesupport_fastrtps_c/bus_msgs/msg/detail/can_frame__type_support_c.cpp.o[0m
[ 40%] [32mBuilding C object CMakeFiles/bus_msgs__rosidl_typesupport_introspection_c.dir/rosidl_typesupport_introspection_c/bus_msgs/srv/detail/i2c_service__type_support.c.o[0m
[ 42%] [32mBuilding CXX object CMakeFiles/bus_msgs__rosidl_typesupport_c.dir/rosidl_typesupport_c/bus_msgs/srv/i2c_service__type_support.cpp.o[0m
[ 44%] [32mBuilding C object CMakeFiles/bus_msgs__rosidl_typesupport_introspection_c.dir/rosidl_typesupport_introspection_c/bus_msgs/srv/detail/can_service__type_support.c.o[0m
[ 46%] [32mBuilding CXX object CMakeFiles/bus_msgs__rosidl_typesupport_c.dir/rosidl_typesupport_c/bus_msgs/srv/can_service__type_support.cpp.o[0m
[ 48%] [32m[1mLinking C shared library libbus_msgs__rosidl_typesupport_introspection_c.so[0m
[ 50%] [32m[1mLinking CXX shared library libbus_msgs__rosidl_typesupport_c.so[0m
[ 51%] [32mBuilding CXX object CMakeFiles/bus_msgs__rosidl_typesupport_cpp.dir/rosidl_typesupport_cpp/bus_msgs/srv/i2c_service__type_support.cpp.o[0m
[ 51%] Built target bus_msgs__rosidl_typesupport_introspection_c
[ 53%] [32mBuilding CXX object CMakeFiles/bus_msgs__rosidl_typesupport_cpp.dir/rosidl_typesupport_cpp/bus_msgs/srv/can_service__type_support.cpp.o[0m
[ 53%] Built target bus_msgs__rosidl_typesupport_c
[ 55%] [34m[1mGenerating C++ type support for eProsima Fast-RTPS[0m
[ 57%] [32mBuilding CXX object CMakeFiles/bus_msgs__rosidl_typesupport_fastrtps_c.dir/rosidl_typesupport_fastrtps_c/bus_msgs/srv/detail/i2c_service__type_support_c.cpp.o[0m
[ 59%] [34m[1mGenerating C++ introspection for ROS interfaces[0m
[ 61%] [32mBuilding CXX object CMakeFiles/bus_msgs__rosidl_typesupport_fastrtps_cpp.dir/rosidl_typesupport_fastrtps_cpp/bus_msgs/msg/detail/dds_fastrtps/can_frame__type_support.cpp.o[0m
[ 62%] [32m[1mLinking CXX shared library libbus_msgs__rosidl_typesupport_cpp.so[0m
[ 62%] Built target bus_msgs__rosidl_typesupport_cpp
[ 64%] [32mBuilding CXX object CMakeFiles/bus_msgs__rosidl_typesupport_fastrtps_cpp.dir/rosidl_typesupport_fastrtps_cpp/bus_msgs/srv/detail/dds_fastrtps/i2c_service__type_support.cpp.o[0m
[ 66%] [32mBuilding CXX object CMakeFiles/bus_msgs__rosidl_typesupport_fastrtps_c.dir/rosidl_typesupport_fastrtps_c/bus_msgs/srv/detail/can_service__type_support_c.cpp.o[0m
[ 68%] [32mBuilding CXX object CMakeFiles/bus_msgs__rosidl_typesupport_introspection_cpp.dir/rosidl_typesupport_introspection_cpp/bus_msgs/msg/detail/can_frame__type_support.cpp.o[0m
[ 70%] [32mBuilding CXX object CMakeFiles/bus_msgs__rosidl_typesupport_fastrtps_cpp.dir/rosidl_typesupport_fastrtps_cpp/bus_msgs/srv/detail/dds_fastrtps/can_service__type_support.cpp.o[0m
[ 72%] [32mBuilding CXX object CMakeFiles/bus_msgs__rosidl_typesupport_introspection_cpp.dir/rosidl_typesupport_introspection_cpp/bus_msgs/srv/detail/i2c_service__type_support.cpp.o[0m
[ 74%] [32m[1mLinking CXX shared library libbus_msgs__rosidl_typesupport_fastrtps_c.so[0m
[ 75%] [32mBuilding CXX object CMakeFiles/bus_msgs__rosidl_typesupport_introspection_cpp.dir/rosidl_typesupport_introspection_cpp/bus_msgs/srv/detail/can_service__type_support.cpp.o[0m
[ 75%] Built target bus_msgs__rosidl_typesupport_fastrtps_c
[ 77%] [32m[1mLinking CXX shared library libbus_msgs__rosidl_typesupport_fastrtps_cpp.so[0m
[ 77%] Built target bus_msgs__rosidl_typesupport_fastrtps_cpp
[ 79%] [32m[1mLinking CXX shared library libbus_msgs__rosidl_typesupport_introspection_cpp.so[0m
[ 79%] Built target bus_msgs__rosidl_typesupport_introspection_cpp
[ 79%] Built target bus_msgs
[ 81%] [34m[1mGenerating Python code for ROS interfaces[0m
[ 81%] Built target bus_msgs__py
[ 85%] [32mBuilding C object CMakeFiles/bus_msgs__rosidl_generator_py.dir/rosidl_generator_py/bus_msgs/msg/_can_frame_s.c.o[0m
[ 85%] [32mBuilding C object CMakeFiles/bus_msgs__rosidl_generator_py.dir/rosidl_generator_py/bus_msgs/srv/_i2c_service_s.c.o[0m
[ 87%] [32mBuilding C object CMakeFiles/bus_msgs__rosidl_generator_py.dir/rosidl_generator_py/bus_msgs/srv/_can_service_s.c.o[0m
[ 88%] [32m[1mLinking C shared library libbus_msgs__rosidl_generator_py.so[0m
[ 88%] Built target bus_msgs__rosidl_generator_py
[ 90%] [32mBuilding C object CMakeFiles/bus_msgs_s__rosidl_typesupport_fastrtps_c.dir/rosidl_generator_py/bus_msgs/_bus_msgs_s.ep.rosidl_typesupport_fastrtps_c.c.o[0m
[ 94%] [32mBuilding C object CMakeFiles/bus_msgs_s__rosidl_typesupport_c.dir/rosidl_generator_py/bus_msgs/_bus_msgs_s.ep.rosidl_typesupport_c.c.o[0m
[ 94%] [32mBuilding C object CMakeFiles/bus_msgs_s__rosidl_typesupport_introspection_c.dir/rosidl_generator_py/bus_msgs/_bus_msgs_s.ep.rosidl_typesupport_introspection_c.c.o[0m
[ 96%] [32m[1mLinking C shared module rosidl_generator_py/bus_msgs/bus_msgs_s__rosidl_typesupport_c.so[0m
[ 98%] [32m[1mLinking C shared module rosidl_generator_py/bus_msgs/bus_msgs_s__rosidl_typesupport_fastrtps_c.so[0m
[100%] [32m[1mLinking C shared module rosidl_generator_py/bus_msgs/bus_msgs_s__rosidl_typesupport_introspection_c.so[0m
[100%] Built target bus_msgs_s__rosidl_typesupport_c
[100%] Built target bus_msgs_s__rosidl_typesupport_fastrtps_c
[100%] Built target bus_msgs_s__rosidl_typesupport_introspection_c
-- Install configuration: ""
-- Execute custom install script
-- Symlinking: /home/jetpack/JetRacer/install/bus_msgs/share/ament_index/resource_index/rosidl_interfaces/bus_msgs
-- Symlinking: /home/jetpack/JetRacer/install/bus_msgs/share/bus_msgs/msg/CanFrame.json
-- Symlinking: /home/jetpack/JetRacer/install/bus_msgs/share/bus_msgs/srv/I2cService.json
-- Symlinking: /home/jetpack/JetRacer/install/bus_msgs/share/bus_msgs/srv/CanService.json
-- Symlinking: /home/jetpack/JetRacer/install/bus_msgs/include/bus_msgs/bus_msgs/msg/can_frame.h
-- Symlinking: /home/jetpack/JetRacer/install/bus_msgs/include/bus_msgs/bus_msgs/msg/detail/can_frame__functions.h
-- Symlinking: /home/jetpack/JetRacer/install/bus_msgs/include/bus_msgs/bus_msgs/msg/detail/can_frame__struct.h
-- Symlinking: /home/jetpack/JetRacer/install/bus_msgs/include/bus_msgs/bus_msgs/msg/detail/can_frame__type_support.h
-- Symlinking: /home/jetpack/JetRacer/install/bus_msgs/include/bus_msgs/bus_msgs/msg/rosidl_generator_c__visibility_control.h
-- Symlinking: /home/jetpack/JetRacer/install/bus_msgs/include/bus_msgs/bus_msgs/srv/can_service.h
-- Symlinking: /home/jetpack/JetRacer/install/bus_msgs/include/bus_msgs/bus_msgs/srv/detail/can_service__functions.h
-- Symlinking: /home/jetpack/JetRacer/install/bus_msgs/include/bus_msgs/bus_msgs/srv/detail/can_service__struct.h
-- Symlinking: /home/jetpack/JetRacer/install/bus_msgs/include/bus_msgs/bus_msgs/srv/detail/can_service__type_support.h
-- Symlinking: /home/jetpack/JetRacer/install/bus_msgs/include/bus_msgs/bus_msgs/srv/detail/i2c_service__functions.h
-- Symlinking: /home/jetpack/JetRacer/install/bus_msgs/include/bus_msgs/bus_msgs/srv/detail/i2c_service__struct.h
-- Symlinking: /home/jetpack/JetRacer/install/bus_msgs/include/bus_msgs/bus_msgs/srv/detail/i2c_service__type_support.h
-- Symlinking: /home/jetpack/JetRacer/install/bus_msgs/include/bus_msgs/bus_msgs/srv/i2c_service.h
-- Symlinking: /home/jetpack/JetRacer/install/bus_msgs/share/bus_msgs/environment/library_path.sh
-- Symlinking: /home/jetpack/JetRacer/install/bus_msgs/share/bus_msgs/environment/library_path.dsv
-- Symlinking: /home/jetpack/JetRacer/install/bus_msgs/include/bus_msgs/bus_msgs/msg/detail/can_frame__rosidl_typesupport_fastrtps_c.h
-- Symlinking: /home/jetpack/JetRacer/install/bus_msgs/include/bus_msgs/bus_msgs/msg/rosidl_typesupport_fastrtps_c__visibility_control.h
-- Symlinking: /home/jetpack/JetRacer/install/bus_msgs/include/bus_msgs/bus_msgs/srv/detail/can_service__rosidl_typesupport_fastrtps_c.h
-- Symlinking: /home/jetpack/JetRacer/install/bus_msgs/include/bus_msgs/bus_msgs/srv/detail/i2c_service__rosidl_typesupport_fastrtps_c.h
-- Symlinking: /home/jetpack/JetRacer/install/bus_msgs/include/bus_msgs/bus_msgs/msg/detail/can_frame__rosidl_typesupport_introspection_c.h
-- Symlinking: /home/jetpack/JetRacer/install/bus_msgs/include/bus_msgs/bus_msgs/msg/rosidl_typesupport_introspection_c__visibility_control.h
-- Symlinking: /home/jetpack/JetRacer/install/bus_msgs/include/bus_msgs/bus_msgs/srv/detail/can_service__rosidl_typesupport_introspection_c.h
-- Symlinking: /home/jetpack/JetRacer/install/bus_msgs/include/bus_msgs/bus_msgs/srv/detail/i2c_service__rosidl_typesupport_introspection_c.h
-- Symlinking: /home/jetpack/JetRacer/install/bus_msgs/include/bus_msgs/bus_msgs/msg/can_frame.hpp
-- Symlinking: /home/jetpack/JetRacer/install/bus_msgs/include/bus_msgs/bus_msgs/msg/detail/can_frame__builder.hpp
-- Symlinking: /home/jetpack/JetRacer/install/bus_msgs/include/bus_msgs/bus_msgs/msg/detail/can_frame__struct.hpp
-- Symlinking: /home/jetpack/JetRacer/install/bus_msgs/include/bus_msgs/bus_msgs/msg/detail/can_frame__traits.hpp
-- Symlinking: /home/jetpack/JetRacer/install/bus_msgs/include/bus_msgs/bus_msgs/msg/detail/can_frame__type_support.hpp
-- Symlinking: /home/jetpack/JetRacer/install/bus_msgs/include/bus_msgs/bus_msgs/msg/rosidl_generator_cpp__visibility_control.hpp
-- Symlinking: /home/jetpack/JetRacer/install/bus_msgs/include/bus_msgs/bus_msgs/srv/can_service.hpp
-- Symlinking: /home/jetpack/JetRacer/install/bus_msgs/include/bus_msgs/bus_msgs/srv/detail/can_service__builder.hpp
-- Symlinking: /home/jetpack/JetRacer/install/bus_msgs/include/bus_msgs/bus_msgs/srv/detail/can_service__struct.hpp
-- Symlinking: /home/jetpack/JetRacer/install/bus_msgs/include/bus_msgs/bus_msgs/srv/detail/can_service__traits.hpp
-- Symlinking: /home/jetpack/JetRacer/install/bus_msgs/include/bus_msgs/bus_msgs/srv/detail/can_service__type_support.hpp
-- Symlinking: /home/jetpack/JetRacer/install/bus_msgs/include/bus_msgs/bus_msgs/srv/detail/i2c_service__builder.hpp
-- Symlinking: /home/jetpack/JetRacer/install/bus_msgs/include/bus_msgs/bus_msgs/srv/detail/i2c_service__struct.hpp
-- Symlinking: /home/jetpack/JetRacer/install/bus_msgs/include/bus_msgs/bus_msgs/srv/detail/i2c_service__traits.hpp
-- Symlinking: /home/jetpack/JetRacer/install/bus_msgs/include/bus_msgs/bus_msgs/srv/detail/i2c_service__type_support.hpp
-- Symlinking: /home/jetpack/JetRacer/install/bus_msgs/include/bus_msgs/bus_msgs/srv/i2c_service.hpp
-- Symlinking: /home/jetpack/JetRacer/install/bus_msgs/include/bus_msgs/bus_msgs/msg/detail/can_frame__rosidl_typesupport_fastrtps_cpp.hpp
-- Symlinking: /home/jetpack/JetRacer/install/bus_msgs/include/bus_msgs/bus_msgs/msg/rosidl_typesupport_fastrtps_cpp__visibility_control.h
-- Symlinking: /home/jetpack/JetRacer/install/bus_msgs/include/bus_msgs/bus_msgs/srv/detail/can_service__rosidl_typesupport_fastrtps_cpp.hpp
-- Symlinking: /home/jetpack/JetRacer/install/bus_msgs/include/bus_msgs/bus_msgs/srv/detail/i2c_service__rosidl_typesupport_fastrtps_cpp.hpp
-- Symlinking: /home/jetpack/JetRacer/install/bus_msgs/include/bus_msgs/bus_msgs/msg/detail/can_frame__rosidl_typesupport_introspection_cpp.hpp
-- Symlinking: /home/jetpack/JetRacer/install/bus_msgs/include/bus_msgs/bus_msgs/srv/detail/can_service__rosidl_typesupport_introspection_cpp.hpp
-- Symlinking: /home/jetpack/JetRacer/install/bus_msgs/include/bus_msgs/bus_msgs/srv/detail/i2c_service__rosidl_typesupport_introspection_cpp.hpp
-- Symlinking: /home/jetpack/JetRacer/install/bus_msgs/share/bus_msgs/environment/pythonpath.sh
-- Symlinking: /home/jetpack/JetRacer/install/bus_msgs/share/bus_msgs/environment/pythonpath.dsv
-- Symlinking: /home/jetpack/JetRacer/install/bus_msgs/lib/python3.12/site-packages/bus_msgs-0.0.0-py3.12.egg-info/PKG-INFO
-- Symlinking: /home/jetpack/JetRacer/install/bus_msgs/lib/python3.12/site-packages/bus_msgs-0.0.0-py3.12.egg-info/SOURCES.txt
-- Symlinking: /home/jetpack/JetRacer/install/bus_msgs/lib/python3.12/site-packages/bus_msgs-0.0.0-py3.12.egg-info/dependency_links.txt
-- Symlinking: /home/jetpack/JetRacer/install/bus_msgs/lib/python3.12/site-packages/bus_msgs-0.0.0-py3.12.egg-info/top_level.txt
-- Symlinking: /home/jetpack/JetRacer/install/bus_msgs/lib/python3.12/site-packages/bus_msgs/__init__.py
-- Symlinking: /home/jetpack/JetRacer/install/bus_msgs/lib/python3.12/site-packages/bus_msgs/_bus_msgs_s.ep.rosidl_typesupport_c.c
-- Symlinking: /home/jetpack/JetRacer/install/bus_msgs/lib/python3.12/site-packages/bus_msgs/_bus_msgs_s.ep.rosidl_typesupport_fastrtps_c.c
-- Symlinking: /home/jetpack/JetRacer/install/bus_msgs/lib/python3.12/site-packages/bus_msgs/_bus_msgs_s.ep.rosidl_typesupport_introspection_c.c
-- Symlinking: /home/jetpack/JetRacer/install/bus_msgs/lib/python3.12/site-packages/bus_msgs/bus_msgs_s__rosidl_typesupport_c.so
-- Symlinking: /home/jetpack/JetRacer/install/bus_msgs/lib/python3.12/site-packages/bus_msgs/bus_msgs_s__rosidl_typesupport_fastrtps_c.so
-- Symlinking: /home/jetpack/JetRacer/install/bus_msgs/lib/python3.12/site-packages/bus_msgs/bus_msgs_s__rosidl_typesupport_introspection_c.so
-- Symlinking: /home/jetpack/JetRacer/install/bus_msgs/lib/python3.12/site-packages/bus_msgs/msg/__init__.py
-- Symlinking: /home/jetpack/JetRacer/install/bus_msgs/lib/python3.12/site-packages/bus_msgs/msg/_can_frame.py
-- Symlinking: /home/jetpack/JetRacer/install/bus_msgs/lib/python3.12/site-packages/bus_msgs/msg/_can_frame_s.c
-- Symlinking: /home/jetpack/JetRacer/install/bus_msgs/lib/python3.12/site-packages/bus_msgs/srv/__init__.py
-- Symlinking: /home/jetpack/JetRacer/install/bus_msgs/lib/python3.12/site-packages/bus_msgs/srv/_can_service.py
-- Symlinking: /home/jetpack/JetRacer/install/bus_msgs/lib/python3.12/site-packages/bus_msgs/srv/_can_service_s.c
-- Symlinking: /home/jetpack/JetRacer/install/bus_msgs/lib/python3.12/site-packages/bus_msgs/srv/_i2c_service.py
-- Symlinking: /home/jetpack/JetRacer/install/bus_msgs/lib/python3.12/site-packages/bus_msgs/srv/_i2c_service_s.c
-- Up-to-date symlink: /home/jetpack/JetRacer/install/bus_msgs/lib/python3.12/site-packages/bus_msgs/bus_msgs_s__rosidl_typesupport_fastrtps_c.so
-- Up-to-date symlink: /home/jetpack/JetRacer/install/bus_msgs/lib/python3.12/site-packages/bus_msgs/bus_msgs_s__rosidl_typesupport_introspection_c.so
-- Up-to-date symlink: /home/jetpack/JetRacer/install/bus_msgs/lib/python3.12/site-packages/bus_msgs/bus_msgs_s__rosidl_typesupport_c.so
-- Symlinking: /home/jetpack/JetRacer/install/bus_msgs/share/bus_msgs/msg/CanFrame.idl
-- Symlinking: /home/jetpack/JetRacer/install/bus_msgs/share/bus_msgs/srv/I2cService.idl
-- Symlinking: /home/jetpack/JetRacer/install/bus_msgs/share/bus_msgs/srv/CanService.idl
-- Symlinking: /home/jetpack/JetRacer/install/bus_msgs/share/bus_msgs/msg/CanFrame.msg
-- Symlinking: /home/jetpack/JetRacer/install/bus_msgs/share/bus_msgs/srv/I2cService.srv
-- Symlinking: /home/jetpack/JetRacer/install/bus_msgs/share/bus_msgs/srv/CanService.srv
-- Symlinking: /home/jetpack/JetRacer/install/bus_msgs/share/ament_index/resource_index/package_run_dependencies/bus_msgs
-- Symlinking: /home/jetpack/JetRacer/install/bus_msgs/share/ament_index/resource_index/parent_prefix_path/bus_msgs
-- Symlinking: /home/jetpack/JetRacer/install/bus_msgs/share/bus_msgs/environment/ament_prefix_path.sh
-- Symlinking: /home/jetpack/JetRacer/install/bus_msgs/share/bus_msgs/environment/ament_prefix_path.dsv
-- Symlinking: /home/jetpack/JetRacer/install/bus_msgs/share/bus_msgs/environment/path.sh
-- Symlinking: /home/jetpack/JetRacer/install/bus_msgs/share/bus_msgs/environment/path.dsv
-- Symlinking: /home/jetpack/JetRacer/install/bus_msgs/share/bus_msgs/local_setup.bash
-- Symlinking: /home/jetpack/JetRacer/install/bus_msgs/share/bus_msgs/local_setup.sh
-- Symlinking: /home/jetpack/JetRacer/install/bus_msgs/share/bus_msgs/local_setup.zsh
-- Symlinking: /home/jetpack/JetRacer/install/bus_msgs/share/bus_msgs/local_setup.dsv
-- Symlinking: /home/jetpack/JetRacer/install/bus_msgs/share/bus_msgs/package.dsv
-- Symlinking: /home/jetpack/JetRacer/install/bus_msgs/share/ament_index/resource_index/packages/bus_msgs
-- Symlinking: /home/jetpack/JetRacer/install/bus_msgs/share/bus_msgs/cmake/rosidl_cmake-extras.cmake
-- Symlinking: /home/jetpack/JetRacer/install/bus_msgs/share/bus_msgs/cmake/ament_cmake_export_dependencies-extras.cmake
-- Symlinking: /home/jetpack/JetRacer/install/bus_msgs/share/bus_msgs/cmake/ament_cmake_export_include_directories-extras.cmake
-- Symlinking: /home/jetpack/JetRacer/install/bus_msgs/share/bus_msgs/cmake/ament_cmake_export_libraries-extras.cmake
-- Symlinking: /home/jetpack/JetRacer/install/bus_msgs/share/bus_msgs/cmake/ament_cmake_export_targets-extras.cmake
-- Symlinking: /home/jetpack/JetRacer/install/bus_msgs/share/bus_msgs/cmake/rosidl_cmake_export_typesupport_targets-extras.cmake
-- Symlinking: /home/jetpack/JetRacer/install/bus_msgs/share/bus_msgs/cmake/rosidl_cmake_export_typesupport_libraries-extras.cmake
-- Symlinking: /home/jetpack/JetRacer/install/bus_msgs/share/bus_msgs/cmake/bus_msgsConfig.cmake
-- Symlinking: /home/jetpack/JetRacer/install/bus_msgs/share/bus_msgs/cmake/bus_msgsConfig-version.cmake
-- Symlinking: /home/jetpack/JetRacer/install/bus_msgs/share/bus_msgs/package.xml
-- Installing: /home/jetpack/JetRacer/install/bus_msgs/lib/libbus_msgs__rosidl_generator_c.so
-- Set non-toolchain portion of runtime path of "/home/jetpack/JetRacer/install/bus_msgs/lib/libbus_msgs__rosidl_generator_c.so" to ""
-- Installing: /home/jetpack/JetRacer/install/bus_msgs/lib/libbus_msgs__rosidl_typesupport_fastrtps_c.so
-- Set non-toolchain portion of runtime path of "/home/jetpack/JetRacer/install/bus_msgs/lib/libbus_msgs__rosidl_typesupport_fastrtps_c.so" to ""
-- Installing: /home/jetpack/JetRacer/install/bus_msgs/lib/libbus_msgs__rosidl_typesupport_introspection_c.so
-- Set non-toolchain portion of runtime path of "/home/jetpack/JetRacer/install/bus_msgs/lib/libbus_msgs__rosidl_typesupport_introspection_c.so" to ""
-- Installing: /home/jetpack/JetRacer/install/bus_msgs/lib/libbus_msgs__rosidl_typesupport_c.so
-- Set non-toolchain portion of runtime path of "/home/jetpack/JetRacer/install/bus_msgs/lib/libbus_msgs__rosidl_typesupport_c.so" to ""
-- Installing: /home/jetpack/JetRacer/install/bus_msgs/lib/libbus_msgs__rosidl_typesupport_fastrtps_cpp.so
-- Set non-toolchain portion of runtime path of "/home/jetpack/JetRacer/install/bus_msgs/lib/libbus_msgs__rosidl_typesupport_fastrtps_cpp.so" to ""
-- Installing: /home/jetpack/JetRacer/install/bus_msgs/lib/libbus_msgs__rosidl_typesupport_introspection_cpp.so
-- Set non-toolchain portion of runtime path of "/home/jetpack/JetRacer/install/bus_msgs/lib/libbus_msgs__rosidl_typesupport_introspection_cpp.so" to ""
-- Installing: /home/jetpack/JetRacer/install/bus_msgs/lib/libbus_msgs__rosidl_typesupport_cpp.so
-- Set non-toolchain portion of runtime path of "/home/jetpack/JetRacer/install/bus_msgs/lib/libbus_msgs__rosidl_typesupport_cpp.so" to ""
Listing '/home/jetpack/JetRacer/install/bus_msgs/lib/python3.12/site-packages/bus_msgs'...
Compiling '/home/jetpack/JetRacer/install/bus_msgs/lib/python3.12/site-packages/bus_msgs/__init__.py'...
Listing '/home/jetpack/JetRacer/install/bus_msgs/lib/python3.12/site-packages/bus_msgs/msg'...
Compiling '/home/jetpack/JetRacer/install/bus_msgs/lib/python3.12/site-packages/bus_msgs/msg/__init__.py'...
Compiling '/home/jetpack/JetRacer/install/bus_msgs/lib/python3.12/site-packages/bus_msgs/msg/_can_frame.py'...
Listing '/home/jetpack/JetRacer/install/bus_msgs/lib/python3.12/site-packages/bus_msgs/srv'...
Compiling '/home/jetpack/JetRacer/install/bus_msgs/lib/python3.12/site-packages/bus_msgs/srv/__init__.py'...
Compiling '/home/jetpack/JetRacer/install/bus_msgs/lib/python3.12/site-packages/bus_msgs/srv/_can_service.py'...
Compiling '/home/jetpack/JetRacer/install/bus_msgs/lib/python3.12/site-packages/bus_msgs/srv/_i2c_service.py'...
-- Installing: /home/jetpack/JetRacer/install/bus_msgs/lib/libbus_msgs__rosidl_generator_py.so
-- Set non-toolchain portion of runtime path of "/home/jetpack/JetRacer/install/bus_msgs/lib/libbus_msgs__rosidl_generator_py.so" to ""
-- Installing: /home/jetpack/JetRacer/install/bus_msgs/share/bus_msgs/cmake/export_bus_msgs__rosidl_generator_cExport.cmake
-- Installing: /home/jetpack/JetRacer/install/bus_msgs/share/bus_msgs/cmake/export_bus_msgs__rosidl_generator_cExport-noconfig.cmake
-- Installing: /home/jetpack/JetRacer/install/bus_msgs/share/bus_msgs/cmake/export_bus_msgs__rosidl_typesupport_fastrtps_cExport.cmake
-- Installing: /home/jetpack/JetRacer/install/bus_msgs/share/bus_msgs/cmake/export_bus_msgs__rosidl_typesupport_fastrtps_cExport-noconfig.cmake
-- Installing: /home/jetpack/JetRacer/install/bus_msgs/share/bus_msgs/cmake/bus_msgs__rosidl_typesupport_introspection_cExport.cmake
-- Installing: /home/jetpack/JetRacer/install/bus_msgs/share/bus_msgs/cmake/bus_msgs__rosidl_typesupport_introspection_cExport-noconfig.cmake
-- Installing: /home/jetpack/JetRacer/install/bus_msgs/share/bus_msgs/cmake/bus_msgs__rosidl_typesupport_cExport.cmake
-- Installing: /home/jetpack/JetRacer/install/bus_msgs/share/bus_msgs/cmake/bus_msgs__rosidl_typesupport_cExport-noconfig.cmake
-- Installing: /home/jetpack/JetRacer/install/bus_msgs/share/bus_msgs/cmake/export_bus_msgs__rosidl_generator_cppExport.cmake
-- Installing: /home/jetpack/JetRacer/install/bus_msgs/share/bus_msgs/cmake/export_bus_msgs__rosidl_typesupport_fastrtps_cppExport.cmake
-- Installing: /home/jetpack/JetRacer/install/bus_msgs/share/bus_msgs/cmake/export_bus_msgs__rosidl_typesupport_fastrtps_cppExport-noconfig.cmake
-- Installing: /home/jetpack/JetRacer/install/bus_msgs/share/bus_msgs/cmake/bus_msgs__rosidl_typesupport_introspection_cppExport.cmake
-- Installing: /home/jetpack/JetRacer/install/bus_msgs/share/bus_msgs/cmake/bus_msgs__rosidl_typesupport_introspection_cppExport-noconfig.cmake
-- Installing: /home/jetpack/JetRacer/install/bus_msgs/share/bus_msgs/cmake/bus_msgs__rosidl_typesupport_cppExport.cmake
-- Installing: /home/jetpack/JetRacer/install/bus_msgs/share/bus_msgs/cmake/bus_msgs__rosidl_typesupport_cppExport-noconfig.cmake
-- Installing: /home/jetpack/JetRacer/install/bus_msgs/share/bus_msgs/cmake/export_bus_msgs__rosidl_generator_pyExport.cmake
-- Installing: /home/jetpack/JetRacer/install/bus_msgs/share/bus_msgs/cmake/export_bus_msgs__rosidl_generator_pyExport-noconfig.cmake
