[0.141s] DEBUG:colcon:Command line arguments: ['/usr/bin/colcon', 'build', '--symlink-install']
[0.141s] DEBUG:colcon:Parsed command line arguments: Namespace(log_base=None, log_level=None, verb_name='build', build_base='build', install_base='install', merge_install=False, symlink_install=True, test_result_base=None, continue_on_error=False, executor='parallel', parallel_workers=4, event_handlers=None, ignore_user_meta=False, metas=['./colcon.meta'], base_paths=['.'], packages_ignore=None, packages_ignore_regex=None, paths=None, packages_up_to=None, packages_up_to_regex=None, packages_above=None, packages_above_and_dependencies=None, packages_above_depth=None, packages_select_by_dep=None, packages_skip_by_dep=None, packages_skip_up_to=None, packages_select_build_failed=False, packages_skip_build_finished=False, packages_select_test_failures=False, packages_skip_test_passed=False, packages_select=None, packages_skip=None, packages_select_regex=None, packages_skip_regex=None, packages_start=None, packages_end=None, allow_overriding=[], cmake_args=None, cmake_target=None, cmake_target_skip_unavailable=False, cmake_clean_cache=False, cmake_clean_first=False, cmake_force_configure=False, ament_cmake_args=None, catkin_cmake_args=None, catkin_skip_building_tests=False, mixin_files=None, mixin=None, verb_parser=<colcon_mixin.mixin.mixin_argument.MixinArgumentDecorator object at 0xffff96e3b170>, verb_extension=<colcon_core.verb.build.BuildVerb object at 0xffff96ffbf80>, main=<bound method BuildVerb.main of <colcon_core.verb.build.BuildVerb object at 0xffff96ffbf80>>, mixin_verb=('build',))
[0.196s] Level 1:colcon.colcon_core.package_discovery:discover_packages(colcon_meta) check parameters
[0.196s] Level 1:colcon.colcon_core.package_discovery:discover_packages(recursive) check parameters
[0.196s] Level 1:colcon.colcon_core.package_discovery:discover_packages(ignore) check parameters
[0.197s] Level 1:colcon.colcon_core.package_discovery:discover_packages(path) check parameters
[0.197s] Level 1:colcon.colcon_core.package_discovery:discover_packages(colcon_meta) discover
[0.197s] Level 1:colcon.colcon_core.package_discovery:discover_packages(recursive) discover
[0.197s] INFO:colcon.colcon_core.package_discovery:Crawling recursively for packages in '/home/jetpack/piracer'
[0.197s] Level 1:colcon.colcon_core.package_identification:_identify(.) by extensions ['ignore', 'ignore_ament_install']
[0.197s] Level 1:colcon.colcon_core.package_identification:_identify(.) by extension 'ignore'
[0.197s] Level 1:colcon.colcon_core.package_identification:_identify(.) by extension 'ignore_ament_install'
[0.197s] Level 1:colcon.colcon_core.package_identification:_identify(.) by extensions ['colcon_pkg']
[0.197s] Level 1:colcon.colcon_core.package_identification:_identify(.) by extension 'colcon_pkg'
[0.197s] Level 1:colcon.colcon_core.package_identification:_identify(.) by extensions ['colcon_meta']
[0.197s] Level 1:colcon.colcon_core.package_identification:_identify(.) by extension 'colcon_meta'
[0.197s] Level 1:colcon.colcon_core.package_identification:_identify(.) by extensions ['ros']
[0.197s] Level 1:colcon.colcon_core.package_identification:_identify(.) by extension 'ros'
[0.234s] Level 1:colcon.colcon_core.package_identification:_identify(.) by extensions ['cmake', 'python']
[0.234s] Level 1:colcon.colcon_core.package_identification:_identify(.) by extension 'cmake'
[0.234s] Level 1:colcon.colcon_core.package_identification:_identify(.) by extension 'python'
[0.234s] Level 1:colcon.colcon_core.package_identification:_identify(.) by extensions ['python_setup_py']
[0.234s] Level 1:colcon.colcon_core.package_identification:_identify(.) by extension 'python_setup_py'
[0.234s] Level 1:colcon.colcon_core.package_identification:_identify(build) by extensions ['ignore', 'ignore_ament_install']
[0.235s] Level 1:colcon.colcon_core.package_identification:_identify(build) by extension 'ignore'
[0.235s] Level 1:colcon.colcon_core.package_identification:_identify(build) ignored
[0.235s] Level 1:colcon.colcon_core.package_identification:_identify(install) by extensions ['ignore', 'ignore_ament_install']
[0.235s] Level 1:colcon.colcon_core.package_identification:_identify(install) by extension 'ignore'
[0.235s] Level 1:colcon.colcon_core.package_identification:_identify(install) ignored
[0.235s] Level 1:colcon.colcon_core.package_identification:_identify(log) by extensions ['ignore', 'ignore_ament_install']
[0.235s] Level 1:colcon.colcon_core.package_identification:_identify(log) by extension 'ignore'
[0.235s] Level 1:colcon.colcon_core.package_identification:_identify(log) ignored
[0.235s] Level 1:colcon.colcon_core.package_identification:_identify(src) by extensions ['ignore', 'ignore_ament_install']
[0.235s] Level 1:colcon.colcon_core.package_identification:_identify(src) by extension 'ignore'
[0.235s] Level 1:colcon.colcon_core.package_identification:_identify(src) by extension 'ignore_ament_install'
[0.236s] Level 1:colcon.colcon_core.package_identification:_identify(src) by extensions ['colcon_pkg']
[0.236s] Level 1:colcon.colcon_core.package_identification:_identify(src) by extension 'colcon_pkg'
[0.236s] Level 1:colcon.colcon_core.package_identification:_identify(src) by extensions ['colcon_meta']
[0.236s] Level 1:colcon.colcon_core.package_identification:_identify(src) by extension 'colcon_meta'
[0.236s] Level 1:colcon.colcon_core.package_identification:_identify(src) by extensions ['ros']
[0.236s] Level 1:colcon.colcon_core.package_identification:_identify(src) by extension 'ros'
[0.236s] Level 1:colcon.colcon_core.package_identification:_identify(src) by extensions ['cmake', 'python']
[0.236s] Level 1:colcon.colcon_core.package_identification:_identify(src) by extension 'cmake'
[0.236s] Level 1:colcon.colcon_core.package_identification:_identify(src) by extension 'python'
[0.236s] Level 1:colcon.colcon_core.package_identification:_identify(src) by extensions ['python_setup_py']
[0.236s] Level 1:colcon.colcon_core.package_identification:_identify(src) by extension 'python_setup_py'
[0.236s] Level 1:colcon.colcon_core.package_identification:_identify(src/bus_interfaces) by extensions ['ignore', 'ignore_ament_install']
[0.236s] Level 1:colcon.colcon_core.package_identification:_identify(src/bus_interfaces) by extension 'ignore'
[0.236s] Level 1:colcon.colcon_core.package_identification:_identify(src/bus_interfaces) by extension 'ignore_ament_install'
[0.236s] Level 1:colcon.colcon_core.package_identification:_identify(src/bus_interfaces) by extensions ['colcon_pkg']
[0.236s] Level 1:colcon.colcon_core.package_identification:_identify(src/bus_interfaces) by extension 'colcon_pkg'
[0.236s] Level 1:colcon.colcon_core.package_identification:_identify(src/bus_interfaces) by extensions ['colcon_meta']
[0.236s] Level 1:colcon.colcon_core.package_identification:_identify(src/bus_interfaces) by extension 'colcon_meta'
[0.236s] Level 1:colcon.colcon_core.package_identification:_identify(src/bus_interfaces) by extensions ['ros']
[0.236s] Level 1:colcon.colcon_core.package_identification:_identify(src/bus_interfaces) by extension 'ros'
[0.236s] Level 1:colcon.colcon_core.package_identification:_identify(src/bus_interfaces) by extensions ['cmake', 'python']
[0.236s] Level 1:colcon.colcon_core.package_identification:_identify(src/bus_interfaces) by extension 'cmake'
[0.237s] Level 1:colcon.colcon_core.package_identification:_identify(src/bus_interfaces) by extension 'python'
[0.237s] Level 1:colcon.colcon_core.package_identification:_identify(src/bus_interfaces) by extensions ['python_setup_py']
[0.237s] Level 1:colcon.colcon_core.package_identification:_identify(src/bus_interfaces) by extension 'python_setup_py'
[0.237s] Level 1:colcon.colcon_core.package_identification:_identify(src/bus_interfaces/bus_msgs) by extensions ['ignore', 'ignore_ament_install']
[0.237s] Level 1:colcon.colcon_core.package_identification:_identify(src/bus_interfaces/bus_msgs) by extension 'ignore'
[0.237s] Level 1:colcon.colcon_core.package_identification:_identify(src/bus_interfaces/bus_msgs) by extension 'ignore_ament_install'
[0.237s] Level 1:colcon.colcon_core.package_identification:_identify(src/bus_interfaces/bus_msgs) by extensions ['colcon_pkg']
[0.237s] Level 1:colcon.colcon_core.package_identification:_identify(src/bus_interfaces/bus_msgs) by extension 'colcon_pkg'
[0.237s] Level 1:colcon.colcon_core.package_identification:_identify(src/bus_interfaces/bus_msgs) by extensions ['colcon_meta']
[0.237s] Level 1:colcon.colcon_core.package_identification:_identify(src/bus_interfaces/bus_msgs) by extension 'colcon_meta'
[0.237s] Level 1:colcon.colcon_core.package_identification:_identify(src/bus_interfaces/bus_msgs) by extensions ['ros']
[0.237s] Level 1:colcon.colcon_core.package_identification:_identify(src/bus_interfaces/bus_msgs) by extension 'ros'
[0.240s] DEBUG:colcon.colcon_core.package_identification:Package 'src/bus_interfaces/bus_msgs' with type 'ros.ament_cmake' and name 'bus_msgs'
[0.240s] Level 1:colcon.colcon_core.package_identification:_identify(src/bus_interfaces/can_interface) by extensions ['ignore', 'ignore_ament_install']
[0.240s] Level 1:colcon.colcon_core.package_identification:_identify(src/bus_interfaces/can_interface) by extension 'ignore'
[0.240s] Level 1:colcon.colcon_core.package_identification:_identify(src/bus_interfaces/can_interface) by extension 'ignore_ament_install'
[0.240s] Level 1:colcon.colcon_core.package_identification:_identify(src/bus_interfaces/can_interface) by extensions ['colcon_pkg']
[0.240s] Level 1:colcon.colcon_core.package_identification:_identify(src/bus_interfaces/can_interface) by extension 'colcon_pkg'
[0.241s] Level 1:colcon.colcon_core.package_identification:_identify(src/bus_interfaces/can_interface) by extensions ['colcon_meta']
[0.241s] Level 1:colcon.colcon_core.package_identification:_identify(src/bus_interfaces/can_interface) by extension 'colcon_meta'
[0.241s] Level 1:colcon.colcon_core.package_identification:_identify(src/bus_interfaces/can_interface) by extensions ['ros']
[0.241s] Level 1:colcon.colcon_core.package_identification:_identify(src/bus_interfaces/can_interface) by extension 'ros'
[0.241s] DEBUG:colcon.colcon_core.package_identification:Package 'src/bus_interfaces/can_interface' with type 'ros.ament_cmake' and name 'can_interface'
[0.241s] Level 1:colcon.colcon_core.package_identification:_identify(src/peripherals) by extensions ['ignore', 'ignore_ament_install']
[0.242s] Level 1:colcon.colcon_core.package_identification:_identify(src/peripherals) by extension 'ignore'
[0.242s] Level 1:colcon.colcon_core.package_identification:_identify(src/peripherals) by extension 'ignore_ament_install'
[0.242s] Level 1:colcon.colcon_core.package_identification:_identify(src/peripherals) by extensions ['colcon_pkg']
[0.242s] Level 1:colcon.colcon_core.package_identification:_identify(src/peripherals) by extension 'colcon_pkg'
[0.242s] Level 1:colcon.colcon_core.package_identification:_identify(src/peripherals) by extensions ['colcon_meta']
[0.242s] Level 1:colcon.colcon_core.package_identification:_identify(src/peripherals) by extension 'colcon_meta'
[0.242s] Level 1:colcon.colcon_core.package_identification:_identify(src/peripherals) by extensions ['ros']
[0.242s] Level 1:colcon.colcon_core.package_identification:_identify(src/peripherals) by extension 'ros'
[0.242s] Level 1:colcon.colcon_core.package_identification:_identify(src/peripherals) by extensions ['cmake', 'python']
[0.242s] Level 1:colcon.colcon_core.package_identification:_identify(src/peripherals) by extension 'cmake'
[0.242s] Level 1:colcon.colcon_core.package_identification:_identify(src/peripherals) by extension 'python'
[0.242s] Level 1:colcon.colcon_core.package_identification:_identify(src/peripherals) by extensions ['python_setup_py']
[0.242s] Level 1:colcon.colcon_core.package_identification:_identify(src/peripherals) by extension 'python_setup_py'
[0.242s] Level 1:colcon.colcon_core.package_identification:_identify(src/peripherals/oled_service) by extensions ['ignore', 'ignore_ament_install']
[0.242s] Level 1:colcon.colcon_core.package_identification:_identify(src/peripherals/oled_service) by extension 'ignore'
[0.242s] Level 1:colcon.colcon_core.package_identification:_identify(src/peripherals/oled_service) by extension 'ignore_ament_install'
[0.242s] Level 1:colcon.colcon_core.package_identification:_identify(src/peripherals/oled_service) by extensions ['colcon_pkg']
[0.242s] Level 1:colcon.colcon_core.package_identification:_identify(src/peripherals/oled_service) by extension 'colcon_pkg'
[0.242s] Level 1:colcon.colcon_core.package_identification:_identify(src/peripherals/oled_service) by extensions ['colcon_meta']
[0.242s] Level 1:colcon.colcon_core.package_identification:_identify(src/peripherals/oled_service) by extension 'colcon_meta'
[0.242s] Level 1:colcon.colcon_core.package_identification:_identify(src/peripherals/oled_service) by extensions ['ros']
[0.243s] Level 1:colcon.colcon_core.package_identification:_identify(src/peripherals/oled_service) by extension 'ros'
[0.243s] DEBUG:colcon.colcon_core.package_identification:Package 'src/peripherals/oled_service' with type 'ros.ament_cmake' and name 'oled_service'
[0.243s] Level 1:colcon.colcon_core.package_discovery:discover_packages(recursive) using defaults
[0.243s] Level 1:colcon.colcon_core.package_discovery:discover_packages(ignore) discover
[0.243s] Level 1:colcon.colcon_core.package_discovery:discover_packages(ignore) using defaults
[0.243s] Level 1:colcon.colcon_core.package_discovery:discover_packages(path) discover
[0.243s] Level 1:colcon.colcon_core.package_discovery:discover_packages(path) using defaults
[0.266s] Level 1:colcon.colcon_core.package_discovery:discover_packages(prefix_path) check parameters
[0.267s] Level 1:colcon.colcon_core.package_discovery:discover_packages(prefix_path) discover
[0.269s] DEBUG:colcon.colcon_installed_package_information.package_discovery:Found 3 installed packages in /home/jetpack/piracer/install
[0.271s] DEBUG:colcon.colcon_installed_package_information.package_discovery:Found 285 installed packages in /opt/ros/jazzy
[0.272s] Level 1:colcon.colcon_core.package_discovery:discover_packages(prefix_path) using defaults
[0.330s] Level 5:colcon.colcon_core.verb:set package 'bus_msgs' build argument 'cmake_args' from command line to 'None'
[0.330s] Level 5:colcon.colcon_core.verb:set package 'bus_msgs' build argument 'cmake_target' from command line to 'None'
[0.330s] Level 5:colcon.colcon_core.verb:set package 'bus_msgs' build argument 'cmake_target_skip_unavailable' from command line to 'False'
[0.330s] Level 5:colcon.colcon_core.verb:set package 'bus_msgs' build argument 'cmake_clean_cache' from command line to 'False'
[0.330s] Level 5:colcon.colcon_core.verb:set package 'bus_msgs' build argument 'cmake_clean_first' from command line to 'False'
[0.330s] Level 5:colcon.colcon_core.verb:set package 'bus_msgs' build argument 'cmake_force_configure' from command line to 'False'
[0.330s] Level 5:colcon.colcon_core.verb:set package 'bus_msgs' build argument 'ament_cmake_args' from command line to 'None'
[0.330s] Level 5:colcon.colcon_core.verb:set package 'bus_msgs' build argument 'catkin_cmake_args' from command line to 'None'
[0.330s] Level 5:colcon.colcon_core.verb:set package 'bus_msgs' build argument 'catkin_skip_building_tests' from command line to 'False'
[0.330s] DEBUG:colcon.colcon_core.verb:Building package 'bus_msgs' with the following arguments: {'ament_cmake_args': None, 'build_base': '/home/jetpack/piracer/build/bus_msgs', 'catkin_cmake_args': None, 'catkin_skip_building_tests': False, 'cmake_args': None, 'cmake_clean_cache': False, 'cmake_clean_first': False, 'cmake_force_configure': False, 'cmake_target': None, 'cmake_target_skip_unavailable': False, 'install_base': '/home/jetpack/piracer/install/bus_msgs', 'merge_install': False, 'path': '/home/jetpack/piracer/src/bus_interfaces/bus_msgs', 'symlink_install': True, 'test_result_base': None}
[0.331s] Level 5:colcon.colcon_core.verb:set package 'oled_service' build argument 'cmake_args' from command line to 'None'
[0.331s] Level 5:colcon.colcon_core.verb:set package 'oled_service' build argument 'cmake_target' from command line to 'None'
[0.331s] Level 5:colcon.colcon_core.verb:set package 'oled_service' build argument 'cmake_target_skip_unavailable' from command line to 'False'
[0.331s] Level 5:colcon.colcon_core.verb:set package 'oled_service' build argument 'cmake_clean_cache' from command line to 'False'
[0.331s] Level 5:colcon.colcon_core.verb:set package 'oled_service' build argument 'cmake_clean_first' from command line to 'False'
[0.331s] Level 5:colcon.colcon_core.verb:set package 'oled_service' build argument 'cmake_force_configure' from command line to 'False'
[0.331s] Level 5:colcon.colcon_core.verb:set package 'oled_service' build argument 'ament_cmake_args' from command line to 'None'
[0.331s] Level 5:colcon.colcon_core.verb:set package 'oled_service' build argument 'catkin_cmake_args' from command line to 'None'
[0.331s] Level 5:colcon.colcon_core.verb:set package 'oled_service' build argument 'catkin_skip_building_tests' from command line to 'False'
[0.331s] DEBUG:colcon.colcon_core.verb:Building package 'oled_service' with the following arguments: {'ament_cmake_args': None, 'build_base': '/home/jetpack/piracer/build/oled_service', 'catkin_cmake_args': None, 'catkin_skip_building_tests': False, 'cmake_args': None, 'cmake_clean_cache': False, 'cmake_clean_first': False, 'cmake_force_configure': False, 'cmake_target': None, 'cmake_target_skip_unavailable': False, 'install_base': '/home/jetpack/piracer/install/oled_service', 'merge_install': False, 'path': '/home/jetpack/piracer/src/peripherals/oled_service', 'symlink_install': True, 'test_result_base': None}
[0.331s] Level 5:colcon.colcon_core.verb:set package 'can_interface' build argument 'cmake_args' from command line to 'None'
[0.331s] Level 5:colcon.colcon_core.verb:set package 'can_interface' build argument 'cmake_target' from command line to 'None'
[0.331s] Level 5:colcon.colcon_core.verb:set package 'can_interface' build argument 'cmake_target_skip_unavailable' from command line to 'False'
[0.331s] Level 5:colcon.colcon_core.verb:set package 'can_interface' build argument 'cmake_clean_cache' from command line to 'False'
[0.331s] Level 5:colcon.colcon_core.verb:set package 'can_interface' build argument 'cmake_clean_first' from command line to 'False'
[0.331s] Level 5:colcon.colcon_core.verb:set package 'can_interface' build argument 'cmake_force_configure' from command line to 'False'
[0.332s] Level 5:colcon.colcon_core.verb:set package 'can_interface' build argument 'ament_cmake_args' from command line to 'None'
[0.332s] Level 5:colcon.colcon_core.verb:set package 'can_interface' build argument 'catkin_cmake_args' from command line to 'None'
[0.332s] Level 5:colcon.colcon_core.verb:set package 'can_interface' build argument 'catkin_skip_building_tests' from command line to 'False'
[0.332s] DEBUG:colcon.colcon_core.verb:Building package 'can_interface' with the following arguments: {'ament_cmake_args': None, 'build_base': '/home/jetpack/piracer/build/can_interface', 'catkin_cmake_args': None, 'catkin_skip_building_tests': False, 'cmake_args': None, 'cmake_clean_cache': False, 'cmake_clean_first': False, 'cmake_force_configure': False, 'cmake_target': None, 'cmake_target_skip_unavailable': False, 'install_base': '/home/jetpack/piracer/install/can_interface', 'merge_install': False, 'path': '/home/jetpack/piracer/src/bus_interfaces/can_interface', 'symlink_install': True, 'test_result_base': None}
[0.332s] INFO:colcon.colcon_core.executor:Executing jobs using 'parallel' executor
[0.333s] DEBUG:colcon.colcon_parallel_executor.executor.parallel:run_until_complete
[0.333s] INFO:colcon.colcon_ros.task.ament_cmake.build:Building ROS package in '/home/jetpack/piracer/src/bus_interfaces/bus_msgs' with build type 'ament_cmake'
[0.333s] INFO:colcon.colcon_cmake.task.cmake.build:Building CMake package in '/home/jetpack/piracer/src/bus_interfaces/bus_msgs'
[0.336s] INFO:colcon.colcon_core.plugin_system:Skipping extension 'colcon_core.shell.bat': Not used on non-Windows systems
[0.336s] INFO:colcon.colcon_core.shell:Skip shell extension 'powershell' for command environment: Not usable outside of PowerShell
[0.336s] DEBUG:colcon.colcon_core.shell:Skip shell extension 'dsv' for command environment
[0.381s] INFO:colcon.colcon_ros.task.ament_cmake.build:Building ROS package in '/home/jetpack/piracer/src/peripherals/oled_service' with build type 'ament_cmake'
[0.382s] INFO:colcon.colcon_cmake.task.cmake.build:Building CMake package in '/home/jetpack/piracer/src/peripherals/oled_service'
[0.382s] INFO:colcon.colcon_core.shell:Skip shell extension 'powershell' for command environment: Not usable outside of PowerShell
[0.382s] DEBUG:colcon.colcon_core.shell:Skip shell extension 'dsv' for command environment
[0.392s] DEBUG:colcon.colcon_core.event_handler.log_command:Invoking command in '/home/jetpack/piracer/build/bus_msgs': CMAKE_PREFIX_PATH=${CMAKE_PREFIX_PATH}:/opt/ros/jazzy /usr/bin/cmake --build /home/jetpack/piracer/build/bus_msgs -- -j4 -l4
[0.398s] DEBUG:colcon.colcon_core.event_handler.log_command:Invoking command in '/home/jetpack/piracer/build/oled_service': CMAKE_PREFIX_PATH=${CMAKE_PREFIX_PATH}:/opt/ros/jazzy /usr/bin/cmake --build /home/jetpack/piracer/build/oled_service -- -j4 -l4
[0.522s] DEBUG:colcon.colcon_core.event_handler.log_command:Invoked command in '/home/jetpack/piracer/build/oled_service' returned '0': CMAKE_PREFIX_PATH=${CMAKE_PREFIX_PATH}:/opt/ros/jazzy /usr/bin/cmake --build /home/jetpack/piracer/build/oled_service -- -j4 -l4
[0.625s] DEBUG:colcon.colcon_core.event_handler.log_command:Invoking command in '/home/jetpack/piracer/build/oled_service': CMAKE_PREFIX_PATH=${CMAKE_PREFIX_PATH}:/opt/ros/jazzy /usr/bin/cmake --install /home/jetpack/piracer/build/oled_service
[0.671s] Level 1:colcon.colcon_core.environment:create_environment_scripts_only(oled_service)
[0.672s] DEBUG:colcon.colcon_core.event_handler.log_command:Invoked command in '/home/jetpack/piracer/build/oled_service' returned '0': CMAKE_PREFIX_PATH=${CMAKE_PREFIX_PATH}:/opt/ros/jazzy /usr/bin/cmake --install /home/jetpack/piracer/build/oled_service
[0.675s] Level 1:colcon.colcon_core.environment:checking '/home/jetpack/piracer/install/oled_service' for CMake module files
[0.675s] Level 1:colcon.colcon_core.environment:checking '/home/jetpack/piracer/install/oled_service' for CMake config files
[0.676s] Level 1:colcon.colcon_core.shell:create_environment_hook('oled_service', 'cmake_prefix_path')
[0.676s] INFO:colcon.colcon_core.shell:Creating environment hook '/home/jetpack/piracer/install/oled_service/share/oled_service/hook/cmake_prefix_path.ps1'
[0.677s] INFO:colcon.colcon_core.shell:Creating environment descriptor '/home/jetpack/piracer/install/oled_service/share/oled_service/hook/cmake_prefix_path.dsv'
[0.678s] INFO:colcon.colcon_core.shell:Creating environment hook '/home/jetpack/piracer/install/oled_service/share/oled_service/hook/cmake_prefix_path.sh'
[0.681s] Level 1:colcon.colcon_core.environment:checking '/home/jetpack/piracer/install/oled_service/lib'
[0.681s] Level 1:colcon.colcon_core.environment:checking '/home/jetpack/piracer/install/oled_service/bin'
[0.681s] Level 1:colcon.colcon_core.environment:checking '/home/jetpack/piracer/install/oled_service/lib/pkgconfig/oled_service.pc'
[0.681s] Level 1:colcon.colcon_core.environment:checking '/home/jetpack/piracer/install/oled_service/lib/python3.12/site-packages'
[0.682s] Level 1:colcon.colcon_core.environment:checking '/home/jetpack/piracer/install/oled_service/bin'
[0.682s] INFO:colcon.colcon_core.shell:Creating package script '/home/jetpack/piracer/install/oled_service/share/oled_service/package.ps1'
[0.684s] INFO:colcon.colcon_core.shell:Creating package descriptor '/home/jetpack/piracer/install/oled_service/share/oled_service/package.dsv'
[0.684s] INFO:colcon.colcon_core.shell:Creating package script '/home/jetpack/piracer/install/oled_service/share/oled_service/package.sh'
[0.685s] INFO:colcon.colcon_core.shell:Creating package script '/home/jetpack/piracer/install/oled_service/share/oled_service/package.bash'
[0.687s] INFO:colcon.colcon_core.shell:Creating package script '/home/jetpack/piracer/install/oled_service/share/oled_service/package.zsh'
[0.688s] Level 1:colcon.colcon_core.environment:create_file_with_runtime_dependencies(/home/jetpack/piracer/install/oled_service/share/colcon-core/packages/oled_service)
[0.739s] Level 1:colcon.colcon_core.environment:create_environment_scripts_only(oled_service)
[0.739s] Level 1:colcon.colcon_core.environment:checking '/home/jetpack/piracer/install/oled_service' for CMake module files
[0.740s] Level 1:colcon.colcon_core.environment:checking '/home/jetpack/piracer/install/oled_service' for CMake config files
[0.741s] Level 1:colcon.colcon_core.shell:create_environment_hook('oled_service', 'cmake_prefix_path')
[0.741s] INFO:colcon.colcon_core.shell:Creating environment hook '/home/jetpack/piracer/install/oled_service/share/oled_service/hook/cmake_prefix_path.ps1'
[0.742s] INFO:colcon.colcon_core.shell:Creating environment descriptor '/home/jetpack/piracer/install/oled_service/share/oled_service/hook/cmake_prefix_path.dsv'
[0.743s] INFO:colcon.colcon_core.shell:Creating environment hook '/home/jetpack/piracer/install/oled_service/share/oled_service/hook/cmake_prefix_path.sh'
[0.744s] Level 1:colcon.colcon_core.environment:checking '/home/jetpack/piracer/install/oled_service/lib'
[0.744s] Level 1:colcon.colcon_core.environment:checking '/home/jetpack/piracer/install/oled_service/bin'
[0.744s] Level 1:colcon.colcon_core.environment:checking '/home/jetpack/piracer/install/oled_service/lib/pkgconfig/oled_service.pc'
[0.745s] Level 1:colcon.colcon_core.environment:checking '/home/jetpack/piracer/install/oled_service/lib/python3.12/site-packages'
[0.745s] Level 1:colcon.colcon_core.environment:checking '/home/jetpack/piracer/install/oled_service/bin'
[0.745s] INFO:colcon.colcon_core.shell:Creating package script '/home/jetpack/piracer/install/oled_service/share/oled_service/package.ps1'
[0.746s] INFO:colcon.colcon_core.shell:Creating package descriptor '/home/jetpack/piracer/install/oled_service/share/oled_service/package.dsv'
[0.747s] INFO:colcon.colcon_core.shell:Creating package script '/home/jetpack/piracer/install/oled_service/share/oled_service/package.sh'
[0.747s] INFO:colcon.colcon_core.shell:Creating package script '/home/jetpack/piracer/install/oled_service/share/oled_service/package.bash'
[0.748s] INFO:colcon.colcon_core.shell:Creating package script '/home/jetpack/piracer/install/oled_service/share/oled_service/package.zsh'
[0.749s] Level 1:colcon.colcon_core.environment:create_file_with_runtime_dependencies(/home/jetpack/piracer/install/oled_service/share/colcon-core/packages/oled_service)
[1.049s] DEBUG:colcon.colcon_core.event_handler.log_command:Invoked command in '/home/jetpack/piracer/build/bus_msgs' returned '0': CMAKE_PREFIX_PATH=${CMAKE_PREFIX_PATH}:/opt/ros/jazzy /usr/bin/cmake --build /home/jetpack/piracer/build/bus_msgs -- -j4 -l4
[1.140s] DEBUG:colcon.colcon_core.event_handler.log_command:Invoking command in '/home/jetpack/piracer/build/bus_msgs': CMAKE_PREFIX_PATH=${CMAKE_PREFIX_PATH}:/opt/ros/jazzy /usr/bin/cmake --install /home/jetpack/piracer/build/bus_msgs
[1.255s] Level 1:colcon.colcon_core.environment:create_environment_scripts_only(bus_msgs)
[1.255s] Level 1:colcon.colcon_core.environment:checking '/home/jetpack/piracer/install/bus_msgs' for CMake module files
[1.256s] DEBUG:colcon.colcon_core.event_handler.log_command:Invoked command in '/home/jetpack/piracer/build/bus_msgs' returned '0': CMAKE_PREFIX_PATH=${CMAKE_PREFIX_PATH}:/opt/ros/jazzy /usr/bin/cmake --install /home/jetpack/piracer/build/bus_msgs
[1.256s] Level 1:colcon.colcon_core.environment:checking '/home/jetpack/piracer/install/bus_msgs' for CMake config files
[1.257s] Level 1:colcon.colcon_core.shell:create_environment_hook('bus_msgs', 'cmake_prefix_path')
[1.257s] INFO:colcon.colcon_core.shell:Creating environment hook '/home/jetpack/piracer/install/bus_msgs/share/bus_msgs/hook/cmake_prefix_path.ps1'
[1.258s] INFO:colcon.colcon_core.shell:Creating environment descriptor '/home/jetpack/piracer/install/bus_msgs/share/bus_msgs/hook/cmake_prefix_path.dsv'
[1.259s] INFO:colcon.colcon_core.shell:Creating environment hook '/home/jetpack/piracer/install/bus_msgs/share/bus_msgs/hook/cmake_prefix_path.sh'
[1.260s] Level 1:colcon.colcon_core.environment:checking '/home/jetpack/piracer/install/bus_msgs/lib'
[1.260s] Level 1:colcon.colcon_core.shell:create_environment_hook('bus_msgs', 'ld_library_path_lib')
[1.261s] INFO:colcon.colcon_core.shell:Creating environment hook '/home/jetpack/piracer/install/bus_msgs/share/bus_msgs/hook/ld_library_path_lib.ps1'
[1.261s] INFO:colcon.colcon_core.shell:Creating environment descriptor '/home/jetpack/piracer/install/bus_msgs/share/bus_msgs/hook/ld_library_path_lib.dsv'
[1.262s] INFO:colcon.colcon_core.shell:Creating environment hook '/home/jetpack/piracer/install/bus_msgs/share/bus_msgs/hook/ld_library_path_lib.sh'
[1.262s] Level 1:colcon.colcon_core.environment:checking '/home/jetpack/piracer/install/bus_msgs/bin'
[1.262s] Level 1:colcon.colcon_core.environment:checking '/home/jetpack/piracer/install/bus_msgs/lib/pkgconfig/bus_msgs.pc'
[1.263s] Level 1:colcon.colcon_core.environment:checking '/home/jetpack/piracer/install/bus_msgs/lib/python3.12/site-packages'
[1.263s] Level 1:colcon.colcon_core.shell:create_environment_hook('bus_msgs', 'pythonpath')
[1.263s] INFO:colcon.colcon_core.shell:Creating environment hook '/home/jetpack/piracer/install/bus_msgs/share/bus_msgs/hook/pythonpath.ps1'
[1.264s] INFO:colcon.colcon_core.shell:Creating environment descriptor '/home/jetpack/piracer/install/bus_msgs/share/bus_msgs/hook/pythonpath.dsv'
[1.265s] INFO:colcon.colcon_core.shell:Creating environment hook '/home/jetpack/piracer/install/bus_msgs/share/bus_msgs/hook/pythonpath.sh'
[1.266s] Level 1:colcon.colcon_core.environment:checking '/home/jetpack/piracer/install/bus_msgs/bin'
[1.266s] INFO:colcon.colcon_core.shell:Creating package script '/home/jetpack/piracer/install/bus_msgs/share/bus_msgs/package.ps1'
[1.267s] INFO:colcon.colcon_core.shell:Creating package descriptor '/home/jetpack/piracer/install/bus_msgs/share/bus_msgs/package.dsv'
[1.267s] INFO:colcon.colcon_core.shell:Creating package script '/home/jetpack/piracer/install/bus_msgs/share/bus_msgs/package.sh'
[1.268s] INFO:colcon.colcon_core.shell:Creating package script '/home/jetpack/piracer/install/bus_msgs/share/bus_msgs/package.bash'
[1.269s] INFO:colcon.colcon_core.shell:Creating package script '/home/jetpack/piracer/install/bus_msgs/share/bus_msgs/package.zsh'
[1.269s] Level 1:colcon.colcon_core.environment:create_file_with_runtime_dependencies(/home/jetpack/piracer/install/bus_msgs/share/colcon-core/packages/bus_msgs)
[1.360s] Level 1:colcon.colcon_core.environment:create_environment_scripts_only(bus_msgs)
[1.361s] Level 1:colcon.colcon_core.environment:checking '/home/jetpack/piracer/install/bus_msgs' for CMake module files
[1.362s] Level 1:colcon.colcon_core.environment:checking '/home/jetpack/piracer/install/bus_msgs' for CMake config files
[1.363s] Level 1:colcon.colcon_core.shell:create_environment_hook('bus_msgs', 'cmake_prefix_path')
[1.363s] INFO:colcon.colcon_core.shell:Creating environment hook '/home/jetpack/piracer/install/bus_msgs/share/bus_msgs/hook/cmake_prefix_path.ps1'
[1.364s] INFO:colcon.colcon_core.shell:Creating environment descriptor '/home/jetpack/piracer/install/bus_msgs/share/bus_msgs/hook/cmake_prefix_path.dsv'
[1.364s] INFO:colcon.colcon_core.shell:Creating environment hook '/home/jetpack/piracer/install/bus_msgs/share/bus_msgs/hook/cmake_prefix_path.sh'
[1.366s] Level 1:colcon.colcon_core.environment:checking '/home/jetpack/piracer/install/bus_msgs/lib'
[1.366s] Level 1:colcon.colcon_core.shell:create_environment_hook('bus_msgs', 'ld_library_path_lib')
[1.366s] INFO:colcon.colcon_core.shell:Creating environment hook '/home/jetpack/piracer/install/bus_msgs/share/bus_msgs/hook/ld_library_path_lib.ps1'
[1.366s] INFO:colcon.colcon_core.shell:Creating environment descriptor '/home/jetpack/piracer/install/bus_msgs/share/bus_msgs/hook/ld_library_path_lib.dsv'
[1.367s] INFO:colcon.colcon_core.shell:Creating environment hook '/home/jetpack/piracer/install/bus_msgs/share/bus_msgs/hook/ld_library_path_lib.sh'
[1.368s] Level 1:colcon.colcon_core.environment:checking '/home/jetpack/piracer/install/bus_msgs/bin'
[1.368s] Level 1:colcon.colcon_core.environment:checking '/home/jetpack/piracer/install/bus_msgs/lib/pkgconfig/bus_msgs.pc'
[1.369s] Level 1:colcon.colcon_core.environment:checking '/home/jetpack/piracer/install/bus_msgs/lib/python3.12/site-packages'
[1.369s] Level 1:colcon.colcon_core.shell:create_environment_hook('bus_msgs', 'pythonpath')
[1.369s] INFO:colcon.colcon_core.shell:Creating environment hook '/home/jetpack/piracer/install/bus_msgs/share/bus_msgs/hook/pythonpath.ps1'
[1.370s] INFO:colcon.colcon_core.shell:Creating environment descriptor '/home/jetpack/piracer/install/bus_msgs/share/bus_msgs/hook/pythonpath.dsv'
[1.370s] INFO:colcon.colcon_core.shell:Creating environment hook '/home/jetpack/piracer/install/bus_msgs/share/bus_msgs/hook/pythonpath.sh'
[1.371s] Level 1:colcon.colcon_core.environment:checking '/home/jetpack/piracer/install/bus_msgs/bin'
[1.372s] INFO:colcon.colcon_core.shell:Creating package script '/home/jetpack/piracer/install/bus_msgs/share/bus_msgs/package.ps1'
[1.372s] INFO:colcon.colcon_core.shell:Creating package descriptor '/home/jetpack/piracer/install/bus_msgs/share/bus_msgs/package.dsv'
[1.373s] INFO:colcon.colcon_core.shell:Creating package script '/home/jetpack/piracer/install/bus_msgs/share/bus_msgs/package.sh'
[1.374s] INFO:colcon.colcon_core.shell:Creating package script '/home/jetpack/piracer/install/bus_msgs/share/bus_msgs/package.bash'
[1.375s] INFO:colcon.colcon_core.shell:Creating package script '/home/jetpack/piracer/install/bus_msgs/share/bus_msgs/package.zsh'
[1.376s] Level 1:colcon.colcon_core.environment:create_file_with_runtime_dependencies(/home/jetpack/piracer/install/bus_msgs/share/colcon-core/packages/bus_msgs)
[1.376s] INFO:colcon.colcon_ros.task.ament_cmake.build:Building ROS package in '/home/jetpack/piracer/src/bus_interfaces/can_interface' with build type 'ament_cmake'
[1.376s] INFO:colcon.colcon_cmake.task.cmake.build:Building CMake package in '/home/jetpack/piracer/src/bus_interfaces/can_interface'
[1.377s] INFO:colcon.colcon_core.shell:Skip shell extension 'powershell' for command environment: Not usable outside of PowerShell
[1.377s] DEBUG:colcon.colcon_core.shell:Skip shell extension 'dsv' for command environment
[1.392s] DEBUG:colcon.colcon_core.event_handler.log_command:Invoking command in '/home/jetpack/piracer/build/can_interface': CMAKE_PREFIX_PATH=/home/jetpack/piracer/install/bus_msgs:/home/jetpack/piracer/install/oled_service:/home/jetpack/piracer/install/can_interface:/opt/ros/jazzy/opt/gz_math_vendor:/opt/ros/jazzy/opt/gz_utils_vendor:/opt/ros/jazzy/opt/gz_cmake_vendor:/opt/ros/jazzy LD_LIBRARY_PATH=/home/jetpack/piracer/install/bus_msgs/lib:/home/jetpack/piracer/install/can_interface/lib:/opt/ros/jazzy/opt/rviz_ogre_vendor/lib:/opt/ros/jazzy/lib/aarch64-linux-gnu:/opt/ros/jazzy/opt/gz_math_vendor/lib:/opt/ros/jazzy/opt/gz_utils_vendor/lib:/opt/ros/jazzy/opt/gz_cmake_vendor/lib:/opt/ros/jazzy/lib /usr/bin/cmake --build /home/jetpack/piracer/build/can_interface -- -j4 -l4
[9.090s] DEBUG:colcon.colcon_core.event_handler.log_command:Invoked command in '/home/jetpack/piracer/build/can_interface' returned '0': CMAKE_PREFIX_PATH=/home/jetpack/piracer/install/bus_msgs:/home/jetpack/piracer/install/oled_service:/home/jetpack/piracer/install/can_interface:/opt/ros/jazzy/opt/gz_math_vendor:/opt/ros/jazzy/opt/gz_utils_vendor:/opt/ros/jazzy/opt/gz_cmake_vendor:/opt/ros/jazzy LD_LIBRARY_PATH=/home/jetpack/piracer/install/bus_msgs/lib:/home/jetpack/piracer/install/can_interface/lib:/opt/ros/jazzy/opt/rviz_ogre_vendor/lib:/opt/ros/jazzy/lib/aarch64-linux-gnu:/opt/ros/jazzy/opt/gz_math_vendor/lib:/opt/ros/jazzy/opt/gz_utils_vendor/lib:/opt/ros/jazzy/opt/gz_cmake_vendor/lib:/opt/ros/jazzy/lib /usr/bin/cmake --build /home/jetpack/piracer/build/can_interface -- -j4 -l4
[9.135s] DEBUG:colcon.colcon_core.event_handler.log_command:Invoking command in '/home/jetpack/piracer/build/can_interface': CMAKE_PREFIX_PATH=/home/jetpack/piracer/install/bus_msgs:/home/jetpack/piracer/install/oled_service:/home/jetpack/piracer/install/can_interface:/opt/ros/jazzy/opt/gz_math_vendor:/opt/ros/jazzy/opt/gz_utils_vendor:/opt/ros/jazzy/opt/gz_cmake_vendor:/opt/ros/jazzy LD_LIBRARY_PATH=/home/jetpack/piracer/install/bus_msgs/lib:/home/jetpack/piracer/install/can_interface/lib:/opt/ros/jazzy/opt/rviz_ogre_vendor/lib:/opt/ros/jazzy/lib/aarch64-linux-gnu:/opt/ros/jazzy/opt/gz_math_vendor/lib:/opt/ros/jazzy/opt/gz_utils_vendor/lib:/opt/ros/jazzy/opt/gz_cmake_vendor/lib:/opt/ros/jazzy/lib /usr/bin/cmake --install /home/jetpack/piracer/build/can_interface
[9.175s] Level 1:colcon.colcon_core.environment:create_environment_scripts_only(can_interface)
[9.175s] Level 1:colcon.colcon_core.environment:checking '/home/jetpack/piracer/install/can_interface' for CMake module files
[9.176s] DEBUG:colcon.colcon_core.event_handler.log_command:Invoked command in '/home/jetpack/piracer/build/can_interface' returned '0': CMAKE_PREFIX_PATH=/home/jetpack/piracer/install/bus_msgs:/home/jetpack/piracer/install/oled_service:/home/jetpack/piracer/install/can_interface:/opt/ros/jazzy/opt/gz_math_vendor:/opt/ros/jazzy/opt/gz_utils_vendor:/opt/ros/jazzy/opt/gz_cmake_vendor:/opt/ros/jazzy LD_LIBRARY_PATH=/home/jetpack/piracer/install/bus_msgs/lib:/home/jetpack/piracer/install/can_interface/lib:/opt/ros/jazzy/opt/rviz_ogre_vendor/lib:/opt/ros/jazzy/lib/aarch64-linux-gnu:/opt/ros/jazzy/opt/gz_math_vendor/lib:/opt/ros/jazzy/opt/gz_utils_vendor/lib:/opt/ros/jazzy/opt/gz_cmake_vendor/lib:/opt/ros/jazzy/lib /usr/bin/cmake --install /home/jetpack/piracer/build/can_interface
[9.176s] Level 1:colcon.colcon_core.environment:checking '/home/jetpack/piracer/install/can_interface' for CMake config files
[9.177s] Level 1:colcon.colcon_core.shell:create_environment_hook('can_interface', 'cmake_prefix_path')
[9.177s] INFO:colcon.colcon_core.shell:Creating environment hook '/home/jetpack/piracer/install/can_interface/share/can_interface/hook/cmake_prefix_path.ps1'
[9.177s] INFO:colcon.colcon_core.shell:Creating environment descriptor '/home/jetpack/piracer/install/can_interface/share/can_interface/hook/cmake_prefix_path.dsv'
[9.178s] INFO:colcon.colcon_core.shell:Creating environment hook '/home/jetpack/piracer/install/can_interface/share/can_interface/hook/cmake_prefix_path.sh'
[9.179s] Level 1:colcon.colcon_core.environment:checking '/home/jetpack/piracer/install/can_interface/lib'
[9.179s] Level 1:colcon.colcon_core.shell:create_environment_hook('can_interface', 'ld_library_path_lib')
[9.179s] INFO:colcon.colcon_core.shell:Creating environment hook '/home/jetpack/piracer/install/can_interface/share/can_interface/hook/ld_library_path_lib.ps1'
[9.179s] INFO:colcon.colcon_core.shell:Creating environment descriptor '/home/jetpack/piracer/install/can_interface/share/can_interface/hook/ld_library_path_lib.dsv'
[9.180s] INFO:colcon.colcon_core.shell:Creating environment hook '/home/jetpack/piracer/install/can_interface/share/can_interface/hook/ld_library_path_lib.sh'
[9.181s] Level 1:colcon.colcon_core.environment:checking '/home/jetpack/piracer/install/can_interface/bin'
[9.181s] Level 1:colcon.colcon_core.environment:checking '/home/jetpack/piracer/install/can_interface/lib/pkgconfig/can_interface.pc'
[9.181s] Level 1:colcon.colcon_core.environment:checking '/home/jetpack/piracer/install/can_interface/lib/python3.12/site-packages'
[9.182s] Level 1:colcon.colcon_core.environment:checking '/home/jetpack/piracer/install/can_interface/bin'
[9.182s] INFO:colcon.colcon_core.shell:Creating package script '/home/jetpack/piracer/install/can_interface/share/can_interface/package.ps1'
[9.183s] INFO:colcon.colcon_core.shell:Creating package descriptor '/home/jetpack/piracer/install/can_interface/share/can_interface/package.dsv'
[9.183s] INFO:colcon.colcon_core.shell:Creating package script '/home/jetpack/piracer/install/can_interface/share/can_interface/package.sh'
[9.184s] INFO:colcon.colcon_core.shell:Creating package script '/home/jetpack/piracer/install/can_interface/share/can_interface/package.bash'
[9.184s] INFO:colcon.colcon_core.shell:Creating package script '/home/jetpack/piracer/install/can_interface/share/can_interface/package.zsh'
[9.185s] Level 1:colcon.colcon_core.environment:create_file_with_runtime_dependencies(/home/jetpack/piracer/install/can_interface/share/colcon-core/packages/can_interface)
[9.229s] Level 1:colcon.colcon_core.environment:create_environment_scripts_only(can_interface)
[9.229s] Level 1:colcon.colcon_core.environment:checking '/home/jetpack/piracer/install/can_interface' for CMake module files
[9.230s] Level 1:colcon.colcon_core.environment:checking '/home/jetpack/piracer/install/can_interface' for CMake config files
[9.230s] Level 1:colcon.colcon_core.shell:create_environment_hook('can_interface', 'cmake_prefix_path')
[9.231s] INFO:colcon.colcon_core.shell:Creating environment hook '/home/jetpack/piracer/install/can_interface/share/can_interface/hook/cmake_prefix_path.ps1'
[9.231s] INFO:colcon.colcon_core.shell:Creating environment descriptor '/home/jetpack/piracer/install/can_interface/share/can_interface/hook/cmake_prefix_path.dsv'
[9.232s] INFO:colcon.colcon_core.shell:Creating environment hook '/home/jetpack/piracer/install/can_interface/share/can_interface/hook/cmake_prefix_path.sh'
[9.233s] Level 1:colcon.colcon_core.environment:checking '/home/jetpack/piracer/install/can_interface/lib'
[9.233s] Level 1:colcon.colcon_core.shell:create_environment_hook('can_interface', 'ld_library_path_lib')
[9.234s] INFO:colcon.colcon_core.shell:Creating environment hook '/home/jetpack/piracer/install/can_interface/share/can_interface/hook/ld_library_path_lib.ps1'
[9.235s] INFO:colcon.colcon_core.shell:Creating environment descriptor '/home/jetpack/piracer/install/can_interface/share/can_interface/hook/ld_library_path_lib.dsv'
[9.236s] INFO:colcon.colcon_core.shell:Creating environment hook '/home/jetpack/piracer/install/can_interface/share/can_interface/hook/ld_library_path_lib.sh'
[9.237s] Level 1:colcon.colcon_core.environment:checking '/home/jetpack/piracer/install/can_interface/bin'
[9.237s] Level 1:colcon.colcon_core.environment:checking '/home/jetpack/piracer/install/can_interface/lib/pkgconfig/can_interface.pc'
[9.237s] Level 1:colcon.colcon_core.environment:checking '/home/jetpack/piracer/install/can_interface/lib/python3.12/site-packages'
[9.237s] Level 1:colcon.colcon_core.environment:checking '/home/jetpack/piracer/install/can_interface/bin'
[9.238s] INFO:colcon.colcon_core.shell:Creating package script '/home/jetpack/piracer/install/can_interface/share/can_interface/package.ps1'
[9.239s] INFO:colcon.colcon_core.shell:Creating package descriptor '/home/jetpack/piracer/install/can_interface/share/can_interface/package.dsv'
[9.239s] INFO:colcon.colcon_core.shell:Creating package script '/home/jetpack/piracer/install/can_interface/share/can_interface/package.sh'
[9.240s] INFO:colcon.colcon_core.shell:Creating package script '/home/jetpack/piracer/install/can_interface/share/can_interface/package.bash'
[9.241s] INFO:colcon.colcon_core.shell:Creating package script '/home/jetpack/piracer/install/can_interface/share/can_interface/package.zsh'
[9.241s] Level 1:colcon.colcon_core.environment:create_file_with_runtime_dependencies(/home/jetpack/piracer/install/can_interface/share/colcon-core/packages/can_interface)
[9.242s] DEBUG:colcon.colcon_parallel_executor.executor.parallel:closing loop
[9.243s] DEBUG:colcon.colcon_parallel_executor.executor.parallel:loop closed
[9.243s] DEBUG:colcon.colcon_parallel_executor.executor.parallel:run_until_complete finished with '0'
[9.243s] DEBUG:colcon.colcon_core.event_reactor:joining thread
[9.251s] INFO:colcon.colcon_core.plugin_system:Skipping extension 'colcon_notification.desktop_notification.terminal_notifier': Not used on non-Darwin systems
[9.251s] INFO:colcon.colcon_core.plugin_system:Skipping extension 'colcon_notification.desktop_notification.win32': Not used on non-Windows systems
[9.251s] INFO:colcon.colcon_notification.desktop_notification:Sending desktop notification using 'notify2'
[9.252s] DEBUG:colcon.colcon_notification.desktop_notification.notify2:Failed to initialize notify2: org.freedesktop.DBus.Error.ServiceUnknown: The name org.freedesktop.Notifications was not provided by any .service files
[9.252s] DEBUG:colcon.colcon_core.event_reactor:joined thread
[9.253s] INFO:colcon.colcon_core.shell:Creating prefix script '/home/jetpack/piracer/install/local_setup.ps1'
[9.254s] INFO:colcon.colcon_core.shell:Creating prefix util module '/home/jetpack/piracer/install/_local_setup_util_ps1.py'
[9.255s] INFO:colcon.colcon_core.shell:Creating prefix chain script '/home/jetpack/piracer/install/setup.ps1'
[9.257s] INFO:colcon.colcon_core.shell:Creating prefix script '/home/jetpack/piracer/install/local_setup.sh'
[9.257s] INFO:colcon.colcon_core.shell:Creating prefix util module '/home/jetpack/piracer/install/_local_setup_util_sh.py'
[9.258s] INFO:colcon.colcon_core.shell:Creating prefix chain script '/home/jetpack/piracer/install/setup.sh'
[9.259s] INFO:colcon.colcon_core.shell:Creating prefix script '/home/jetpack/piracer/install/local_setup.bash'
[9.260s] INFO:colcon.colcon_core.shell:Creating prefix chain script '/home/jetpack/piracer/install/setup.bash'
[9.261s] INFO:colcon.colcon_core.shell:Creating prefix script '/home/jetpack/piracer/install/local_setup.zsh'
[9.262s] INFO:colcon.colcon_core.shell:Creating prefix chain script '/home/jetpack/piracer/install/setup.zsh'
