[0.014s] Invoking command in '/home/pi/test_workspace/build/screen_service': CMAKE_PREFIX_PATH=/opt/ros/jazzy /usr/bin/cmake /home/pi/test_workspace/src/screen_service -DAMENT_CMAKE_SYMLINK_INSTALL=1 -DCMAKE_INSTALL_PREFIX=/home/pi/test_workspace/install/screen_service
[0.124s] -- The C compiler identification is GNU 13.2.0
[0.243s] -- The CXX compiler identification is GNU 13.2.0
[0.269s] -- Detecting C compiler ABI info
[0.435s] -- Detecting C compiler ABI info - done
[0.450s] -- Check for working C compiler: /usr/bin/cc - skipped
[0.450s] -- Detecting C compile features
[0.451s] -- Detecting C compile features - done
[0.465s] -- Detecting CXX compiler ABI info
[0.650s] -- Detecting CXX compiler ABI info - done
[0.664s] -- Check for working CXX compiler: /usr/bin/c++ - skipped
[0.665s] -- Detecting CXX compile features
[0.665s] -- Detecting CXX compile features - done
[0.668s] -- Found ament_cmake: 2.5.2 (/opt/ros/jazzy/share/ament_cmake/cmake)
[0.906s] -- Found Python3: /usr/bin/python3 (found version "3.12.3") found components: Interpreter 
[1.044s] -- Override CMake install command with custom implementation using symlinks instead of copying resources
[1.071s] -- Found rclcpp: 28.1.5 (/opt/ros/jazzy/share/rclcpp/cmake)
[1.112s] -- Found rosidl_generator_c: 4.6.4 (/opt/ros/jazzy/share/rosidl_generator_c/cmake)
[1.129s] -- Found rosidl_generator_cpp: 4.6.4 (/opt/ros/jazzy/share/rosidl_generator_cpp/cmake)
[1.148s] -- Using all available rosidl_typesupport_c: rosidl_typesupport_fastrtps_c;rosidl_typesupport_introspection_c
[1.170s] -- Using all available rosidl_typesupport_cpp: rosidl_typesupport_fastrtps_cpp;rosidl_typesupport_introspection_cpp
[1.262s] -- Found rmw_implementation_cmake: 7.3.1 (/opt/ros/jazzy/share/rmw_implementation_cmake/cmake)
[1.265s] -- Found rmw_fastrtps_cpp: 8.4.1 (/opt/ros/jazzy/share/rmw_fastrtps_cpp/cmake)
[1.386s] -- Found OpenSSL: /usr/lib/aarch64-linux-gnu/libcrypto.so (found version "3.0.13")  
[1.410s] -- Found FastRTPS: /opt/ros/jazzy/include (Required is at least version "2.13") 
[1.444s] -- Using RMW implementation 'rmw_fastrtps_cpp' as default
[1.533s] -- Found std_msgs: 5.3.5 (/opt/ros/jazzy/share/std_msgs/cmake)
[1.729s] -- Configuring done (1.7s)
[1.749s] -- Generating done (0.0s)
[1.752s] -- Build files have been written to: /home/pi/test_workspace/build/screen_service
[1.772s] Invoked command in '/home/pi/test_workspace/build/screen_service' returned '0': CMAKE_PREFIX_PATH=/opt/ros/jazzy /usr/bin/cmake /home/pi/test_workspace/src/screen_service -DAMENT_CMAKE_SYMLINK_INSTALL=1 -DCMAKE_INSTALL_PREFIX=/home/pi/test_workspace/install/screen_service
[1.774s] Invoking command in '/home/pi/test_workspace/build/screen_service': CMAKE_PREFIX_PATH=/opt/ros/jazzy /usr/bin/cmake --build /home/pi/test_workspace/build/screen_service -- -j4 -l4
[1.873s] [ 25%] [32mBuilding CXX object CMakeFiles/oled_display_node.dir/src/main.cpp.o[0m
[6.873s] [ 50%] [32m[1mLinking CXX executable oled_display_node[0m
[7.107s] [100%] Built target oled_display_node
[7.126s] Invoked command in '/home/pi/test_workspace/build/screen_service' returned '0': CMAKE_PREFIX_PATH=/opt/ros/jazzy /usr/bin/cmake --build /home/pi/test_workspace/build/screen_service -- -j4 -l4
[7.167s] Invoking command in '/home/pi/test_workspace/build/screen_service': CMAKE_PREFIX_PATH=/opt/ros/jazzy /usr/bin/cmake --install /home/pi/test_workspace/build/screen_service
[7.181s] -- Install configuration: ""
[7.181s] -- Execute custom install script
[7.182s] -- Up-to-date symlink: /home/pi/test_workspace/install/screen_service/lib/screen_service/oled_display_node
[7.182s] -- Up-to-date symlink: /home/pi/test_workspace/install/screen_service/share/ament_index/resource_index/package_run_dependencies/screen_service
[7.182s] -- Up-to-date symlink: /home/pi/test_workspace/install/screen_service/share/ament_index/resource_index/parent_prefix_path/screen_service
[7.183s] -- Up-to-date symlink: /home/pi/test_workspace/install/screen_service/share/screen_service/environment/ament_prefix_path.sh
[7.183s] -- Up-to-date symlink: /home/pi/test_workspace/install/screen_service/share/screen_service/environment/ament_prefix_path.dsv
[7.183s] -- Up-to-date symlink: /home/pi/test_workspace/install/screen_service/share/screen_service/environment/path.sh
[7.183s] -- Up-to-date symlink: /home/pi/test_workspace/install/screen_service/share/screen_service/environment/path.dsv
[7.184s] -- Up-to-date symlink: /home/pi/test_workspace/install/screen_service/share/screen_service/local_setup.bash
[7.184s] -- Up-to-date symlink: /home/pi/test_workspace/install/screen_service/share/screen_service/local_setup.sh
[7.184s] -- Up-to-date symlink: /home/pi/test_workspace/install/screen_service/share/screen_service/local_setup.zsh
[7.184s] -- Up-to-date symlink: /home/pi/test_workspace/install/screen_service/share/screen_service/local_setup.dsv
[7.185s] -- Symlinking: /home/pi/test_workspace/install/screen_service/share/screen_service/package.dsv
[7.199s] -- Up-to-date symlink: /home/pi/test_workspace/install/screen_service/share/ament_index/resource_index/packages/screen_service
[7.199s] -- Up-to-date symlink: /home/pi/test_workspace/install/screen_service/share/screen_service/cmake/ament_cmake_export_dependencies-extras.cmake
[7.199s] -- Up-to-date symlink: /home/pi/test_workspace/install/screen_service/share/screen_service/cmake/screen_serviceConfig.cmake
[7.200s] -- Up-to-date symlink: /home/pi/test_workspace/install/screen_service/share/screen_service/cmake/screen_serviceConfig-version.cmake
[7.200s] -- Up-to-date symlink: /home/pi/test_workspace/install/screen_service/share/screen_service/package.xml
[7.203s] Invoked command in '/home/pi/test_workspace/build/screen_service' returned '0': CMAKE_PREFIX_PATH=/opt/ros/jazzy /usr/bin/cmake --install /home/pi/test_workspace/build/screen_service
