[0.011s] Invoking command in '/home/pi/test_workspace/build/my_first_pkg': CMAKE_PREFIX_PATH=${CMAKE_PREFIX_PATH}:/opt/ros/jazzy /usr/bin/cmake /home/pi/test_workspace/src/my_first_pkg -DAMENT_CMAKE_SYMLINK_INSTALL=1 -DCMAKE_INSTALL_PREFIX=/home/pi/test_workspace/install/my_first_pkg
[0.111s] -- The C compiler identification is GNU 13.2.0
[0.211s] -- The CXX compiler identification is GNU 13.2.0
[0.238s] -- Detecting C compiler ABI info
[0.390s] -- Detecting C compiler ABI info - done
[0.405s] -- Check for working C compiler: /usr/bin/cc - skipped
[0.405s] -- Detecting C compile features
[0.406s] -- Detecting C compile features - done
[0.419s] -- Detecting CXX compiler ABI info
[0.586s] -- Detecting CXX compiler ABI info - done
[0.602s] -- Check for working CXX compiler: /usr/bin/c++ - skipped
[0.603s] -- Detecting CXX compile features
[0.604s] -- Detecting CXX compile features - done
[0.606s] -- Found ament_cmake: 2.5.2 (/opt/ros/jazzy/share/ament_cmake/cmake)
[0.813s] -- Found Python3: /usr/bin/python3 (found version "3.12.3") found components: Interpreter 
[0.928s] -- Override CMake install command with custom implementation using symlinks instead of copying resources
[0.956s] -- Found rclcpp: 28.1.5 (/opt/ros/jazzy/share/rclcpp/cmake)
[0.998s] -- Found rosidl_generator_c: 4.6.4 (/opt/ros/jazzy/share/rosidl_generator_c/cmake)
[1.014s] -- Found rosidl_generator_cpp: 4.6.4 (/opt/ros/jazzy/share/rosidl_generator_cpp/cmake)
[1.033s] -- Using all available rosidl_typesupport_c: rosidl_typesupport_fastrtps_c;rosidl_typesupport_introspection_c
[1.055s] -- Using all available rosidl_typesupport_cpp: rosidl_typesupport_fastrtps_cpp;rosidl_typesupport_introspection_cpp
[1.148s] -- Found rmw_implementation_cmake: 7.3.1 (/opt/ros/jazzy/share/rmw_implementation_cmake/cmake)
[1.150s] -- Found rmw_fastrtps_cpp: 8.4.1 (/opt/ros/jazzy/share/rmw_fastrtps_cpp/cmake)
[1.266s] -- Found OpenSSL: /usr/lib/aarch64-linux-gnu/libcrypto.so (found version "3.0.13")  
[1.290s] -- Found FastRTPS: /opt/ros/jazzy/include (Required is at least version "2.13") 
[1.324s] -- Using RMW implementation 'rmw_fastrtps_cpp' as default
[1.413s] -- Found std_msgs: 5.3.5 (/opt/ros/jazzy/share/std_msgs/cmake)
[1.432s] -- Found ament_lint_auto: 0.17.1 (/opt/ros/jazzy/share/ament_lint_auto/cmake)
[1.595s] -- Added test 'cppcheck' to perform static code analysis on C / C++ code
[1.595s] -- Configured cppcheck include dirs: 
[1.595s] -- Configured cppcheck exclude dirs and/or files: 
[1.596s] -- Added test 'lint_cmake' to check CMake code style
[1.597s] -- Added test 'uncrustify' to check C / C++ code style
[1.597s] -- Configured uncrustify additional arguments: 
[1.598s] -- Added test 'xmllint' to check XML markup files
[1.600s] -- Configuring done (1.6s)
[1.615s] -- Generating done (0.0s)
[1.617s] -- Build files have been written to: /home/pi/test_workspace/build/my_first_pkg
[1.635s] Invoked command in '/home/pi/test_workspace/build/my_first_pkg' returned '0': CMAKE_PREFIX_PATH=${CMAKE_PREFIX_PATH}:/opt/ros/jazzy /usr/bin/cmake /home/pi/test_workspace/src/my_first_pkg -DAMENT_CMAKE_SYMLINK_INSTALL=1 -DCMAKE_INSTALL_PREFIX=/home/pi/test_workspace/install/my_first_pkg
[1.637s] Invoking command in '/home/pi/test_workspace/build/my_first_pkg': CMAKE_PREFIX_PATH=${CMAKE_PREFIX_PATH}:/opt/ros/jazzy /usr/bin/cmake --build /home/pi/test_workspace/build/my_first_pkg -- -j4 -l4
[1.719s] [ 50%] [32mBuilding CXX object CMakeFiles/simple.dir/src/main.cpp.o[0m
[6.509s] [100%] [32m[1mLinking CXX executable simple[0m
[6.726s] [100%] Built target simple
[6.744s] Invoked command in '/home/pi/test_workspace/build/my_first_pkg' returned '0': CMAKE_PREFIX_PATH=${CMAKE_PREFIX_PATH}:/opt/ros/jazzy /usr/bin/cmake --build /home/pi/test_workspace/build/my_first_pkg -- -j4 -l4
[6.795s] Invoking command in '/home/pi/test_workspace/build/my_first_pkg': CMAKE_PREFIX_PATH=${CMAKE_PREFIX_PATH}:/opt/ros/jazzy /usr/bin/cmake --install /home/pi/test_workspace/build/my_first_pkg
[6.807s] -- Install configuration: ""
[6.808s] -- Execute custom install script
[6.808s] -- Symlinking: /home/pi/test_workspace/install/my_first_pkg/share/ament_index/resource_index/package_run_dependencies/my_first_pkg
[6.824s] -- Symlinking: /home/pi/test_workspace/install/my_first_pkg/share/ament_index/resource_index/parent_prefix_path/my_first_pkg
[6.839s] -- Symlinking: /home/pi/test_workspace/install/my_first_pkg/share/my_first_pkg/environment/ament_prefix_path.sh
[6.854s] -- Symlinking: /home/pi/test_workspace/install/my_first_pkg/share/my_first_pkg/environment/ament_prefix_path.dsv
[6.869s] -- Symlinking: /home/pi/test_workspace/install/my_first_pkg/share/my_first_pkg/environment/path.sh
[6.885s] -- Symlinking: /home/pi/test_workspace/install/my_first_pkg/share/my_first_pkg/environment/path.dsv
[6.900s] -- Symlinking: /home/pi/test_workspace/install/my_first_pkg/share/my_first_pkg/local_setup.bash
[6.916s] -- Symlinking: /home/pi/test_workspace/install/my_first_pkg/share/my_first_pkg/local_setup.sh
[6.931s] -- Symlinking: /home/pi/test_workspace/install/my_first_pkg/share/my_first_pkg/local_setup.zsh
[6.946s] -- Symlinking: /home/pi/test_workspace/install/my_first_pkg/share/my_first_pkg/local_setup.dsv
[6.961s] -- Symlinking: /home/pi/test_workspace/install/my_first_pkg/share/my_first_pkg/package.dsv
[6.977s] -- Symlinking: /home/pi/test_workspace/install/my_first_pkg/share/ament_index/resource_index/packages/my_first_pkg
[6.992s] -- Symlinking: /home/pi/test_workspace/install/my_first_pkg/share/my_first_pkg/cmake/ament_cmake_export_dependencies-extras.cmake
[7.007s] -- Symlinking: /home/pi/test_workspace/install/my_first_pkg/share/my_first_pkg/cmake/my_first_pkgConfig.cmake
[7.024s] -- Symlinking: /home/pi/test_workspace/install/my_first_pkg/share/my_first_pkg/cmake/my_first_pkgConfig-version.cmake
[7.039s] -- Symlinking: /home/pi/test_workspace/install/my_first_pkg/share/my_first_pkg/package.xml
[7.058s] Invoked command in '/home/pi/test_workspace/build/my_first_pkg' returned '0': CMAKE_PREFIX_PATH=${CMAKE_PREFIX_PATH}:/opt/ros/jazzy /usr/bin/cmake --install /home/pi/test_workspace/build/my_first_pkg
