[0.018s] Invoking command in '/home/jetpack/piracer/build/bus_msgs': CMAKE_PREFIX_PATH=${CMAKE_PREFIX_PATH}:/opt/ros/jazzy /usr/bin/cmake --build /home/jetpack/piracer/build/bus_msgs -- -j4 -l4
[0.108s] [  2%] Built target bus_msgs__rosidl_generator_type_description
[0.126s] [  2%] Built target ament_cmake_python_symlink_bus_msgs
[0.146s] [ 11%] Built target bus_msgs__cpp
[0.147s] [ 20%] Built target bus_msgs__rosidl_generator_c
[0.198s] [ 29%] Built target bus_msgs__rosidl_typesupport_c
[0.208s] [ 47%] Built target bus_msgs__rosidl_typesupport_introspection_c
[0.208s] [ 47%] Built target bus_msgs__rosidl_typesupport_fastrtps_cpp
[0.249s] [ 55%] Built target bus_msgs__rosidl_typesupport_introspection_cpp
[0.261s] [ 64%] Built target bus_msgs__rosidl_typesupport_cpp
[0.271s] [ 73%] Built target bus_msgs__rosidl_typesupport_fastrtps_c
[0.310s] [ 73%] Built target bus_msgs
[0.348s] [ 76%] Built target bus_msgs__py
[0.387s] [ 82%] Built target bus_msgs__rosidl_generator_py
[0.432s] [ 88%] Built target bus_msgs_s__rosidl_typesupport_fastrtps_c
[0.437s] [100%] Built target bus_msgs_s__rosidl_typesupport_c
[0.438s] [100%] Built target bus_msgs_s__rosidl_typesupport_introspection_c
[0.513s] running egg_info
[0.538s] writing bus_msgs.egg-info/PKG-INFO
[0.538s] writing dependency_links to bus_msgs.egg-info/dependency_links.txt
[0.539s] writing top-level names to bus_msgs.egg-info/top_level.txt
[0.614s] reading manifest file 'bus_msgs.egg-info/SOURCES.txt'
[0.614s] writing manifest file 'bus_msgs.egg-info/SOURCES.txt'
[0.678s] [100%] Built target ament_cmake_python_build_bus_msgs_egg
[0.699s] Invoked command in '/home/jetpack/piracer/build/bus_msgs' returned '0': CMAKE_PREFIX_PATH=${CMAKE_PREFIX_PATH}:/opt/ros/jazzy /usr/bin/cmake --build /home/jetpack/piracer/build/bus_msgs -- -j4 -l4
[0.787s] Invoking command in '/home/jetpack/piracer/build/bus_msgs': CMAKE_PREFIX_PATH=${CMAKE_PREFIX_PATH}:/opt/ros/jazzy /usr/bin/cmake --install /home/jetpack/piracer/build/bus_msgs
[0.802s] -- Install configuration: ""
[0.803s] -- Execute custom install script
[0.803s] -- Up-to-date symlink: /home/jetpack/piracer/install/bus_msgs/share/ament_index/resource_index/rosidl_interfaces/bus_msgs
[0.804s] -- Up-to-date symlink: /home/jetpack/piracer/install/bus_msgs/share/bus_msgs/msg/CanPacket.json
[0.804s] -- Up-to-date symlink: /home/jetpack/piracer/install/bus_msgs/include/bus_msgs/bus_msgs/msg/can_packet.h
[0.804s] -- Up-to-date symlink: /home/jetpack/piracer/install/bus_msgs/include/bus_msgs/bus_msgs/msg/detail/can_packet__functions.h
[0.805s] -- Up-to-date symlink: /home/jetpack/piracer/install/bus_msgs/include/bus_msgs/bus_msgs/msg/detail/can_packet__struct.h
[0.805s] -- Up-to-date symlink: /home/jetpack/piracer/install/bus_msgs/include/bus_msgs/bus_msgs/msg/detail/can_packet__type_support.h
[0.805s] -- Up-to-date symlink: /home/jetpack/piracer/install/bus_msgs/include/bus_msgs/bus_msgs/msg/rosidl_generator_c__visibility_control.h
[0.805s] -- Up-to-date symlink: /home/jetpack/piracer/install/bus_msgs/share/bus_msgs/environment/library_path.sh
[0.805s] -- Up-to-date symlink: /home/jetpack/piracer/install/bus_msgs/share/bus_msgs/environment/library_path.dsv
[0.806s] -- Up-to-date symlink: /home/jetpack/piracer/install/bus_msgs/include/bus_msgs/bus_msgs/msg/detail/can_packet__rosidl_typesupport_fastrtps_c.h
[0.806s] -- Up-to-date symlink: /home/jetpack/piracer/install/bus_msgs/include/bus_msgs/bus_msgs/msg/rosidl_typesupport_fastrtps_c__visibility_control.h
[0.806s] -- Up-to-date symlink: /home/jetpack/piracer/install/bus_msgs/include/bus_msgs/bus_msgs/msg/detail/can_packet__rosidl_typesupport_introspection_c.h
[0.807s] -- Up-to-date symlink: /home/jetpack/piracer/install/bus_msgs/include/bus_msgs/bus_msgs/msg/rosidl_typesupport_introspection_c__visibility_control.h
[0.807s] -- Up-to-date symlink: /home/jetpack/piracer/install/bus_msgs/include/bus_msgs/bus_msgs/msg/can_packet.hpp
[0.807s] -- Up-to-date symlink: /home/jetpack/piracer/install/bus_msgs/include/bus_msgs/bus_msgs/msg/detail/can_packet__builder.hpp
[0.807s] -- Up-to-date symlink: /home/jetpack/piracer/install/bus_msgs/include/bus_msgs/bus_msgs/msg/detail/can_packet__struct.hpp
[0.808s] -- Up-to-date symlink: /home/jetpack/piracer/install/bus_msgs/include/bus_msgs/bus_msgs/msg/detail/can_packet__traits.hpp
[0.808s] -- Up-to-date symlink: /home/jetpack/piracer/install/bus_msgs/include/bus_msgs/bus_msgs/msg/detail/can_packet__type_support.hpp
[0.808s] -- Up-to-date symlink: /home/jetpack/piracer/install/bus_msgs/include/bus_msgs/bus_msgs/msg/rosidl_generator_cpp__visibility_control.hpp
[0.809s] -- Up-to-date symlink: /home/jetpack/piracer/install/bus_msgs/include/bus_msgs/bus_msgs/msg/detail/can_packet__rosidl_typesupport_fastrtps_cpp.hpp
[0.809s] -- Up-to-date symlink: /home/jetpack/piracer/install/bus_msgs/include/bus_msgs/bus_msgs/msg/rosidl_typesupport_fastrtps_cpp__visibility_control.h
[0.809s] -- Up-to-date symlink: /home/jetpack/piracer/install/bus_msgs/include/bus_msgs/bus_msgs/msg/detail/can_packet__rosidl_typesupport_introspection_cpp.hpp
[0.810s] -- Up-to-date symlink: /home/jetpack/piracer/install/bus_msgs/share/bus_msgs/environment/pythonpath.sh
[0.810s] -- Up-to-date symlink: /home/jetpack/piracer/install/bus_msgs/share/bus_msgs/environment/pythonpath.dsv
[0.810s] -- Up-to-date symlink: /home/jetpack/piracer/install/bus_msgs/lib/python3.12/site-packages/bus_msgs-0.0.0-py3.12.egg-info/PKG-INFO
[0.810s] -- Up-to-date symlink: /home/jetpack/piracer/install/bus_msgs/lib/python3.12/site-packages/bus_msgs-0.0.0-py3.12.egg-info/SOURCES.txt
[0.810s] -- Up-to-date symlink: /home/jetpack/piracer/install/bus_msgs/lib/python3.12/site-packages/bus_msgs-0.0.0-py3.12.egg-info/dependency_links.txt
[0.810s] -- Up-to-date symlink: /home/jetpack/piracer/install/bus_msgs/lib/python3.12/site-packages/bus_msgs-0.0.0-py3.12.egg-info/top_level.txt
[0.811s] -- Up-to-date symlink: /home/jetpack/piracer/install/bus_msgs/lib/python3.12/site-packages/bus_msgs/__init__.py
[0.811s] -- Up-to-date symlink: /home/jetpack/piracer/install/bus_msgs/lib/python3.12/site-packages/bus_msgs/_bus_msgs_s.ep.rosidl_typesupport_c.c
[0.811s] -- Up-to-date symlink: /home/jetpack/piracer/install/bus_msgs/lib/python3.12/site-packages/bus_msgs/_bus_msgs_s.ep.rosidl_typesupport_fastrtps_c.c
[0.811s] -- Up-to-date symlink: /home/jetpack/piracer/install/bus_msgs/lib/python3.12/site-packages/bus_msgs/_bus_msgs_s.ep.rosidl_typesupport_introspection_c.c
[0.812s] -- Up-to-date symlink: /home/jetpack/piracer/install/bus_msgs/lib/python3.12/site-packages/bus_msgs/bus_msgs_s__rosidl_typesupport_c.so
[0.812s] -- Up-to-date symlink: /home/jetpack/piracer/install/bus_msgs/lib/python3.12/site-packages/bus_msgs/bus_msgs_s__rosidl_typesupport_fastrtps_c.so
[0.812s] -- Up-to-date symlink: /home/jetpack/piracer/install/bus_msgs/lib/python3.12/site-packages/bus_msgs/bus_msgs_s__rosidl_typesupport_introspection_c.so
[0.812s] -- Up-to-date symlink: /home/jetpack/piracer/install/bus_msgs/lib/python3.12/site-packages/bus_msgs/msg/__init__.py
[0.812s] -- Up-to-date symlink: /home/jetpack/piracer/install/bus_msgs/lib/python3.12/site-packages/bus_msgs/msg/_can_packet.py
[0.812s] -- Up-to-date symlink: /home/jetpack/piracer/install/bus_msgs/lib/python3.12/site-packages/bus_msgs/msg/_can_packet_s.c
[0.813s] -- Up-to-date symlink: /home/jetpack/piracer/install/bus_msgs/lib/python3.12/site-packages/bus_msgs/bus_msgs_s__rosidl_typesupport_fastrtps_c.so
[0.813s] -- Up-to-date symlink: /home/jetpack/piracer/install/bus_msgs/lib/python3.12/site-packages/bus_msgs/bus_msgs_s__rosidl_typesupport_introspection_c.so
[0.813s] -- Up-to-date symlink: /home/jetpack/piracer/install/bus_msgs/lib/python3.12/site-packages/bus_msgs/bus_msgs_s__rosidl_typesupport_c.so
[0.813s] -- Up-to-date symlink: /home/jetpack/piracer/install/bus_msgs/share/bus_msgs/msg/CanPacket.idl
[0.814s] -- Up-to-date symlink: /home/jetpack/piracer/install/bus_msgs/share/bus_msgs/msg/CanPacket.msg
[0.814s] -- Up-to-date symlink: /home/jetpack/piracer/install/bus_msgs/share/ament_index/resource_index/package_run_dependencies/bus_msgs
[0.814s] -- Up-to-date symlink: /home/jetpack/piracer/install/bus_msgs/share/ament_index/resource_index/parent_prefix_path/bus_msgs
[0.814s] -- Up-to-date symlink: /home/jetpack/piracer/install/bus_msgs/share/bus_msgs/environment/ament_prefix_path.sh
[0.814s] -- Up-to-date symlink: /home/jetpack/piracer/install/bus_msgs/share/bus_msgs/environment/ament_prefix_path.dsv
[0.815s] -- Up-to-date symlink: /home/jetpack/piracer/install/bus_msgs/share/bus_msgs/environment/path.sh
[0.815s] -- Up-to-date symlink: /home/jetpack/piracer/install/bus_msgs/share/bus_msgs/environment/path.dsv
[0.815s] -- Up-to-date symlink: /home/jetpack/piracer/install/bus_msgs/share/bus_msgs/local_setup.bash
[0.815s] -- Up-to-date symlink: /home/jetpack/piracer/install/bus_msgs/share/bus_msgs/local_setup.sh
[0.815s] -- Up-to-date symlink: /home/jetpack/piracer/install/bus_msgs/share/bus_msgs/local_setup.zsh
[0.816s] -- Up-to-date symlink: /home/jetpack/piracer/install/bus_msgs/share/bus_msgs/local_setup.dsv
[0.816s] -- Symlinking: /home/jetpack/piracer/install/bus_msgs/share/bus_msgs/package.dsv
[0.832s] -- Up-to-date symlink: /home/jetpack/piracer/install/bus_msgs/share/ament_index/resource_index/packages/bus_msgs
[0.832s] -- Up-to-date symlink: /home/jetpack/piracer/install/bus_msgs/share/bus_msgs/cmake/rosidl_cmake-extras.cmake
[0.832s] -- Up-to-date symlink: /home/jetpack/piracer/install/bus_msgs/share/bus_msgs/cmake/ament_cmake_export_include_directories-extras.cmake
[0.832s] -- Up-to-date symlink: /home/jetpack/piracer/install/bus_msgs/share/bus_msgs/cmake/ament_cmake_export_libraries-extras.cmake
[0.832s] -- Up-to-date symlink: /home/jetpack/piracer/install/bus_msgs/share/bus_msgs/cmake/ament_cmake_export_targets-extras.cmake
[0.832s] -- Up-to-date symlink: /home/jetpack/piracer/install/bus_msgs/share/bus_msgs/cmake/rosidl_cmake_export_typesupport_targets-extras.cmake
[0.832s] -- Up-to-date symlink: /home/jetpack/piracer/install/bus_msgs/share/bus_msgs/cmake/ament_cmake_export_dependencies-extras.cmake
[0.833s] -- Up-to-date symlink: /home/jetpack/piracer/install/bus_msgs/share/bus_msgs/cmake/rosidl_cmake_export_typesupport_libraries-extras.cmake
[0.833s] -- Up-to-date symlink: /home/jetpack/piracer/install/bus_msgs/share/bus_msgs/cmake/bus_msgsConfig.cmake
[0.833s] -- Up-to-date symlink: /home/jetpack/piracer/install/bus_msgs/share/bus_msgs/cmake/bus_msgsConfig-version.cmake
[0.833s] -- Up-to-date symlink: /home/jetpack/piracer/install/bus_msgs/share/bus_msgs/package.xml
[0.833s] -- Up-to-date: /home/jetpack/piracer/install/bus_msgs/lib/libbus_msgs__rosidl_generator_c.so
[0.834s] -- Up-to-date: /home/jetpack/piracer/install/bus_msgs/lib/libbus_msgs__rosidl_typesupport_fastrtps_c.so
[0.834s] -- Up-to-date: /home/jetpack/piracer/install/bus_msgs/lib/libbus_msgs__rosidl_typesupport_introspection_c.so
[0.835s] -- Up-to-date: /home/jetpack/piracer/install/bus_msgs/lib/libbus_msgs__rosidl_typesupport_c.so
[0.835s] -- Up-to-date: /home/jetpack/piracer/install/bus_msgs/lib/libbus_msgs__rosidl_typesupport_fastrtps_cpp.so
[0.835s] -- Up-to-date: /home/jetpack/piracer/install/bus_msgs/lib/libbus_msgs__rosidl_typesupport_introspection_cpp.so
[0.836s] -- Up-to-date: /home/jetpack/piracer/install/bus_msgs/lib/libbus_msgs__rosidl_typesupport_cpp.so
[0.885s] Listing '/home/jetpack/piracer/install/bus_msgs/lib/python3.12/site-packages/bus_msgs'...
[0.885s] Listing '/home/jetpack/piracer/install/bus_msgs/lib/python3.12/site-packages/bus_msgs/msg'...
[0.896s] -- Up-to-date: /home/jetpack/piracer/install/bus_msgs/lib/libbus_msgs__rosidl_generator_py.so
[0.896s] -- Up-to-date: /home/jetpack/piracer/install/bus_msgs/share/bus_msgs/cmake/export_bus_msgs__rosidl_generator_cExport.cmake
[0.897s] -- Up-to-date: /home/jetpack/piracer/install/bus_msgs/share/bus_msgs/cmake/export_bus_msgs__rosidl_generator_cExport-noconfig.cmake
[0.897s] -- Up-to-date: /home/jetpack/piracer/install/bus_msgs/share/bus_msgs/cmake/export_bus_msgs__rosidl_typesupport_fastrtps_cExport.cmake
[0.897s] -- Up-to-date: /home/jetpack/piracer/install/bus_msgs/share/bus_msgs/cmake/export_bus_msgs__rosidl_typesupport_fastrtps_cExport-noconfig.cmake
[0.897s] -- Up-to-date: /home/jetpack/piracer/install/bus_msgs/share/bus_msgs/cmake/bus_msgs__rosidl_typesupport_introspection_cExport.cmake
[0.897s] -- Up-to-date: /home/jetpack/piracer/install/bus_msgs/share/bus_msgs/cmake/bus_msgs__rosidl_typesupport_introspection_cExport-noconfig.cmake
[0.897s] -- Up-to-date: /home/jetpack/piracer/install/bus_msgs/share/bus_msgs/cmake/bus_msgs__rosidl_typesupport_cExport.cmake
[0.897s] -- Up-to-date: /home/jetpack/piracer/install/bus_msgs/share/bus_msgs/cmake/bus_msgs__rosidl_typesupport_cExport-noconfig.cmake
[0.897s] -- Up-to-date: /home/jetpack/piracer/install/bus_msgs/share/bus_msgs/cmake/export_bus_msgs__rosidl_generator_cppExport.cmake
[0.897s] -- Up-to-date: /home/jetpack/piracer/install/bus_msgs/share/bus_msgs/cmake/export_bus_msgs__rosidl_typesupport_fastrtps_cppExport.cmake
[0.898s] -- Up-to-date: /home/jetpack/piracer/install/bus_msgs/share/bus_msgs/cmake/export_bus_msgs__rosidl_typesupport_fastrtps_cppExport-noconfig.cmake
[0.898s] -- Up-to-date: /home/jetpack/piracer/install/bus_msgs/share/bus_msgs/cmake/bus_msgs__rosidl_typesupport_introspection_cppExport.cmake
[0.898s] -- Up-to-date: /home/jetpack/piracer/install/bus_msgs/share/bus_msgs/cmake/bus_msgs__rosidl_typesupport_introspection_cppExport-noconfig.cmake
[0.898s] -- Up-to-date: /home/jetpack/piracer/install/bus_msgs/share/bus_msgs/cmake/bus_msgs__rosidl_typesupport_cppExport.cmake
[0.898s] -- Up-to-date: /home/jetpack/piracer/install/bus_msgs/share/bus_msgs/cmake/bus_msgs__rosidl_typesupport_cppExport-noconfig.cmake
[0.898s] -- Up-to-date: /home/jetpack/piracer/install/bus_msgs/share/bus_msgs/cmake/export_bus_msgs__rosidl_generator_pyExport.cmake
[0.898s] -- Up-to-date: /home/jetpack/piracer/install/bus_msgs/share/bus_msgs/cmake/export_bus_msgs__rosidl_generator_pyExport-noconfig.cmake
[0.902s] Invoked command in '/home/jetpack/piracer/build/bus_msgs' returned '0': CMAKE_PREFIX_PATH=${CMAKE_PREFIX_PATH}:/opt/ros/jazzy /usr/bin/cmake --install /home/jetpack/piracer/build/bus_msgs
