[0.024s] Invoking command in '/home/jetpack/JetRacer/build/servo_motor': AMENT_PREFIX_PATH=/home/jetpack/JetRacer/install/bus_msgs:${AMENT_PREFIX_PATH} CMAKE_PREFIX_PATH=/home/jetpack/JetRacer/install/bus_msgs:/opt/ros/jazzy/opt/gz_math_vendor:/opt/ros/jazzy/opt/gz_utils_vendor:/opt/ros/jazzy/opt/gz_cmake_vendor:/opt/ros/jazzy LD_LIBRARY_PATH=/home/jetpack/JetRacer/install/bus_msgs/lib:${LD_LIBRARY_PATH} PYTHONPATH=/home/jetpack/JetRacer/install/bus_msgs/lib/python3.12/site-packages:${PYTHONPATH} /usr/bin/cmake --build /home/jetpack/JetRacer/build/servo_motor -- -j4 -l4
[0.143s] [100%] Built target servo_motor_node
[0.171s] Invoked command in '/home/jetpack/JetRacer/build/servo_motor' returned '0': AMENT_PREFIX_PATH=/home/jetpack/JetRacer/install/bus_msgs:${AMENT_PREFIX_PATH} CMAKE_PREFIX_PATH=/home/jetpack/JetRacer/install/bus_msgs:/opt/ros/jazzy/opt/gz_math_vendor:/opt/ros/jazzy/opt/gz_utils_vendor:/opt/ros/jazzy/opt/gz_cmake_vendor:/opt/ros/jazzy LD_LIBRARY_PATH=/home/jetpack/JetRacer/install/bus_msgs/lib:${LD_LIBRARY_PATH} PYTHONPATH=/home/jetpack/JetRacer/install/bus_msgs/lib/python3.12/site-packages:${PYTHONPATH} /usr/bin/cmake --build /home/jetpack/JetRacer/build/servo_motor -- -j4 -l4
[0.220s] Invoking command in '/home/jetpack/JetRacer/build/servo_motor': AMENT_PREFIX_PATH=/home/jetpack/JetRacer/install/bus_msgs:${AMENT_PREFIX_PATH} CMAKE_PREFIX_PATH=/home/jetpack/JetRacer/install/bus_msgs:/opt/ros/jazzy/opt/gz_math_vendor:/opt/ros/jazzy/opt/gz_utils_vendor:/opt/ros/jazzy/opt/gz_cmake_vendor:/opt/ros/jazzy LD_LIBRARY_PATH=/home/jetpack/JetRacer/install/bus_msgs/lib:${LD_LIBRARY_PATH} PYTHONPATH=/home/jetpack/JetRacer/install/bus_msgs/lib/python3.12/site-packages:${PYTHONPATH} /usr/bin/cmake --install /home/jetpack/JetRacer/build/servo_motor
[0.235s] -- Install configuration: ""
[0.236s] -- Execute custom install script
[0.237s] -- Up-to-date symlink: /home/jetpack/JetRacer/install/servo_motor/lib/servo_motor/servo_motor_node
[0.237s] -- Up-to-date symlink: /home/jetpack/JetRacer/install/servo_motor/share/ament_index/resource_index/package_run_dependencies/servo_motor
[0.237s] -- Up-to-date symlink: /home/jetpack/JetRacer/install/servo_motor/share/ament_index/resource_index/parent_prefix_path/servo_motor
[0.238s] -- Up-to-date symlink: /home/jetpack/JetRacer/install/servo_motor/share/servo_motor/environment/ament_prefix_path.sh
[0.239s] -- Up-to-date symlink: /home/jetpack/JetRacer/install/servo_motor/share/servo_motor/environment/ament_prefix_path.dsv
[0.240s] -- Up-to-date symlink: /home/jetpack/JetRacer/install/servo_motor/share/servo_motor/environment/path.sh
[0.241s] -- Up-to-date symlink: /home/jetpack/JetRacer/install/servo_motor/share/servo_motor/environment/path.dsv
[0.243s] -- Up-to-date symlink: /home/jetpack/JetRacer/install/servo_motor/share/servo_motor/local_setup.bash
[0.243s] -- Up-to-date symlink: /home/jetpack/JetRacer/install/servo_motor/share/servo_motor/local_setup.sh
[0.246s] -- Up-to-date symlink: /home/jetpack/JetRacer/install/servo_motor/share/servo_motor/local_setup.zsh
[0.246s] -- Up-to-date symlink: /home/jetpack/JetRacer/install/servo_motor/share/servo_motor/local_setup.dsv
[0.247s] -- Symlinking: /home/jetpack/JetRacer/install/servo_motor/share/servo_motor/package.dsv
[0.269s] -- Up-to-date symlink: /home/jetpack/JetRacer/install/servo_motor/share/ament_index/resource_index/packages/servo_motor
[0.276s] -- Up-to-date symlink: /home/jetpack/JetRacer/install/servo_motor/share/servo_motor/cmake/ament_cmake_export_dependencies-extras.cmake
[0.277s] -- Up-to-date symlink: /home/jetpack/JetRacer/install/servo_motor/share/servo_motor/cmake/servo_motorConfig.cmake
[0.278s] -- Up-to-date symlink: /home/jetpack/JetRacer/install/servo_motor/share/servo_motor/cmake/servo_motorConfig-version.cmake
[0.278s] -- Up-to-date symlink: /home/jetpack/JetRacer/install/servo_motor/share/servo_motor/package.xml
[0.289s] Invoked command in '/home/jetpack/JetRacer/build/servo_motor' returned '0': AMENT_PREFIX_PATH=/home/jetpack/JetRacer/install/bus_msgs:${AMENT_PREFIX_PATH} CMAKE_PREFIX_PATH=/home/jetpack/JetRacer/install/bus_msgs:/opt/ros/jazzy/opt/gz_math_vendor:/opt/ros/jazzy/opt/gz_utils_vendor:/opt/ros/jazzy/opt/gz_cmake_vendor:/opt/ros/jazzy LD_LIBRARY_PATH=/home/jetpack/JetRacer/install/bus_msgs/lib:${LD_LIBRARY_PATH} PYTHONPATH=/home/jetpack/JetRacer/install/bus_msgs/lib/python3.12/site-packages:${PYTHONPATH} /usr/bin/cmake --install /home/jetpack/JetRacer/build/servo_motor
