[0.014s] Invoking command in '/home/jetpack/piracer/build/oled_service': CMAKE_PREFIX_PATH=${CMAKE_PREFIX_PATH}:/opt/ros/jazzy /usr/bin/cmake /home/jetpack/piracer/src/peripherals/oled_service -DCMAKE_INSTALL_PREFIX=/home/jetpack/piracer/install/oled_service
[0.584s] -- The C compiler identification is GNU 13.2.0
[1.065s] -- The CXX compiler identification is GNU 13.2.0
[1.100s] -- Detecting C compiler ABI info
[1.276s] -- Detecting C compiler ABI info - done
[1.291s] -- Check for working C compiler: /usr/bin/cc - skipped
[1.291s] -- Detecting C compile features
[1.292s] -- Detecting C compile features - done
[1.309s] -- Detecting CXX compiler ABI info
[1.491s] -- Detecting CXX compiler ABI info - done
[1.506s] -- Check for working CXX compiler: /usr/bin/c++ - skipped
[1.507s] -- Detecting CXX compile features
[1.508s] -- Detecting CXX compile features - done
[1.512s] -- Found ament_cmake: 2.5.2 (/opt/ros/jazzy/share/ament_cmake/cmake)
[1.753s] -- Found Python3: /usr/bin/python3 (found version "3.12.3") found components: Interpreter 
[1.949s] -- Found rclcpp: 28.1.5 (/opt/ros/jazzy/share/rclcpp/cmake)
[2.018s] -- Found rosidl_generator_c: 4.6.4 (/opt/ros/jazzy/share/rosidl_generator_c/cmake)
[2.038s] -- Found rosidl_generator_cpp: 4.6.4 (/opt/ros/jazzy/share/rosidl_generator_cpp/cmake)
[2.067s] -- Using all available rosidl_typesupport_c: rosidl_typesupport_fastrtps_c;rosidl_typesupport_introspection_c
[2.091s] -- Using all available rosidl_typesupport_cpp: rosidl_typesupport_fastrtps_cpp;rosidl_typesupport_introspection_cpp
[2.230s] -- Found rmw_implementation_cmake: 7.3.1 (/opt/ros/jazzy/share/rmw_implementation_cmake/cmake)
[2.237s] -- Found rmw_fastrtps_cpp: 8.4.1 (/opt/ros/jazzy/share/rmw_fastrtps_cpp/cmake)
[2.396s] -- Found OpenSSL: /usr/lib/aarch64-linux-gnu/libcrypto.so (found version "3.0.13")  
[2.428s] -- Found FastRTPS: /opt/ros/jazzy/include (Required is at least version "2.13") 
[2.465s] -- Using RMW implementation 'rmw_fastrtps_cpp' as default
[2.600s] -- Found std_msgs: 5.3.5 (/opt/ros/jazzy/share/std_msgs/cmake)
[2.796s] -- Configuring done (2.8s)
[2.814s] -- Generating done (0.0s)
[2.817s] -- Build files have been written to: /home/jetpack/piracer/build/oled_service
[2.837s] Invoked command in '/home/jetpack/piracer/build/oled_service' returned '0': CMAKE_PREFIX_PATH=${CMAKE_PREFIX_PATH}:/opt/ros/jazzy /usr/bin/cmake /home/jetpack/piracer/src/peripherals/oled_service -DCMAKE_INSTALL_PREFIX=/home/jetpack/piracer/install/oled_service
[2.840s] Invoking command in '/home/jetpack/piracer/build/oled_service': CMAKE_PREFIX_PATH=${CMAKE_PREFIX_PATH}:/opt/ros/jazzy /usr/bin/cmake --build /home/jetpack/piracer/build/oled_service -- -j4 -l4
[2.933s] [ 50%] [32mBuilding C object CMakeFiles/oled_display.dir/src/ssd1306_linux/linux_i2c.c.o[0m
[2.933s] [ 50%] [32mBuilding CXX object CMakeFiles/oled_display.dir/src/main.cpp.o[0m
[2.934s] [ 75%] [32mBuilding C object CMakeFiles/oled_display.dir/src/ssd1306_linux/ssd1306.c.o[0m
[3.012s] [01m[K/home/jetpack/piracer/src/peripherals/oled_service/src/ssd1306_linux/ssd1306.c:[m[K In function ‘[01m[Kssd1306_oled_write_string[m[K’:
[3.013s] [01m[K/home/jetpack/piracer/src/peripherals/oled_service/src/ssd1306_linux/ssd1306.c:372:10:[m[K [01;35m[Kwarning: [m[Kassignment discards ‘[01m[Kconst[m[K’ qualifier from pointer target type [[01;35m[K]8;;https://gcc.gnu.org/onlinedocs/gcc/Warning-Options.html#index-Wdiscarded-qualifiers-Wdiscarded-qualifiers]8;;[m[K]
[3.013s]   372 |     line [01;35m[K=[m[K ptr;
[3.013s]       |          [01;35m[K^[m[K
[16.939s] [100%] [32m[1mLinking CXX executable oled_display[0m
[17.886s] [100%] Built target oled_display
[17.907s] Invoked command in '/home/jetpack/piracer/build/oled_service' returned '0': CMAKE_PREFIX_PATH=${CMAKE_PREFIX_PATH}:/opt/ros/jazzy /usr/bin/cmake --build /home/jetpack/piracer/build/oled_service -- -j4 -l4
[17.952s] Invoking command in '/home/jetpack/piracer/build/oled_service': CMAKE_PREFIX_PATH=${CMAKE_PREFIX_PATH}:/opt/ros/jazzy /usr/bin/cmake --install /home/jetpack/piracer/build/oled_service
[17.966s] -- Install configuration: ""
[17.967s] -- Installing: /home/jetpack/piracer/install/oled_service/lib/oled_service/oled_display
[17.974s] -- Set non-toolchain portion of runtime path of "/home/jetpack/piracer/install/oled_service/lib/oled_service/oled_display" to ""
[17.975s] -- Installing: /home/jetpack/piracer/install/oled_service/share/ament_index/resource_index/package_run_dependencies/oled_service
[17.976s] -- Installing: /home/jetpack/piracer/install/oled_service/share/ament_index/resource_index/parent_prefix_path/oled_service
[17.976s] -- Installing: /home/jetpack/piracer/install/oled_service/share/oled_service/environment/ament_prefix_path.sh
[17.976s] -- Installing: /home/jetpack/piracer/install/oled_service/share/oled_service/environment/ament_prefix_path.dsv
[17.976s] -- Installing: /home/jetpack/piracer/install/oled_service/share/oled_service/environment/path.sh
[17.976s] -- Installing: /home/jetpack/piracer/install/oled_service/share/oled_service/environment/path.dsv
[17.976s] -- Installing: /home/jetpack/piracer/install/oled_service/share/oled_service/local_setup.bash
[17.976s] -- Installing: /home/jetpack/piracer/install/oled_service/share/oled_service/local_setup.sh
[17.976s] -- Installing: /home/jetpack/piracer/install/oled_service/share/oled_service/local_setup.zsh
[17.977s] -- Installing: /home/jetpack/piracer/install/oled_service/share/oled_service/local_setup.dsv
[17.977s] -- Installing: /home/jetpack/piracer/install/oled_service/share/oled_service/package.dsv
[17.977s] -- Installing: /home/jetpack/piracer/install/oled_service/share/ament_index/resource_index/packages/oled_service
[17.977s] -- Installing: /home/jetpack/piracer/install/oled_service/share/oled_service/cmake/ament_cmake_export_dependencies-extras.cmake
[17.977s] -- Installing: /home/jetpack/piracer/install/oled_service/share/oled_service/cmake/oled_serviceConfig.cmake
[17.977s] -- Installing: /home/jetpack/piracer/install/oled_service/share/oled_service/cmake/oled_serviceConfig-version.cmake
[17.978s] -- Installing: /home/jetpack/piracer/install/oled_service/share/oled_service/package.xml
[17.981s] Invoked command in '/home/jetpack/piracer/build/oled_service' returned '0': CMAKE_PREFIX_PATH=${CMAKE_PREFIX_PATH}:/opt/ros/jazzy /usr/bin/cmake --install /home/jetpack/piracer/build/oled_service
