[0.028s] Invoking command in '/home/jetpack/JetRacer/build/can_interface': CMAKE_PREFIX_PATH=/home/jetpack/JetRacer/install/bus_msgs:/home/jetpack/JetRacer/install/servo_motor:/home/jetpack/JetRacer/install/oled_service:/home/jetpack/JetRacer/install/i2c_interface:/home/jetpack/JetRacer/install/can_interface:/home/jetpack/piracer/install/oled_service:/home/jetpack/piracer/install/i2c_interface:/home/jetpack/piracer/install/can_interface:/home/jetpack/piracer/install/bus_msgs:/opt/ros/jazzy/opt/gz_math_vendor:/opt/ros/jazzy/opt/gz_utils_vendor:/opt/ros/jazzy/opt/gz_cmake_vendor:/opt/ros/jazzy LD_LIBRARY_PATH=/home/jetpack/JetRacer/install/bus_msgs/lib:/home/jetpack/JetRacer/install/can_interface/lib:/home/jetpack/piracer/install/can_interface/lib:/home/jetpack/piracer/install/bus_msgs/lib:/opt/ros/jazzy/opt/rviz_ogre_vendor/lib:/opt/ros/jazzy/lib/aarch64-linux-gnu:/opt/ros/jazzy/opt/gz_math_vendor/lib:/opt/ros/jazzy/opt/gz_utils_vendor/lib:/opt/ros/jazzy/opt/gz_cmake_vendor/lib:/opt/ros/jazzy/lib /usr/bin/cmake --build /home/jetpack/JetRacer/build/can_interface -- -j4 -l4
[0.129s] [ 40%] Built target sockcanpp
[0.191s] [100%] Built target can_interface_node
[0.217s] Invoked command in '/home/jetpack/JetRacer/build/can_interface' returned '0': CMAKE_PREFIX_PATH=/home/jetpack/JetRacer/install/bus_msgs:/home/jetpack/JetRacer/install/servo_motor:/home/jetpack/JetRacer/install/oled_service:/home/jetpack/JetRacer/install/i2c_interface:/home/jetpack/JetRacer/install/can_interface:/home/jetpack/piracer/install/oled_service:/home/jetpack/piracer/install/i2c_interface:/home/jetpack/piracer/install/can_interface:/home/jetpack/piracer/install/bus_msgs:/opt/ros/jazzy/opt/gz_math_vendor:/opt/ros/jazzy/opt/gz_utils_vendor:/opt/ros/jazzy/opt/gz_cmake_vendor:/opt/ros/jazzy LD_LIBRARY_PATH=/home/jetpack/JetRacer/install/bus_msgs/lib:/home/jetpack/JetRacer/install/can_interface/lib:/home/jetpack/piracer/install/can_interface/lib:/home/jetpack/piracer/install/bus_msgs/lib:/opt/ros/jazzy/opt/rviz_ogre_vendor/lib:/opt/ros/jazzy/lib/aarch64-linux-gnu:/opt/ros/jazzy/opt/gz_math_vendor/lib:/opt/ros/jazzy/opt/gz_utils_vendor/lib:/opt/ros/jazzy/opt/gz_cmake_vendor/lib:/opt/ros/jazzy/lib /usr/bin/cmake --build /home/jetpack/JetRacer/build/can_interface -- -j4 -l4
[0.280s] Invoking command in '/home/jetpack/JetRacer/build/can_interface': CMAKE_PREFIX_PATH=/home/jetpack/JetRacer/install/bus_msgs:/home/jetpack/JetRacer/install/servo_motor:/home/jetpack/JetRacer/install/oled_service:/home/jetpack/JetRacer/install/i2c_interface:/home/jetpack/JetRacer/install/can_interface:/home/jetpack/piracer/install/oled_service:/home/jetpack/piracer/install/i2c_interface:/home/jetpack/piracer/install/can_interface:/home/jetpack/piracer/install/bus_msgs:/opt/ros/jazzy/opt/gz_math_vendor:/opt/ros/jazzy/opt/gz_utils_vendor:/opt/ros/jazzy/opt/gz_cmake_vendor:/opt/ros/jazzy LD_LIBRARY_PATH=/home/jetpack/JetRacer/install/bus_msgs/lib:/home/jetpack/JetRacer/install/can_interface/lib:/home/jetpack/piracer/install/can_interface/lib:/home/jetpack/piracer/install/bus_msgs/lib:/opt/ros/jazzy/opt/rviz_ogre_vendor/lib:/opt/ros/jazzy/lib/aarch64-linux-gnu:/opt/ros/jazzy/opt/gz_math_vendor/lib:/opt/ros/jazzy/opt/gz_utils_vendor/lib:/opt/ros/jazzy/opt/gz_cmake_vendor/lib:/opt/ros/jazzy/lib /usr/bin/cmake --install /home/jetpack/JetRacer/build/can_interface
[0.301s] -- Install configuration: ""
[0.302s] -- Execute custom install script
[0.302s] -- Up-to-date symlink: /home/jetpack/JetRacer/install/can_interface/lib/cmake/sockcanpp/libsockcanppConfig.cmake
[0.304s] -- Up-to-date symlink: /home/jetpack/JetRacer/install/can_interface/lib/cmake/sockcanpp/libsockcanppConfigVersion.cmake
[0.304s] -- Up-to-date symlink: /home/jetpack/JetRacer/install/can_interface/lib/pkgconfig/libsockcanpp.pc
[0.305s] -- Up-to-date symlink: /home/jetpack/JetRacer/install/can_interface/lib/can_interface/can_interface_node
[0.305s] -- Up-to-date symlink: /home/jetpack/JetRacer/install/can_interface/share/ament_index/resource_index/package_run_dependencies/can_interface
[0.305s] -- Up-to-date symlink: /home/jetpack/JetRacer/install/can_interface/share/ament_index/resource_index/parent_prefix_path/can_interface
[0.305s] -- Up-to-date symlink: /home/jetpack/JetRacer/install/can_interface/share/can_interface/environment/ament_prefix_path.sh
[0.306s] -- Up-to-date symlink: /home/jetpack/JetRacer/install/can_interface/share/can_interface/environment/ament_prefix_path.dsv
[0.306s] -- Up-to-date symlink: /home/jetpack/JetRacer/install/can_interface/share/can_interface/environment/path.sh
[0.306s] -- Up-to-date symlink: /home/jetpack/JetRacer/install/can_interface/share/can_interface/environment/path.dsv
[0.306s] -- Up-to-date symlink: /home/jetpack/JetRacer/install/can_interface/share/can_interface/local_setup.bash
[0.306s] -- Up-to-date symlink: /home/jetpack/JetRacer/install/can_interface/share/can_interface/local_setup.sh
[0.306s] -- Up-to-date symlink: /home/jetpack/JetRacer/install/can_interface/share/can_interface/local_setup.zsh
[0.306s] -- Up-to-date symlink: /home/jetpack/JetRacer/install/can_interface/share/can_interface/local_setup.dsv
[0.306s] -- Symlinking: /home/jetpack/JetRacer/install/can_interface/share/can_interface/package.dsv
[0.324s] -- Up-to-date symlink: /home/jetpack/JetRacer/install/can_interface/share/ament_index/resource_index/packages/can_interface
[0.325s] -- Up-to-date symlink: /home/jetpack/JetRacer/install/can_interface/share/can_interface/cmake/can_interfaceConfig.cmake
[0.325s] -- Up-to-date symlink: /home/jetpack/JetRacer/install/can_interface/share/can_interface/cmake/can_interfaceConfig-version.cmake
[0.325s] -- Up-to-date symlink: /home/jetpack/JetRacer/install/can_interface/share/can_interface/package.xml
[0.326s] -- Up-to-date: /home/jetpack/JetRacer/install/can_interface/lib/sockcanpp.so.1.1.0
[0.327s] -- Up-to-date: /home/jetpack/JetRacer/install/can_interface/lib/sockcanpp.so
[0.327s] -- Up-to-date: /home/jetpack/JetRacer/install/can_interface/include/CanDriver.hpp
[0.327s] -- Up-to-date: /home/jetpack/JetRacer/install/can_interface/include/CanId.hpp
[0.327s] -- Up-to-date: /home/jetpack/JetRacer/install/can_interface/include/CanMessage.hpp
[0.327s] -- Up-to-date: /home/jetpack/JetRacer/install/can_interface/lib/cmake/sockcanpp/sockcanppTargets.cmake
[0.327s] -- Up-to-date: /home/jetpack/JetRacer/install/can_interface/lib/cmake/sockcanpp/sockcanppTargets-noconfig.cmake
[0.334s] Invoked command in '/home/jetpack/JetRacer/build/can_interface' returned '0': CMAKE_PREFIX_PATH=/home/jetpack/JetRacer/install/bus_msgs:/home/jetpack/JetRacer/install/servo_motor:/home/jetpack/JetRacer/install/oled_service:/home/jetpack/JetRacer/install/i2c_interface:/home/jetpack/JetRacer/install/can_interface:/home/jetpack/piracer/install/oled_service:/home/jetpack/piracer/install/i2c_interface:/home/jetpack/piracer/install/can_interface:/home/jetpack/piracer/install/bus_msgs:/opt/ros/jazzy/opt/gz_math_vendor:/opt/ros/jazzy/opt/gz_utils_vendor:/opt/ros/jazzy/opt/gz_cmake_vendor:/opt/ros/jazzy LD_LIBRARY_PATH=/home/jetpack/JetRacer/install/bus_msgs/lib:/home/jetpack/JetRacer/install/can_interface/lib:/home/jetpack/piracer/install/can_interface/lib:/home/jetpack/piracer/install/bus_msgs/lib:/opt/ros/jazzy/opt/rviz_ogre_vendor/lib:/opt/ros/jazzy/lib/aarch64-linux-gnu:/opt/ros/jazzy/opt/gz_math_vendor/lib:/opt/ros/jazzy/opt/gz_utils_vendor/lib:/opt/ros/jazzy/opt/gz_cmake_vendor/lib:/opt/ros/jazzy/lib /usr/bin/cmake --install /home/jetpack/JetRacer/build/can_interface
