[ 40%] Built target sockcanpp
[ 60%] [32mBuilding CXX object CMakeFiles/can_interface_node.dir/src/CanInterface.cpp.o[0m
[ 80%] [32m[1mLinking CXX executable can_interface_node[0m
[100%] Built target can_interface_node
-- Install configuration: ""
-- Execute custom install script
-- Symlinking: /home/jetpack/JetRacer/install/can_interface/lib/cmake/sockcanpp/libsockcanppConfig.cmake
-- Symlinking: /home/jetpack/JetRacer/install/can_interface/lib/cmake/sockcanpp/libsockcanppConfigVersion.cmake
-- Symlinking: /home/jetpack/JetRacer/install/can_interface/lib/pkgconfig/libsockcanpp.pc
-- Symlinking: /home/jetpack/JetRacer/install/can_interface/lib/can_interface/can_interface_node
-- Symlinking: /home/jetpack/JetRacer/install/can_interface/share/ament_index/resource_index/package_run_dependencies/can_interface
-- Symlinking: /home/jetpack/JetRacer/install/can_interface/share/ament_index/resource_index/parent_prefix_path/can_interface
-- Symlinking: /home/jetpack/JetRacer/install/can_interface/share/can_interface/environment/ament_prefix_path.sh
-- Symlinking: /home/jetpack/JetRacer/install/can_interface/share/can_interface/environment/ament_prefix_path.dsv
-- Symlinking: /home/jetpack/JetRacer/install/can_interface/share/can_interface/environment/path.sh
-- Symlinking: /home/jetpack/JetRacer/install/can_interface/share/can_interface/environment/path.dsv
-- Symlinking: /home/jetpack/JetRacer/install/can_interface/share/can_interface/local_setup.bash
-- Symlinking: /home/jetpack/JetRacer/install/can_interface/share/can_interface/local_setup.sh
-- Symlinking: /home/jetpack/JetRacer/install/can_interface/share/can_interface/local_setup.zsh
-- Symlinking: /home/jetpack/JetRacer/install/can_interface/share/can_interface/local_setup.dsv
-- Symlinking: /home/jetpack/JetRacer/install/can_interface/share/can_interface/package.dsv
-- Symlinking: /home/jetpack/JetRacer/install/can_interface/share/ament_index/resource_index/packages/can_interface
-- Symlinking: /home/jetpack/JetRacer/install/can_interface/share/can_interface/cmake/can_interfaceConfig.cmake
-- Symlinking: /home/jetpack/JetRacer/install/can_interface/share/can_interface/cmake/can_interfaceConfig-version.cmake
-- Symlinking: /home/jetpack/JetRacer/install/can_interface/share/can_interface/package.xml
-- Installing: /home/jetpack/JetRacer/install/can_interface/lib/sockcanpp.so.1.1.0
-- Installing: /home/jetpack/JetRacer/install/can_interface/lib/sockcanpp.so
-- Installing: /home/jetpack/JetRacer/install/can_interface/include/CanDriver.hpp
-- Installing: /home/jetpack/JetRacer/install/can_interface/include/CanId.hpp
-- Installing: /home/jetpack/JetRacer/install/can_interface/include/CanMessage.hpp
-- Installing: /home/jetpack/JetRacer/install/can_interface/lib/cmake/sockcanpp/sockcanppTargets.cmake
-- Installing: /home/jetpack/JetRacer/install/can_interface/lib/cmake/sockcanpp/sockcanppTargets-noconfig.cmake
