[0.015s] Invoking command in '/home/pi/test_workspace/build/my_first_pkg': CMAKE_PREFIX_PATH=/opt/ros/jazzy /usr/bin/cmake /home/pi/test_workspace/src/my_first_pkg -DAMENT_CMAKE_SYMLINK_INSTALL=1 -DCMAKE_INSTALL_PREFIX=/home/pi/test_workspace/install/my_first_pkg
[0.036s] -- Found ament_cmake: 2.5.2 (/opt/ros/jazzy/share/ament_cmake/cmake)
[0.396s] -- Override CMake install command with custom implementation using symlinks instead of copying resources
[0.406s] -- Found rclcpp: 28.1.5 (/opt/ros/jazzy/share/rclcpp/cmake)
[0.437s] -- Found rosidl_generator_c: 4.6.4 (/opt/ros/jazzy/share/rosidl_generator_c/cmake)
[0.450s] -- Found rosidl_generator_cpp: 4.6.4 (/opt/ros/jazzy/share/rosidl_generator_cpp/cmake)
[0.466s] -- Using all available rosidl_typesupport_c: rosidl_typesupport_fastrtps_c;rosidl_typesupport_introspection_c
[0.488s] -- Using all available rosidl_typesupport_cpp: rosidl_typesupport_fastrtps_cpp;rosidl_typesupport_introspection_cpp
[0.579s] -- Found rmw_implementation_cmake: 7.3.1 (/opt/ros/jazzy/share/rmw_implementation_cmake/cmake)
[0.582s] -- Found rmw_fastrtps_cpp: 8.4.1 (/opt/ros/jazzy/share/rmw_fastrtps_cpp/cmake)
[0.699s] -- Found OpenSSL: /usr/lib/aarch64-linux-gnu/libcrypto.so (found version "3.0.13")  
[0.723s] -- Found FastRTPS: /opt/ros/jazzy/include (Required is at least version "2.13") 
[0.757s] -- Using RMW implementation 'rmw_fastrtps_cpp' as default
[0.845s] -- Found std_msgs: 5.3.5 (/opt/ros/jazzy/share/std_msgs/cmake)
[0.865s] -- Found ament_lint_auto: 0.17.1 (/opt/ros/jazzy/share/ament_lint_auto/cmake)
[1.060s] -- Added test 'cppcheck' to perform static code analysis on C / C++ code
[1.060s] -- Configured cppcheck include dirs: 
[1.061s] -- Configured cppcheck exclude dirs and/or files: 
[1.061s] -- Added test 'lint_cmake' to check CMake code style
[1.063s] -- Added test 'uncrustify' to check C / C++ code style
[1.063s] -- Configured uncrustify additional arguments: 
[1.063s] -- Added test 'xmllint' to check XML markup files
[1.066s] -- Configuring done (1.0s)
[1.088s] -- Generating done (0.0s)
[1.093s] -- Build files have been written to: /home/pi/test_workspace/build/my_first_pkg
[1.110s] Invoked command in '/home/pi/test_workspace/build/my_first_pkg' returned '0': CMAKE_PREFIX_PATH=/opt/ros/jazzy /usr/bin/cmake /home/pi/test_workspace/src/my_first_pkg -DAMENT_CMAKE_SYMLINK_INSTALL=1 -DCMAKE_INSTALL_PREFIX=/home/pi/test_workspace/install/my_first_pkg
[1.112s] Invoking command in '/home/pi/test_workspace/build/my_first_pkg': CMAKE_PREFIX_PATH=/opt/ros/jazzy /usr/bin/cmake --build /home/pi/test_workspace/build/my_first_pkg -- -j4 -l4
[1.240s] [100%] Built target simple
[1.261s] Invoked command in '/home/pi/test_workspace/build/my_first_pkg' returned '0': CMAKE_PREFIX_PATH=/opt/ros/jazzy /usr/bin/cmake --build /home/pi/test_workspace/build/my_first_pkg -- -j4 -l4
[1.298s] Invoking command in '/home/pi/test_workspace/build/my_first_pkg': CMAKE_PREFIX_PATH=/opt/ros/jazzy /usr/bin/cmake --install /home/pi/test_workspace/build/my_first_pkg
[1.312s] -- Install configuration: ""
[1.313s] -- Execute custom install script
[1.314s] -- Up-to-date symlink: /home/pi/test_workspace/install/my_first_pkg/lib/my_first_pkg/simple
[1.314s] -- Up-to-date symlink: /home/pi/test_workspace/install/my_first_pkg/share/ament_index/resource_index/package_run_dependencies/my_first_pkg
[1.314s] -- Up-to-date symlink: /home/pi/test_workspace/install/my_first_pkg/share/ament_index/resource_index/parent_prefix_path/my_first_pkg
[1.315s] -- Up-to-date symlink: /home/pi/test_workspace/install/my_first_pkg/share/my_first_pkg/environment/ament_prefix_path.sh
[1.315s] -- Up-to-date symlink: /home/pi/test_workspace/install/my_first_pkg/share/my_first_pkg/environment/ament_prefix_path.dsv
[1.315s] -- Up-to-date symlink: /home/pi/test_workspace/install/my_first_pkg/share/my_first_pkg/environment/path.sh
[1.315s] -- Up-to-date symlink: /home/pi/test_workspace/install/my_first_pkg/share/my_first_pkg/environment/path.dsv
[1.315s] -- Up-to-date symlink: /home/pi/test_workspace/install/my_first_pkg/share/my_first_pkg/local_setup.bash
[1.315s] -- Up-to-date symlink: /home/pi/test_workspace/install/my_first_pkg/share/my_first_pkg/local_setup.sh
[1.315s] -- Up-to-date symlink: /home/pi/test_workspace/install/my_first_pkg/share/my_first_pkg/local_setup.zsh
[1.315s] -- Up-to-date symlink: /home/pi/test_workspace/install/my_first_pkg/share/my_first_pkg/local_setup.dsv
[1.316s] -- Symlinking: /home/pi/test_workspace/install/my_first_pkg/share/my_first_pkg/package.dsv
[1.332s] -- Up-to-date symlink: /home/pi/test_workspace/install/my_first_pkg/share/ament_index/resource_index/packages/my_first_pkg
[1.332s] -- Up-to-date symlink: /home/pi/test_workspace/install/my_first_pkg/share/my_first_pkg/cmake/ament_cmake_export_dependencies-extras.cmake
[1.332s] -- Up-to-date symlink: /home/pi/test_workspace/install/my_first_pkg/share/my_first_pkg/cmake/my_first_pkgConfig.cmake
[1.333s] -- Up-to-date symlink: /home/pi/test_workspace/install/my_first_pkg/share/my_first_pkg/cmake/my_first_pkgConfig-version.cmake
[1.333s] -- Up-to-date symlink: /home/pi/test_workspace/install/my_first_pkg/share/my_first_pkg/package.xml
[1.337s] Invoked command in '/home/pi/test_workspace/build/my_first_pkg' returned '0': CMAKE_PREFIX_PATH=/opt/ros/jazzy /usr/bin/cmake --install /home/pi/test_workspace/build/my_first_pkg
