[0.139s] DEBUG:colcon:Command line arguments: ['/usr/bin/colcon', 'build', '--symlink-install']
[0.139s] DEBUG:colcon:Parsed command line arguments: Namespace(log_base=None, log_level=None, verb_name='build', build_base='build', install_base='install', merge_install=False, symlink_install=True, test_result_base=None, continue_on_error=False, executor='parallel', parallel_workers=4, event_handlers=None, ignore_user_meta=False, metas=['./colcon.meta'], base_paths=['.'], packages_ignore=None, packages_ignore_regex=None, paths=None, packages_up_to=None, packages_up_to_regex=None, packages_above=None, packages_above_and_dependencies=None, packages_above_depth=None, packages_select_by_dep=None, packages_skip_by_dep=None, packages_skip_up_to=None, packages_select_build_failed=False, packages_skip_build_finished=False, packages_select_test_failures=False, packages_skip_test_passed=False, packages_select=None, packages_skip=None, packages_select_regex=None, packages_skip_regex=None, packages_start=None, packages_end=None, allow_overriding=[], cmake_args=None, cmake_target=None, cmake_target_skip_unavailable=False, cmake_clean_cache=False, cmake_clean_first=False, cmake_force_configure=False, ament_cmake_args=None, catkin_cmake_args=None, catkin_skip_building_tests=False, mixin_files=None, mixin=None, verb_parser=<colcon_mixin.mixin.mixin_argument.MixinArgumentDecorator object at 0xffff9a358140>, verb_extension=<colcon_core.verb.build.BuildVerb object at 0xffff9a487020>, main=<bound method BuildVerb.main of <colcon_core.verb.build.BuildVerb object at 0xffff9a487020>>, mixin_verb=('build',))
[0.195s] Level 1:colcon.colcon_core.package_discovery:discover_packages(colcon_meta) check parameters
[0.195s] Level 1:colcon.colcon_core.package_discovery:discover_packages(recursive) check parameters
[0.195s] Level 1:colcon.colcon_core.package_discovery:discover_packages(ignore) check parameters
[0.195s] Level 1:colcon.colcon_core.package_discovery:discover_packages(path) check parameters
[0.195s] Level 1:colcon.colcon_core.package_discovery:discover_packages(colcon_meta) discover
[0.195s] Level 1:colcon.colcon_core.package_discovery:discover_packages(recursive) discover
[0.195s] INFO:colcon.colcon_core.package_discovery:Crawling recursively for packages in '/home/pi/test_workspace'
[0.195s] Level 1:colcon.colcon_core.package_identification:_identify(.) by extensions ['ignore', 'ignore_ament_install']
[0.195s] Level 1:colcon.colcon_core.package_identification:_identify(.) by extension 'ignore'
[0.196s] Level 1:colcon.colcon_core.package_identification:_identify(.) by extension 'ignore_ament_install'
[0.196s] Level 1:colcon.colcon_core.package_identification:_identify(.) by extensions ['colcon_pkg']
[0.196s] Level 1:colcon.colcon_core.package_identification:_identify(.) by extension 'colcon_pkg'
[0.196s] Level 1:colcon.colcon_core.package_identification:_identify(.) by extensions ['colcon_meta']
[0.196s] Level 1:colcon.colcon_core.package_identification:_identify(.) by extension 'colcon_meta'
[0.196s] Level 1:colcon.colcon_core.package_identification:_identify(.) by extensions ['ros']
[0.196s] Level 1:colcon.colcon_core.package_identification:_identify(.) by extension 'ros'
[0.233s] Level 1:colcon.colcon_core.package_identification:_identify(.) by extensions ['cmake', 'python']
[0.233s] Level 1:colcon.colcon_core.package_identification:_identify(.) by extension 'cmake'
[0.233s] Level 1:colcon.colcon_core.package_identification:_identify(.) by extension 'python'
[0.233s] Level 1:colcon.colcon_core.package_identification:_identify(.) by extensions ['python_setup_py']
[0.233s] Level 1:colcon.colcon_core.package_identification:_identify(.) by extension 'python_setup_py'
[0.234s] Level 1:colcon.colcon_core.package_identification:_identify(build) by extensions ['ignore', 'ignore_ament_install']
[0.234s] Level 1:colcon.colcon_core.package_identification:_identify(build) by extension 'ignore'
[0.234s] Level 1:colcon.colcon_core.package_identification:_identify(build) ignored
[0.234s] Level 1:colcon.colcon_core.package_identification:_identify(install) by extensions ['ignore', 'ignore_ament_install']
[0.234s] Level 1:colcon.colcon_core.package_identification:_identify(install) by extension 'ignore'
[0.234s] Level 1:colcon.colcon_core.package_identification:_identify(install) ignored
[0.234s] Level 1:colcon.colcon_core.package_identification:_identify(log) by extensions ['ignore', 'ignore_ament_install']
[0.234s] Level 1:colcon.colcon_core.package_identification:_identify(log) by extension 'ignore'
[0.234s] Level 1:colcon.colcon_core.package_identification:_identify(log) ignored
[0.234s] Level 1:colcon.colcon_core.package_identification:_identify(src) by extensions ['ignore', 'ignore_ament_install']
[0.234s] Level 1:colcon.colcon_core.package_identification:_identify(src) by extension 'ignore'
[0.235s] Level 1:colcon.colcon_core.package_identification:_identify(src) by extension 'ignore_ament_install'
[0.235s] Level 1:colcon.colcon_core.package_identification:_identify(src) by extensions ['colcon_pkg']
[0.235s] Level 1:colcon.colcon_core.package_identification:_identify(src) by extension 'colcon_pkg'
[0.235s] Level 1:colcon.colcon_core.package_identification:_identify(src) by extensions ['colcon_meta']
[0.235s] Level 1:colcon.colcon_core.package_identification:_identify(src) by extension 'colcon_meta'
[0.235s] Level 1:colcon.colcon_core.package_identification:_identify(src) by extensions ['ros']
[0.235s] Level 1:colcon.colcon_core.package_identification:_identify(src) by extension 'ros'
[0.235s] Level 1:colcon.colcon_core.package_identification:_identify(src) by extensions ['cmake', 'python']
[0.235s] Level 1:colcon.colcon_core.package_identification:_identify(src) by extension 'cmake'
[0.235s] Level 1:colcon.colcon_core.package_identification:_identify(src) by extension 'python'
[0.235s] Level 1:colcon.colcon_core.package_identification:_identify(src) by extensions ['python_setup_py']
[0.235s] Level 1:colcon.colcon_core.package_identification:_identify(src) by extension 'python_setup_py'
[0.235s] Level 1:colcon.colcon_core.package_identification:_identify(src/my_first_pkg) by extensions ['ignore', 'ignore_ament_install']
[0.235s] Level 1:colcon.colcon_core.package_identification:_identify(src/my_first_pkg) by extension 'ignore'
[0.235s] Level 1:colcon.colcon_core.package_identification:_identify(src/my_first_pkg) by extension 'ignore_ament_install'
[0.235s] Level 1:colcon.colcon_core.package_identification:_identify(src/my_first_pkg) by extensions ['colcon_pkg']
[0.235s] Level 1:colcon.colcon_core.package_identification:_identify(src/my_first_pkg) by extension 'colcon_pkg'
[0.235s] Level 1:colcon.colcon_core.package_identification:_identify(src/my_first_pkg) by extensions ['colcon_meta']
[0.235s] Level 1:colcon.colcon_core.package_identification:_identify(src/my_first_pkg) by extension 'colcon_meta'
[0.235s] Level 1:colcon.colcon_core.package_identification:_identify(src/my_first_pkg) by extensions ['ros']
[0.235s] Level 1:colcon.colcon_core.package_identification:_identify(src/my_first_pkg) by extension 'ros'
[0.239s] DEBUG:colcon.colcon_core.package_identification:Package 'src/my_first_pkg' with type 'ros.ament_cmake' and name 'my_first_pkg'
[0.239s] Level 1:colcon.colcon_core.package_identification:_identify(src/screen_service) by extensions ['ignore', 'ignore_ament_install']
[0.239s] Level 1:colcon.colcon_core.package_identification:_identify(src/screen_service) by extension 'ignore'
[0.239s] Level 1:colcon.colcon_core.package_identification:_identify(src/screen_service) by extension 'ignore_ament_install'
[0.239s] Level 1:colcon.colcon_core.package_identification:_identify(src/screen_service) by extensions ['colcon_pkg']
[0.239s] Level 1:colcon.colcon_core.package_identification:_identify(src/screen_service) by extension 'colcon_pkg'
[0.239s] Level 1:colcon.colcon_core.package_identification:_identify(src/screen_service) by extensions ['colcon_meta']
[0.239s] Level 1:colcon.colcon_core.package_identification:_identify(src/screen_service) by extension 'colcon_meta'
[0.239s] Level 1:colcon.colcon_core.package_identification:_identify(src/screen_service) by extensions ['ros']
[0.239s] Level 1:colcon.colcon_core.package_identification:_identify(src/screen_service) by extension 'ros'
[0.240s] DEBUG:colcon.colcon_core.package_identification:Package 'src/screen_service' with type 'ros.ament_cmake' and name 'screen_service'
[0.240s] Level 1:colcon.colcon_core.package_discovery:discover_packages(recursive) using defaults
[0.240s] Level 1:colcon.colcon_core.package_discovery:discover_packages(ignore) discover
[0.240s] Level 1:colcon.colcon_core.package_discovery:discover_packages(ignore) using defaults
[0.240s] Level 1:colcon.colcon_core.package_discovery:discover_packages(path) discover
[0.240s] Level 1:colcon.colcon_core.package_discovery:discover_packages(path) using defaults
[0.264s] Level 1:colcon.colcon_core.package_discovery:discover_packages(prefix_path) check parameters
[0.264s] Level 1:colcon.colcon_core.package_discovery:discover_packages(prefix_path) discover
[0.265s] WARNING:colcon.colcon_ros.prefix_path.ament:The path ' /home/pi/test_workspace/install/screen_service /home/pi/test_workspace/install/oled_display_node /home/pi/test_workspace/install/my_first_pkg /opt/ros/jazzy' in the environment variable AMENT_PREFIX_PATH doesn't exist
[0.265s] WARNING:colcon.colcon_ros.prefix_path.catkin:The path ' /home/pi/test_workspace/install/screen_service /home/pi/test_workspace/install/oled_display_node /home/pi/test_workspace/install/my_first_pkg' in the environment variable CMAKE_PREFIX_PATH doesn't exist
[0.266s] DEBUG:colcon.colcon_installed_package_information.package_discovery:Found 2 installed packages in /home/pi/test_workspace/install
[0.266s] Level 1:colcon.colcon_core.package_discovery:discover_packages(prefix_path) using defaults
[0.267s] Level 5:colcon.colcon_core.verb:set package 'my_first_pkg' build argument 'cmake_args' from command line to 'None'
[0.267s] Level 5:colcon.colcon_core.verb:set package 'my_first_pkg' build argument 'cmake_target' from command line to 'None'
[0.267s] Level 5:colcon.colcon_core.verb:set package 'my_first_pkg' build argument 'cmake_target_skip_unavailable' from command line to 'False'
[0.267s] Level 5:colcon.colcon_core.verb:set package 'my_first_pkg' build argument 'cmake_clean_cache' from command line to 'False'
[0.268s] Level 5:colcon.colcon_core.verb:set package 'my_first_pkg' build argument 'cmake_clean_first' from command line to 'False'
[0.268s] Level 5:colcon.colcon_core.verb:set package 'my_first_pkg' build argument 'cmake_force_configure' from command line to 'False'
[0.268s] Level 5:colcon.colcon_core.verb:set package 'my_first_pkg' build argument 'ament_cmake_args' from command line to 'None'
[0.268s] Level 5:colcon.colcon_core.verb:set package 'my_first_pkg' build argument 'catkin_cmake_args' from command line to 'None'
[0.268s] Level 5:colcon.colcon_core.verb:set package 'my_first_pkg' build argument 'catkin_skip_building_tests' from command line to 'False'
[0.268s] DEBUG:colcon.colcon_core.verb:Building package 'my_first_pkg' with the following arguments: {'ament_cmake_args': None, 'build_base': '/home/pi/test_workspace/build/my_first_pkg', 'catkin_cmake_args': None, 'catkin_skip_building_tests': False, 'cmake_args': None, 'cmake_clean_cache': False, 'cmake_clean_first': False, 'cmake_force_configure': False, 'cmake_target': None, 'cmake_target_skip_unavailable': False, 'install_base': '/home/pi/test_workspace/install/my_first_pkg', 'merge_install': False, 'path': '/home/pi/test_workspace/src/my_first_pkg', 'symlink_install': True, 'test_result_base': None}
[0.268s] Level 5:colcon.colcon_core.verb:set package 'screen_service' build argument 'cmake_args' from command line to 'None'
[0.268s] Level 5:colcon.colcon_core.verb:set package 'screen_service' build argument 'cmake_target' from command line to 'None'
[0.268s] Level 5:colcon.colcon_core.verb:set package 'screen_service' build argument 'cmake_target_skip_unavailable' from command line to 'False'
[0.268s] Level 5:colcon.colcon_core.verb:set package 'screen_service' build argument 'cmake_clean_cache' from command line to 'False'
[0.268s] Level 5:colcon.colcon_core.verb:set package 'screen_service' build argument 'cmake_clean_first' from command line to 'False'
[0.268s] Level 5:colcon.colcon_core.verb:set package 'screen_service' build argument 'cmake_force_configure' from command line to 'False'
[0.268s] Level 5:colcon.colcon_core.verb:set package 'screen_service' build argument 'ament_cmake_args' from command line to 'None'
[0.268s] Level 5:colcon.colcon_core.verb:set package 'screen_service' build argument 'catkin_cmake_args' from command line to 'None'
[0.268s] Level 5:colcon.colcon_core.verb:set package 'screen_service' build argument 'catkin_skip_building_tests' from command line to 'False'
[0.268s] DEBUG:colcon.colcon_core.verb:Building package 'screen_service' with the following arguments: {'ament_cmake_args': None, 'build_base': '/home/pi/test_workspace/build/screen_service', 'catkin_cmake_args': None, 'catkin_skip_building_tests': False, 'cmake_args': None, 'cmake_clean_cache': False, 'cmake_clean_first': False, 'cmake_force_configure': False, 'cmake_target': None, 'cmake_target_skip_unavailable': False, 'install_base': '/home/pi/test_workspace/install/screen_service', 'merge_install': False, 'path': '/home/pi/test_workspace/src/screen_service', 'symlink_install': True, 'test_result_base': None}
[0.268s] INFO:colcon.colcon_core.executor:Executing jobs using 'parallel' executor
[0.270s] DEBUG:colcon.colcon_parallel_executor.executor.parallel:run_until_complete
[0.270s] INFO:colcon.colcon_ros.task.ament_cmake.build:Building ROS package in '/home/pi/test_workspace/src/my_first_pkg' with build type 'ament_cmake'
[0.270s] INFO:colcon.colcon_cmake.task.cmake.build:Building CMake package in '/home/pi/test_workspace/src/my_first_pkg'
[0.273s] INFO:colcon.colcon_core.plugin_system:Skipping extension 'colcon_core.shell.bat': Not used on non-Windows systems
[0.273s] INFO:colcon.colcon_core.shell:Skip shell extension 'powershell' for command environment: Not usable outside of PowerShell
[0.273s] DEBUG:colcon.colcon_core.shell:Skip shell extension 'dsv' for command environment
[0.275s] INFO:colcon.colcon_ros.task.ament_cmake.build:Building ROS package in '/home/pi/test_workspace/src/screen_service' with build type 'ament_cmake'
[0.275s] INFO:colcon.colcon_cmake.task.cmake.build:Building CMake package in '/home/pi/test_workspace/src/screen_service'
[0.276s] INFO:colcon.colcon_core.shell:Skip shell extension 'powershell' for command environment: Not usable outside of PowerShell
[0.276s] DEBUG:colcon.colcon_core.shell:Skip shell extension 'dsv' for command environment
[0.284s] DEBUG:colcon.colcon_core.event_handler.log_command:Invoking command in '/home/pi/test_workspace/build/my_first_pkg': CMAKE_PREFIX_PATH=${CMAKE_PREFIX_PATH}: /home/pi/test_workspace/install/screen_service /home/pi/test_workspace/install/oled_display_node /home/pi/test_workspace/install/my_first_pkg /opt/ros/jazzy /usr/bin/cmake --build /home/pi/test_workspace/build/my_first_pkg -- -j4 -l4
[0.291s] DEBUG:colcon.colcon_core.event_handler.log_command:Invoking command in '/home/pi/test_workspace/build/screen_service': CMAKE_PREFIX_PATH=${CMAKE_PREFIX_PATH}: /home/pi/test_workspace/install/screen_service /home/pi/test_workspace/install/oled_display_node /home/pi/test_workspace/install/my_first_pkg /opt/ros/jazzy /usr/bin/cmake --build /home/pi/test_workspace/build/screen_service -- -j4 -l4
[0.397s] DEBUG:colcon.colcon_core.event_handler.log_command:Invoked command in '/home/pi/test_workspace/build/my_first_pkg' returned '0': CMAKE_PREFIX_PATH=${CMAKE_PREFIX_PATH}: /home/pi/test_workspace/install/screen_service /home/pi/test_workspace/install/oled_display_node /home/pi/test_workspace/install/my_first_pkg /opt/ros/jazzy /usr/bin/cmake --build /home/pi/test_workspace/build/my_first_pkg -- -j4 -l4
[0.403s] DEBUG:colcon.colcon_core.event_handler.log_command:Invoked command in '/home/pi/test_workspace/build/screen_service' returned '0': CMAKE_PREFIX_PATH=${CMAKE_PREFIX_PATH}: /home/pi/test_workspace/install/screen_service /home/pi/test_workspace/install/oled_display_node /home/pi/test_workspace/install/my_first_pkg /opt/ros/jazzy /usr/bin/cmake --build /home/pi/test_workspace/build/screen_service -- -j4 -l4
[0.449s] DEBUG:colcon.colcon_core.event_handler.log_command:Invoking command in '/home/pi/test_workspace/build/my_first_pkg': CMAKE_PREFIX_PATH=${CMAKE_PREFIX_PATH}: /home/pi/test_workspace/install/screen_service /home/pi/test_workspace/install/oled_display_node /home/pi/test_workspace/install/my_first_pkg /opt/ros/jazzy /usr/bin/cmake --install /home/pi/test_workspace/build/my_first_pkg
[0.452s] DEBUG:colcon.colcon_core.event_handler.log_command:Invoking command in '/home/pi/test_workspace/build/screen_service': CMAKE_PREFIX_PATH=${CMAKE_PREFIX_PATH}: /home/pi/test_workspace/install/screen_service /home/pi/test_workspace/install/oled_display_node /home/pi/test_workspace/install/my_first_pkg /opt/ros/jazzy /usr/bin/cmake --install /home/pi/test_workspace/build/screen_service
[0.485s] Level 1:colcon.colcon_core.environment:create_environment_scripts_only(my_first_pkg)
[0.486s] DEBUG:colcon.colcon_core.event_handler.log_command:Invoked command in '/home/pi/test_workspace/build/my_first_pkg' returned '0': CMAKE_PREFIX_PATH=${CMAKE_PREFIX_PATH}: /home/pi/test_workspace/install/screen_service /home/pi/test_workspace/install/oled_display_node /home/pi/test_workspace/install/my_first_pkg /opt/ros/jazzy /usr/bin/cmake --install /home/pi/test_workspace/build/my_first_pkg
[0.488s] Level 1:colcon.colcon_core.environment:checking '/home/pi/test_workspace/install/my_first_pkg' for CMake module files
[0.489s] Level 1:colcon.colcon_core.environment:checking '/home/pi/test_workspace/install/my_first_pkg' for CMake config files
[0.489s] Level 1:colcon.colcon_core.shell:create_environment_hook('my_first_pkg', 'cmake_prefix_path')
[0.490s] INFO:colcon.colcon_core.shell:Creating environment hook '/home/pi/test_workspace/install/my_first_pkg/share/my_first_pkg/hook/cmake_prefix_path.ps1'
[0.490s] INFO:colcon.colcon_core.shell:Creating environment descriptor '/home/pi/test_workspace/install/my_first_pkg/share/my_first_pkg/hook/cmake_prefix_path.dsv'
[0.491s] INFO:colcon.colcon_core.shell:Creating environment hook '/home/pi/test_workspace/install/my_first_pkg/share/my_first_pkg/hook/cmake_prefix_path.sh'
[0.492s] Level 1:colcon.colcon_core.environment:checking '/home/pi/test_workspace/install/my_first_pkg/lib'
[0.493s] Level 1:colcon.colcon_core.environment:checking '/home/pi/test_workspace/install/my_first_pkg/bin'
[0.493s] Level 1:colcon.colcon_core.environment:checking '/home/pi/test_workspace/install/my_first_pkg/lib/pkgconfig/my_first_pkg.pc'
[0.496s] Level 1:colcon.colcon_core.environment:checking '/home/pi/test_workspace/install/my_first_pkg/lib/python3.12/site-packages'
[0.497s] Level 1:colcon.colcon_core.environment:checking '/home/pi/test_workspace/install/my_first_pkg/bin'
[0.497s] INFO:colcon.colcon_core.shell:Creating package script '/home/pi/test_workspace/install/my_first_pkg/share/my_first_pkg/package.ps1'
[0.498s] INFO:colcon.colcon_core.shell:Creating package descriptor '/home/pi/test_workspace/install/my_first_pkg/share/my_first_pkg/package.dsv'
[0.499s] INFO:colcon.colcon_core.shell:Creating package script '/home/pi/test_workspace/install/my_first_pkg/share/my_first_pkg/package.sh'
[0.499s] INFO:colcon.colcon_core.shell:Creating package script '/home/pi/test_workspace/install/my_first_pkg/share/my_first_pkg/package.bash'
[0.500s] INFO:colcon.colcon_core.shell:Creating package script '/home/pi/test_workspace/install/my_first_pkg/share/my_first_pkg/package.zsh'
[0.501s] Level 1:colcon.colcon_core.environment:create_file_with_runtime_dependencies(/home/pi/test_workspace/install/my_first_pkg/share/colcon-core/packages/my_first_pkg)
[0.503s] Level 1:colcon.colcon_core.environment:create_environment_scripts_only(screen_service)
[0.504s] Level 1:colcon.colcon_core.environment:checking '/home/pi/test_workspace/install/screen_service' for CMake module files
[0.504s] DEBUG:colcon.colcon_core.event_handler.log_command:Invoked command in '/home/pi/test_workspace/build/screen_service' returned '0': CMAKE_PREFIX_PATH=${CMAKE_PREFIX_PATH}: /home/pi/test_workspace/install/screen_service /home/pi/test_workspace/install/oled_display_node /home/pi/test_workspace/install/my_first_pkg /opt/ros/jazzy /usr/bin/cmake --install /home/pi/test_workspace/build/screen_service
[0.505s] Level 1:colcon.colcon_core.environment:checking '/home/pi/test_workspace/install/screen_service' for CMake config files
[0.505s] Level 1:colcon.colcon_core.shell:create_environment_hook('screen_service', 'cmake_prefix_path')
[0.506s] INFO:colcon.colcon_core.shell:Creating environment hook '/home/pi/test_workspace/install/screen_service/share/screen_service/hook/cmake_prefix_path.ps1'
[0.506s] INFO:colcon.colcon_core.shell:Creating environment descriptor '/home/pi/test_workspace/install/screen_service/share/screen_service/hook/cmake_prefix_path.dsv'
[0.507s] INFO:colcon.colcon_core.shell:Creating environment hook '/home/pi/test_workspace/install/screen_service/share/screen_service/hook/cmake_prefix_path.sh'
[0.508s] Level 1:colcon.colcon_core.environment:checking '/home/pi/test_workspace/install/screen_service/lib'
[0.508s] Level 1:colcon.colcon_core.environment:checking '/home/pi/test_workspace/install/screen_service/bin'
[0.508s] Level 1:colcon.colcon_core.environment:checking '/home/pi/test_workspace/install/screen_service/lib/pkgconfig/screen_service.pc'
[0.509s] Level 1:colcon.colcon_core.environment:checking '/home/pi/test_workspace/install/screen_service/lib/python3.12/site-packages'
[0.509s] Level 1:colcon.colcon_core.environment:checking '/home/pi/test_workspace/install/screen_service/bin'
[0.509s] INFO:colcon.colcon_core.shell:Creating package script '/home/pi/test_workspace/install/screen_service/share/screen_service/package.ps1'
[0.510s] INFO:colcon.colcon_core.shell:Creating package descriptor '/home/pi/test_workspace/install/screen_service/share/screen_service/package.dsv'
[0.511s] INFO:colcon.colcon_core.shell:Creating package script '/home/pi/test_workspace/install/screen_service/share/screen_service/package.sh'
[0.511s] INFO:colcon.colcon_core.shell:Creating package script '/home/pi/test_workspace/install/screen_service/share/screen_service/package.bash'
[0.512s] INFO:colcon.colcon_core.shell:Creating package script '/home/pi/test_workspace/install/screen_service/share/screen_service/package.zsh'
[0.513s] Level 1:colcon.colcon_core.environment:create_file_with_runtime_dependencies(/home/pi/test_workspace/install/screen_service/share/colcon-core/packages/screen_service)
[0.538s] Level 1:colcon.colcon_core.environment:create_environment_scripts_only(my_first_pkg)
[0.538s] Level 1:colcon.colcon_core.environment:checking '/home/pi/test_workspace/install/my_first_pkg' for CMake module files
[0.539s] Level 1:colcon.colcon_core.environment:checking '/home/pi/test_workspace/install/my_first_pkg' for CMake config files
[0.539s] Level 1:colcon.colcon_core.shell:create_environment_hook('my_first_pkg', 'cmake_prefix_path')
[0.539s] INFO:colcon.colcon_core.shell:Creating environment hook '/home/pi/test_workspace/install/my_first_pkg/share/my_first_pkg/hook/cmake_prefix_path.ps1'
[0.540s] INFO:colcon.colcon_core.shell:Creating environment descriptor '/home/pi/test_workspace/install/my_first_pkg/share/my_first_pkg/hook/cmake_prefix_path.dsv'
[0.541s] INFO:colcon.colcon_core.shell:Creating environment hook '/home/pi/test_workspace/install/my_first_pkg/share/my_first_pkg/hook/cmake_prefix_path.sh'
[0.542s] Level 1:colcon.colcon_core.environment:checking '/home/pi/test_workspace/install/my_first_pkg/lib'
[0.542s] Level 1:colcon.colcon_core.environment:checking '/home/pi/test_workspace/install/my_first_pkg/bin'
[0.542s] Level 1:colcon.colcon_core.environment:checking '/home/pi/test_workspace/install/my_first_pkg/lib/pkgconfig/my_first_pkg.pc'
[0.543s] Level 1:colcon.colcon_core.environment:checking '/home/pi/test_workspace/install/my_first_pkg/lib/python3.12/site-packages'
[0.543s] Level 1:colcon.colcon_core.environment:checking '/home/pi/test_workspace/install/my_first_pkg/bin'
[0.544s] INFO:colcon.colcon_core.shell:Creating package script '/home/pi/test_workspace/install/my_first_pkg/share/my_first_pkg/package.ps1'
[0.544s] INFO:colcon.colcon_core.shell:Creating package descriptor '/home/pi/test_workspace/install/my_first_pkg/share/my_first_pkg/package.dsv'
[0.545s] INFO:colcon.colcon_core.shell:Creating package script '/home/pi/test_workspace/install/my_first_pkg/share/my_first_pkg/package.sh'
[0.546s] INFO:colcon.colcon_core.shell:Creating package script '/home/pi/test_workspace/install/my_first_pkg/share/my_first_pkg/package.bash'
[0.547s] INFO:colcon.colcon_core.shell:Creating package script '/home/pi/test_workspace/install/my_first_pkg/share/my_first_pkg/package.zsh'
[0.548s] Level 1:colcon.colcon_core.environment:create_file_with_runtime_dependencies(/home/pi/test_workspace/install/my_first_pkg/share/colcon-core/packages/my_first_pkg)
[0.555s] Level 1:colcon.colcon_core.environment:create_environment_scripts_only(screen_service)
[0.555s] Level 1:colcon.colcon_core.environment:checking '/home/pi/test_workspace/install/screen_service' for CMake module files
[0.556s] Level 1:colcon.colcon_core.environment:checking '/home/pi/test_workspace/install/screen_service' for CMake config files
[0.556s] Level 1:colcon.colcon_core.shell:create_environment_hook('screen_service', 'cmake_prefix_path')
[0.556s] INFO:colcon.colcon_core.shell:Creating environment hook '/home/pi/test_workspace/install/screen_service/share/screen_service/hook/cmake_prefix_path.ps1'
[0.557s] INFO:colcon.colcon_core.shell:Creating environment descriptor '/home/pi/test_workspace/install/screen_service/share/screen_service/hook/cmake_prefix_path.dsv'
[0.558s] INFO:colcon.colcon_core.shell:Creating environment hook '/home/pi/test_workspace/install/screen_service/share/screen_service/hook/cmake_prefix_path.sh'
[0.559s] Level 1:colcon.colcon_core.environment:checking '/home/pi/test_workspace/install/screen_service/lib'
[0.559s] Level 1:colcon.colcon_core.environment:checking '/home/pi/test_workspace/install/screen_service/bin'
[0.559s] Level 1:colcon.colcon_core.environment:checking '/home/pi/test_workspace/install/screen_service/lib/pkgconfig/screen_service.pc'
[0.559s] Level 1:colcon.colcon_core.environment:checking '/home/pi/test_workspace/install/screen_service/lib/python3.12/site-packages'
[0.560s] Level 1:colcon.colcon_core.environment:checking '/home/pi/test_workspace/install/screen_service/bin'
[0.560s] INFO:colcon.colcon_core.shell:Creating package script '/home/pi/test_workspace/install/screen_service/share/screen_service/package.ps1'
[0.560s] INFO:colcon.colcon_core.shell:Creating package descriptor '/home/pi/test_workspace/install/screen_service/share/screen_service/package.dsv'
[0.561s] INFO:colcon.colcon_core.shell:Creating package script '/home/pi/test_workspace/install/screen_service/share/screen_service/package.sh'
[0.562s] INFO:colcon.colcon_core.shell:Creating package script '/home/pi/test_workspace/install/screen_service/share/screen_service/package.bash'
[0.562s] INFO:colcon.colcon_core.shell:Creating package script '/home/pi/test_workspace/install/screen_service/share/screen_service/package.zsh'
[0.563s] Level 1:colcon.colcon_core.environment:create_file_with_runtime_dependencies(/home/pi/test_workspace/install/screen_service/share/colcon-core/packages/screen_service)
[0.564s] DEBUG:colcon.colcon_parallel_executor.executor.parallel:closing loop
[0.565s] DEBUG:colcon.colcon_parallel_executor.executor.parallel:loop closed
[0.565s] DEBUG:colcon.colcon_parallel_executor.executor.parallel:run_until_complete finished with '0'
[0.565s] DEBUG:colcon.colcon_core.event_reactor:joining thread
[0.574s] INFO:colcon.colcon_core.plugin_system:Skipping extension 'colcon_notification.desktop_notification.notify_send': Could not find 'notify-send'
[0.575s] INFO:colcon.colcon_core.plugin_system:Skipping extension 'colcon_notification.desktop_notification.terminal_notifier': Not used on non-Darwin systems
[0.575s] INFO:colcon.colcon_core.plugin_system:Skipping extension 'colcon_notification.desktop_notification.win32': Not used on non-Windows systems
[0.575s] INFO:colcon.colcon_notification.desktop_notification:Sending desktop notification using 'notify2'
[0.576s] DEBUG:colcon.colcon_notification.desktop_notification.notify2:Failed to initialize notify2: org.freedesktop.DBus.Error.ServiceUnknown: The name org.freedesktop.Notifications was not provided by any .service files
[0.576s] DEBUG:colcon.colcon_core.event_reactor:joined thread
[0.576s] INFO:colcon.colcon_core.shell:Creating prefix script '/home/pi/test_workspace/install/local_setup.ps1'
[0.578s] INFO:colcon.colcon_core.shell:Creating prefix util module '/home/pi/test_workspace/install/_local_setup_util_ps1.py'
[0.579s] INFO:colcon.colcon_core.shell:Creating prefix chain script '/home/pi/test_workspace/install/setup.ps1'
[0.580s] INFO:colcon.colcon_core.shell:Creating prefix script '/home/pi/test_workspace/install/local_setup.sh'
[0.581s] INFO:colcon.colcon_core.shell:Creating prefix util module '/home/pi/test_workspace/install/_local_setup_util_sh.py'
[0.582s] INFO:colcon.colcon_core.shell:Creating prefix chain script '/home/pi/test_workspace/install/setup.sh'
[0.583s] INFO:colcon.colcon_core.shell:Creating prefix script '/home/pi/test_workspace/install/local_setup.bash'
[0.584s] INFO:colcon.colcon_core.shell:Creating prefix chain script '/home/pi/test_workspace/install/setup.bash'
[0.585s] INFO:colcon.colcon_core.shell:Creating prefix script '/home/pi/test_workspace/install/local_setup.zsh'
[0.586s] INFO:colcon.colcon_core.shell:Creating prefix chain script '/home/pi/test_workspace/install/setup.zsh'
