[0.012s] Invoking command in '/home/jetpack/piracer/build/can_interface': AMENT_PREFIX_PATH=/home/jetpack/piracer/install/bus_msgs:${AMENT_PREFIX_PATH} CMAKE_PREFIX_PATH=/home/jetpack/piracer/install/bus_msgs:/opt/ros/jazzy/opt/gz_math_vendor:/opt/ros/jazzy/opt/gz_utils_vendor:/opt/ros/jazzy/opt/gz_cmake_vendor:/opt/ros/jazzy LD_LIBRARY_PATH=/home/jetpack/piracer/install/bus_msgs/lib:${LD_LIBRARY_PATH} PYTHONPATH=/home/jetpack/piracer/install/bus_msgs/lib/python3.12/site-packages:${PYTHONPATH} /usr/bin/cmake /home/jetpack/piracer/src/bus_interfaces/can_interface -DCMAKE_INSTALL_PREFIX=/home/jetpack/piracer/install/can_interface
[0.114s] -- The C compiler identification is GNU 13.2.0
[0.216s] -- The CXX compiler identification is GNU 13.2.0
[0.242s] -- Detecting C compiler ABI info
[0.396s] -- Detecting C compiler ABI info - done
[0.410s] -- Check for working C compiler: /usr/bin/cc - skipped
[0.410s] -- Detecting C compile features
[0.411s] -- Detecting C compile features - done
[0.426s] -- Detecting CXX compiler ABI info
[0.600s] -- Detecting CXX compiler ABI info - done
[0.614s] -- Check for working CXX compiler: /usr/bin/c++ - skipped
[0.615s] -- Detecting CXX compile features
[0.615s] -- Detecting CXX compile features - done
[0.619s] -- Found ament_cmake: 2.5.2 (/opt/ros/jazzy/share/ament_cmake/cmake)
[0.839s] -- Found Python3: /usr/bin/python3 (found version "3.12.3") found components: Interpreter 
[1.014s] -- Found rclcpp: 28.1.5 (/opt/ros/jazzy/share/rclcpp/cmake)
[1.066s] -- Found rosidl_generator_c: 4.6.4 (/opt/ros/jazzy/share/rosidl_generator_c/cmake)
[1.085s] -- Found rosidl_generator_cpp: 4.6.4 (/opt/ros/jazzy/share/rosidl_generator_cpp/cmake)
[1.108s] -- Using all available rosidl_typesupport_c: rosidl_typesupport_fastrtps_c;rosidl_typesupport_introspection_c
[1.134s] -- Using all available rosidl_typesupport_cpp: rosidl_typesupport_fastrtps_cpp;rosidl_typesupport_introspection_cpp
[1.238s] -- Found rmw_implementation_cmake: 7.3.1 (/opt/ros/jazzy/share/rmw_implementation_cmake/cmake)
[1.243s] -- Found rmw_fastrtps_cpp: 8.4.1 (/opt/ros/jazzy/share/rmw_fastrtps_cpp/cmake)
[1.371s] -- Found OpenSSL: /usr/lib/aarch64-linux-gnu/libcrypto.so (found version "3.0.13")  
[1.397s] -- Found FastRTPS: /opt/ros/jazzy/include (Required is at least version "2.13") 
[1.433s] -- Using RMW implementation 'rmw_fastrtps_cpp' as default
[1.530s] -- Found bus_msgs: 0.0.0 (/home/jetpack/piracer/install/bus_msgs/share/bus_msgs/cmake)
[6.489s] -- Configuring done (6.5s)
[6.512s] -- Generating done (0.0s)
[6.515s] -- Build files have been written to: /home/jetpack/piracer/build/can_interface
[6.539s] Invoked command in '/home/jetpack/piracer/build/can_interface' returned '0': AMENT_PREFIX_PATH=/home/jetpack/piracer/install/bus_msgs:${AMENT_PREFIX_PATH} CMAKE_PREFIX_PATH=/home/jetpack/piracer/install/bus_msgs:/opt/ros/jazzy/opt/gz_math_vendor:/opt/ros/jazzy/opt/gz_utils_vendor:/opt/ros/jazzy/opt/gz_cmake_vendor:/opt/ros/jazzy LD_LIBRARY_PATH=/home/jetpack/piracer/install/bus_msgs/lib:${LD_LIBRARY_PATH} PYTHONPATH=/home/jetpack/piracer/install/bus_msgs/lib/python3.12/site-packages:${PYTHONPATH} /usr/bin/cmake /home/jetpack/piracer/src/bus_interfaces/can_interface -DCMAKE_INSTALL_PREFIX=/home/jetpack/piracer/install/can_interface
[6.541s] Invoking command in '/home/jetpack/piracer/build/can_interface': AMENT_PREFIX_PATH=/home/jetpack/piracer/install/bus_msgs:${AMENT_PREFIX_PATH} CMAKE_PREFIX_PATH=/home/jetpack/piracer/install/bus_msgs:/opt/ros/jazzy/opt/gz_math_vendor:/opt/ros/jazzy/opt/gz_utils_vendor:/opt/ros/jazzy/opt/gz_cmake_vendor:/opt/ros/jazzy LD_LIBRARY_PATH=/home/jetpack/piracer/install/bus_msgs/lib:${LD_LIBRARY_PATH} PYTHONPATH=/home/jetpack/piracer/install/bus_msgs/lib/python3.12/site-packages:${PYTHONPATH} /usr/bin/cmake --build /home/jetpack/piracer/build/can_interface -- -j4 -l4
[6.632s] [ 25%] [32mBuilding CXX object _deps/sockcanpp-build/CMakeFiles/sockcanpp.dir/src/CanDriver.cpp.o[0m
[7.373s] [ 50%] [32m[1mLinking CXX shared library sockcanpp.so[0m
[7.542s] [ 50%] Built target sockcanpp
[7.577s] [ 75%] [32mBuilding CXX object CMakeFiles/can_interface_node.dir/src/main.cpp.o[0m
[14.070s] [100%] [32m[1mLinking CXX executable can_interface_node[0m
[14.369s] [100%] Built target can_interface_node
[14.389s] Invoked command in '/home/jetpack/piracer/build/can_interface' returned '0': AMENT_PREFIX_PATH=/home/jetpack/piracer/install/bus_msgs:${AMENT_PREFIX_PATH} CMAKE_PREFIX_PATH=/home/jetpack/piracer/install/bus_msgs:/opt/ros/jazzy/opt/gz_math_vendor:/opt/ros/jazzy/opt/gz_utils_vendor:/opt/ros/jazzy/opt/gz_cmake_vendor:/opt/ros/jazzy LD_LIBRARY_PATH=/home/jetpack/piracer/install/bus_msgs/lib:${LD_LIBRARY_PATH} PYTHONPATH=/home/jetpack/piracer/install/bus_msgs/lib/python3.12/site-packages:${PYTHONPATH} /usr/bin/cmake --build /home/jetpack/piracer/build/can_interface -- -j4 -l4
[14.430s] Invoking command in '/home/jetpack/piracer/build/can_interface': AMENT_PREFIX_PATH=/home/jetpack/piracer/install/bus_msgs:${AMENT_PREFIX_PATH} CMAKE_PREFIX_PATH=/home/jetpack/piracer/install/bus_msgs:/opt/ros/jazzy/opt/gz_math_vendor:/opt/ros/jazzy/opt/gz_utils_vendor:/opt/ros/jazzy/opt/gz_cmake_vendor:/opt/ros/jazzy LD_LIBRARY_PATH=/home/jetpack/piracer/install/bus_msgs/lib:${LD_LIBRARY_PATH} PYTHONPATH=/home/jetpack/piracer/install/bus_msgs/lib/python3.12/site-packages:${PYTHONPATH} /usr/bin/cmake --install /home/jetpack/piracer/build/can_interface
[14.445s] -- Install configuration: ""
[14.445s] -- Installing: /home/jetpack/piracer/install/can_interface/lib/can_interface/can_interface_node
[14.447s] -- Set non-toolchain portion of runtime path of "/home/jetpack/piracer/install/can_interface/lib/can_interface/can_interface_node" to ""
[14.447s] -- Installing: /home/jetpack/piracer/install/can_interface/share/ament_index/resource_index/package_run_dependencies/can_interface
[14.448s] -- Installing: /home/jetpack/piracer/install/can_interface/share/ament_index/resource_index/parent_prefix_path/can_interface
[14.448s] -- Installing: /home/jetpack/piracer/install/can_interface/share/can_interface/environment/ament_prefix_path.sh
[14.448s] -- Installing: /home/jetpack/piracer/install/can_interface/share/can_interface/environment/ament_prefix_path.dsv
[14.448s] -- Installing: /home/jetpack/piracer/install/can_interface/share/can_interface/environment/path.sh
[14.448s] -- Installing: /home/jetpack/piracer/install/can_interface/share/can_interface/environment/path.dsv
[14.449s] -- Installing: /home/jetpack/piracer/install/can_interface/share/can_interface/local_setup.bash
[14.449s] -- Installing: /home/jetpack/piracer/install/can_interface/share/can_interface/local_setup.sh
[14.449s] -- Installing: /home/jetpack/piracer/install/can_interface/share/can_interface/local_setup.zsh
[14.449s] -- Installing: /home/jetpack/piracer/install/can_interface/share/can_interface/local_setup.dsv
[14.449s] -- Installing: /home/jetpack/piracer/install/can_interface/share/can_interface/package.dsv
[14.449s] -- Installing: /home/jetpack/piracer/install/can_interface/share/ament_index/resource_index/packages/can_interface
[14.450s] -- Installing: /home/jetpack/piracer/install/can_interface/share/can_interface/cmake/can_interfaceConfig.cmake
[14.450s] -- Installing: /home/jetpack/piracer/install/can_interface/share/can_interface/cmake/can_interfaceConfig-version.cmake
[14.450s] -- Installing: /home/jetpack/piracer/install/can_interface/share/can_interface/package.xml
[14.451s] -- Installing: /home/jetpack/piracer/install/can_interface/lib/sockcanpp.so.1.1.0
[14.451s] -- Installing: /home/jetpack/piracer/install/can_interface/lib/sockcanpp.so
[14.451s] -- Installing: /home/jetpack/piracer/install/can_interface/include/CanDriver.hpp
[14.451s] -- Installing: /home/jetpack/piracer/install/can_interface/include/CanId.hpp
[14.451s] -- Installing: /home/jetpack/piracer/install/can_interface/include/CanMessage.hpp
[14.452s] -- Installing: /home/jetpack/piracer/install/can_interface/lib/cmake/sockcanpp/sockcanppTargets.cmake
[14.452s] -- Installing: /home/jetpack/piracer/install/can_interface/lib/cmake/sockcanpp/sockcanppTargets-noconfig.cmake
[14.452s] -- Installing: /home/jetpack/piracer/install/can_interface/lib/cmake/sockcanpp/libsockcanppConfig.cmake
[14.452s] -- Installing: /home/jetpack/piracer/install/can_interface/lib/cmake/sockcanpp/libsockcanppConfigVersion.cmake
[14.452s] -- Installing: /home/jetpack/piracer/install/can_interface/lib/pkgconfig/libsockcanpp.pc
[14.456s] Invoked command in '/home/jetpack/piracer/build/can_interface' returned '0': AMENT_PREFIX_PATH=/home/jetpack/piracer/install/bus_msgs:${AMENT_PREFIX_PATH} CMAKE_PREFIX_PATH=/home/jetpack/piracer/install/bus_msgs:/opt/ros/jazzy/opt/gz_math_vendor:/opt/ros/jazzy/opt/gz_utils_vendor:/opt/ros/jazzy/opt/gz_cmake_vendor:/opt/ros/jazzy LD_LIBRARY_PATH=/home/jetpack/piracer/install/bus_msgs/lib:${LD_LIBRARY_PATH} PYTHONPATH=/home/jetpack/piracer/install/bus_msgs/lib/python3.12/site-packages:${PYTHONPATH} /usr/bin/cmake --install /home/jetpack/piracer/build/can_interface
