[0.141s] DEBUG:colcon:Command line arguments: ['/usr/bin/colcon', 'build']
[0.141s] DEBUG:colcon:Parsed command line arguments: Namespace(log_base=None, log_level=None, verb_name='build', build_base='build', install_base='install', merge_install=False, symlink_install=False, test_result_base=None, continue_on_error=False, executor='parallel', parallel_workers=4, event_handlers=None, ignore_user_meta=False, metas=['./colcon.meta'], base_paths=['.'], packages_ignore=None, packages_ignore_regex=None, paths=None, packages_up_to=None, packages_up_to_regex=None, packages_above=None, packages_above_and_dependencies=None, packages_above_depth=None, packages_select_by_dep=None, packages_skip_by_dep=None, packages_skip_up_to=None, packages_select_build_failed=False, packages_skip_build_finished=False, packages_select_test_failures=False, packages_skip_test_passed=False, packages_select=None, packages_skip=None, packages_select_regex=None, packages_skip_regex=None, packages_start=None, packages_end=None, allow_overriding=[], cmake_args=None, cmake_target=None, cmake_target_skip_unavailable=False, cmake_clean_cache=False, cmake_clean_first=False, cmake_force_configure=False, ament_cmake_args=None, catkin_cmake_args=None, catkin_skip_building_tests=False, mixin_files=None, mixin=None, verb_parser=<colcon_mixin.mixin.mixin_argument.MixinArgumentDecorator object at 0xffffaceeee70>, verb_extension=<colcon_core.verb.build.BuildVerb object at 0xffffad0a9be0>, main=<bound method BuildVerb.main of <colcon_core.verb.build.BuildVerb object at 0xffffad0a9be0>>, mixin_verb=('build',))
[0.197s] Level 1:colcon.colcon_core.package_discovery:discover_packages(colcon_meta) check parameters
[0.197s] Level 1:colcon.colcon_core.package_discovery:discover_packages(recursive) check parameters
[0.197s] Level 1:colcon.colcon_core.package_discovery:discover_packages(ignore) check parameters
[0.197s] Level 1:colcon.colcon_core.package_discovery:discover_packages(path) check parameters
[0.197s] Level 1:colcon.colcon_core.package_discovery:discover_packages(colcon_meta) discover
[0.197s] Level 1:colcon.colcon_core.package_discovery:discover_packages(recursive) discover
[0.197s] INFO:colcon.colcon_core.package_discovery:Crawling recursively for packages in '/home/jetpack/piracer'
[0.197s] Level 1:colcon.colcon_core.package_identification:_identify(.) by extensions ['ignore', 'ignore_ament_install']
[0.198s] Level 1:colcon.colcon_core.package_identification:_identify(.) by extension 'ignore'
[0.198s] Level 1:colcon.colcon_core.package_identification:_identify(.) by extension 'ignore_ament_install'
[0.198s] Level 1:colcon.colcon_core.package_identification:_identify(.) by extensions ['colcon_pkg']
[0.198s] Level 1:colcon.colcon_core.package_identification:_identify(.) by extension 'colcon_pkg'
[0.198s] Level 1:colcon.colcon_core.package_identification:_identify(.) by extensions ['colcon_meta']
[0.198s] Level 1:colcon.colcon_core.package_identification:_identify(.) by extension 'colcon_meta'
[0.198s] Level 1:colcon.colcon_core.package_identification:_identify(.) by extensions ['ros']
[0.198s] Level 1:colcon.colcon_core.package_identification:_identify(.) by extension 'ros'
[0.234s] Level 1:colcon.colcon_core.package_identification:_identify(.) by extensions ['cmake', 'python']
[0.234s] Level 1:colcon.colcon_core.package_identification:_identify(.) by extension 'cmake'
[0.234s] Level 1:colcon.colcon_core.package_identification:_identify(.) by extension 'python'
[0.234s] Level 1:colcon.colcon_core.package_identification:_identify(.) by extensions ['python_setup_py']
[0.235s] Level 1:colcon.colcon_core.package_identification:_identify(.) by extension 'python_setup_py'
[0.235s] Level 1:colcon.colcon_core.package_identification:_identify(build) by extensions ['ignore', 'ignore_ament_install']
[0.235s] Level 1:colcon.colcon_core.package_identification:_identify(build) by extension 'ignore'
[0.235s] Level 1:colcon.colcon_core.package_identification:_identify(build) ignored
[0.235s] Level 1:colcon.colcon_core.package_identification:_identify(install) by extensions ['ignore', 'ignore_ament_install']
[0.235s] Level 1:colcon.colcon_core.package_identification:_identify(install) by extension 'ignore'
[0.235s] Level 1:colcon.colcon_core.package_identification:_identify(install) ignored
[0.235s] Level 1:colcon.colcon_core.package_identification:_identify(log) by extensions ['ignore', 'ignore_ament_install']
[0.235s] Level 1:colcon.colcon_core.package_identification:_identify(log) by extension 'ignore'
[0.235s] Level 1:colcon.colcon_core.package_identification:_identify(log) ignored
[0.235s] Level 1:colcon.colcon_core.package_identification:_identify(src) by extensions ['ignore', 'ignore_ament_install']
[0.236s] Level 1:colcon.colcon_core.package_identification:_identify(src) by extension 'ignore'
[0.236s] Level 1:colcon.colcon_core.package_identification:_identify(src) by extension 'ignore_ament_install'
[0.236s] Level 1:colcon.colcon_core.package_identification:_identify(src) by extensions ['colcon_pkg']
[0.236s] Level 1:colcon.colcon_core.package_identification:_identify(src) by extension 'colcon_pkg'
[0.236s] Level 1:colcon.colcon_core.package_identification:_identify(src) by extensions ['colcon_meta']
[0.236s] Level 1:colcon.colcon_core.package_identification:_identify(src) by extension 'colcon_meta'
[0.236s] Level 1:colcon.colcon_core.package_identification:_identify(src) by extensions ['ros']
[0.236s] Level 1:colcon.colcon_core.package_identification:_identify(src) by extension 'ros'
[0.236s] Level 1:colcon.colcon_core.package_identification:_identify(src) by extensions ['cmake', 'python']
[0.236s] Level 1:colcon.colcon_core.package_identification:_identify(src) by extension 'cmake'
[0.236s] Level 1:colcon.colcon_core.package_identification:_identify(src) by extension 'python'
[0.236s] Level 1:colcon.colcon_core.package_identification:_identify(src) by extensions ['python_setup_py']
[0.236s] Level 1:colcon.colcon_core.package_identification:_identify(src) by extension 'python_setup_py'
[0.236s] Level 1:colcon.colcon_core.package_identification:_identify(src/bus_interfaces) by extensions ['ignore', 'ignore_ament_install']
[0.236s] Level 1:colcon.colcon_core.package_identification:_identify(src/bus_interfaces) by extension 'ignore'
[0.236s] Level 1:colcon.colcon_core.package_identification:_identify(src/bus_interfaces) by extension 'ignore_ament_install'
[0.236s] Level 1:colcon.colcon_core.package_identification:_identify(src/bus_interfaces) by extensions ['colcon_pkg']
[0.236s] Level 1:colcon.colcon_core.package_identification:_identify(src/bus_interfaces) by extension 'colcon_pkg'
[0.236s] Level 1:colcon.colcon_core.package_identification:_identify(src/bus_interfaces) by extensions ['colcon_meta']
[0.236s] Level 1:colcon.colcon_core.package_identification:_identify(src/bus_interfaces) by extension 'colcon_meta'
[0.237s] Level 1:colcon.colcon_core.package_identification:_identify(src/bus_interfaces) by extensions ['ros']
[0.237s] Level 1:colcon.colcon_core.package_identification:_identify(src/bus_interfaces) by extension 'ros'
[0.237s] Level 1:colcon.colcon_core.package_identification:_identify(src/bus_interfaces) by extensions ['cmake', 'python']
[0.237s] Level 1:colcon.colcon_core.package_identification:_identify(src/bus_interfaces) by extension 'cmake'
[0.237s] Level 1:colcon.colcon_core.package_identification:_identify(src/bus_interfaces) by extension 'python'
[0.237s] Level 1:colcon.colcon_core.package_identification:_identify(src/bus_interfaces) by extensions ['python_setup_py']
[0.237s] Level 1:colcon.colcon_core.package_identification:_identify(src/bus_interfaces) by extension 'python_setup_py'
[0.237s] Level 1:colcon.colcon_core.package_identification:_identify(src/bus_interfaces/bus_msgs) by extensions ['ignore', 'ignore_ament_install']
[0.237s] Level 1:colcon.colcon_core.package_identification:_identify(src/bus_interfaces/bus_msgs) by extension 'ignore'
[0.237s] Level 1:colcon.colcon_core.package_identification:_identify(src/bus_interfaces/bus_msgs) by extension 'ignore_ament_install'
[0.237s] Level 1:colcon.colcon_core.package_identification:_identify(src/bus_interfaces/bus_msgs) by extensions ['colcon_pkg']
[0.237s] Level 1:colcon.colcon_core.package_identification:_identify(src/bus_interfaces/bus_msgs) by extension 'colcon_pkg'
[0.237s] Level 1:colcon.colcon_core.package_identification:_identify(src/bus_interfaces/bus_msgs) by extensions ['colcon_meta']
[0.237s] Level 1:colcon.colcon_core.package_identification:_identify(src/bus_interfaces/bus_msgs) by extension 'colcon_meta'
[0.237s] Level 1:colcon.colcon_core.package_identification:_identify(src/bus_interfaces/bus_msgs) by extensions ['ros']
[0.237s] Level 1:colcon.colcon_core.package_identification:_identify(src/bus_interfaces/bus_msgs) by extension 'ros'
[0.240s] DEBUG:colcon.colcon_core.package_identification:Package 'src/bus_interfaces/bus_msgs' with type 'ros.ament_cmake' and name 'bus_msgs'
[0.240s] Level 1:colcon.colcon_core.package_identification:_identify(src/bus_interfaces/can_interface) by extensions ['ignore', 'ignore_ament_install']
[0.241s] Level 1:colcon.colcon_core.package_identification:_identify(src/bus_interfaces/can_interface) by extension 'ignore'
[0.241s] Level 1:colcon.colcon_core.package_identification:_identify(src/bus_interfaces/can_interface) by extension 'ignore_ament_install'
[0.241s] Level 1:colcon.colcon_core.package_identification:_identify(src/bus_interfaces/can_interface) by extensions ['colcon_pkg']
[0.241s] Level 1:colcon.colcon_core.package_identification:_identify(src/bus_interfaces/can_interface) by extension 'colcon_pkg'
[0.241s] Level 1:colcon.colcon_core.package_identification:_identify(src/bus_interfaces/can_interface) by extensions ['colcon_meta']
[0.241s] Level 1:colcon.colcon_core.package_identification:_identify(src/bus_interfaces/can_interface) by extension 'colcon_meta'
[0.241s] Level 1:colcon.colcon_core.package_identification:_identify(src/bus_interfaces/can_interface) by extensions ['ros']
[0.241s] Level 1:colcon.colcon_core.package_identification:_identify(src/bus_interfaces/can_interface) by extension 'ros'
[0.242s] DEBUG:colcon.colcon_core.package_identification:Package 'src/bus_interfaces/can_interface' with type 'ros.ament_cmake' and name 'can_interface'
[0.242s] Level 1:colcon.colcon_core.package_identification:_identify(src/peripherals) by extensions ['ignore', 'ignore_ament_install']
[0.242s] Level 1:colcon.colcon_core.package_identification:_identify(src/peripherals) by extension 'ignore'
[0.242s] Level 1:colcon.colcon_core.package_identification:_identify(src/peripherals) by extension 'ignore_ament_install'
[0.242s] Level 1:colcon.colcon_core.package_identification:_identify(src/peripherals) by extensions ['colcon_pkg']
[0.242s] Level 1:colcon.colcon_core.package_identification:_identify(src/peripherals) by extension 'colcon_pkg'
[0.242s] Level 1:colcon.colcon_core.package_identification:_identify(src/peripherals) by extensions ['colcon_meta']
[0.242s] Level 1:colcon.colcon_core.package_identification:_identify(src/peripherals) by extension 'colcon_meta'
[0.242s] Level 1:colcon.colcon_core.package_identification:_identify(src/peripherals) by extensions ['ros']
[0.242s] Level 1:colcon.colcon_core.package_identification:_identify(src/peripherals) by extension 'ros'
[0.242s] Level 1:colcon.colcon_core.package_identification:_identify(src/peripherals) by extensions ['cmake', 'python']
[0.242s] Level 1:colcon.colcon_core.package_identification:_identify(src/peripherals) by extension 'cmake'
[0.242s] Level 1:colcon.colcon_core.package_identification:_identify(src/peripherals) by extension 'python'
[0.242s] Level 1:colcon.colcon_core.package_identification:_identify(src/peripherals) by extensions ['python_setup_py']
[0.242s] Level 1:colcon.colcon_core.package_identification:_identify(src/peripherals) by extension 'python_setup_py'
[0.242s] Level 1:colcon.colcon_core.package_identification:_identify(src/peripherals/oled_service) by extensions ['ignore', 'ignore_ament_install']
[0.242s] Level 1:colcon.colcon_core.package_identification:_identify(src/peripherals/oled_service) by extension 'ignore'
[0.243s] Level 1:colcon.colcon_core.package_identification:_identify(src/peripherals/oled_service) by extension 'ignore_ament_install'
[0.243s] Level 1:colcon.colcon_core.package_identification:_identify(src/peripherals/oled_service) by extensions ['colcon_pkg']
[0.243s] Level 1:colcon.colcon_core.package_identification:_identify(src/peripherals/oled_service) by extension 'colcon_pkg'
[0.243s] Level 1:colcon.colcon_core.package_identification:_identify(src/peripherals/oled_service) by extensions ['colcon_meta']
[0.243s] Level 1:colcon.colcon_core.package_identification:_identify(src/peripherals/oled_service) by extension 'colcon_meta'
[0.243s] Level 1:colcon.colcon_core.package_identification:_identify(src/peripherals/oled_service) by extensions ['ros']
[0.243s] Level 1:colcon.colcon_core.package_identification:_identify(src/peripherals/oled_service) by extension 'ros'
[0.243s] DEBUG:colcon.colcon_core.package_identification:Package 'src/peripherals/oled_service' with type 'ros.ament_cmake' and name 'oled_service'
[0.243s] Level 1:colcon.colcon_core.package_discovery:discover_packages(recursive) using defaults
[0.243s] Level 1:colcon.colcon_core.package_discovery:discover_packages(ignore) discover
[0.244s] Level 1:colcon.colcon_core.package_discovery:discover_packages(ignore) using defaults
[0.244s] Level 1:colcon.colcon_core.package_discovery:discover_packages(path) discover
[0.244s] Level 1:colcon.colcon_core.package_discovery:discover_packages(path) using defaults
[0.267s] Level 1:colcon.colcon_core.package_discovery:discover_packages(prefix_path) check parameters
[0.267s] Level 1:colcon.colcon_core.package_discovery:discover_packages(prefix_path) discover
[0.270s] DEBUG:colcon.colcon_installed_package_information.package_discovery:Found 285 installed packages in /opt/ros/jazzy
[0.271s] Level 1:colcon.colcon_core.package_discovery:discover_packages(prefix_path) using defaults
[0.329s] Level 5:colcon.colcon_core.verb:set package 'bus_msgs' build argument 'cmake_args' from command line to 'None'
[0.329s] Level 5:colcon.colcon_core.verb:set package 'bus_msgs' build argument 'cmake_target' from command line to 'None'
[0.329s] Level 5:colcon.colcon_core.verb:set package 'bus_msgs' build argument 'cmake_target_skip_unavailable' from command line to 'False'
[0.329s] Level 5:colcon.colcon_core.verb:set package 'bus_msgs' build argument 'cmake_clean_cache' from command line to 'False'
[0.329s] Level 5:colcon.colcon_core.verb:set package 'bus_msgs' build argument 'cmake_clean_first' from command line to 'False'
[0.329s] Level 5:colcon.colcon_core.verb:set package 'bus_msgs' build argument 'cmake_force_configure' from command line to 'False'
[0.329s] Level 5:colcon.colcon_core.verb:set package 'bus_msgs' build argument 'ament_cmake_args' from command line to 'None'
[0.330s] Level 5:colcon.colcon_core.verb:set package 'bus_msgs' build argument 'catkin_cmake_args' from command line to 'None'
[0.330s] Level 5:colcon.colcon_core.verb:set package 'bus_msgs' build argument 'catkin_skip_building_tests' from command line to 'False'
[0.330s] DEBUG:colcon.colcon_core.verb:Building package 'bus_msgs' with the following arguments: {'ament_cmake_args': None, 'build_base': '/home/jetpack/piracer/build/bus_msgs', 'catkin_cmake_args': None, 'catkin_skip_building_tests': False, 'cmake_args': None, 'cmake_clean_cache': False, 'cmake_clean_first': False, 'cmake_force_configure': False, 'cmake_target': None, 'cmake_target_skip_unavailable': False, 'install_base': '/home/jetpack/piracer/install/bus_msgs', 'merge_install': False, 'path': '/home/jetpack/piracer/src/bus_interfaces/bus_msgs', 'symlink_install': False, 'test_result_base': None}
[0.330s] Level 5:colcon.colcon_core.verb:set package 'oled_service' build argument 'cmake_args' from command line to 'None'
[0.330s] Level 5:colcon.colcon_core.verb:set package 'oled_service' build argument 'cmake_target' from command line to 'None'
[0.330s] Level 5:colcon.colcon_core.verb:set package 'oled_service' build argument 'cmake_target_skip_unavailable' from command line to 'False'
[0.330s] Level 5:colcon.colcon_core.verb:set package 'oled_service' build argument 'cmake_clean_cache' from command line to 'False'
[0.330s] Level 5:colcon.colcon_core.verb:set package 'oled_service' build argument 'cmake_clean_first' from command line to 'False'
[0.330s] Level 5:colcon.colcon_core.verb:set package 'oled_service' build argument 'cmake_force_configure' from command line to 'False'
[0.330s] Level 5:colcon.colcon_core.verb:set package 'oled_service' build argument 'ament_cmake_args' from command line to 'None'
[0.330s] Level 5:colcon.colcon_core.verb:set package 'oled_service' build argument 'catkin_cmake_args' from command line to 'None'
[0.330s] Level 5:colcon.colcon_core.verb:set package 'oled_service' build argument 'catkin_skip_building_tests' from command line to 'False'
[0.330s] DEBUG:colcon.colcon_core.verb:Building package 'oled_service' with the following arguments: {'ament_cmake_args': None, 'build_base': '/home/jetpack/piracer/build/oled_service', 'catkin_cmake_args': None, 'catkin_skip_building_tests': False, 'cmake_args': None, 'cmake_clean_cache': False, 'cmake_clean_first': False, 'cmake_force_configure': False, 'cmake_target': None, 'cmake_target_skip_unavailable': False, 'install_base': '/home/jetpack/piracer/install/oled_service', 'merge_install': False, 'path': '/home/jetpack/piracer/src/peripherals/oled_service', 'symlink_install': False, 'test_result_base': None}
[0.331s] Level 5:colcon.colcon_core.verb:set package 'can_interface' build argument 'cmake_args' from command line to 'None'
[0.331s] Level 5:colcon.colcon_core.verb:set package 'can_interface' build argument 'cmake_target' from command line to 'None'
[0.331s] Level 5:colcon.colcon_core.verb:set package 'can_interface' build argument 'cmake_target_skip_unavailable' from command line to 'False'
[0.331s] Level 5:colcon.colcon_core.verb:set package 'can_interface' build argument 'cmake_clean_cache' from command line to 'False'
[0.331s] Level 5:colcon.colcon_core.verb:set package 'can_interface' build argument 'cmake_clean_first' from command line to 'False'
[0.331s] Level 5:colcon.colcon_core.verb:set package 'can_interface' build argument 'cmake_force_configure' from command line to 'False'
[0.331s] Level 5:colcon.colcon_core.verb:set package 'can_interface' build argument 'ament_cmake_args' from command line to 'None'
[0.331s] Level 5:colcon.colcon_core.verb:set package 'can_interface' build argument 'catkin_cmake_args' from command line to 'None'
[0.331s] Level 5:colcon.colcon_core.verb:set package 'can_interface' build argument 'catkin_skip_building_tests' from command line to 'False'
[0.331s] DEBUG:colcon.colcon_core.verb:Building package 'can_interface' with the following arguments: {'ament_cmake_args': None, 'build_base': '/home/jetpack/piracer/build/can_interface', 'catkin_cmake_args': None, 'catkin_skip_building_tests': False, 'cmake_args': None, 'cmake_clean_cache': False, 'cmake_clean_first': False, 'cmake_force_configure': False, 'cmake_target': None, 'cmake_target_skip_unavailable': False, 'install_base': '/home/jetpack/piracer/install/can_interface', 'merge_install': False, 'path': '/home/jetpack/piracer/src/bus_interfaces/can_interface', 'symlink_install': False, 'test_result_base': None}
[0.331s] INFO:colcon.colcon_core.executor:Executing jobs using 'parallel' executor
[0.332s] DEBUG:colcon.colcon_parallel_executor.executor.parallel:run_until_complete
[0.333s] INFO:colcon.colcon_ros.task.ament_cmake.build:Building ROS package in '/home/jetpack/piracer/src/bus_interfaces/bus_msgs' with build type 'ament_cmake'
[0.333s] INFO:colcon.colcon_cmake.task.cmake.build:Building CMake package in '/home/jetpack/piracer/src/bus_interfaces/bus_msgs'
[0.335s] INFO:colcon.colcon_core.plugin_system:Skipping extension 'colcon_core.shell.bat': Not used on non-Windows systems
[0.335s] INFO:colcon.colcon_core.shell:Skip shell extension 'powershell' for command environment: Not usable outside of PowerShell
[0.335s] DEBUG:colcon.colcon_core.shell:Skip shell extension 'dsv' for command environment
[0.339s] INFO:colcon.colcon_ros.task.ament_cmake.build:Building ROS package in '/home/jetpack/piracer/src/peripherals/oled_service' with build type 'ament_cmake'
[0.339s] INFO:colcon.colcon_cmake.task.cmake.build:Building CMake package in '/home/jetpack/piracer/src/peripherals/oled_service'
[0.339s] INFO:colcon.colcon_core.shell:Skip shell extension 'powershell' for command environment: Not usable outside of PowerShell
[0.340s] DEBUG:colcon.colcon_core.shell:Skip shell extension 'dsv' for command environment
[0.348s] DEBUG:colcon.colcon_core.event_handler.log_command:Invoking command in '/home/jetpack/piracer/build/bus_msgs': CMAKE_PREFIX_PATH=${CMAKE_PREFIX_PATH}:/opt/ros/jazzy /usr/bin/cmake /home/jetpack/piracer/src/bus_interfaces/bus_msgs -DCMAKE_INSTALL_PREFIX=/home/jetpack/piracer/install/bus_msgs
[0.354s] DEBUG:colcon.colcon_core.event_handler.log_command:Invoking command in '/home/jetpack/piracer/build/oled_service': CMAKE_PREFIX_PATH=${CMAKE_PREFIX_PATH}:/opt/ros/jazzy /usr/bin/cmake /home/jetpack/piracer/src/peripherals/oled_service -DCMAKE_INSTALL_PREFIX=/home/jetpack/piracer/install/oled_service
[3.177s] DEBUG:colcon.colcon_core.event_handler.log_command:Invoked command in '/home/jetpack/piracer/build/oled_service' returned '0': CMAKE_PREFIX_PATH=${CMAKE_PREFIX_PATH}:/opt/ros/jazzy /usr/bin/cmake /home/jetpack/piracer/src/peripherals/oled_service -DCMAKE_INSTALL_PREFIX=/home/jetpack/piracer/install/oled_service
[3.179s] DEBUG:colcon.colcon_core.event_handler.log_command:Invoking command in '/home/jetpack/piracer/build/oled_service': CMAKE_PREFIX_PATH=${CMAKE_PREFIX_PATH}:/opt/ros/jazzy /usr/bin/cmake --build /home/jetpack/piracer/build/oled_service -- -j4 -l4
[6.248s] DEBUG:colcon.colcon_core.event_handler.log_command:Invoked command in '/home/jetpack/piracer/build/bus_msgs' returned '0': CMAKE_PREFIX_PATH=${CMAKE_PREFIX_PATH}:/opt/ros/jazzy /usr/bin/cmake /home/jetpack/piracer/src/bus_interfaces/bus_msgs -DCMAKE_INSTALL_PREFIX=/home/jetpack/piracer/install/bus_msgs
[6.250s] DEBUG:colcon.colcon_core.event_handler.log_command:Invoking command in '/home/jetpack/piracer/build/bus_msgs': CMAKE_PREFIX_PATH=${CMAKE_PREFIX_PATH}:/opt/ros/jazzy /usr/bin/cmake --build /home/jetpack/piracer/build/bus_msgs -- -j4 -l4
[11.374s] DEBUG:colcon.colcon_core.event_handler.log_command:Invoked command in '/home/jetpack/piracer/build/bus_msgs' returned '0': CMAKE_PREFIX_PATH=${CMAKE_PREFIX_PATH}:/opt/ros/jazzy /usr/bin/cmake --build /home/jetpack/piracer/build/bus_msgs -- -j4 -l4
[11.478s] DEBUG:colcon.colcon_core.event_handler.log_command:Invoking command in '/home/jetpack/piracer/build/bus_msgs': CMAKE_PREFIX_PATH=${CMAKE_PREFIX_PATH}:/opt/ros/jazzy /usr/bin/cmake --install /home/jetpack/piracer/build/bus_msgs
[11.593s] Level 1:colcon.colcon_core.environment:create_environment_scripts_only(bus_msgs)
[11.594s] DEBUG:colcon.colcon_core.event_handler.log_command:Invoked command in '/home/jetpack/piracer/build/bus_msgs' returned '0': CMAKE_PREFIX_PATH=${CMAKE_PREFIX_PATH}:/opt/ros/jazzy /usr/bin/cmake --install /home/jetpack/piracer/build/bus_msgs
[11.596s] Level 1:colcon.colcon_core.environment:checking '/home/jetpack/piracer/install/bus_msgs' for CMake module files
[11.597s] Level 1:colcon.colcon_core.environment:checking '/home/jetpack/piracer/install/bus_msgs' for CMake config files
[11.597s] Level 1:colcon.colcon_core.shell:create_environment_hook('bus_msgs', 'cmake_prefix_path')
[11.598s] INFO:colcon.colcon_core.shell:Creating environment hook '/home/jetpack/piracer/install/bus_msgs/share/bus_msgs/hook/cmake_prefix_path.ps1'
[11.598s] INFO:colcon.colcon_core.shell:Creating environment descriptor '/home/jetpack/piracer/install/bus_msgs/share/bus_msgs/hook/cmake_prefix_path.dsv'
[11.599s] INFO:colcon.colcon_core.shell:Creating environment hook '/home/jetpack/piracer/install/bus_msgs/share/bus_msgs/hook/cmake_prefix_path.sh'
[11.600s] Level 1:colcon.colcon_core.environment:checking '/home/jetpack/piracer/install/bus_msgs/lib'
[11.600s] Level 1:colcon.colcon_core.shell:create_environment_hook('bus_msgs', 'ld_library_path_lib')
[11.600s] INFO:colcon.colcon_core.shell:Creating environment hook '/home/jetpack/piracer/install/bus_msgs/share/bus_msgs/hook/ld_library_path_lib.ps1'
[11.601s] INFO:colcon.colcon_core.shell:Creating environment descriptor '/home/jetpack/piracer/install/bus_msgs/share/bus_msgs/hook/ld_library_path_lib.dsv'
[11.601s] INFO:colcon.colcon_core.shell:Creating environment hook '/home/jetpack/piracer/install/bus_msgs/share/bus_msgs/hook/ld_library_path_lib.sh'
[11.601s] Level 1:colcon.colcon_core.environment:checking '/home/jetpack/piracer/install/bus_msgs/bin'
[11.602s] Level 1:colcon.colcon_core.environment:checking '/home/jetpack/piracer/install/bus_msgs/lib/pkgconfig/bus_msgs.pc'
[11.602s] Level 1:colcon.colcon_core.environment:checking '/home/jetpack/piracer/install/bus_msgs/lib/python3.12/site-packages'
[11.602s] Level 1:colcon.colcon_core.shell:create_environment_hook('bus_msgs', 'pythonpath')
[11.602s] INFO:colcon.colcon_core.shell:Creating environment hook '/home/jetpack/piracer/install/bus_msgs/share/bus_msgs/hook/pythonpath.ps1'
[11.603s] INFO:colcon.colcon_core.shell:Creating environment descriptor '/home/jetpack/piracer/install/bus_msgs/share/bus_msgs/hook/pythonpath.dsv'
[11.603s] INFO:colcon.colcon_core.shell:Creating environment hook '/home/jetpack/piracer/install/bus_msgs/share/bus_msgs/hook/pythonpath.sh'
[11.604s] Level 1:colcon.colcon_core.environment:checking '/home/jetpack/piracer/install/bus_msgs/bin'
[11.604s] INFO:colcon.colcon_core.shell:Creating package script '/home/jetpack/piracer/install/bus_msgs/share/bus_msgs/package.ps1'
[11.605s] INFO:colcon.colcon_core.shell:Creating package descriptor '/home/jetpack/piracer/install/bus_msgs/share/bus_msgs/package.dsv'
[11.606s] INFO:colcon.colcon_core.shell:Creating package script '/home/jetpack/piracer/install/bus_msgs/share/bus_msgs/package.sh'
[11.607s] INFO:colcon.colcon_core.shell:Creating package script '/home/jetpack/piracer/install/bus_msgs/share/bus_msgs/package.bash'
[11.607s] INFO:colcon.colcon_core.shell:Creating package script '/home/jetpack/piracer/install/bus_msgs/share/bus_msgs/package.zsh'
[11.608s] Level 1:colcon.colcon_core.environment:create_file_with_runtime_dependencies(/home/jetpack/piracer/install/bus_msgs/share/colcon-core/packages/bus_msgs)
[11.686s] Level 1:colcon.colcon_core.environment:create_environment_scripts_only(bus_msgs)
[11.686s] Level 1:colcon.colcon_core.environment:checking '/home/jetpack/piracer/install/bus_msgs' for CMake module files
[11.687s] Level 1:colcon.colcon_core.environment:checking '/home/jetpack/piracer/install/bus_msgs' for CMake config files
[11.687s] Level 1:colcon.colcon_core.shell:create_environment_hook('bus_msgs', 'cmake_prefix_path')
[11.687s] INFO:colcon.colcon_core.shell:Creating environment hook '/home/jetpack/piracer/install/bus_msgs/share/bus_msgs/hook/cmake_prefix_path.ps1'
[11.688s] INFO:colcon.colcon_core.shell:Creating environment descriptor '/home/jetpack/piracer/install/bus_msgs/share/bus_msgs/hook/cmake_prefix_path.dsv'
[11.689s] INFO:colcon.colcon_core.shell:Creating environment hook '/home/jetpack/piracer/install/bus_msgs/share/bus_msgs/hook/cmake_prefix_path.sh'
[11.690s] Level 1:colcon.colcon_core.environment:checking '/home/jetpack/piracer/install/bus_msgs/lib'
[11.690s] Level 1:colcon.colcon_core.shell:create_environment_hook('bus_msgs', 'ld_library_path_lib')
[11.690s] INFO:colcon.colcon_core.shell:Creating environment hook '/home/jetpack/piracer/install/bus_msgs/share/bus_msgs/hook/ld_library_path_lib.ps1'
[11.691s] INFO:colcon.colcon_core.shell:Creating environment descriptor '/home/jetpack/piracer/install/bus_msgs/share/bus_msgs/hook/ld_library_path_lib.dsv'
[11.692s] INFO:colcon.colcon_core.shell:Creating environment hook '/home/jetpack/piracer/install/bus_msgs/share/bus_msgs/hook/ld_library_path_lib.sh'
[11.692s] Level 1:colcon.colcon_core.environment:checking '/home/jetpack/piracer/install/bus_msgs/bin'
[11.693s] Level 1:colcon.colcon_core.environment:checking '/home/jetpack/piracer/install/bus_msgs/lib/pkgconfig/bus_msgs.pc'
[11.693s] Level 1:colcon.colcon_core.environment:checking '/home/jetpack/piracer/install/bus_msgs/lib/python3.12/site-packages'
[11.693s] Level 1:colcon.colcon_core.shell:create_environment_hook('bus_msgs', 'pythonpath')
[11.694s] INFO:colcon.colcon_core.shell:Creating environment hook '/home/jetpack/piracer/install/bus_msgs/share/bus_msgs/hook/pythonpath.ps1'
[11.694s] INFO:colcon.colcon_core.shell:Creating environment descriptor '/home/jetpack/piracer/install/bus_msgs/share/bus_msgs/hook/pythonpath.dsv'
[11.695s] INFO:colcon.colcon_core.shell:Creating environment hook '/home/jetpack/piracer/install/bus_msgs/share/bus_msgs/hook/pythonpath.sh'
[11.695s] Level 1:colcon.colcon_core.environment:checking '/home/jetpack/piracer/install/bus_msgs/bin'
[11.696s] INFO:colcon.colcon_core.shell:Creating package script '/home/jetpack/piracer/install/bus_msgs/share/bus_msgs/package.ps1'
[11.697s] INFO:colcon.colcon_core.shell:Creating package descriptor '/home/jetpack/piracer/install/bus_msgs/share/bus_msgs/package.dsv'
[11.697s] INFO:colcon.colcon_core.shell:Creating package script '/home/jetpack/piracer/install/bus_msgs/share/bus_msgs/package.sh'
[11.698s] INFO:colcon.colcon_core.shell:Creating package script '/home/jetpack/piracer/install/bus_msgs/share/bus_msgs/package.bash'
[11.699s] INFO:colcon.colcon_core.shell:Creating package script '/home/jetpack/piracer/install/bus_msgs/share/bus_msgs/package.zsh'
[11.700s] Level 1:colcon.colcon_core.environment:create_file_with_runtime_dependencies(/home/jetpack/piracer/install/bus_msgs/share/colcon-core/packages/bus_msgs)
[11.701s] INFO:colcon.colcon_ros.task.ament_cmake.build:Building ROS package in '/home/jetpack/piracer/src/bus_interfaces/can_interface' with build type 'ament_cmake'
[11.701s] INFO:colcon.colcon_cmake.task.cmake.build:Building CMake package in '/home/jetpack/piracer/src/bus_interfaces/can_interface'
[11.701s] INFO:colcon.colcon_core.shell:Skip shell extension 'powershell' for command environment: Not usable outside of PowerShell
[11.701s] DEBUG:colcon.colcon_core.shell:Skip shell extension 'dsv' for command environment
[11.714s] DEBUG:colcon.colcon_core.event_handler.log_command:Invoking command in '/home/jetpack/piracer/build/can_interface': AMENT_PREFIX_PATH=/home/jetpack/piracer/install/bus_msgs:${AMENT_PREFIX_PATH} CMAKE_PREFIX_PATH=/home/jetpack/piracer/install/bus_msgs:/opt/ros/jazzy/opt/gz_math_vendor:/opt/ros/jazzy/opt/gz_utils_vendor:/opt/ros/jazzy/opt/gz_cmake_vendor:/opt/ros/jazzy LD_LIBRARY_PATH=/home/jetpack/piracer/install/bus_msgs/lib:${LD_LIBRARY_PATH} PYTHONPATH=/home/jetpack/piracer/install/bus_msgs/lib/python3.12/site-packages:${PYTHONPATH} /usr/bin/cmake /home/jetpack/piracer/src/bus_interfaces/can_interface -DCMAKE_INSTALL_PREFIX=/home/jetpack/piracer/install/can_interface
[18.242s] DEBUG:colcon.colcon_core.event_handler.log_command:Invoked command in '/home/jetpack/piracer/build/can_interface' returned '0': AMENT_PREFIX_PATH=/home/jetpack/piracer/install/bus_msgs:${AMENT_PREFIX_PATH} CMAKE_PREFIX_PATH=/home/jetpack/piracer/install/bus_msgs:/opt/ros/jazzy/opt/gz_math_vendor:/opt/ros/jazzy/opt/gz_utils_vendor:/opt/ros/jazzy/opt/gz_cmake_vendor:/opt/ros/jazzy LD_LIBRARY_PATH=/home/jetpack/piracer/install/bus_msgs/lib:${LD_LIBRARY_PATH} PYTHONPATH=/home/jetpack/piracer/install/bus_msgs/lib/python3.12/site-packages:${PYTHONPATH} /usr/bin/cmake /home/jetpack/piracer/src/bus_interfaces/can_interface -DCMAKE_INSTALL_PREFIX=/home/jetpack/piracer/install/can_interface
[18.244s] DEBUG:colcon.colcon_core.event_handler.log_command:Invoking command in '/home/jetpack/piracer/build/can_interface': AMENT_PREFIX_PATH=/home/jetpack/piracer/install/bus_msgs:${AMENT_PREFIX_PATH} CMAKE_PREFIX_PATH=/home/jetpack/piracer/install/bus_msgs:/opt/ros/jazzy/opt/gz_math_vendor:/opt/ros/jazzy/opt/gz_utils_vendor:/opt/ros/jazzy/opt/gz_cmake_vendor:/opt/ros/jazzy LD_LIBRARY_PATH=/home/jetpack/piracer/install/bus_msgs/lib:${LD_LIBRARY_PATH} PYTHONPATH=/home/jetpack/piracer/install/bus_msgs/lib/python3.12/site-packages:${PYTHONPATH} /usr/bin/cmake --build /home/jetpack/piracer/build/can_interface -- -j4 -l4
[18.248s] DEBUG:colcon.colcon_core.event_handler.log_command:Invoked command in '/home/jetpack/piracer/build/oled_service' returned '0': CMAKE_PREFIX_PATH=${CMAKE_PREFIX_PATH}:/opt/ros/jazzy /usr/bin/cmake --build /home/jetpack/piracer/build/oled_service -- -j4 -l4
[18.292s] DEBUG:colcon.colcon_core.event_handler.log_command:Invoking command in '/home/jetpack/piracer/build/oled_service': CMAKE_PREFIX_PATH=${CMAKE_PREFIX_PATH}:/opt/ros/jazzy /usr/bin/cmake --install /home/jetpack/piracer/build/oled_service
[18.320s] Level 1:colcon.colcon_core.environment:create_environment_scripts_only(oled_service)
[18.320s] Level 1:colcon.colcon_core.environment:checking '/home/jetpack/piracer/install/oled_service' for CMake module files
[18.321s] DEBUG:colcon.colcon_core.event_handler.log_command:Invoked command in '/home/jetpack/piracer/build/oled_service' returned '0': CMAKE_PREFIX_PATH=${CMAKE_PREFIX_PATH}:/opt/ros/jazzy /usr/bin/cmake --install /home/jetpack/piracer/build/oled_service
[18.321s] Level 1:colcon.colcon_core.environment:checking '/home/jetpack/piracer/install/oled_service' for CMake config files
[18.322s] Level 1:colcon.colcon_core.shell:create_environment_hook('oled_service', 'cmake_prefix_path')
[18.322s] INFO:colcon.colcon_core.shell:Creating environment hook '/home/jetpack/piracer/install/oled_service/share/oled_service/hook/cmake_prefix_path.ps1'
[18.323s] INFO:colcon.colcon_core.shell:Creating environment descriptor '/home/jetpack/piracer/install/oled_service/share/oled_service/hook/cmake_prefix_path.dsv'
[18.323s] INFO:colcon.colcon_core.shell:Creating environment hook '/home/jetpack/piracer/install/oled_service/share/oled_service/hook/cmake_prefix_path.sh'
[18.324s] Level 1:colcon.colcon_core.environment:checking '/home/jetpack/piracer/install/oled_service/lib'
[18.324s] Level 1:colcon.colcon_core.environment:checking '/home/jetpack/piracer/install/oled_service/bin'
[18.324s] Level 1:colcon.colcon_core.environment:checking '/home/jetpack/piracer/install/oled_service/lib/pkgconfig/oled_service.pc'
[18.324s] Level 1:colcon.colcon_core.environment:checking '/home/jetpack/piracer/install/oled_service/lib/python3.12/site-packages'
[18.324s] Level 1:colcon.colcon_core.environment:checking '/home/jetpack/piracer/install/oled_service/bin'
[18.325s] INFO:colcon.colcon_core.shell:Creating package script '/home/jetpack/piracer/install/oled_service/share/oled_service/package.ps1'
[18.325s] INFO:colcon.colcon_core.shell:Creating package descriptor '/home/jetpack/piracer/install/oled_service/share/oled_service/package.dsv'
[18.326s] INFO:colcon.colcon_core.shell:Creating package script '/home/jetpack/piracer/install/oled_service/share/oled_service/package.sh'
[18.326s] INFO:colcon.colcon_core.shell:Creating package script '/home/jetpack/piracer/install/oled_service/share/oled_service/package.bash'
[18.326s] INFO:colcon.colcon_core.shell:Creating package script '/home/jetpack/piracer/install/oled_service/share/oled_service/package.zsh'
[18.327s] Level 1:colcon.colcon_core.environment:create_file_with_runtime_dependencies(/home/jetpack/piracer/install/oled_service/share/colcon-core/packages/oled_service)
[18.370s] Level 1:colcon.colcon_core.environment:create_environment_scripts_only(oled_service)
[18.370s] Level 1:colcon.colcon_core.environment:checking '/home/jetpack/piracer/install/oled_service' for CMake module files
[18.371s] Level 1:colcon.colcon_core.environment:checking '/home/jetpack/piracer/install/oled_service' for CMake config files
[18.371s] Level 1:colcon.colcon_core.shell:create_environment_hook('oled_service', 'cmake_prefix_path')
[18.371s] INFO:colcon.colcon_core.shell:Creating environment hook '/home/jetpack/piracer/install/oled_service/share/oled_service/hook/cmake_prefix_path.ps1'
[18.372s] INFO:colcon.colcon_core.shell:Creating environment descriptor '/home/jetpack/piracer/install/oled_service/share/oled_service/hook/cmake_prefix_path.dsv'
[18.373s] INFO:colcon.colcon_core.shell:Creating environment hook '/home/jetpack/piracer/install/oled_service/share/oled_service/hook/cmake_prefix_path.sh'
[18.374s] Level 1:colcon.colcon_core.environment:checking '/home/jetpack/piracer/install/oled_service/lib'
[18.374s] Level 1:colcon.colcon_core.environment:checking '/home/jetpack/piracer/install/oled_service/bin'
[18.374s] Level 1:colcon.colcon_core.environment:checking '/home/jetpack/piracer/install/oled_service/lib/pkgconfig/oled_service.pc'
[18.374s] Level 1:colcon.colcon_core.environment:checking '/home/jetpack/piracer/install/oled_service/lib/python3.12/site-packages'
[18.374s] Level 1:colcon.colcon_core.environment:checking '/home/jetpack/piracer/install/oled_service/bin'
[18.375s] INFO:colcon.colcon_core.shell:Creating package script '/home/jetpack/piracer/install/oled_service/share/oled_service/package.ps1'
[18.376s] INFO:colcon.colcon_core.shell:Creating package descriptor '/home/jetpack/piracer/install/oled_service/share/oled_service/package.dsv'
[18.376s] INFO:colcon.colcon_core.shell:Creating package script '/home/jetpack/piracer/install/oled_service/share/oled_service/package.sh'
[18.377s] INFO:colcon.colcon_core.shell:Creating package script '/home/jetpack/piracer/install/oled_service/share/oled_service/package.bash'
[18.378s] INFO:colcon.colcon_core.shell:Creating package script '/home/jetpack/piracer/install/oled_service/share/oled_service/package.zsh'
[18.379s] Level 1:colcon.colcon_core.environment:create_file_with_runtime_dependencies(/home/jetpack/piracer/install/oled_service/share/colcon-core/packages/oled_service)
[26.092s] DEBUG:colcon.colcon_core.event_handler.log_command:Invoked command in '/home/jetpack/piracer/build/can_interface' returned '0': AMENT_PREFIX_PATH=/home/jetpack/piracer/install/bus_msgs:${AMENT_PREFIX_PATH} CMAKE_PREFIX_PATH=/home/jetpack/piracer/install/bus_msgs:/opt/ros/jazzy/opt/gz_math_vendor:/opt/ros/jazzy/opt/gz_utils_vendor:/opt/ros/jazzy/opt/gz_cmake_vendor:/opt/ros/jazzy LD_LIBRARY_PATH=/home/jetpack/piracer/install/bus_msgs/lib:${LD_LIBRARY_PATH} PYTHONPATH=/home/jetpack/piracer/install/bus_msgs/lib/python3.12/site-packages:${PYTHONPATH} /usr/bin/cmake --build /home/jetpack/piracer/build/can_interface -- -j4 -l4
[26.133s] DEBUG:colcon.colcon_core.event_handler.log_command:Invoking command in '/home/jetpack/piracer/build/can_interface': AMENT_PREFIX_PATH=/home/jetpack/piracer/install/bus_msgs:${AMENT_PREFIX_PATH} CMAKE_PREFIX_PATH=/home/jetpack/piracer/install/bus_msgs:/opt/ros/jazzy/opt/gz_math_vendor:/opt/ros/jazzy/opt/gz_utils_vendor:/opt/ros/jazzy/opt/gz_cmake_vendor:/opt/ros/jazzy LD_LIBRARY_PATH=/home/jetpack/piracer/install/bus_msgs/lib:${LD_LIBRARY_PATH} PYTHONPATH=/home/jetpack/piracer/install/bus_msgs/lib/python3.12/site-packages:${PYTHONPATH} /usr/bin/cmake --install /home/jetpack/piracer/build/can_interface
[26.157s] Level 1:colcon.colcon_core.environment:create_environment_scripts_only(can_interface)
[26.158s] Level 1:colcon.colcon_core.environment:checking '/home/jetpack/piracer/install/can_interface' for CMake module files
[26.158s] DEBUG:colcon.colcon_core.event_handler.log_command:Invoked command in '/home/jetpack/piracer/build/can_interface' returned '0': AMENT_PREFIX_PATH=/home/jetpack/piracer/install/bus_msgs:${AMENT_PREFIX_PATH} CMAKE_PREFIX_PATH=/home/jetpack/piracer/install/bus_msgs:/opt/ros/jazzy/opt/gz_math_vendor:/opt/ros/jazzy/opt/gz_utils_vendor:/opt/ros/jazzy/opt/gz_cmake_vendor:/opt/ros/jazzy LD_LIBRARY_PATH=/home/jetpack/piracer/install/bus_msgs/lib:${LD_LIBRARY_PATH} PYTHONPATH=/home/jetpack/piracer/install/bus_msgs/lib/python3.12/site-packages:${PYTHONPATH} /usr/bin/cmake --install /home/jetpack/piracer/build/can_interface
[26.159s] Level 1:colcon.colcon_core.environment:checking '/home/jetpack/piracer/install/can_interface' for CMake config files
[26.159s] Level 1:colcon.colcon_core.shell:create_environment_hook('can_interface', 'cmake_prefix_path')
[26.159s] INFO:colcon.colcon_core.shell:Creating environment hook '/home/jetpack/piracer/install/can_interface/share/can_interface/hook/cmake_prefix_path.ps1'
[26.160s] INFO:colcon.colcon_core.shell:Creating environment descriptor '/home/jetpack/piracer/install/can_interface/share/can_interface/hook/cmake_prefix_path.dsv'
[26.160s] INFO:colcon.colcon_core.shell:Creating environment hook '/home/jetpack/piracer/install/can_interface/share/can_interface/hook/cmake_prefix_path.sh'
[26.161s] Level 1:colcon.colcon_core.environment:checking '/home/jetpack/piracer/install/can_interface/lib'
[26.161s] Level 1:colcon.colcon_core.shell:create_environment_hook('can_interface', 'ld_library_path_lib')
[26.161s] INFO:colcon.colcon_core.shell:Creating environment hook '/home/jetpack/piracer/install/can_interface/share/can_interface/hook/ld_library_path_lib.ps1'
[26.161s] INFO:colcon.colcon_core.shell:Creating environment descriptor '/home/jetpack/piracer/install/can_interface/share/can_interface/hook/ld_library_path_lib.dsv'
[26.162s] INFO:colcon.colcon_core.shell:Creating environment hook '/home/jetpack/piracer/install/can_interface/share/can_interface/hook/ld_library_path_lib.sh'
[26.162s] Level 1:colcon.colcon_core.environment:checking '/home/jetpack/piracer/install/can_interface/bin'
[26.162s] Level 1:colcon.colcon_core.environment:checking '/home/jetpack/piracer/install/can_interface/lib/pkgconfig/can_interface.pc'
[26.162s] Level 1:colcon.colcon_core.environment:checking '/home/jetpack/piracer/install/can_interface/lib/python3.12/site-packages'
[26.163s] Level 1:colcon.colcon_core.environment:checking '/home/jetpack/piracer/install/can_interface/bin'
[26.163s] INFO:colcon.colcon_core.shell:Creating package script '/home/jetpack/piracer/install/can_interface/share/can_interface/package.ps1'
[26.163s] INFO:colcon.colcon_core.shell:Creating package descriptor '/home/jetpack/piracer/install/can_interface/share/can_interface/package.dsv'
[26.164s] INFO:colcon.colcon_core.shell:Creating package script '/home/jetpack/piracer/install/can_interface/share/can_interface/package.sh'
[26.164s] INFO:colcon.colcon_core.shell:Creating package script '/home/jetpack/piracer/install/can_interface/share/can_interface/package.bash'
[26.165s] INFO:colcon.colcon_core.shell:Creating package script '/home/jetpack/piracer/install/can_interface/share/can_interface/package.zsh'
[26.165s] Level 1:colcon.colcon_core.environment:create_file_with_runtime_dependencies(/home/jetpack/piracer/install/can_interface/share/colcon-core/packages/can_interface)
[26.204s] Level 1:colcon.colcon_core.environment:create_environment_scripts_only(can_interface)
[26.204s] Level 1:colcon.colcon_core.environment:checking '/home/jetpack/piracer/install/can_interface' for CMake module files
[26.205s] Level 1:colcon.colcon_core.environment:checking '/home/jetpack/piracer/install/can_interface' for CMake config files
[26.205s] Level 1:colcon.colcon_core.shell:create_environment_hook('can_interface', 'cmake_prefix_path')
[26.206s] INFO:colcon.colcon_core.shell:Creating environment hook '/home/jetpack/piracer/install/can_interface/share/can_interface/hook/cmake_prefix_path.ps1'
[26.206s] INFO:colcon.colcon_core.shell:Creating environment descriptor '/home/jetpack/piracer/install/can_interface/share/can_interface/hook/cmake_prefix_path.dsv'
[26.207s] INFO:colcon.colcon_core.shell:Creating environment hook '/home/jetpack/piracer/install/can_interface/share/can_interface/hook/cmake_prefix_path.sh'
[26.208s] Level 1:colcon.colcon_core.environment:checking '/home/jetpack/piracer/install/can_interface/lib'
[26.208s] Level 1:colcon.colcon_core.shell:create_environment_hook('can_interface', 'ld_library_path_lib')
[26.208s] INFO:colcon.colcon_core.shell:Creating environment hook '/home/jetpack/piracer/install/can_interface/share/can_interface/hook/ld_library_path_lib.ps1'
[26.209s] INFO:colcon.colcon_core.shell:Creating environment descriptor '/home/jetpack/piracer/install/can_interface/share/can_interface/hook/ld_library_path_lib.dsv'
[26.209s] INFO:colcon.colcon_core.shell:Creating environment hook '/home/jetpack/piracer/install/can_interface/share/can_interface/hook/ld_library_path_lib.sh'
[26.210s] Level 1:colcon.colcon_core.environment:checking '/home/jetpack/piracer/install/can_interface/bin'
[26.210s] Level 1:colcon.colcon_core.environment:checking '/home/jetpack/piracer/install/can_interface/lib/pkgconfig/can_interface.pc'
[26.211s] Level 1:colcon.colcon_core.environment:checking '/home/jetpack/piracer/install/can_interface/lib/python3.12/site-packages'
[26.211s] Level 1:colcon.colcon_core.environment:checking '/home/jetpack/piracer/install/can_interface/bin'
[26.211s] INFO:colcon.colcon_core.shell:Creating package script '/home/jetpack/piracer/install/can_interface/share/can_interface/package.ps1'
[26.213s] INFO:colcon.colcon_core.shell:Creating package descriptor '/home/jetpack/piracer/install/can_interface/share/can_interface/package.dsv'
[26.214s] INFO:colcon.colcon_core.shell:Creating package script '/home/jetpack/piracer/install/can_interface/share/can_interface/package.sh'
[26.214s] INFO:colcon.colcon_core.shell:Creating package script '/home/jetpack/piracer/install/can_interface/share/can_interface/package.bash'
[26.215s] INFO:colcon.colcon_core.shell:Creating package script '/home/jetpack/piracer/install/can_interface/share/can_interface/package.zsh'
[26.216s] Level 1:colcon.colcon_core.environment:create_file_with_runtime_dependencies(/home/jetpack/piracer/install/can_interface/share/colcon-core/packages/can_interface)
[26.216s] DEBUG:colcon.colcon_parallel_executor.executor.parallel:closing loop
[26.217s] DEBUG:colcon.colcon_parallel_executor.executor.parallel:loop closed
[26.217s] DEBUG:colcon.colcon_parallel_executor.executor.parallel:run_until_complete finished with '0'
[26.217s] DEBUG:colcon.colcon_core.event_reactor:joining thread
[26.225s] INFO:colcon.colcon_core.plugin_system:Skipping extension 'colcon_notification.desktop_notification.terminal_notifier': Not used on non-Darwin systems
[26.225s] INFO:colcon.colcon_core.plugin_system:Skipping extension 'colcon_notification.desktop_notification.win32': Not used on non-Windows systems
[26.225s] INFO:colcon.colcon_notification.desktop_notification:Sending desktop notification using 'notify2'
[26.227s] DEBUG:colcon.colcon_notification.desktop_notification.notify2:Failed to initialize notify2: org.freedesktop.DBus.Error.ServiceUnknown: The name org.freedesktop.Notifications was not provided by any .service files
[26.227s] DEBUG:colcon.colcon_core.event_reactor:joined thread
[26.227s] INFO:colcon.colcon_core.shell:Creating prefix script '/home/jetpack/piracer/install/local_setup.ps1'
[26.229s] INFO:colcon.colcon_core.shell:Creating prefix util module '/home/jetpack/piracer/install/_local_setup_util_ps1.py'
[26.230s] INFO:colcon.colcon_core.shell:Creating prefix chain script '/home/jetpack/piracer/install/setup.ps1'
[26.231s] INFO:colcon.colcon_core.shell:Creating prefix script '/home/jetpack/piracer/install/local_setup.sh'
[26.232s] INFO:colcon.colcon_core.shell:Creating prefix util module '/home/jetpack/piracer/install/_local_setup_util_sh.py'
[26.232s] INFO:colcon.colcon_core.shell:Creating prefix chain script '/home/jetpack/piracer/install/setup.sh'
[26.233s] INFO:colcon.colcon_core.shell:Creating prefix script '/home/jetpack/piracer/install/local_setup.bash'
[26.234s] INFO:colcon.colcon_core.shell:Creating prefix chain script '/home/jetpack/piracer/install/setup.bash'
[26.235s] INFO:colcon.colcon_core.shell:Creating prefix script '/home/jetpack/piracer/install/local_setup.zsh'
[26.235s] INFO:colcon.colcon_core.shell:Creating prefix chain script '/home/jetpack/piracer/install/setup.zsh'
