[0.015s] Invoking command in '/home/jetpack/piracer/build/bus_msgs': CMAKE_PREFIX_PATH=${CMAKE_PREFIX_PATH}:/opt/ros/jazzy /usr/bin/cmake /home/jetpack/piracer/src/bus_interfaces/bus_msgs -DAMENT_CMAKE_SYMLINK_INSTALL=1 -DCMAKE_INSTALL_PREFIX=/home/jetpack/piracer/install/bus_msgs
[0.128s] -- The C compiler identification is GNU 13.2.0
[0.243s] -- The CXX compiler identification is GNU 13.2.0
[0.271s] -- Detecting C compiler ABI info
[0.438s] -- Detecting C compiler ABI info - done
[0.453s] -- Check for working C compiler: /usr/bin/cc - skipped
[0.454s] -- Detecting C compile features
[0.454s] -- Detecting C compile features - done
[0.468s] -- Detecting CXX compiler ABI info
[0.652s] -- Detecting CXX compiler ABI info - done
[0.667s] -- Check for working CXX compiler: /usr/bin/c++ - skipped
[0.667s] -- Detecting CXX compile features
[0.668s] -- Detecting CXX compile features - done
[0.671s] -- Found ament_cmake: 2.5.2 (/opt/ros/jazzy/share/ament_cmake/cmake)
[0.906s] -- Found Python3: /usr/bin/python3 (found version "3.12.3") found components: Interpreter 
[1.039s] -- Override CMake install command with custom implementation using symlinks instead of copying resources
[1.077s] -- Found rosidl_default_generators: 1.6.0 (/opt/ros/jazzy/share/rosidl_default_generators/cmake)
[1.084s] -- Using all available rosidl_typesupport_c: rosidl_typesupport_fastrtps_c;rosidl_typesupport_introspection_c
[1.148s] -- Using all available rosidl_typesupport_cpp: rosidl_typesupport_fastrtps_cpp;rosidl_typesupport_introspection_cpp
[1.205s] -- Found rosidl_adapter: 4.6.4 (/opt/ros/jazzy/share/rosidl_adapter/cmake)
[2.140s] -- Found ament_cmake_ros: 0.12.0 (/opt/ros/jazzy/share/ament_cmake_ros/cmake)
[2.796s] -- Using all available rosidl_typesupport_c: rosidl_typesupport_fastrtps_c;rosidl_typesupport_introspection_c
[3.674s] -- Using all available rosidl_typesupport_cpp: rosidl_typesupport_fastrtps_cpp;rosidl_typesupport_introspection_cpp
[3.678s] -- Found python_cmake_module: 0.11.1 (/opt/ros/jazzy/share/python_cmake_module/cmake)
[3.894s] -- Found PythonExtra: /usr/bin/python3  
[4.623s] -- Found Python3: /usr/bin/python3 (found version "3.12.3") found components: Interpreter Development NumPy Development.Module Development.Embed 
[4.675s] -- Found ament_lint_auto: 0.17.1 (/opt/ros/jazzy/share/ament_lint_auto/cmake)
[4.703s] -- Added test 'lint_cmake' to check CMake code style
[4.704s] -- Added test 'xmllint' to check XML markup files
[4.710s] -- Configuring done (4.7s)
[4.754s] -- Generating done (0.0s)
[4.759s] -- Build files have been written to: /home/jetpack/piracer/build/bus_msgs
[4.772s] Invoked command in '/home/jetpack/piracer/build/bus_msgs' returned '0': CMAKE_PREFIX_PATH=${CMAKE_PREFIX_PATH}:/opt/ros/jazzy /usr/bin/cmake /home/jetpack/piracer/src/bus_interfaces/bus_msgs -DAMENT_CMAKE_SYMLINK_INSTALL=1 -DCMAKE_INSTALL_PREFIX=/home/jetpack/piracer/install/bus_msgs
[4.774s] Invoking command in '/home/jetpack/piracer/build/bus_msgs': CMAKE_PREFIX_PATH=${CMAKE_PREFIX_PATH}:/opt/ros/jazzy /usr/bin/cmake --build /home/jetpack/piracer/build/bus_msgs -- -j4 -l4
[4.860s] [  2%] [34m[1mGenerating type hashes for ROS interfaces[0m
[4.877s] [  2%] Built target ament_cmake_python_symlink_bus_msgs
[5.187s] [  2%] Built target bus_msgs__rosidl_generator_type_description
[5.209s] [  5%] [34m[1mGenerating C code for ROS interfaces[0m
[5.231s] [  8%] [34m[1mGenerating C++ code for ROS interfaces[0m
[5.237s] running egg_info
[5.238s] creating bus_msgs.egg-info
[5.276s] writing bus_msgs.egg-info/PKG-INFO
[5.277s] writing dependency_links to bus_msgs.egg-info/dependency_links.txt
[5.278s] writing top-level names to bus_msgs.egg-info/top_level.txt
[5.279s] writing manifest file 'bus_msgs.egg-info/SOURCES.txt'
[5.389s] reading manifest file 'bus_msgs.egg-info/SOURCES.txt'
[5.389s] writing manifest file 'bus_msgs.egg-info/SOURCES.txt'
[5.474s] [  8%] Built target ament_cmake_python_build_bus_msgs_egg
[5.684s] [  8%] Built target bus_msgs__cpp
[5.733s] [ 17%] [32mBuilding C object CMakeFiles/bus_msgs__rosidl_generator_c.dir/rosidl_generator_c/bus_msgs/msg/detail/can_packet__type_support.c.o[0m
[5.734s] [ 17%] [32mBuilding C object CMakeFiles/bus_msgs__rosidl_generator_c.dir/rosidl_generator_c/bus_msgs/msg/detail/can_packet__functions.c.o[0m
[5.734s] [ 17%] [32mBuilding C object CMakeFiles/bus_msgs__rosidl_generator_c.dir/rosidl_generator_c/bus_msgs/msg/detail/can_packet__description.c.o[0m
[5.827s] [ 20%] [32m[1mLinking C shared library libbus_msgs__rosidl_generator_c.so[0m
[5.892s] [ 20%] Built target bus_msgs__rosidl_generator_c
[5.912s] [ 26%] [34m[1mGenerating C type support dispatch for ROS interfaces[0m
[5.912s] [ 23%] [34m[1mGenerating C introspection for ROS interfaces[0m
[5.921s] [ 29%] [34m[1mGenerating C++ introspection for ROS interfaces[0m
[5.925s] [ 32%] [34m[1mGenerating C++ type support for eProsima Fast-RTPS[0m
[6.483s] [ 35%] [32mBuilding C object CMakeFiles/bus_msgs__rosidl_typesupport_introspection_c.dir/rosidl_typesupport_introspection_c/bus_msgs/msg/detail/can_packet__type_support.c.o[0m
[6.502s] [ 38%] [32mBuilding CXX object CMakeFiles/bus_msgs__rosidl_typesupport_introspection_cpp.dir/rosidl_typesupport_introspection_cpp/bus_msgs/msg/detail/can_packet__type_support.cpp.o[0m
[6.537s] [ 41%] [32mBuilding CXX object CMakeFiles/bus_msgs__rosidl_typesupport_c.dir/rosidl_typesupport_c/bus_msgs/msg/can_packet__type_support.cpp.o[0m
[6.607s] [ 44%] [32m[1mLinking C shared library libbus_msgs__rosidl_typesupport_introspection_c.so[0m
[6.627s] [ 47%] [32mBuilding CXX object CMakeFiles/bus_msgs__rosidl_typesupport_fastrtps_cpp.dir/rosidl_typesupport_fastrtps_cpp/bus_msgs/msg/detail/dds_fastrtps/can_packet__type_support.cpp.o[0m
[6.699s] [ 50%] [32m[1mLinking CXX shared library libbus_msgs__rosidl_typesupport_c.so[0m
[6.721s] [ 50%] Built target bus_msgs__rosidl_typesupport_introspection_c
[6.766s] [ 52%] [34m[1mGenerating C++ type support dispatch for ROS interfaces[0m
[6.852s] [ 52%] Built target bus_msgs__rosidl_typesupport_c
[6.898s] [ 55%] [34m[1mGenerating C type support for eProsima Fast-RTPS[0m
[7.344s] [ 58%] [32mBuilding CXX object CMakeFiles/bus_msgs__rosidl_typesupport_cpp.dir/rosidl_typesupport_cpp/bus_msgs/msg/can_packet__type_support.cpp.o[0m
[7.402s] [ 61%] [32m[1mLinking CXX shared library libbus_msgs__rosidl_typesupport_introspection_cpp.so[0m
[7.683s] [ 61%] Built target bus_msgs__rosidl_typesupport_introspection_cpp
[7.719s] [ 64%] [32mBuilding CXX object CMakeFiles/bus_msgs__rosidl_typesupport_fastrtps_c.dir/rosidl_typesupport_fastrtps_c/bus_msgs/msg/detail/can_packet__type_support_c.cpp.o[0m
[7.950s] [ 67%] [32m[1mLinking CXX shared library libbus_msgs__rosidl_typesupport_fastrtps_cpp.so[0m
[8.147s] [ 67%] Built target bus_msgs__rosidl_typesupport_fastrtps_cpp
[8.177s] [ 70%] [32m[1mLinking CXX shared library libbus_msgs__rosidl_typesupport_cpp.so[0m
[8.250s] [ 70%] Built target bus_msgs__rosidl_typesupport_cpp
[8.643s] [ 73%] [32m[1mLinking CXX shared library libbus_msgs__rosidl_typesupport_fastrtps_c.so[0m
[8.724s] [ 73%] Built target bus_msgs__rosidl_typesupport_fastrtps_c
[8.758s] [ 73%] Built target bus_msgs
[8.792s] [ 76%] [34m[1mGenerating Python code for ROS interfaces[0m
[9.221s] [ 76%] Built target bus_msgs__py
[9.254s] [ 79%] [32mBuilding C object CMakeFiles/bus_msgs__rosidl_generator_py.dir/rosidl_generator_py/bus_msgs/msg/_can_packet_s.c.o[0m
[9.460s] [ 82%] [32m[1mLinking C shared library libbus_msgs__rosidl_generator_py.so[0m
[9.531s] [ 82%] Built target bus_msgs__rosidl_generator_py
[9.570s] [ 85%] [32mBuilding C object CMakeFiles/bus_msgs_s__rosidl_typesupport_c.dir/rosidl_generator_py/bus_msgs/_bus_msgs_s.ep.rosidl_typesupport_c.c.o[0m
[9.583s] [ 88%] [32mBuilding C object CMakeFiles/bus_msgs_s__rosidl_typesupport_fastrtps_c.dir/rosidl_generator_py/bus_msgs/_bus_msgs_s.ep.rosidl_typesupport_fastrtps_c.c.o[0m
[9.585s] [ 91%] [32mBuilding C object CMakeFiles/bus_msgs_s__rosidl_typesupport_introspection_c.dir/rosidl_generator_py/bus_msgs/_bus_msgs_s.ep.rosidl_typesupport_introspection_c.c.o[0m
[9.787s] [ 94%] [32m[1mLinking C shared module rosidl_generator_py/bus_msgs/bus_msgs_s__rosidl_typesupport_c.so[0m
[9.794s] [ 97%] [32m[1mLinking C shared module rosidl_generator_py/bus_msgs/bus_msgs_s__rosidl_typesupport_introspection_c.so[0m
[9.803s] [100%] [32m[1mLinking C shared module rosidl_generator_py/bus_msgs/bus_msgs_s__rosidl_typesupport_fastrtps_c.so[0m
[9.852s] [100%] Built target bus_msgs_s__rosidl_typesupport_c
[9.860s] [100%] Built target bus_msgs_s__rosidl_typesupport_introspection_c
[9.867s] [100%] Built target bus_msgs_s__rosidl_typesupport_fastrtps_c
[9.887s] Invoked command in '/home/jetpack/piracer/build/bus_msgs' returned '0': CMAKE_PREFIX_PATH=${CMAKE_PREFIX_PATH}:/opt/ros/jazzy /usr/bin/cmake --build /home/jetpack/piracer/build/bus_msgs -- -j4 -l4
[9.991s] Invoking command in '/home/jetpack/piracer/build/bus_msgs': CMAKE_PREFIX_PATH=${CMAKE_PREFIX_PATH}:/opt/ros/jazzy /usr/bin/cmake --install /home/jetpack/piracer/build/bus_msgs
[10.004s] -- Install configuration: ""
[10.005s] -- Execute custom install script
[10.006s] -- Symlinking: /home/jetpack/piracer/install/bus_msgs/share/ament_index/resource_index/rosidl_interfaces/bus_msgs
[10.022s] -- Symlinking: /home/jetpack/piracer/install/bus_msgs/share/bus_msgs/msg/CanPacket.json
[10.039s] -- Symlinking: /home/jetpack/piracer/install/bus_msgs/include/bus_msgs/bus_msgs/msg/can_packet.h
[10.055s] -- Symlinking: /home/jetpack/piracer/install/bus_msgs/include/bus_msgs/bus_msgs/msg/detail/can_packet__functions.h
[10.071s] -- Symlinking: /home/jetpack/piracer/install/bus_msgs/include/bus_msgs/bus_msgs/msg/detail/can_packet__struct.h
[10.087s] -- Symlinking: /home/jetpack/piracer/install/bus_msgs/include/bus_msgs/bus_msgs/msg/detail/can_packet__type_support.h
[10.103s] -- Symlinking: /home/jetpack/piracer/install/bus_msgs/include/bus_msgs/bus_msgs/msg/rosidl_generator_c__visibility_control.h
[10.119s] -- Symlinking: /home/jetpack/piracer/install/bus_msgs/share/bus_msgs/environment/library_path.sh
[10.135s] -- Symlinking: /home/jetpack/piracer/install/bus_msgs/share/bus_msgs/environment/library_path.dsv
[10.151s] -- Symlinking: /home/jetpack/piracer/install/bus_msgs/include/bus_msgs/bus_msgs/msg/detail/can_packet__rosidl_typesupport_fastrtps_c.h
[10.167s] -- Symlinking: /home/jetpack/piracer/install/bus_msgs/include/bus_msgs/bus_msgs/msg/rosidl_typesupport_fastrtps_c__visibility_control.h
[10.184s] -- Symlinking: /home/jetpack/piracer/install/bus_msgs/include/bus_msgs/bus_msgs/msg/detail/can_packet__rosidl_typesupport_introspection_c.h
[10.201s] -- Symlinking: /home/jetpack/piracer/install/bus_msgs/include/bus_msgs/bus_msgs/msg/rosidl_typesupport_introspection_c__visibility_control.h
[10.217s] -- Symlinking: /home/jetpack/piracer/install/bus_msgs/include/bus_msgs/bus_msgs/msg/can_packet.hpp
[10.234s] -- Symlinking: /home/jetpack/piracer/install/bus_msgs/include/bus_msgs/bus_msgs/msg/detail/can_packet__builder.hpp
[10.250s] -- Symlinking: /home/jetpack/piracer/install/bus_msgs/include/bus_msgs/bus_msgs/msg/detail/can_packet__struct.hpp
[10.265s] -- Symlinking: /home/jetpack/piracer/install/bus_msgs/include/bus_msgs/bus_msgs/msg/detail/can_packet__traits.hpp
[10.281s] -- Symlinking: /home/jetpack/piracer/install/bus_msgs/include/bus_msgs/bus_msgs/msg/detail/can_packet__type_support.hpp
[10.296s] -- Symlinking: /home/jetpack/piracer/install/bus_msgs/include/bus_msgs/bus_msgs/msg/rosidl_generator_cpp__visibility_control.hpp
[10.311s] -- Symlinking: /home/jetpack/piracer/install/bus_msgs/include/bus_msgs/bus_msgs/msg/detail/can_packet__rosidl_typesupport_fastrtps_cpp.hpp
[10.326s] -- Symlinking: /home/jetpack/piracer/install/bus_msgs/include/bus_msgs/bus_msgs/msg/rosidl_typesupport_fastrtps_cpp__visibility_control.h
[10.342s] -- Symlinking: /home/jetpack/piracer/install/bus_msgs/include/bus_msgs/bus_msgs/msg/detail/can_packet__rosidl_typesupport_introspection_cpp.hpp
[10.358s] -- Symlinking: /home/jetpack/piracer/install/bus_msgs/share/bus_msgs/environment/pythonpath.sh
[10.373s] -- Symlinking: /home/jetpack/piracer/install/bus_msgs/share/bus_msgs/environment/pythonpath.dsv
[10.389s] -- Symlinking: /home/jetpack/piracer/install/bus_msgs/lib/python3.12/site-packages/bus_msgs-0.0.0-py3.12.egg-info/PKG-INFO
[10.405s] -- Symlinking: /home/jetpack/piracer/install/bus_msgs/lib/python3.12/site-packages/bus_msgs-0.0.0-py3.12.egg-info/SOURCES.txt
[10.420s] -- Symlinking: /home/jetpack/piracer/install/bus_msgs/lib/python3.12/site-packages/bus_msgs-0.0.0-py3.12.egg-info/dependency_links.txt
[10.437s] -- Symlinking: /home/jetpack/piracer/install/bus_msgs/lib/python3.12/site-packages/bus_msgs-0.0.0-py3.12.egg-info/top_level.txt
[10.453s] -- Symlinking: /home/jetpack/piracer/install/bus_msgs/lib/python3.12/site-packages/bus_msgs/__init__.py
[10.470s] -- Symlinking: /home/jetpack/piracer/install/bus_msgs/lib/python3.12/site-packages/bus_msgs/_bus_msgs_s.ep.rosidl_typesupport_c.c
[10.487s] -- Symlinking: /home/jetpack/piracer/install/bus_msgs/lib/python3.12/site-packages/bus_msgs/_bus_msgs_s.ep.rosidl_typesupport_fastrtps_c.c
[10.503s] -- Symlinking: /home/jetpack/piracer/install/bus_msgs/lib/python3.12/site-packages/bus_msgs/_bus_msgs_s.ep.rosidl_typesupport_introspection_c.c
[10.518s] -- Symlinking: /home/jetpack/piracer/install/bus_msgs/lib/python3.12/site-packages/bus_msgs/bus_msgs_s__rosidl_typesupport_c.so
[10.534s] -- Symlinking: /home/jetpack/piracer/install/bus_msgs/lib/python3.12/site-packages/bus_msgs/bus_msgs_s__rosidl_typesupport_fastrtps_c.so
[10.550s] -- Symlinking: /home/jetpack/piracer/install/bus_msgs/lib/python3.12/site-packages/bus_msgs/bus_msgs_s__rosidl_typesupport_introspection_c.so
[10.566s] -- Symlinking: /home/jetpack/piracer/install/bus_msgs/lib/python3.12/site-packages/bus_msgs/msg/__init__.py
[10.582s] -- Symlinking: /home/jetpack/piracer/install/bus_msgs/lib/python3.12/site-packages/bus_msgs/msg/_can_packet.py
[10.599s] -- Symlinking: /home/jetpack/piracer/install/bus_msgs/lib/python3.12/site-packages/bus_msgs/msg/_can_packet_s.c
[10.614s] -- Up-to-date symlink: /home/jetpack/piracer/install/bus_msgs/lib/python3.12/site-packages/bus_msgs/bus_msgs_s__rosidl_typesupport_fastrtps_c.so
[10.615s] -- Up-to-date symlink: /home/jetpack/piracer/install/bus_msgs/lib/python3.12/site-packages/bus_msgs/bus_msgs_s__rosidl_typesupport_introspection_c.so
[10.615s] -- Up-to-date symlink: /home/jetpack/piracer/install/bus_msgs/lib/python3.12/site-packages/bus_msgs/bus_msgs_s__rosidl_typesupport_c.so
[10.615s] -- Symlinking: /home/jetpack/piracer/install/bus_msgs/share/bus_msgs/msg/CanPacket.idl
[10.631s] -- Symlinking: /home/jetpack/piracer/install/bus_msgs/share/bus_msgs/msg/CanPacket.msg
[10.647s] -- Symlinking: /home/jetpack/piracer/install/bus_msgs/share/ament_index/resource_index/package_run_dependencies/bus_msgs
[10.664s] -- Symlinking: /home/jetpack/piracer/install/bus_msgs/share/ament_index/resource_index/parent_prefix_path/bus_msgs
[10.680s] -- Symlinking: /home/jetpack/piracer/install/bus_msgs/share/bus_msgs/environment/ament_prefix_path.sh
[10.696s] -- Symlinking: /home/jetpack/piracer/install/bus_msgs/share/bus_msgs/environment/ament_prefix_path.dsv
[10.714s] -- Symlinking: /home/jetpack/piracer/install/bus_msgs/share/bus_msgs/environment/path.sh
[10.730s] -- Symlinking: /home/jetpack/piracer/install/bus_msgs/share/bus_msgs/environment/path.dsv
[10.745s] -- Symlinking: /home/jetpack/piracer/install/bus_msgs/share/bus_msgs/local_setup.bash
[10.761s] -- Symlinking: /home/jetpack/piracer/install/bus_msgs/share/bus_msgs/local_setup.sh
[10.778s] -- Symlinking: /home/jetpack/piracer/install/bus_msgs/share/bus_msgs/local_setup.zsh
[10.796s] -- Symlinking: /home/jetpack/piracer/install/bus_msgs/share/bus_msgs/local_setup.dsv
[10.813s] -- Symlinking: /home/jetpack/piracer/install/bus_msgs/share/bus_msgs/package.dsv
[10.830s] -- Symlinking: /home/jetpack/piracer/install/bus_msgs/share/ament_index/resource_index/packages/bus_msgs
[10.847s] -- Symlinking: /home/jetpack/piracer/install/bus_msgs/share/bus_msgs/cmake/rosidl_cmake-extras.cmake
[10.864s] -- Symlinking: /home/jetpack/piracer/install/bus_msgs/share/bus_msgs/cmake/ament_cmake_export_include_directories-extras.cmake
[10.880s] -- Symlinking: /home/jetpack/piracer/install/bus_msgs/share/bus_msgs/cmake/ament_cmake_export_libraries-extras.cmake
[10.896s] -- Symlinking: /home/jetpack/piracer/install/bus_msgs/share/bus_msgs/cmake/ament_cmake_export_targets-extras.cmake
[10.912s] -- Symlinking: /home/jetpack/piracer/install/bus_msgs/share/bus_msgs/cmake/rosidl_cmake_export_typesupport_targets-extras.cmake
[10.927s] -- Symlinking: /home/jetpack/piracer/install/bus_msgs/share/bus_msgs/cmake/ament_cmake_export_dependencies-extras.cmake
[10.944s] -- Symlinking: /home/jetpack/piracer/install/bus_msgs/share/bus_msgs/cmake/rosidl_cmake_export_typesupport_libraries-extras.cmake
[10.960s] -- Symlinking: /home/jetpack/piracer/install/bus_msgs/share/bus_msgs/cmake/bus_msgsConfig.cmake
[10.976s] -- Symlinking: /home/jetpack/piracer/install/bus_msgs/share/bus_msgs/cmake/bus_msgsConfig-version.cmake
[10.992s] -- Symlinking: /home/jetpack/piracer/install/bus_msgs/share/bus_msgs/package.xml
[11.007s] -- Installing: /home/jetpack/piracer/install/bus_msgs/lib/libbus_msgs__rosidl_generator_c.so
[11.008s] -- Set non-toolchain portion of runtime path of "/home/jetpack/piracer/install/bus_msgs/lib/libbus_msgs__rosidl_generator_c.so" to ""
[11.008s] -- Installing: /home/jetpack/piracer/install/bus_msgs/lib/libbus_msgs__rosidl_typesupport_fastrtps_c.so
[11.008s] -- Set non-toolchain portion of runtime path of "/home/jetpack/piracer/install/bus_msgs/lib/libbus_msgs__rosidl_typesupport_fastrtps_c.so" to ""
[11.008s] -- Installing: /home/jetpack/piracer/install/bus_msgs/lib/libbus_msgs__rosidl_typesupport_introspection_c.so
[11.009s] -- Set non-toolchain portion of runtime path of "/home/jetpack/piracer/install/bus_msgs/lib/libbus_msgs__rosidl_typesupport_introspection_c.so" to ""
[11.009s] -- Installing: /home/jetpack/piracer/install/bus_msgs/lib/libbus_msgs__rosidl_typesupport_c.so
[11.010s] -- Set non-toolchain portion of runtime path of "/home/jetpack/piracer/install/bus_msgs/lib/libbus_msgs__rosidl_typesupport_c.so" to ""
[11.012s] -- Installing: /home/jetpack/piracer/install/bus_msgs/lib/libbus_msgs__rosidl_typesupport_fastrtps_cpp.so
[11.012s] -- Set non-toolchain portion of runtime path of "/home/jetpack/piracer/install/bus_msgs/lib/libbus_msgs__rosidl_typesupport_fastrtps_cpp.so" to ""
[11.012s] -- Installing: /home/jetpack/piracer/install/bus_msgs/lib/libbus_msgs__rosidl_typesupport_introspection_cpp.so
[11.012s] -- Set non-toolchain portion of runtime path of "/home/jetpack/piracer/install/bus_msgs/lib/libbus_msgs__rosidl_typesupport_introspection_cpp.so" to ""
[11.012s] -- Installing: /home/jetpack/piracer/install/bus_msgs/lib/libbus_msgs__rosidl_typesupport_cpp.so
[11.012s] -- Set non-toolchain portion of runtime path of "/home/jetpack/piracer/install/bus_msgs/lib/libbus_msgs__rosidl_typesupport_cpp.so" to ""
[11.067s] Listing '/home/jetpack/piracer/install/bus_msgs/lib/python3.12/site-packages/bus_msgs'...
[11.067s] Compiling '/home/jetpack/piracer/install/bus_msgs/lib/python3.12/site-packages/bus_msgs/__init__.py'...
[11.067s] Listing '/home/jetpack/piracer/install/bus_msgs/lib/python3.12/site-packages/bus_msgs/msg'...
[11.067s] Compiling '/home/jetpack/piracer/install/bus_msgs/lib/python3.12/site-packages/bus_msgs/msg/__init__.py'...
[11.068s] Compiling '/home/jetpack/piracer/install/bus_msgs/lib/python3.12/site-packages/bus_msgs/msg/_can_packet.py'...
[11.083s] -- Installing: /home/jetpack/piracer/install/bus_msgs/lib/libbus_msgs__rosidl_generator_py.so
[11.083s] -- Set non-toolchain portion of runtime path of "/home/jetpack/piracer/install/bus_msgs/lib/libbus_msgs__rosidl_generator_py.so" to ""
[11.083s] -- Installing: /home/jetpack/piracer/install/bus_msgs/share/bus_msgs/cmake/export_bus_msgs__rosidl_generator_cExport.cmake
[11.083s] -- Installing: /home/jetpack/piracer/install/bus_msgs/share/bus_msgs/cmake/export_bus_msgs__rosidl_generator_cExport-noconfig.cmake
[11.083s] -- Installing: /home/jetpack/piracer/install/bus_msgs/share/bus_msgs/cmake/export_bus_msgs__rosidl_typesupport_fastrtps_cExport.cmake
[11.083s] -- Installing: /home/jetpack/piracer/install/bus_msgs/share/bus_msgs/cmake/export_bus_msgs__rosidl_typesupport_fastrtps_cExport-noconfig.cmake
[11.083s] -- Installing: /home/jetpack/piracer/install/bus_msgs/share/bus_msgs/cmake/bus_msgs__rosidl_typesupport_introspection_cExport.cmake
[11.084s] -- Installing: /home/jetpack/piracer/install/bus_msgs/share/bus_msgs/cmake/bus_msgs__rosidl_typesupport_introspection_cExport-noconfig.cmake
[11.084s] -- Installing: /home/jetpack/piracer/install/bus_msgs/share/bus_msgs/cmake/bus_msgs__rosidl_typesupport_cExport.cmake
[11.084s] -- Installing: /home/jetpack/piracer/install/bus_msgs/share/bus_msgs/cmake/bus_msgs__rosidl_typesupport_cExport-noconfig.cmake
[11.084s] -- Installing: /home/jetpack/piracer/install/bus_msgs/share/bus_msgs/cmake/export_bus_msgs__rosidl_generator_cppExport.cmake
[11.084s] -- Installing: /home/jetpack/piracer/install/bus_msgs/share/bus_msgs/cmake/export_bus_msgs__rosidl_typesupport_fastrtps_cppExport.cmake
[11.084s] -- Installing: /home/jetpack/piracer/install/bus_msgs/share/bus_msgs/cmake/export_bus_msgs__rosidl_typesupport_fastrtps_cppExport-noconfig.cmake
[11.084s] -- Installing: /home/jetpack/piracer/install/bus_msgs/share/bus_msgs/cmake/bus_msgs__rosidl_typesupport_introspection_cppExport.cmake
[11.084s] -- Installing: /home/jetpack/piracer/install/bus_msgs/share/bus_msgs/cmake/bus_msgs__rosidl_typesupport_introspection_cppExport-noconfig.cmake
[11.084s] -- Installing: /home/jetpack/piracer/install/bus_msgs/share/bus_msgs/cmake/bus_msgs__rosidl_typesupport_cppExport.cmake
[11.084s] -- Installing: /home/jetpack/piracer/install/bus_msgs/share/bus_msgs/cmake/bus_msgs__rosidl_typesupport_cppExport-noconfig.cmake
[11.085s] -- Installing: /home/jetpack/piracer/install/bus_msgs/share/bus_msgs/cmake/export_bus_msgs__rosidl_generator_pyExport.cmake
[11.085s] -- Installing: /home/jetpack/piracer/install/bus_msgs/share/bus_msgs/cmake/export_bus_msgs__rosidl_generator_pyExport-noconfig.cmake
[11.088s] Invoked command in '/home/jetpack/piracer/build/bus_msgs' returned '0': CMAKE_PREFIX_PATH=${CMAKE_PREFIX_PATH}:/opt/ros/jazzy /usr/bin/cmake --install /home/jetpack/piracer/build/bus_msgs
