[0.020s] Invoking command in '/home/jetpack/JetRacer/build/bus_msgs': CMAKE_PREFIX_PATH=${CMAKE_PREFIX_PATH}:/opt/ros/jazzy /usr/bin/cmake --build /home/jetpack/JetRacer/build/bus_msgs -- -j4 -l4
[0.111s] [  1%] Built target bus_msgs__rosidl_generator_type_description
[0.129s] [  1%] Built target ament_cmake_python_symlink_bus_msgs
[0.151s] [  3%] Built target bus_msgs__cpp
[0.164s] [ 24%] Built target bus_msgs__rosidl_generator_c
[0.219s] [ 33%] Built target bus_msgs__rosidl_typesupport_introspection_c
[0.224s] [ 42%] Built target bus_msgs__rosidl_typesupport_cpp
[0.248s] [ 51%] Built target bus_msgs__rosidl_typesupport_fastrtps_c
[0.292s] [ 61%] Built target bus_msgs__rosidl_typesupport_c
[0.295s] [ 70%] Built target bus_msgs__rosidl_typesupport_fastrtps_cpp
[0.311s] [ 79%] Built target bus_msgs__rosidl_typesupport_introspection_cpp
[0.348s] [ 79%] Built target bus_msgs
[0.387s] [ 81%] Built target bus_msgs__py
[0.428s] [ 88%] Built target bus_msgs__rosidl_generator_py
[0.474s] [ 92%] Built target bus_msgs_s__rosidl_typesupport_c
[0.481s] [ 98%] Built target bus_msgs_s__rosidl_typesupport_fastrtps_c
[0.481s] [100%] Built target bus_msgs_s__rosidl_typesupport_introspection_c
[0.513s] running egg_info
[0.538s] writing bus_msgs.egg-info/PKG-INFO
[0.538s] writing dependency_links to bus_msgs.egg-info/dependency_links.txt
[0.539s] writing top-level names to bus_msgs.egg-info/top_level.txt
[0.612s] reading manifest file 'bus_msgs.egg-info/SOURCES.txt'
[0.613s] writing manifest file 'bus_msgs.egg-info/SOURCES.txt'
[0.677s] [100%] Built target ament_cmake_python_build_bus_msgs_egg
[0.697s] Invoked command in '/home/jetpack/JetRacer/build/bus_msgs' returned '0': CMAKE_PREFIX_PATH=${CMAKE_PREFIX_PATH}:/opt/ros/jazzy /usr/bin/cmake --build /home/jetpack/JetRacer/build/bus_msgs -- -j4 -l4
[0.850s] Invoking command in '/home/jetpack/JetRacer/build/bus_msgs': CMAKE_PREFIX_PATH=${CMAKE_PREFIX_PATH}:/opt/ros/jazzy /usr/bin/cmake --install /home/jetpack/JetRacer/build/bus_msgs
[0.865s] -- Install configuration: ""
[0.866s] -- Execute custom install script
[0.867s] -- Up-to-date symlink: /home/jetpack/JetRacer/install/bus_msgs/share/ament_index/resource_index/rosidl_interfaces/bus_msgs
[0.867s] -- Up-to-date symlink: /home/jetpack/JetRacer/install/bus_msgs/share/bus_msgs/msg/CanFrame.json
[0.867s] -- Up-to-date symlink: /home/jetpack/JetRacer/install/bus_msgs/share/bus_msgs/srv/I2cService.json
[0.867s] -- Up-to-date symlink: /home/jetpack/JetRacer/install/bus_msgs/share/bus_msgs/srv/CanService.json
[0.868s] -- Up-to-date symlink: /home/jetpack/JetRacer/install/bus_msgs/include/bus_msgs/bus_msgs/msg/can_frame.h
[0.868s] -- Up-to-date symlink: /home/jetpack/JetRacer/install/bus_msgs/include/bus_msgs/bus_msgs/msg/detail/can_frame__functions.h
[0.868s] -- Up-to-date symlink: /home/jetpack/JetRacer/install/bus_msgs/include/bus_msgs/bus_msgs/msg/detail/can_frame__struct.h
[0.869s] -- Up-to-date symlink: /home/jetpack/JetRacer/install/bus_msgs/include/bus_msgs/bus_msgs/msg/detail/can_frame__type_support.h
[0.869s] -- Up-to-date symlink: /home/jetpack/JetRacer/install/bus_msgs/include/bus_msgs/bus_msgs/msg/rosidl_generator_c__visibility_control.h
[0.869s] -- Up-to-date symlink: /home/jetpack/JetRacer/install/bus_msgs/include/bus_msgs/bus_msgs/srv/can_service.h
[0.869s] -- Up-to-date symlink: /home/jetpack/JetRacer/install/bus_msgs/include/bus_msgs/bus_msgs/srv/detail/can_service__functions.h
[0.869s] -- Up-to-date symlink: /home/jetpack/JetRacer/install/bus_msgs/include/bus_msgs/bus_msgs/srv/detail/can_service__struct.h
[0.869s] -- Up-to-date symlink: /home/jetpack/JetRacer/install/bus_msgs/include/bus_msgs/bus_msgs/srv/detail/can_service__type_support.h
[0.869s] -- Up-to-date symlink: /home/jetpack/JetRacer/install/bus_msgs/include/bus_msgs/bus_msgs/srv/detail/i2c_service__functions.h
[0.870s] -- Up-to-date symlink: /home/jetpack/JetRacer/install/bus_msgs/include/bus_msgs/bus_msgs/srv/detail/i2c_service__struct.h
[0.870s] -- Up-to-date symlink: /home/jetpack/JetRacer/install/bus_msgs/include/bus_msgs/bus_msgs/srv/detail/i2c_service__type_support.h
[0.870s] -- Up-to-date symlink: /home/jetpack/JetRacer/install/bus_msgs/include/bus_msgs/bus_msgs/srv/i2c_service.h
[0.870s] -- Up-to-date symlink: /home/jetpack/JetRacer/install/bus_msgs/share/bus_msgs/environment/library_path.sh
[0.870s] -- Up-to-date symlink: /home/jetpack/JetRacer/install/bus_msgs/share/bus_msgs/environment/library_path.dsv
[0.871s] -- Up-to-date symlink: /home/jetpack/JetRacer/install/bus_msgs/include/bus_msgs/bus_msgs/msg/detail/can_frame__rosidl_typesupport_fastrtps_c.h
[0.871s] -- Up-to-date symlink: /home/jetpack/JetRacer/install/bus_msgs/include/bus_msgs/bus_msgs/msg/rosidl_typesupport_fastrtps_c__visibility_control.h
[0.871s] -- Up-to-date symlink: /home/jetpack/JetRacer/install/bus_msgs/include/bus_msgs/bus_msgs/srv/detail/can_service__rosidl_typesupport_fastrtps_c.h
[0.871s] -- Up-to-date symlink: /home/jetpack/JetRacer/install/bus_msgs/include/bus_msgs/bus_msgs/srv/detail/i2c_service__rosidl_typesupport_fastrtps_c.h
[0.872s] -- Up-to-date symlink: /home/jetpack/JetRacer/install/bus_msgs/include/bus_msgs/bus_msgs/msg/detail/can_frame__rosidl_typesupport_introspection_c.h
[0.872s] -- Up-to-date symlink: /home/jetpack/JetRacer/install/bus_msgs/include/bus_msgs/bus_msgs/msg/rosidl_typesupport_introspection_c__visibility_control.h
[0.872s] -- Up-to-date symlink: /home/jetpack/JetRacer/install/bus_msgs/include/bus_msgs/bus_msgs/srv/detail/can_service__rosidl_typesupport_introspection_c.h
[0.872s] -- Up-to-date symlink: /home/jetpack/JetRacer/install/bus_msgs/include/bus_msgs/bus_msgs/srv/detail/i2c_service__rosidl_typesupport_introspection_c.h
[0.873s] -- Up-to-date symlink: /home/jetpack/JetRacer/install/bus_msgs/include/bus_msgs/bus_msgs/msg/can_frame.hpp
[0.873s] -- Up-to-date symlink: /home/jetpack/JetRacer/install/bus_msgs/include/bus_msgs/bus_msgs/msg/detail/can_frame__builder.hpp
[0.873s] -- Up-to-date symlink: /home/jetpack/JetRacer/install/bus_msgs/include/bus_msgs/bus_msgs/msg/detail/can_frame__struct.hpp
[0.873s] -- Up-to-date symlink: /home/jetpack/JetRacer/install/bus_msgs/include/bus_msgs/bus_msgs/msg/detail/can_frame__traits.hpp
[0.873s] -- Up-to-date symlink: /home/jetpack/JetRacer/install/bus_msgs/include/bus_msgs/bus_msgs/msg/detail/can_frame__type_support.hpp
[0.873s] -- Up-to-date symlink: /home/jetpack/JetRacer/install/bus_msgs/include/bus_msgs/bus_msgs/msg/rosidl_generator_cpp__visibility_control.hpp
[0.874s] -- Up-to-date symlink: /home/jetpack/JetRacer/install/bus_msgs/include/bus_msgs/bus_msgs/srv/can_service.hpp
[0.874s] -- Up-to-date symlink: /home/jetpack/JetRacer/install/bus_msgs/include/bus_msgs/bus_msgs/srv/detail/can_service__builder.hpp
[0.874s] -- Up-to-date symlink: /home/jetpack/JetRacer/install/bus_msgs/include/bus_msgs/bus_msgs/srv/detail/can_service__struct.hpp
[0.874s] -- Up-to-date symlink: /home/jetpack/JetRacer/install/bus_msgs/include/bus_msgs/bus_msgs/srv/detail/can_service__traits.hpp
[0.874s] -- Up-to-date symlink: /home/jetpack/JetRacer/install/bus_msgs/include/bus_msgs/bus_msgs/srv/detail/can_service__type_support.hpp
[0.874s] -- Up-to-date symlink: /home/jetpack/JetRacer/install/bus_msgs/include/bus_msgs/bus_msgs/srv/detail/i2c_service__builder.hpp
[0.875s] -- Up-to-date symlink: /home/jetpack/JetRacer/install/bus_msgs/include/bus_msgs/bus_msgs/srv/detail/i2c_service__struct.hpp
[0.875s] -- Up-to-date symlink: /home/jetpack/JetRacer/install/bus_msgs/include/bus_msgs/bus_msgs/srv/detail/i2c_service__traits.hpp
[0.875s] -- Up-to-date symlink: /home/jetpack/JetRacer/install/bus_msgs/include/bus_msgs/bus_msgs/srv/detail/i2c_service__type_support.hpp
[0.875s] -- Up-to-date symlink: /home/jetpack/JetRacer/install/bus_msgs/include/bus_msgs/bus_msgs/srv/i2c_service.hpp
[0.876s] -- Up-to-date symlink: /home/jetpack/JetRacer/install/bus_msgs/include/bus_msgs/bus_msgs/msg/detail/can_frame__rosidl_typesupport_fastrtps_cpp.hpp
[0.876s] -- Up-to-date symlink: /home/jetpack/JetRacer/install/bus_msgs/include/bus_msgs/bus_msgs/msg/rosidl_typesupport_fastrtps_cpp__visibility_control.h
[0.876s] -- Up-to-date symlink: /home/jetpack/JetRacer/install/bus_msgs/include/bus_msgs/bus_msgs/srv/detail/can_service__rosidl_typesupport_fastrtps_cpp.hpp
[0.876s] -- Up-to-date symlink: /home/jetpack/JetRacer/install/bus_msgs/include/bus_msgs/bus_msgs/srv/detail/i2c_service__rosidl_typesupport_fastrtps_cpp.hpp
[0.877s] -- Up-to-date symlink: /home/jetpack/JetRacer/install/bus_msgs/include/bus_msgs/bus_msgs/msg/detail/can_frame__rosidl_typesupport_introspection_cpp.hpp
[0.877s] -- Up-to-date symlink: /home/jetpack/JetRacer/install/bus_msgs/include/bus_msgs/bus_msgs/srv/detail/can_service__rosidl_typesupport_introspection_cpp.hpp
[0.877s] -- Up-to-date symlink: /home/jetpack/JetRacer/install/bus_msgs/include/bus_msgs/bus_msgs/srv/detail/i2c_service__rosidl_typesupport_introspection_cpp.hpp
[0.877s] -- Up-to-date symlink: /home/jetpack/JetRacer/install/bus_msgs/share/bus_msgs/environment/pythonpath.sh
[0.878s] -- Up-to-date symlink: /home/jetpack/JetRacer/install/bus_msgs/share/bus_msgs/environment/pythonpath.dsv
[0.878s] -- Up-to-date symlink: /home/jetpack/JetRacer/install/bus_msgs/lib/python3.12/site-packages/bus_msgs-0.0.0-py3.12.egg-info/PKG-INFO
[0.878s] -- Up-to-date symlink: /home/jetpack/JetRacer/install/bus_msgs/lib/python3.12/site-packages/bus_msgs-0.0.0-py3.12.egg-info/SOURCES.txt
[0.878s] -- Up-to-date symlink: /home/jetpack/JetRacer/install/bus_msgs/lib/python3.12/site-packages/bus_msgs-0.0.0-py3.12.egg-info/dependency_links.txt
[0.878s] -- Up-to-date symlink: /home/jetpack/JetRacer/install/bus_msgs/lib/python3.12/site-packages/bus_msgs-0.0.0-py3.12.egg-info/top_level.txt
[0.879s] -- Up-to-date symlink: /home/jetpack/JetRacer/install/bus_msgs/lib/python3.12/site-packages/bus_msgs/__init__.py
[0.879s] -- Up-to-date symlink: /home/jetpack/JetRacer/install/bus_msgs/lib/python3.12/site-packages/bus_msgs/_bus_msgs_s.ep.rosidl_typesupport_c.c
[0.879s] -- Up-to-date symlink: /home/jetpack/JetRacer/install/bus_msgs/lib/python3.12/site-packages/bus_msgs/_bus_msgs_s.ep.rosidl_typesupport_fastrtps_c.c
[0.879s] -- Up-to-date symlink: /home/jetpack/JetRacer/install/bus_msgs/lib/python3.12/site-packages/bus_msgs/_bus_msgs_s.ep.rosidl_typesupport_introspection_c.c
[0.880s] -- Up-to-date symlink: /home/jetpack/JetRacer/install/bus_msgs/lib/python3.12/site-packages/bus_msgs/bus_msgs_s__rosidl_typesupport_c.so
[0.880s] -- Up-to-date symlink: /home/jetpack/JetRacer/install/bus_msgs/lib/python3.12/site-packages/bus_msgs/bus_msgs_s__rosidl_typesupport_fastrtps_c.so
[0.880s] -- Up-to-date symlink: /home/jetpack/JetRacer/install/bus_msgs/lib/python3.12/site-packages/bus_msgs/bus_msgs_s__rosidl_typesupport_introspection_c.so
[0.880s] -- Up-to-date symlink: /home/jetpack/JetRacer/install/bus_msgs/lib/python3.12/site-packages/bus_msgs/msg/__init__.py
[0.880s] -- Up-to-date symlink: /home/jetpack/JetRacer/install/bus_msgs/lib/python3.12/site-packages/bus_msgs/msg/_can_frame.py
[0.880s] -- Up-to-date symlink: /home/jetpack/JetRacer/install/bus_msgs/lib/python3.12/site-packages/bus_msgs/msg/_can_frame_s.c
[0.880s] -- Up-to-date symlink: /home/jetpack/JetRacer/install/bus_msgs/lib/python3.12/site-packages/bus_msgs/srv/__init__.py
[0.881s] -- Up-to-date symlink: /home/jetpack/JetRacer/install/bus_msgs/lib/python3.12/site-packages/bus_msgs/srv/_can_service.py
[0.881s] -- Up-to-date symlink: /home/jetpack/JetRacer/install/bus_msgs/lib/python3.12/site-packages/bus_msgs/srv/_can_service_s.c
[0.881s] -- Up-to-date symlink: /home/jetpack/JetRacer/install/bus_msgs/lib/python3.12/site-packages/bus_msgs/srv/_i2c_service.py
[0.881s] -- Up-to-date symlink: /home/jetpack/JetRacer/install/bus_msgs/lib/python3.12/site-packages/bus_msgs/srv/_i2c_service_s.c
[0.881s] -- Up-to-date symlink: /home/jetpack/JetRacer/install/bus_msgs/lib/python3.12/site-packages/bus_msgs/bus_msgs_s__rosidl_typesupport_fastrtps_c.so
[0.882s] -- Up-to-date symlink: /home/jetpack/JetRacer/install/bus_msgs/lib/python3.12/site-packages/bus_msgs/bus_msgs_s__rosidl_typesupport_introspection_c.so
[0.882s] -- Up-to-date symlink: /home/jetpack/JetRacer/install/bus_msgs/lib/python3.12/site-packages/bus_msgs/bus_msgs_s__rosidl_typesupport_c.so
[0.882s] -- Up-to-date symlink: /home/jetpack/JetRacer/install/bus_msgs/share/bus_msgs/msg/CanFrame.idl
[0.882s] -- Up-to-date symlink: /home/jetpack/JetRacer/install/bus_msgs/share/bus_msgs/srv/I2cService.idl
[0.883s] -- Up-to-date symlink: /home/jetpack/JetRacer/install/bus_msgs/share/bus_msgs/srv/CanService.idl
[0.883s] -- Up-to-date symlink: /home/jetpack/JetRacer/install/bus_msgs/share/bus_msgs/msg/CanFrame.msg
[0.883s] -- Up-to-date symlink: /home/jetpack/JetRacer/install/bus_msgs/share/bus_msgs/srv/I2cService.srv
[0.883s] -- Up-to-date symlink: /home/jetpack/JetRacer/install/bus_msgs/share/bus_msgs/srv/CanService.srv
[0.883s] -- Up-to-date symlink: /home/jetpack/JetRacer/install/bus_msgs/share/ament_index/resource_index/package_run_dependencies/bus_msgs
[0.883s] -- Up-to-date symlink: /home/jetpack/JetRacer/install/bus_msgs/share/ament_index/resource_index/parent_prefix_path/bus_msgs
[0.884s] -- Up-to-date symlink: /home/jetpack/JetRacer/install/bus_msgs/share/bus_msgs/environment/ament_prefix_path.sh
[0.884s] -- Up-to-date symlink: /home/jetpack/JetRacer/install/bus_msgs/share/bus_msgs/environment/ament_prefix_path.dsv
[0.884s] -- Up-to-date symlink: /home/jetpack/JetRacer/install/bus_msgs/share/bus_msgs/environment/path.sh
[0.884s] -- Up-to-date symlink: /home/jetpack/JetRacer/install/bus_msgs/share/bus_msgs/environment/path.dsv
[0.884s] -- Up-to-date symlink: /home/jetpack/JetRacer/install/bus_msgs/share/bus_msgs/local_setup.bash
[0.885s] -- Up-to-date symlink: /home/jetpack/JetRacer/install/bus_msgs/share/bus_msgs/local_setup.sh
[0.885s] -- Up-to-date symlink: /home/jetpack/JetRacer/install/bus_msgs/share/bus_msgs/local_setup.zsh
[0.885s] -- Up-to-date symlink: /home/jetpack/JetRacer/install/bus_msgs/share/bus_msgs/local_setup.dsv
[0.885s] -- Symlinking: /home/jetpack/JetRacer/install/bus_msgs/share/bus_msgs/package.dsv
[0.900s] -- Up-to-date symlink: /home/jetpack/JetRacer/install/bus_msgs/share/ament_index/resource_index/packages/bus_msgs
[0.901s] -- Up-to-date symlink: /home/jetpack/JetRacer/install/bus_msgs/share/bus_msgs/cmake/rosidl_cmake-extras.cmake
[0.901s] -- Up-to-date symlink: /home/jetpack/JetRacer/install/bus_msgs/share/bus_msgs/cmake/ament_cmake_export_dependencies-extras.cmake
[0.901s] -- Up-to-date symlink: /home/jetpack/JetRacer/install/bus_msgs/share/bus_msgs/cmake/ament_cmake_export_include_directories-extras.cmake
[0.901s] -- Up-to-date symlink: /home/jetpack/JetRacer/install/bus_msgs/share/bus_msgs/cmake/ament_cmake_export_libraries-extras.cmake
[0.901s] -- Up-to-date symlink: /home/jetpack/JetRacer/install/bus_msgs/share/bus_msgs/cmake/ament_cmake_export_targets-extras.cmake
[0.902s] -- Up-to-date symlink: /home/jetpack/JetRacer/install/bus_msgs/share/bus_msgs/cmake/rosidl_cmake_export_typesupport_targets-extras.cmake
[0.902s] -- Up-to-date symlink: /home/jetpack/JetRacer/install/bus_msgs/share/bus_msgs/cmake/rosidl_cmake_export_typesupport_libraries-extras.cmake
[0.902s] -- Up-to-date symlink: /home/jetpack/JetRacer/install/bus_msgs/share/bus_msgs/cmake/bus_msgsConfig.cmake
[0.902s] -- Up-to-date symlink: /home/jetpack/JetRacer/install/bus_msgs/share/bus_msgs/cmake/bus_msgsConfig-version.cmake
[0.902s] -- Up-to-date symlink: /home/jetpack/JetRacer/install/bus_msgs/share/bus_msgs/package.xml
[0.903s] -- Up-to-date: /home/jetpack/JetRacer/install/bus_msgs/lib/libbus_msgs__rosidl_generator_c.so
[0.903s] -- Up-to-date: /home/jetpack/JetRacer/install/bus_msgs/lib/libbus_msgs__rosidl_typesupport_fastrtps_c.so
[0.903s] -- Up-to-date: /home/jetpack/JetRacer/install/bus_msgs/lib/libbus_msgs__rosidl_typesupport_introspection_c.so
[0.904s] -- Up-to-date: /home/jetpack/JetRacer/install/bus_msgs/lib/libbus_msgs__rosidl_typesupport_c.so
[0.904s] -- Up-to-date: /home/jetpack/JetRacer/install/bus_msgs/lib/libbus_msgs__rosidl_typesupport_fastrtps_cpp.so
[0.905s] -- Up-to-date: /home/jetpack/JetRacer/install/bus_msgs/lib/libbus_msgs__rosidl_typesupport_introspection_cpp.so
[0.905s] -- Up-to-date: /home/jetpack/JetRacer/install/bus_msgs/lib/libbus_msgs__rosidl_typesupport_cpp.so
[0.955s] Listing '/home/jetpack/JetRacer/install/bus_msgs/lib/python3.12/site-packages/bus_msgs'...
[0.955s] Listing '/home/jetpack/JetRacer/install/bus_msgs/lib/python3.12/site-packages/bus_msgs/msg'...
[0.955s] Listing '/home/jetpack/JetRacer/install/bus_msgs/lib/python3.12/site-packages/bus_msgs/srv'...
[0.966s] -- Up-to-date: /home/jetpack/JetRacer/install/bus_msgs/lib/libbus_msgs__rosidl_generator_py.so
[0.966s] -- Up-to-date: /home/jetpack/JetRacer/install/bus_msgs/share/bus_msgs/cmake/export_bus_msgs__rosidl_generator_cExport.cmake
[0.966s] -- Up-to-date: /home/jetpack/JetRacer/install/bus_msgs/share/bus_msgs/cmake/export_bus_msgs__rosidl_generator_cExport-noconfig.cmake
[0.966s] -- Up-to-date: /home/jetpack/JetRacer/install/bus_msgs/share/bus_msgs/cmake/export_bus_msgs__rosidl_typesupport_fastrtps_cExport.cmake
[0.966s] -- Up-to-date: /home/jetpack/JetRacer/install/bus_msgs/share/bus_msgs/cmake/export_bus_msgs__rosidl_typesupport_fastrtps_cExport-noconfig.cmake
[0.966s] -- Up-to-date: /home/jetpack/JetRacer/install/bus_msgs/share/bus_msgs/cmake/bus_msgs__rosidl_typesupport_introspection_cExport.cmake
[0.967s] -- Up-to-date: /home/jetpack/JetRacer/install/bus_msgs/share/bus_msgs/cmake/bus_msgs__rosidl_typesupport_introspection_cExport-noconfig.cmake
[0.967s] -- Up-to-date: /home/jetpack/JetRacer/install/bus_msgs/share/bus_msgs/cmake/bus_msgs__rosidl_typesupport_cExport.cmake
[0.967s] -- Up-to-date: /home/jetpack/JetRacer/install/bus_msgs/share/bus_msgs/cmake/bus_msgs__rosidl_typesupport_cExport-noconfig.cmake
[0.967s] -- Up-to-date: /home/jetpack/JetRacer/install/bus_msgs/share/bus_msgs/cmake/export_bus_msgs__rosidl_generator_cppExport.cmake
[0.967s] -- Up-to-date: /home/jetpack/JetRacer/install/bus_msgs/share/bus_msgs/cmake/export_bus_msgs__rosidl_typesupport_fastrtps_cppExport.cmake
[0.967s] -- Up-to-date: /home/jetpack/JetRacer/install/bus_msgs/share/bus_msgs/cmake/export_bus_msgs__rosidl_typesupport_fastrtps_cppExport-noconfig.cmake
[0.967s] -- Up-to-date: /home/jetpack/JetRacer/install/bus_msgs/share/bus_msgs/cmake/bus_msgs__rosidl_typesupport_introspection_cppExport.cmake
[0.967s] -- Up-to-date: /home/jetpack/JetRacer/install/bus_msgs/share/bus_msgs/cmake/bus_msgs__rosidl_typesupport_introspection_cppExport-noconfig.cmake
[0.967s] -- Up-to-date: /home/jetpack/JetRacer/install/bus_msgs/share/bus_msgs/cmake/bus_msgs__rosidl_typesupport_cppExport.cmake
[0.967s] -- Up-to-date: /home/jetpack/JetRacer/install/bus_msgs/share/bus_msgs/cmake/bus_msgs__rosidl_typesupport_cppExport-noconfig.cmake
[0.968s] -- Up-to-date: /home/jetpack/JetRacer/install/bus_msgs/share/bus_msgs/cmake/export_bus_msgs__rosidl_generator_pyExport.cmake
[0.968s] -- Up-to-date: /home/jetpack/JetRacer/install/bus_msgs/share/bus_msgs/cmake/export_bus_msgs__rosidl_generator_pyExport-noconfig.cmake
[0.971s] Invoked command in '/home/jetpack/JetRacer/build/bus_msgs' returned '0': CMAKE_PREFIX_PATH=${CMAKE_PREFIX_PATH}:/opt/ros/jazzy /usr/bin/cmake --install /home/jetpack/JetRacer/build/bus_msgs
