[0.015s] Invoking command in '/home/pi/test_workspace/build/my_first_pkg': CMAKE_PREFIX_PATH=/opt/ros/jazzy /usr/bin/cmake /home/pi/test_workspace/src/my_first_pkg -DAMENT_CMAKE_SYMLINK_INSTALL=1 -DCMAKE_INSTALL_PREFIX=/home/pi/test_workspace/install/my_first_pkg
[0.131s] -- The C compiler identification is GNU 13.2.0
[0.249s] -- The CXX compiler identification is GNU 13.2.0
[0.276s] -- Detecting C compiler ABI info
[0.442s] -- Detecting C compiler ABI info - done
[0.457s] -- Check for working C compiler: /usr/bin/cc - skipped
[0.457s] -- Detecting C compile features
[0.458s] -- Detecting C compile features - done
[0.472s] -- Detecting CXX compiler ABI info
[0.656s] -- Detecting CXX compiler ABI info - done
[0.671s] -- Check for working CXX compiler: /usr/bin/c++ - skipped
[0.671s] -- Detecting CXX compile features
[0.672s] -- Detecting CXX compile features - done
[0.675s] -- Found ament_cmake: 2.5.2 (/opt/ros/jazzy/share/ament_cmake/cmake)
[0.913s] -- Found Python3: /usr/bin/python3 (found version "3.12.3") found components: Interpreter 
[1.051s] -- Override CMake install command with custom implementation using symlinks instead of copying resources
[1.077s] -- Found rclcpp: 28.1.5 (/opt/ros/jazzy/share/rclcpp/cmake)
[1.119s] -- Found rosidl_generator_c: 4.6.4 (/opt/ros/jazzy/share/rosidl_generator_c/cmake)
[1.135s] -- Found rosidl_generator_cpp: 4.6.4 (/opt/ros/jazzy/share/rosidl_generator_cpp/cmake)
[1.154s] -- Using all available rosidl_typesupport_c: rosidl_typesupport_fastrtps_c;rosidl_typesupport_introspection_c
[1.176s] -- Using all available rosidl_typesupport_cpp: rosidl_typesupport_fastrtps_cpp;rosidl_typesupport_introspection_cpp
[1.269s] -- Found rmw_implementation_cmake: 7.3.1 (/opt/ros/jazzy/share/rmw_implementation_cmake/cmake)
[1.271s] -- Found rmw_fastrtps_cpp: 8.4.1 (/opt/ros/jazzy/share/rmw_fastrtps_cpp/cmake)
[1.393s] -- Found OpenSSL: /usr/lib/aarch64-linux-gnu/libcrypto.so (found version "3.0.13")  
[1.416s] -- Found FastRTPS: /opt/ros/jazzy/include (Required is at least version "2.13") 
[1.451s] -- Using RMW implementation 'rmw_fastrtps_cpp' as default
[1.540s] -- Found std_msgs: 5.3.5 (/opt/ros/jazzy/share/std_msgs/cmake)
[1.560s] -- Found ament_lint_auto: 0.17.1 (/opt/ros/jazzy/share/ament_lint_auto/cmake)
[1.750s] -- Added test 'cppcheck' to perform static code analysis on C / C++ code
[1.750s] -- Configured cppcheck include dirs: 
[1.750s] -- Configured cppcheck exclude dirs and/or files: 
[1.751s] -- Added test 'lint_cmake' to check CMake code style
[1.752s] -- Added test 'uncrustify' to check C / C++ code style
[1.752s] -- Configured uncrustify additional arguments: 
[1.753s] -- Added test 'xmllint' to check XML markup files
[1.755s] -- Configuring done (1.7s)
[1.777s] -- Generating done (0.0s)
[1.782s] -- Build files have been written to: /home/pi/test_workspace/build/my_first_pkg
[1.803s] Invoked command in '/home/pi/test_workspace/build/my_first_pkg' returned '0': CMAKE_PREFIX_PATH=/opt/ros/jazzy /usr/bin/cmake /home/pi/test_workspace/src/my_first_pkg -DAMENT_CMAKE_SYMLINK_INSTALL=1 -DCMAKE_INSTALL_PREFIX=/home/pi/test_workspace/install/my_first_pkg
[1.805s] Invoking command in '/home/pi/test_workspace/build/my_first_pkg': CMAKE_PREFIX_PATH=/opt/ros/jazzy /usr/bin/cmake --build /home/pi/test_workspace/build/my_first_pkg -- -j4 -l4
[1.897s] [100%] Built target simple
[1.916s] Invoked command in '/home/pi/test_workspace/build/my_first_pkg' returned '0': CMAKE_PREFIX_PATH=/opt/ros/jazzy /usr/bin/cmake --build /home/pi/test_workspace/build/my_first_pkg -- -j4 -l4
[1.965s] Invoking command in '/home/pi/test_workspace/build/my_first_pkg': CMAKE_PREFIX_PATH=/opt/ros/jazzy /usr/bin/cmake --install /home/pi/test_workspace/build/my_first_pkg
[1.977s] -- Install configuration: ""
[1.978s] -- Execute custom install script
[1.978s] -- Up-to-date symlink: /home/pi/test_workspace/install/my_first_pkg/lib/my_first_pkg/simple
[1.979s] -- Up-to-date symlink: /home/pi/test_workspace/install/my_first_pkg/share/ament_index/resource_index/package_run_dependencies/my_first_pkg
[1.979s] -- Up-to-date symlink: /home/pi/test_workspace/install/my_first_pkg/share/ament_index/resource_index/parent_prefix_path/my_first_pkg
[1.979s] -- Up-to-date symlink: /home/pi/test_workspace/install/my_first_pkg/share/my_first_pkg/environment/ament_prefix_path.sh
[1.979s] -- Up-to-date symlink: /home/pi/test_workspace/install/my_first_pkg/share/my_first_pkg/environment/ament_prefix_path.dsv
[1.979s] -- Up-to-date symlink: /home/pi/test_workspace/install/my_first_pkg/share/my_first_pkg/environment/path.sh
[1.980s] -- Up-to-date symlink: /home/pi/test_workspace/install/my_first_pkg/share/my_first_pkg/environment/path.dsv
[1.980s] -- Up-to-date symlink: /home/pi/test_workspace/install/my_first_pkg/share/my_first_pkg/local_setup.bash
[1.980s] -- Up-to-date symlink: /home/pi/test_workspace/install/my_first_pkg/share/my_first_pkg/local_setup.sh
[1.980s] -- Up-to-date symlink: /home/pi/test_workspace/install/my_first_pkg/share/my_first_pkg/local_setup.zsh
[1.980s] -- Up-to-date symlink: /home/pi/test_workspace/install/my_first_pkg/share/my_first_pkg/local_setup.dsv
[1.981s] -- Symlinking: /home/pi/test_workspace/install/my_first_pkg/share/my_first_pkg/package.dsv
[1.995s] -- Up-to-date symlink: /home/pi/test_workspace/install/my_first_pkg/share/ament_index/resource_index/packages/my_first_pkg
[1.996s] -- Up-to-date symlink: /home/pi/test_workspace/install/my_first_pkg/share/my_first_pkg/cmake/ament_cmake_export_dependencies-extras.cmake
[1.996s] -- Up-to-date symlink: /home/pi/test_workspace/install/my_first_pkg/share/my_first_pkg/cmake/my_first_pkgConfig.cmake
[1.996s] -- Up-to-date symlink: /home/pi/test_workspace/install/my_first_pkg/share/my_first_pkg/cmake/my_first_pkgConfig-version.cmake
[1.997s] -- Up-to-date symlink: /home/pi/test_workspace/install/my_first_pkg/share/my_first_pkg/package.xml
[2.000s] Invoked command in '/home/pi/test_workspace/build/my_first_pkg' returned '0': CMAKE_PREFIX_PATH=/opt/ros/jazzy /usr/bin/cmake --install /home/pi/test_workspace/build/my_first_pkg
