[0.015s] Invoking command in '/home/pi/test_workspace/build/screen_service': CMAKE_PREFIX_PATH=${CMAKE_PREFIX_PATH}: /home/pi/test_workspace/install/screen_service  /home/pi/test_workspace/install/my_first_pkg /opt/ros/jazzy /usr/bin/cmake --build /home/pi/test_workspace/build/screen_service -- -j4 -l4
[0.107s] [100%] Built target oled_display_node
[0.125s] Invoked command in '/home/pi/test_workspace/build/screen_service' returned '0': CMAKE_PREFIX_PATH=${CMAKE_PREFIX_PATH}: /home/pi/test_workspace/install/screen_service  /home/pi/test_workspace/install/my_first_pkg /opt/ros/jazzy /usr/bin/cmake --build /home/pi/test_workspace/build/screen_service -- -j4 -l4
[0.176s] Invoking command in '/home/pi/test_workspace/build/screen_service': CMAKE_PREFIX_PATH=${CMAKE_PREFIX_PATH}: /home/pi/test_workspace/install/screen_service  /home/pi/test_workspace/install/my_first_pkg /opt/ros/jazzy /usr/bin/cmake --install /home/pi/test_workspace/build/screen_service
[0.189s] -- Install configuration: ""
[0.190s] -- Execute custom install script
[0.190s] -- Up-to-date symlink: /home/pi/test_workspace/install/screen_service/lib/screen_service/oled_display_node
[0.190s] -- Up-to-date symlink: /home/pi/test_workspace/install/screen_service/share/ament_index/resource_index/package_run_dependencies/screen_service
[0.191s] -- Up-to-date symlink: /home/pi/test_workspace/install/screen_service/share/ament_index/resource_index/parent_prefix_path/screen_service
[0.191s] -- Up-to-date symlink: /home/pi/test_workspace/install/screen_service/share/screen_service/environment/ament_prefix_path.sh
[0.191s] -- Up-to-date symlink: /home/pi/test_workspace/install/screen_service/share/screen_service/environment/ament_prefix_path.dsv
[0.191s] -- Up-to-date symlink: /home/pi/test_workspace/install/screen_service/share/screen_service/environment/path.sh
[0.191s] -- Up-to-date symlink: /home/pi/test_workspace/install/screen_service/share/screen_service/environment/path.dsv
[0.191s] -- Up-to-date symlink: /home/pi/test_workspace/install/screen_service/share/screen_service/local_setup.bash
[0.192s] -- Up-to-date symlink: /home/pi/test_workspace/install/screen_service/share/screen_service/local_setup.sh
[0.192s] -- Up-to-date symlink: /home/pi/test_workspace/install/screen_service/share/screen_service/local_setup.zsh
[0.192s] -- Up-to-date symlink: /home/pi/test_workspace/install/screen_service/share/screen_service/local_setup.dsv
[0.192s] -- Symlinking: /home/pi/test_workspace/install/screen_service/share/screen_service/package.dsv
[0.208s] -- Up-to-date symlink: /home/pi/test_workspace/install/screen_service/share/ament_index/resource_index/packages/screen_service
[0.208s] -- Up-to-date symlink: /home/pi/test_workspace/install/screen_service/share/screen_service/cmake/ament_cmake_export_dependencies-extras.cmake
[0.208s] -- Up-to-date symlink: /home/pi/test_workspace/install/screen_service/share/screen_service/cmake/screen_serviceConfig.cmake
[0.208s] -- Up-to-date symlink: /home/pi/test_workspace/install/screen_service/share/screen_service/cmake/screen_serviceConfig-version.cmake
[0.209s] -- Up-to-date symlink: /home/pi/test_workspace/install/screen_service/share/screen_service/package.xml
[0.229s] Invoked command in '/home/pi/test_workspace/build/screen_service' returned '0': CMAKE_PREFIX_PATH=${CMAKE_PREFIX_PATH}: /home/pi/test_workspace/install/screen_service  /home/pi/test_workspace/install/my_first_pkg /opt/ros/jazzy /usr/bin/cmake --install /home/pi/test_workspace/build/screen_service
