[0.015s] Invoking command in '/home/pi/test_workspace/build/screen_service': CMAKE_PREFIX_PATH=/opt/ros/jazzy /usr/bin/cmake /home/pi/test_workspace/src/screen_service -DAMENT_CMAKE_SYMLINK_INSTALL=1 -DCMAKE_INSTALL_PREFIX=/home/pi/test_workspace/install/screen_service
[0.034s] -- Found ament_cmake: 2.5.2 (/opt/ros/jazzy/share/ament_cmake/cmake)
[0.391s] -- Override CMake install command with custom implementation using symlinks instead of copying resources
[0.401s] -- Found rclcpp: 28.1.5 (/opt/ros/jazzy/share/rclcpp/cmake)
[0.433s] -- Found rosidl_generator_c: 4.6.4 (/opt/ros/jazzy/share/rosidl_generator_c/cmake)
[0.446s] -- Found rosidl_generator_cpp: 4.6.4 (/opt/ros/jazzy/share/rosidl_generator_cpp/cmake)
[0.462s] -- Using all available rosidl_typesupport_c: rosidl_typesupport_fastrtps_c;rosidl_typesupport_introspection_c
[0.483s] -- Using all available rosidl_typesupport_cpp: rosidl_typesupport_fastrtps_cpp;rosidl_typesupport_introspection_cpp
[0.575s] -- Found rmw_implementation_cmake: 7.3.1 (/opt/ros/jazzy/share/rmw_implementation_cmake/cmake)
[0.578s] -- Found rmw_fastrtps_cpp: 8.4.1 (/opt/ros/jazzy/share/rmw_fastrtps_cpp/cmake)
[0.696s] -- Found OpenSSL: /usr/lib/aarch64-linux-gnu/libcrypto.so (found version "3.0.13")  
[0.719s] -- Found FastRTPS: /opt/ros/jazzy/include (Required is at least version "2.13") 
[0.752s] -- Using RMW implementation 'rmw_fastrtps_cpp' as default
[0.840s] -- Found std_msgs: 5.3.5 (/opt/ros/jazzy/share/std_msgs/cmake)
[1.039s] -- Configuring done (1.0s)
[1.060s] -- Generating done (0.0s)
[1.065s] -- Build files have been written to: /home/pi/test_workspace/build/screen_service
[1.079s] Invoked command in '/home/pi/test_workspace/build/screen_service' returned '0': CMAKE_PREFIX_PATH=/opt/ros/jazzy /usr/bin/cmake /home/pi/test_workspace/src/screen_service -DAMENT_CMAKE_SYMLINK_INSTALL=1 -DCMAKE_INSTALL_PREFIX=/home/pi/test_workspace/install/screen_service
[1.082s] Invoking command in '/home/pi/test_workspace/build/screen_service': CMAKE_PREFIX_PATH=/opt/ros/jazzy /usr/bin/cmake --build /home/pi/test_workspace/build/screen_service -- -j4 -l4
[1.179s] [100%] Built target oled_display_node
[1.197s] Invoked command in '/home/pi/test_workspace/build/screen_service' returned '0': CMAKE_PREFIX_PATH=/opt/ros/jazzy /usr/bin/cmake --build /home/pi/test_workspace/build/screen_service -- -j4 -l4
[1.254s] Invoking command in '/home/pi/test_workspace/build/screen_service': CMAKE_PREFIX_PATH=/opt/ros/jazzy /usr/bin/cmake --install /home/pi/test_workspace/build/screen_service
[1.267s] -- Install configuration: ""
[1.268s] -- Execute custom install script
[1.268s] -- Up-to-date symlink: /home/pi/test_workspace/install/screen_service/lib/screen_service/oled_display_node
[1.269s] -- Up-to-date symlink: /home/pi/test_workspace/install/screen_service/share/ament_index/resource_index/package_run_dependencies/screen_service
[1.269s] -- Up-to-date symlink: /home/pi/test_workspace/install/screen_service/share/ament_index/resource_index/parent_prefix_path/screen_service
[1.269s] -- Up-to-date symlink: /home/pi/test_workspace/install/screen_service/share/screen_service/environment/ament_prefix_path.sh
[1.269s] -- Up-to-date symlink: /home/pi/test_workspace/install/screen_service/share/screen_service/environment/ament_prefix_path.dsv
[1.269s] -- Up-to-date symlink: /home/pi/test_workspace/install/screen_service/share/screen_service/environment/path.sh
[1.270s] -- Up-to-date symlink: /home/pi/test_workspace/install/screen_service/share/screen_service/environment/path.dsv
[1.270s] -- Up-to-date symlink: /home/pi/test_workspace/install/screen_service/share/screen_service/local_setup.bash
[1.270s] -- Up-to-date symlink: /home/pi/test_workspace/install/screen_service/share/screen_service/local_setup.sh
[1.270s] -- Up-to-date symlink: /home/pi/test_workspace/install/screen_service/share/screen_service/local_setup.zsh
[1.271s] -- Up-to-date symlink: /home/pi/test_workspace/install/screen_service/share/screen_service/local_setup.dsv
[1.271s] -- Symlinking: /home/pi/test_workspace/install/screen_service/share/screen_service/package.dsv
[1.293s] -- Up-to-date symlink: /home/pi/test_workspace/install/screen_service/share/ament_index/resource_index/packages/screen_service
[1.293s] -- Up-to-date symlink: /home/pi/test_workspace/install/screen_service/share/screen_service/cmake/ament_cmake_export_dependencies-extras.cmake
[1.293s] -- Up-to-date symlink: /home/pi/test_workspace/install/screen_service/share/screen_service/cmake/screen_serviceConfig.cmake
[1.293s] -- Up-to-date symlink: /home/pi/test_workspace/install/screen_service/share/screen_service/cmake/screen_serviceConfig-version.cmake
[1.293s] -- Up-to-date symlink: /home/pi/test_workspace/install/screen_service/share/screen_service/package.xml
[1.295s] Invoked command in '/home/pi/test_workspace/build/screen_service' returned '0': CMAKE_PREFIX_PATH=/opt/ros/jazzy /usr/bin/cmake --install /home/pi/test_workspace/build/screen_service
