-- The C compiler identification is GNU 13.2.0
-- The CXX compiler identification is GNU 13.2.0
-- Detecting C compiler ABI info
-- Detecting C compiler ABI info - done
-- Check for working C compiler: /usr/bin/cc - skipped
-- Detecting C compile features
-- Detecting C compile features - done
-- Detecting CXX compiler ABI info
-- Detecting CXX compiler ABI info - done
-- Check for working CXX compiler: /usr/bin/c++ - skipped
-- Detecting CXX compile features
-- Detecting CXX compile features - done
-- Found ament_cmake: 2.5.2 (/opt/ros/jazzy/share/ament_cmake/cmake)
-- Found Python3: /usr/bin/python3 (found version "3.12.3") found components: Interpreter 
-- Override CMake install command with custom implementation using symlinks instead of copying resources
-- Found rclcpp: 28.1.5 (/opt/ros/jazzy/share/rclcpp/cmake)
-- Found rosidl_generator_c: 4.6.4 (/opt/ros/jazzy/share/rosidl_generator_c/cmake)
-- Found rosidl_generator_cpp: 4.6.4 (/opt/ros/jazzy/share/rosidl_generator_cpp/cmake)
-- Using all available rosidl_typesupport_c: rosidl_typesupport_fastrtps_c;rosidl_typesupport_introspection_c
-- Using all available rosidl_typesupport_cpp: rosidl_typesupport_fastrtps_cpp;rosidl_typesupport_introspection_cpp
-- Found rmw_implementation_cmake: 7.3.1 (/opt/ros/jazzy/share/rmw_implementation_cmake/cmake)
-- Found rmw_fastrtps_cpp: 8.4.1 (/opt/ros/jazzy/share/rmw_fastrtps_cpp/cmake)
-- Found OpenSSL: /usr/lib/aarch64-linux-gnu/libcrypto.so (found version "3.0.13")  
-- Found FastRTPS: /opt/ros/jazzy/include (Required is at least version "2.13") 
-- Using RMW implementation 'rmw_fastrtps_cpp' as default
-- Found std_msgs: 5.3.5 (/opt/ros/jazzy/share/std_msgs/cmake)
-- Configuring done (1.8s)
-- Generating done (0.0s)
-- Build files have been written to: /home/jetpack/piracer/build/oled_service
[ 75%] [32mBuilding C object CMakeFiles/oled_display.dir/src/ssd1306_linux/ssd1306.c.o[0m
[ 75%] [32mBuilding CXX object CMakeFiles/oled_display.dir/src/main.cpp.o[0m
[ 75%] [32mBuilding C object CMakeFiles/oled_display.dir/src/ssd1306_linux/linux_i2c.c.o[0m
[01m[K/home/jetpack/piracer/src/peripherals/oled_service/src/ssd1306_linux/ssd1306.c:[m[K In function ‘[01m[Kssd1306_oled_write_string[m[K’:
[01m[K/home/jetpack/piracer/src/peripherals/oled_service/src/ssd1306_linux/ssd1306.c:372:10:[m[K [01;35m[Kwarning: [m[Kassignment discards ‘[01m[Kconst[m[K’ qualifier from pointer target type [[01;35m[K]8;;https://gcc.gnu.org/onlinedocs/gcc/Warning-Options.html#index-Wdiscarded-qualifiers-Wdiscarded-qualifiers]8;;[m[K]
  372 |     line [01;35m[K=[m[K ptr;
      |          [01;35m[K^[m[K
[100%] [32m[1mLinking CXX executable oled_display[0m
[100%] Built target oled_display
-- Install configuration: ""
-- Execute custom install script
-- Symlinking: /home/jetpack/piracer/install/oled_service/lib/oled_service/oled_display
-- Symlinking: /home/jetpack/piracer/install/oled_service/share/ament_index/resource_index/package_run_dependencies/oled_service
-- Symlinking: /home/jetpack/piracer/install/oled_service/share/ament_index/resource_index/parent_prefix_path/oled_service
-- Symlinking: /home/jetpack/piracer/install/oled_service/share/oled_service/environment/ament_prefix_path.sh
-- Symlinking: /home/jetpack/piracer/install/oled_service/share/oled_service/environment/ament_prefix_path.dsv
-- Symlinking: /home/jetpack/piracer/install/oled_service/share/oled_service/environment/path.sh
-- Symlinking: /home/jetpack/piracer/install/oled_service/share/oled_service/environment/path.dsv
-- Symlinking: /home/jetpack/piracer/install/oled_service/share/oled_service/local_setup.bash
-- Symlinking: /home/jetpack/piracer/install/oled_service/share/oled_service/local_setup.sh
-- Symlinking: /home/jetpack/piracer/install/oled_service/share/oled_service/local_setup.zsh
-- Symlinking: /home/jetpack/piracer/install/oled_service/share/oled_service/local_setup.dsv
-- Symlinking: /home/jetpack/piracer/install/oled_service/share/oled_service/package.dsv
-- Symlinking: /home/jetpack/piracer/install/oled_service/share/ament_index/resource_index/packages/oled_service
-- Symlinking: /home/jetpack/piracer/install/oled_service/share/oled_service/cmake/ament_cmake_export_dependencies-extras.cmake
-- Symlinking: /home/jetpack/piracer/install/oled_service/share/oled_service/cmake/oled_serviceConfig.cmake
-- Symlinking: /home/jetpack/piracer/install/oled_service/share/oled_service/cmake/oled_serviceConfig-version.cmake
-- Symlinking: /home/jetpack/piracer/install/oled_service/share/oled_service/package.xml
