[0.014s] Invoking command in '/home/jetpack/piracer/build/oled_service': CMAKE_PREFIX_PATH=${CMAKE_PREFIX_PATH}:/opt/ros/jazzy /usr/bin/cmake /home/jetpack/piracer/src/peripherals/oled_service -DAMENT_CMAKE_SYMLINK_INSTALL=1 -DCMAKE_INSTALL_PREFIX=/home/jetpack/piracer/install/oled_service
[0.122s] -- The C compiler identification is GNU 13.2.0
[0.237s] -- The CXX compiler identification is GNU 13.2.0
[0.264s] -- Detecting C compiler ABI info
[0.431s] -- Detecting C compiler ABI info - done
[0.447s] -- Check for working C compiler: /usr/bin/cc - skipped
[0.447s] -- Detecting C compile features
[0.448s] -- Detecting C compile features - done
[0.462s] -- Detecting CXX compiler ABI info
[0.646s] -- Detecting CXX compiler ABI info - done
[0.661s] -- Check for working CXX compiler: /usr/bin/c++ - skipped
[0.661s] -- Detecting CXX compile features
[0.662s] -- Detecting CXX compile features - done
[0.665s] -- Found ament_cmake: 2.5.2 (/opt/ros/jazzy/share/ament_cmake/cmake)
[0.899s] -- Found Python3: /usr/bin/python3 (found version "3.12.3") found components: Interpreter 
[1.033s] -- Override CMake install command with custom implementation using symlinks instead of copying resources
[1.071s] -- Found rclcpp: 28.1.5 (/opt/ros/jazzy/share/rclcpp/cmake)
[1.122s] -- Found rosidl_generator_c: 4.6.4 (/opt/ros/jazzy/share/rosidl_generator_c/cmake)
[1.141s] -- Found rosidl_generator_cpp: 4.6.4 (/opt/ros/jazzy/share/rosidl_generator_cpp/cmake)
[1.163s] -- Using all available rosidl_typesupport_c: rosidl_typesupport_fastrtps_c;rosidl_typesupport_introspection_c
[1.187s] -- Using all available rosidl_typesupport_cpp: rosidl_typesupport_fastrtps_cpp;rosidl_typesupport_introspection_cpp
[1.293s] -- Found rmw_implementation_cmake: 7.3.1 (/opt/ros/jazzy/share/rmw_implementation_cmake/cmake)
[1.297s] -- Found rmw_fastrtps_cpp: 8.4.1 (/opt/ros/jazzy/share/rmw_fastrtps_cpp/cmake)
[1.429s] -- Found OpenSSL: /usr/lib/aarch64-linux-gnu/libcrypto.so (found version "3.0.13")  
[1.456s] -- Found FastRTPS: /opt/ros/jazzy/include (Required is at least version "2.13") 
[1.492s] -- Using RMW implementation 'rmw_fastrtps_cpp' as default
[1.592s] -- Found std_msgs: 5.3.5 (/opt/ros/jazzy/share/std_msgs/cmake)
[1.784s] -- Configuring done (1.8s)
[1.802s] -- Generating done (0.0s)
[1.805s] -- Build files have been written to: /home/jetpack/piracer/build/oled_service
[1.825s] Invoked command in '/home/jetpack/piracer/build/oled_service' returned '0': CMAKE_PREFIX_PATH=${CMAKE_PREFIX_PATH}:/opt/ros/jazzy /usr/bin/cmake /home/jetpack/piracer/src/peripherals/oled_service -DAMENT_CMAKE_SYMLINK_INSTALL=1 -DCMAKE_INSTALL_PREFIX=/home/jetpack/piracer/install/oled_service
[1.827s] Invoking command in '/home/jetpack/piracer/build/oled_service': CMAKE_PREFIX_PATH=${CMAKE_PREFIX_PATH}:/opt/ros/jazzy /usr/bin/cmake --build /home/jetpack/piracer/build/oled_service -- -j4 -l4
[1.918s] [ 75%] [32mBuilding C object CMakeFiles/oled_display.dir/src/ssd1306_linux/ssd1306.c.o[0m
[1.918s] [ 75%] [32mBuilding CXX object CMakeFiles/oled_display.dir/src/main.cpp.o[0m
[1.918s] [ 75%] [32mBuilding C object CMakeFiles/oled_display.dir/src/ssd1306_linux/linux_i2c.c.o[0m
[1.989s] [01m[K/home/jetpack/piracer/src/peripherals/oled_service/src/ssd1306_linux/ssd1306.c:[m[K In function ‘[01m[Kssd1306_oled_write_string[m[K’:
[1.991s] [01m[K/home/jetpack/piracer/src/peripherals/oled_service/src/ssd1306_linux/ssd1306.c:372:10:[m[K [01;35m[Kwarning: [m[Kassignment discards ‘[01m[Kconst[m[K’ qualifier from pointer target type [[01;35m[K]8;;https://gcc.gnu.org/onlinedocs/gcc/Warning-Options.html#index-Wdiscarded-qualifiers-Wdiscarded-qualifiers]8;;[m[K]
[1.991s]   372 |     line [01;35m[K=[m[K ptr;
[1.991s]       |          [01;35m[K^[m[K
[16.111s] [100%] [32m[1mLinking CXX executable oled_display[0m
[16.726s] [100%] Built target oled_display
[16.745s] Invoked command in '/home/jetpack/piracer/build/oled_service' returned '0': CMAKE_PREFIX_PATH=${CMAKE_PREFIX_PATH}:/opt/ros/jazzy /usr/bin/cmake --build /home/jetpack/piracer/build/oled_service -- -j4 -l4
[16.790s] Invoking command in '/home/jetpack/piracer/build/oled_service': CMAKE_PREFIX_PATH=${CMAKE_PREFIX_PATH}:/opt/ros/jazzy /usr/bin/cmake --install /home/jetpack/piracer/build/oled_service
[16.804s] -- Install configuration: ""
[16.805s] -- Execute custom install script
[16.806s] -- Symlinking: /home/jetpack/piracer/install/oled_service/lib/oled_service/oled_display
[16.822s] -- Symlinking: /home/jetpack/piracer/install/oled_service/share/ament_index/resource_index/package_run_dependencies/oled_service
[16.839s] -- Symlinking: /home/jetpack/piracer/install/oled_service/share/ament_index/resource_index/parent_prefix_path/oled_service
[16.856s] -- Symlinking: /home/jetpack/piracer/install/oled_service/share/oled_service/environment/ament_prefix_path.sh
[16.871s] -- Symlinking: /home/jetpack/piracer/install/oled_service/share/oled_service/environment/ament_prefix_path.dsv
[16.889s] -- Symlinking: /home/jetpack/piracer/install/oled_service/share/oled_service/environment/path.sh
[16.905s] -- Symlinking: /home/jetpack/piracer/install/oled_service/share/oled_service/environment/path.dsv
[16.921s] -- Symlinking: /home/jetpack/piracer/install/oled_service/share/oled_service/local_setup.bash
[16.936s] -- Symlinking: /home/jetpack/piracer/install/oled_service/share/oled_service/local_setup.sh
[16.952s] -- Symlinking: /home/jetpack/piracer/install/oled_service/share/oled_service/local_setup.zsh
[16.969s] -- Symlinking: /home/jetpack/piracer/install/oled_service/share/oled_service/local_setup.dsv
[16.985s] -- Symlinking: /home/jetpack/piracer/install/oled_service/share/oled_service/package.dsv
[17.002s] -- Symlinking: /home/jetpack/piracer/install/oled_service/share/ament_index/resource_index/packages/oled_service
[17.018s] -- Symlinking: /home/jetpack/piracer/install/oled_service/share/oled_service/cmake/ament_cmake_export_dependencies-extras.cmake
[17.034s] -- Symlinking: /home/jetpack/piracer/install/oled_service/share/oled_service/cmake/oled_serviceConfig.cmake
[17.051s] -- Symlinking: /home/jetpack/piracer/install/oled_service/share/oled_service/cmake/oled_serviceConfig-version.cmake
[17.067s] -- Symlinking: /home/jetpack/piracer/install/oled_service/share/oled_service/package.xml
[17.086s] Invoked command in '/home/jetpack/piracer/build/oled_service' returned '0': CMAKE_PREFIX_PATH=${CMAKE_PREFIX_PATH}:/opt/ros/jazzy /usr/bin/cmake --install /home/jetpack/piracer/build/oled_service
