[0.014s] Invoking command in '/home/pi/test_workspace/build/my_first_pkg': CMAKE_PREFIX_PATH=${CMAKE_PREFIX_PATH}:/opt/ros/jazzy /usr/bin/cmake /home/pi/test_workspace/src/my_first_pkg -DAMENT_CMAKE_SYMLINK_INSTALL=1 -DCMAKE_INSTALL_PREFIX=/home/pi/test_workspace/install/my_first_pkg
[0.132s] -- The C compiler identification is GNU 13.2.0
[0.318s] -- The CXX compiler identification is GNU 13.2.0
[0.346s] -- Detecting C compiler ABI info
[0.514s] -- Detecting C compiler ABI info - done
[0.529s] -- Check for working C compiler: /usr/bin/cc - skipped
[0.530s] -- Detecting C compile features
[0.530s] -- Detecting C compile features - done
[0.543s] -- Detecting CXX compiler ABI info
[0.731s] -- Detecting CXX compiler ABI info - done
[0.747s] -- Check for working CXX compiler: /usr/bin/c++ - skipped
[0.747s] -- Detecting CXX compile features
[0.748s] -- Detecting CXX compile features - done
[0.751s] -- Found ament_cmake: 2.5.2 (/opt/ros/jazzy/share/ament_cmake/cmake)
[0.992s] -- Found Python3: /usr/bin/python3 (found version "3.12.3") found components: Interpreter 
[1.131s] -- Override CMake install command with custom implementation using symlinks instead of copying resources
[1.159s] -- Found rclcpp: 28.1.5 (/opt/ros/jazzy/share/rclcpp/cmake)
[1.202s] -- Found rosidl_generator_c: 4.6.4 (/opt/ros/jazzy/share/rosidl_generator_c/cmake)
[1.219s] -- Found rosidl_generator_cpp: 4.6.4 (/opt/ros/jazzy/share/rosidl_generator_cpp/cmake)
[1.239s] -- Using all available rosidl_typesupport_c: rosidl_typesupport_fastrtps_c;rosidl_typesupport_introspection_c
[1.262s] -- Using all available rosidl_typesupport_cpp: rosidl_typesupport_fastrtps_cpp;rosidl_typesupport_introspection_cpp
[1.357s] -- Found rmw_implementation_cmake: 7.3.1 (/opt/ros/jazzy/share/rmw_implementation_cmake/cmake)
[1.360s] -- Found rmw_fastrtps_cpp: 8.4.1 (/opt/ros/jazzy/share/rmw_fastrtps_cpp/cmake)
[1.485s] -- Found OpenSSL: /usr/lib/aarch64-linux-gnu/libcrypto.so (found version "3.0.13")  
[1.508s] -- Found FastRTPS: /opt/ros/jazzy/include (Required is at least version "2.13") 
[1.544s] -- Using RMW implementation 'rmw_fastrtps_cpp' as default
[1.635s] -- Found std_msgs: 5.3.5 (/opt/ros/jazzy/share/std_msgs/cmake)
[1.656s] -- Found ament_lint_auto: 0.17.1 (/opt/ros/jazzy/share/ament_lint_auto/cmake)
[1.847s] -- Added test 'cppcheck' to perform static code analysis on C / C++ code
[1.847s] -- Configured cppcheck include dirs: 
[1.847s] -- Configured cppcheck exclude dirs and/or files: 
[1.848s] -- Added test 'lint_cmake' to check CMake code style
[1.850s] -- Added test 'uncrustify' to check C / C++ code style
[1.850s] -- Configured uncrustify additional arguments: 
[1.851s] -- Added test 'xmllint' to check XML markup files
[1.855s] -- Configuring done (1.8s)
[1.871s] -- Generating done (0.0s)
[1.874s] -- Build files have been written to: /home/pi/test_workspace/build/my_first_pkg
[1.895s] Invoked command in '/home/pi/test_workspace/build/my_first_pkg' returned '0': CMAKE_PREFIX_PATH=${CMAKE_PREFIX_PATH}:/opt/ros/jazzy /usr/bin/cmake /home/pi/test_workspace/src/my_first_pkg -DAMENT_CMAKE_SYMLINK_INSTALL=1 -DCMAKE_INSTALL_PREFIX=/home/pi/test_workspace/install/my_first_pkg
[1.897s] Invoking command in '/home/pi/test_workspace/build/my_first_pkg': CMAKE_PREFIX_PATH=${CMAKE_PREFIX_PATH}:/opt/ros/jazzy /usr/bin/cmake --build /home/pi/test_workspace/build/my_first_pkg -- -j4 -l4
[1.989s] [ 50%] [32mBuilding CXX object CMakeFiles/simple.dir/src/main.cpp.o[0m
[7.221s] [100%] [32m[1mLinking CXX executable simple[0m
[7.461s] [100%] Built target simple
[7.483s] Invoked command in '/home/pi/test_workspace/build/my_first_pkg' returned '0': CMAKE_PREFIX_PATH=${CMAKE_PREFIX_PATH}:/opt/ros/jazzy /usr/bin/cmake --build /home/pi/test_workspace/build/my_first_pkg -- -j4 -l4
[7.545s] Invoking command in '/home/pi/test_workspace/build/my_first_pkg': CMAKE_PREFIX_PATH=${CMAKE_PREFIX_PATH}:/opt/ros/jazzy /usr/bin/cmake --install /home/pi/test_workspace/build/my_first_pkg
[7.562s] -- Install configuration: ""
[7.562s] -- Execute custom install script
[7.563s] -- Symlinking: /home/pi/test_workspace/install/my_first_pkg/lib/my_first_pkg/simple
[7.581s] -- Symlinking: /home/pi/test_workspace/install/my_first_pkg/share/ament_index/resource_index/package_run_dependencies/my_first_pkg
[7.598s] -- Symlinking: /home/pi/test_workspace/install/my_first_pkg/share/ament_index/resource_index/parent_prefix_path/my_first_pkg
[7.614s] -- Symlinking: /home/pi/test_workspace/install/my_first_pkg/share/my_first_pkg/environment/ament_prefix_path.sh
[7.631s] -- Symlinking: /home/pi/test_workspace/install/my_first_pkg/share/my_first_pkg/environment/ament_prefix_path.dsv
[7.647s] -- Symlinking: /home/pi/test_workspace/install/my_first_pkg/share/my_first_pkg/environment/path.sh
[7.662s] -- Symlinking: /home/pi/test_workspace/install/my_first_pkg/share/my_first_pkg/environment/path.dsv
[7.677s] -- Symlinking: /home/pi/test_workspace/install/my_first_pkg/share/my_first_pkg/local_setup.bash
[7.692s] -- Symlinking: /home/pi/test_workspace/install/my_first_pkg/share/my_first_pkg/local_setup.sh
[7.708s] -- Symlinking: /home/pi/test_workspace/install/my_first_pkg/share/my_first_pkg/local_setup.zsh
[7.722s] -- Symlinking: /home/pi/test_workspace/install/my_first_pkg/share/my_first_pkg/local_setup.dsv
[7.738s] -- Symlinking: /home/pi/test_workspace/install/my_first_pkg/share/my_first_pkg/package.dsv
[7.755s] -- Symlinking: /home/pi/test_workspace/install/my_first_pkg/share/ament_index/resource_index/packages/my_first_pkg
[7.771s] -- Symlinking: /home/pi/test_workspace/install/my_first_pkg/share/my_first_pkg/cmake/ament_cmake_export_dependencies-extras.cmake
[7.786s] -- Symlinking: /home/pi/test_workspace/install/my_first_pkg/share/my_first_pkg/cmake/my_first_pkgConfig.cmake
[7.802s] -- Symlinking: /home/pi/test_workspace/install/my_first_pkg/share/my_first_pkg/cmake/my_first_pkgConfig-version.cmake
[7.817s] -- Symlinking: /home/pi/test_workspace/install/my_first_pkg/share/my_first_pkg/package.xml
[7.835s] Invoked command in '/home/pi/test_workspace/build/my_first_pkg' returned '0': CMAKE_PREFIX_PATH=${CMAKE_PREFIX_PATH}:/opt/ros/jazzy /usr/bin/cmake --install /home/pi/test_workspace/build/my_first_pkg
