[0.139s] DEBUG:colcon:Command line arguments: ['/usr/bin/colcon', 'build', '--symlink-install', '--cmake-clean-cache']
[0.139s] DEBUG:colcon:Parsed command line arguments: Namespace(log_base=None, log_level=None, verb_name='build', build_base='build', install_base='install', merge_install=False, symlink_install=True, test_result_base=None, continue_on_error=False, executor='parallel', parallel_workers=4, event_handlers=None, ignore_user_meta=False, metas=['./colcon.meta'], base_paths=['.'], packages_ignore=None, packages_ignore_regex=None, paths=None, packages_up_to=None, packages_up_to_regex=None, packages_above=None, packages_above_and_dependencies=None, packages_above_depth=None, packages_select_by_dep=None, packages_skip_by_dep=None, packages_skip_up_to=None, packages_select_build_failed=False, packages_skip_build_finished=False, packages_select_test_failures=False, packages_skip_test_passed=False, packages_select=None, packages_skip=None, packages_select_regex=None, packages_skip_regex=None, packages_start=None, packages_end=None, allow_overriding=[], cmake_args=None, cmake_target=None, cmake_target_skip_unavailable=False, cmake_clean_cache=True, cmake_clean_first=False, cmake_force_configure=False, ament_cmake_args=None, catkin_cmake_args=None, catkin_skip_building_tests=False, mixin_files=None, mixin=None, verb_parser=<colcon_mixin.mixin.mixin_argument.MixinArgumentDecorator object at 0xffff96f504d0>, verb_extension=<colcon_core.verb.build.BuildVerb object at 0xffff97082f90>, main=<bound method BuildVerb.main of <colcon_core.verb.build.BuildVerb object at 0xffff97082f90>>, mixin_verb=('build',))
[0.194s] Level 1:colcon.colcon_core.package_discovery:discover_packages(colcon_meta) check parameters
[0.194s] Level 1:colcon.colcon_core.package_discovery:discover_packages(recursive) check parameters
[0.194s] Level 1:colcon.colcon_core.package_discovery:discover_packages(ignore) check parameters
[0.194s] Level 1:colcon.colcon_core.package_discovery:discover_packages(path) check parameters
[0.194s] Level 1:colcon.colcon_core.package_discovery:discover_packages(colcon_meta) discover
[0.194s] Level 1:colcon.colcon_core.package_discovery:discover_packages(recursive) discover
[0.194s] INFO:colcon.colcon_core.package_discovery:Crawling recursively for packages in '/home/pi/test_workspace'
[0.194s] Level 1:colcon.colcon_core.package_identification:_identify(.) by extensions ['ignore', 'ignore_ament_install']
[0.195s] Level 1:colcon.colcon_core.package_identification:_identify(.) by extension 'ignore'
[0.195s] Level 1:colcon.colcon_core.package_identification:_identify(.) by extension 'ignore_ament_install'
[0.195s] Level 1:colcon.colcon_core.package_identification:_identify(.) by extensions ['colcon_pkg']
[0.195s] Level 1:colcon.colcon_core.package_identification:_identify(.) by extension 'colcon_pkg'
[0.195s] Level 1:colcon.colcon_core.package_identification:_identify(.) by extensions ['colcon_meta']
[0.195s] Level 1:colcon.colcon_core.package_identification:_identify(.) by extension 'colcon_meta'
[0.195s] Level 1:colcon.colcon_core.package_identification:_identify(.) by extensions ['ros']
[0.195s] Level 1:colcon.colcon_core.package_identification:_identify(.) by extension 'ros'
[0.231s] Level 1:colcon.colcon_core.package_identification:_identify(.) by extensions ['cmake', 'python']
[0.232s] Level 1:colcon.colcon_core.package_identification:_identify(.) by extension 'cmake'
[0.232s] Level 1:colcon.colcon_core.package_identification:_identify(.) by extension 'python'
[0.232s] Level 1:colcon.colcon_core.package_identification:_identify(.) by extensions ['python_setup_py']
[0.232s] Level 1:colcon.colcon_core.package_identification:_identify(.) by extension 'python_setup_py'
[0.232s] Level 1:colcon.colcon_core.package_identification:_identify(build) by extensions ['ignore', 'ignore_ament_install']
[0.232s] Level 1:colcon.colcon_core.package_identification:_identify(build) by extension 'ignore'
[0.232s] Level 1:colcon.colcon_core.package_identification:_identify(build) ignored
[0.232s] Level 1:colcon.colcon_core.package_identification:_identify(install) by extensions ['ignore', 'ignore_ament_install']
[0.232s] Level 1:colcon.colcon_core.package_identification:_identify(install) by extension 'ignore'
[0.232s] Level 1:colcon.colcon_core.package_identification:_identify(install) ignored
[0.232s] Level 1:colcon.colcon_core.package_identification:_identify(log) by extensions ['ignore', 'ignore_ament_install']
[0.233s] Level 1:colcon.colcon_core.package_identification:_identify(log) by extension 'ignore'
[0.233s] Level 1:colcon.colcon_core.package_identification:_identify(log) ignored
[0.233s] Level 1:colcon.colcon_core.package_identification:_identify(src) by extensions ['ignore', 'ignore_ament_install']
[0.233s] Level 1:colcon.colcon_core.package_identification:_identify(src) by extension 'ignore'
[0.233s] Level 1:colcon.colcon_core.package_identification:_identify(src) by extension 'ignore_ament_install'
[0.233s] Level 1:colcon.colcon_core.package_identification:_identify(src) by extensions ['colcon_pkg']
[0.233s] Level 1:colcon.colcon_core.package_identification:_identify(src) by extension 'colcon_pkg'
[0.233s] Level 1:colcon.colcon_core.package_identification:_identify(src) by extensions ['colcon_meta']
[0.233s] Level 1:colcon.colcon_core.package_identification:_identify(src) by extension 'colcon_meta'
[0.233s] Level 1:colcon.colcon_core.package_identification:_identify(src) by extensions ['ros']
[0.233s] Level 1:colcon.colcon_core.package_identification:_identify(src) by extension 'ros'
[0.233s] Level 1:colcon.colcon_core.package_identification:_identify(src) by extensions ['cmake', 'python']
[0.233s] Level 1:colcon.colcon_core.package_identification:_identify(src) by extension 'cmake'
[0.233s] Level 1:colcon.colcon_core.package_identification:_identify(src) by extension 'python'
[0.233s] Level 1:colcon.colcon_core.package_identification:_identify(src) by extensions ['python_setup_py']
[0.233s] Level 1:colcon.colcon_core.package_identification:_identify(src) by extension 'python_setup_py'
[0.233s] Level 1:colcon.colcon_core.package_identification:_identify(src/my_first_pkg) by extensions ['ignore', 'ignore_ament_install']
[0.233s] Level 1:colcon.colcon_core.package_identification:_identify(src/my_first_pkg) by extension 'ignore'
[0.234s] Level 1:colcon.colcon_core.package_identification:_identify(src/my_first_pkg) by extension 'ignore_ament_install'
[0.234s] Level 1:colcon.colcon_core.package_identification:_identify(src/my_first_pkg) by extensions ['colcon_pkg']
[0.234s] Level 1:colcon.colcon_core.package_identification:_identify(src/my_first_pkg) by extension 'colcon_pkg'
[0.234s] Level 1:colcon.colcon_core.package_identification:_identify(src/my_first_pkg) by extensions ['colcon_meta']
[0.234s] Level 1:colcon.colcon_core.package_identification:_identify(src/my_first_pkg) by extension 'colcon_meta'
[0.234s] Level 1:colcon.colcon_core.package_identification:_identify(src/my_first_pkg) by extensions ['ros']
[0.234s] Level 1:colcon.colcon_core.package_identification:_identify(src/my_first_pkg) by extension 'ros'
[0.237s] DEBUG:colcon.colcon_core.package_identification:Package 'src/my_first_pkg' with type 'ros.ament_cmake' and name 'my_first_pkg'
[0.237s] Level 1:colcon.colcon_core.package_identification:_identify(src/screen_service) by extensions ['ignore', 'ignore_ament_install']
[0.237s] Level 1:colcon.colcon_core.package_identification:_identify(src/screen_service) by extension 'ignore'
[0.237s] Level 1:colcon.colcon_core.package_identification:_identify(src/screen_service) by extension 'ignore_ament_install'
[0.237s] Level 1:colcon.colcon_core.package_identification:_identify(src/screen_service) by extensions ['colcon_pkg']
[0.237s] Level 1:colcon.colcon_core.package_identification:_identify(src/screen_service) by extension 'colcon_pkg'
[0.237s] Level 1:colcon.colcon_core.package_identification:_identify(src/screen_service) by extensions ['colcon_meta']
[0.237s] Level 1:colcon.colcon_core.package_identification:_identify(src/screen_service) by extension 'colcon_meta'
[0.237s] Level 1:colcon.colcon_core.package_identification:_identify(src/screen_service) by extensions ['ros']
[0.237s] Level 1:colcon.colcon_core.package_identification:_identify(src/screen_service) by extension 'ros'
[0.238s] DEBUG:colcon.colcon_core.package_identification:Package 'src/screen_service' with type 'ros.ament_cmake' and name 'screen_service'
[0.238s] Level 1:colcon.colcon_core.package_discovery:discover_packages(recursive) using defaults
[0.238s] Level 1:colcon.colcon_core.package_discovery:discover_packages(ignore) discover
[0.238s] Level 1:colcon.colcon_core.package_discovery:discover_packages(ignore) using defaults
[0.238s] Level 1:colcon.colcon_core.package_discovery:discover_packages(path) discover
[0.238s] Level 1:colcon.colcon_core.package_discovery:discover_packages(path) using defaults
[0.261s] Level 1:colcon.colcon_core.package_discovery:discover_packages(prefix_path) check parameters
[0.261s] Level 1:colcon.colcon_core.package_discovery:discover_packages(prefix_path) discover
[0.263s] DEBUG:colcon.colcon_installed_package_information.package_discovery:Found 2 installed packages in /home/pi/test_workspace/install
[0.264s] DEBUG:colcon.colcon_installed_package_information.package_discovery:Found 201 installed packages in /opt/ros/jazzy
[0.265s] Level 1:colcon.colcon_core.package_discovery:discover_packages(prefix_path) using defaults
[0.306s] Level 5:colcon.colcon_core.verb:set package 'my_first_pkg' build argument 'cmake_args' from command line to 'None'
[0.306s] Level 5:colcon.colcon_core.verb:set package 'my_first_pkg' build argument 'cmake_target' from command line to 'None'
[0.306s] Level 5:colcon.colcon_core.verb:set package 'my_first_pkg' build argument 'cmake_target_skip_unavailable' from command line to 'False'
[0.306s] Level 5:colcon.colcon_core.verb:set package 'my_first_pkg' build argument 'cmake_clean_cache' from command line to 'True'
[0.306s] Level 5:colcon.colcon_core.verb:set package 'my_first_pkg' build argument 'cmake_clean_first' from command line to 'False'
[0.306s] Level 5:colcon.colcon_core.verb:set package 'my_first_pkg' build argument 'cmake_force_configure' from command line to 'False'
[0.306s] Level 5:colcon.colcon_core.verb:set package 'my_first_pkg' build argument 'ament_cmake_args' from command line to 'None'
[0.306s] Level 5:colcon.colcon_core.verb:set package 'my_first_pkg' build argument 'catkin_cmake_args' from command line to 'None'
[0.306s] Level 5:colcon.colcon_core.verb:set package 'my_first_pkg' build argument 'catkin_skip_building_tests' from command line to 'False'
[0.306s] DEBUG:colcon.colcon_core.verb:Building package 'my_first_pkg' with the following arguments: {'ament_cmake_args': None, 'build_base': '/home/pi/test_workspace/build/my_first_pkg', 'catkin_cmake_args': None, 'catkin_skip_building_tests': False, 'cmake_args': None, 'cmake_clean_cache': True, 'cmake_clean_first': False, 'cmake_force_configure': False, 'cmake_target': None, 'cmake_target_skip_unavailable': False, 'install_base': '/home/pi/test_workspace/install/my_first_pkg', 'merge_install': False, 'path': '/home/pi/test_workspace/src/my_first_pkg', 'symlink_install': True, 'test_result_base': None}
[0.307s] Level 5:colcon.colcon_core.verb:set package 'screen_service' build argument 'cmake_args' from command line to 'None'
[0.307s] Level 5:colcon.colcon_core.verb:set package 'screen_service' build argument 'cmake_target' from command line to 'None'
[0.307s] Level 5:colcon.colcon_core.verb:set package 'screen_service' build argument 'cmake_target_skip_unavailable' from command line to 'False'
[0.307s] Level 5:colcon.colcon_core.verb:set package 'screen_service' build argument 'cmake_clean_cache' from command line to 'True'
[0.307s] Level 5:colcon.colcon_core.verb:set package 'screen_service' build argument 'cmake_clean_first' from command line to 'False'
[0.307s] Level 5:colcon.colcon_core.verb:set package 'screen_service' build argument 'cmake_force_configure' from command line to 'False'
[0.307s] Level 5:colcon.colcon_core.verb:set package 'screen_service' build argument 'ament_cmake_args' from command line to 'None'
[0.307s] Level 5:colcon.colcon_core.verb:set package 'screen_service' build argument 'catkin_cmake_args' from command line to 'None'
[0.307s] Level 5:colcon.colcon_core.verb:set package 'screen_service' build argument 'catkin_skip_building_tests' from command line to 'False'
[0.307s] DEBUG:colcon.colcon_core.verb:Building package 'screen_service' with the following arguments: {'ament_cmake_args': None, 'build_base': '/home/pi/test_workspace/build/screen_service', 'catkin_cmake_args': None, 'catkin_skip_building_tests': False, 'cmake_args': None, 'cmake_clean_cache': True, 'cmake_clean_first': False, 'cmake_force_configure': False, 'cmake_target': None, 'cmake_target_skip_unavailable': False, 'install_base': '/home/pi/test_workspace/install/screen_service', 'merge_install': False, 'path': '/home/pi/test_workspace/src/screen_service', 'symlink_install': True, 'test_result_base': None}
[0.307s] INFO:colcon.colcon_core.executor:Executing jobs using 'parallel' executor
[0.308s] DEBUG:colcon.colcon_parallel_executor.executor.parallel:run_until_complete
[0.309s] INFO:colcon.colcon_ros.task.ament_cmake.build:Building ROS package in '/home/pi/test_workspace/src/my_first_pkg' with build type 'ament_cmake'
[0.309s] INFO:colcon.colcon_cmake.task.cmake.build:Building CMake package in '/home/pi/test_workspace/src/my_first_pkg'
[0.311s] INFO:colcon.colcon_core.plugin_system:Skipping extension 'colcon_core.shell.bat': Not used on non-Windows systems
[0.311s] INFO:colcon.colcon_core.shell:Skip shell extension 'powershell' for command environment: Not usable outside of PowerShell
[0.311s] DEBUG:colcon.colcon_core.shell:Skip shell extension 'dsv' for command environment
[0.315s] INFO:colcon.colcon_ros.task.ament_cmake.build:Building ROS package in '/home/pi/test_workspace/src/screen_service' with build type 'ament_cmake'
[0.315s] INFO:colcon.colcon_cmake.task.cmake.build:Building CMake package in '/home/pi/test_workspace/src/screen_service'
[0.315s] INFO:colcon.colcon_core.shell:Skip shell extension 'powershell' for command environment: Not usable outside of PowerShell
[0.315s] DEBUG:colcon.colcon_core.shell:Skip shell extension 'dsv' for command environment
[0.324s] DEBUG:colcon.colcon_core.event_handler.log_command:Invoking command in '/home/pi/test_workspace/build/my_first_pkg': CMAKE_PREFIX_PATH=/opt/ros/jazzy /usr/bin/cmake /home/pi/test_workspace/src/my_first_pkg -DAMENT_CMAKE_SYMLINK_INSTALL=1 -DCMAKE_INSTALL_PREFIX=/home/pi/test_workspace/install/my_first_pkg
[0.330s] DEBUG:colcon.colcon_core.event_handler.log_command:Invoking command in '/home/pi/test_workspace/build/screen_service': CMAKE_PREFIX_PATH=/opt/ros/jazzy /usr/bin/cmake /home/pi/test_workspace/src/screen_service -DAMENT_CMAKE_SYMLINK_INSTALL=1 -DCMAKE_INSTALL_PREFIX=/home/pi/test_workspace/install/screen_service
[2.087s] DEBUG:colcon.colcon_core.event_handler.log_command:Invoked command in '/home/pi/test_workspace/build/screen_service' returned '0': CMAKE_PREFIX_PATH=/opt/ros/jazzy /usr/bin/cmake /home/pi/test_workspace/src/screen_service -DAMENT_CMAKE_SYMLINK_INSTALL=1 -DCMAKE_INSTALL_PREFIX=/home/pi/test_workspace/install/screen_service
[2.090s] DEBUG:colcon.colcon_core.event_handler.log_command:Invoking command in '/home/pi/test_workspace/build/screen_service': CMAKE_PREFIX_PATH=/opt/ros/jazzy /usr/bin/cmake --build /home/pi/test_workspace/build/screen_service -- -j4 -l4
[2.112s] DEBUG:colcon.colcon_core.event_handler.log_command:Invoked command in '/home/pi/test_workspace/build/my_first_pkg' returned '0': CMAKE_PREFIX_PATH=/opt/ros/jazzy /usr/bin/cmake /home/pi/test_workspace/src/my_first_pkg -DAMENT_CMAKE_SYMLINK_INSTALL=1 -DCMAKE_INSTALL_PREFIX=/home/pi/test_workspace/install/my_first_pkg
[2.114s] DEBUG:colcon.colcon_core.event_handler.log_command:Invoking command in '/home/pi/test_workspace/build/my_first_pkg': CMAKE_PREFIX_PATH=/opt/ros/jazzy /usr/bin/cmake --build /home/pi/test_workspace/build/my_first_pkg -- -j4 -l4
[2.225s] DEBUG:colcon.colcon_core.event_handler.log_command:Invoked command in '/home/pi/test_workspace/build/my_first_pkg' returned '0': CMAKE_PREFIX_PATH=/opt/ros/jazzy /usr/bin/cmake --build /home/pi/test_workspace/build/my_first_pkg -- -j4 -l4
[2.273s] DEBUG:colcon.colcon_core.event_handler.log_command:Invoking command in '/home/pi/test_workspace/build/my_first_pkg': CMAKE_PREFIX_PATH=/opt/ros/jazzy /usr/bin/cmake --install /home/pi/test_workspace/build/my_first_pkg
[2.308s] Level 1:colcon.colcon_core.environment:create_environment_scripts_only(my_first_pkg)
[2.309s] DEBUG:colcon.colcon_core.event_handler.log_command:Invoked command in '/home/pi/test_workspace/build/my_first_pkg' returned '0': CMAKE_PREFIX_PATH=/opt/ros/jazzy /usr/bin/cmake --install /home/pi/test_workspace/build/my_first_pkg
[2.311s] Level 1:colcon.colcon_core.environment:checking '/home/pi/test_workspace/install/my_first_pkg' for CMake module files
[2.312s] Level 1:colcon.colcon_core.environment:checking '/home/pi/test_workspace/install/my_first_pkg' for CMake config files
[2.313s] Level 1:colcon.colcon_core.shell:create_environment_hook('my_first_pkg', 'cmake_prefix_path')
[2.313s] INFO:colcon.colcon_core.shell:Creating environment hook '/home/pi/test_workspace/install/my_first_pkg/share/my_first_pkg/hook/cmake_prefix_path.ps1'
[2.314s] INFO:colcon.colcon_core.shell:Creating environment descriptor '/home/pi/test_workspace/install/my_first_pkg/share/my_first_pkg/hook/cmake_prefix_path.dsv'
[2.315s] INFO:colcon.colcon_core.shell:Creating environment hook '/home/pi/test_workspace/install/my_first_pkg/share/my_first_pkg/hook/cmake_prefix_path.sh'
[2.316s] Level 1:colcon.colcon_core.environment:checking '/home/pi/test_workspace/install/my_first_pkg/lib'
[2.316s] Level 1:colcon.colcon_core.environment:checking '/home/pi/test_workspace/install/my_first_pkg/bin'
[2.316s] Level 1:colcon.colcon_core.environment:checking '/home/pi/test_workspace/install/my_first_pkg/lib/pkgconfig/my_first_pkg.pc'
[2.316s] Level 1:colcon.colcon_core.environment:checking '/home/pi/test_workspace/install/my_first_pkg/lib/python3.12/site-packages'
[2.317s] Level 1:colcon.colcon_core.environment:checking '/home/pi/test_workspace/install/my_first_pkg/bin'
[2.317s] INFO:colcon.colcon_core.shell:Creating package script '/home/pi/test_workspace/install/my_first_pkg/share/my_first_pkg/package.ps1'
[2.318s] INFO:colcon.colcon_core.shell:Creating package descriptor '/home/pi/test_workspace/install/my_first_pkg/share/my_first_pkg/package.dsv'
[2.319s] INFO:colcon.colcon_core.shell:Creating package script '/home/pi/test_workspace/install/my_first_pkg/share/my_first_pkg/package.sh'
[2.319s] INFO:colcon.colcon_core.shell:Creating package script '/home/pi/test_workspace/install/my_first_pkg/share/my_first_pkg/package.bash'
[2.320s] INFO:colcon.colcon_core.shell:Creating package script '/home/pi/test_workspace/install/my_first_pkg/share/my_first_pkg/package.zsh'
[2.321s] Level 1:colcon.colcon_core.environment:create_file_with_runtime_dependencies(/home/pi/test_workspace/install/my_first_pkg/share/colcon-core/packages/my_first_pkg)
[2.354s] Level 1:colcon.colcon_core.environment:create_environment_scripts_only(my_first_pkg)
[2.354s] Level 1:colcon.colcon_core.environment:checking '/home/pi/test_workspace/install/my_first_pkg' for CMake module files
[2.355s] Level 1:colcon.colcon_core.environment:checking '/home/pi/test_workspace/install/my_first_pkg' for CMake config files
[2.355s] Level 1:colcon.colcon_core.shell:create_environment_hook('my_first_pkg', 'cmake_prefix_path')
[2.356s] INFO:colcon.colcon_core.shell:Creating environment hook '/home/pi/test_workspace/install/my_first_pkg/share/my_first_pkg/hook/cmake_prefix_path.ps1'
[2.356s] INFO:colcon.colcon_core.shell:Creating environment descriptor '/home/pi/test_workspace/install/my_first_pkg/share/my_first_pkg/hook/cmake_prefix_path.dsv'
[2.357s] INFO:colcon.colcon_core.shell:Creating environment hook '/home/pi/test_workspace/install/my_first_pkg/share/my_first_pkg/hook/cmake_prefix_path.sh'
[2.358s] Level 1:colcon.colcon_core.environment:checking '/home/pi/test_workspace/install/my_first_pkg/lib'
[2.358s] Level 1:colcon.colcon_core.environment:checking '/home/pi/test_workspace/install/my_first_pkg/bin'
[2.358s] Level 1:colcon.colcon_core.environment:checking '/home/pi/test_workspace/install/my_first_pkg/lib/pkgconfig/my_first_pkg.pc'
[2.359s] Level 1:colcon.colcon_core.environment:checking '/home/pi/test_workspace/install/my_first_pkg/lib/python3.12/site-packages'
[2.359s] Level 1:colcon.colcon_core.environment:checking '/home/pi/test_workspace/install/my_first_pkg/bin'
[2.359s] INFO:colcon.colcon_core.shell:Creating package script '/home/pi/test_workspace/install/my_first_pkg/share/my_first_pkg/package.ps1'
[2.360s] INFO:colcon.colcon_core.shell:Creating package descriptor '/home/pi/test_workspace/install/my_first_pkg/share/my_first_pkg/package.dsv'
[2.361s] INFO:colcon.colcon_core.shell:Creating package script '/home/pi/test_workspace/install/my_first_pkg/share/my_first_pkg/package.sh'
[2.362s] INFO:colcon.colcon_core.shell:Creating package script '/home/pi/test_workspace/install/my_first_pkg/share/my_first_pkg/package.bash'
[2.362s] INFO:colcon.colcon_core.shell:Creating package script '/home/pi/test_workspace/install/my_first_pkg/share/my_first_pkg/package.zsh'
[2.363s] Level 1:colcon.colcon_core.environment:create_file_with_runtime_dependencies(/home/pi/test_workspace/install/my_first_pkg/share/colcon-core/packages/my_first_pkg)
[7.442s] DEBUG:colcon.colcon_core.event_handler.log_command:Invoked command in '/home/pi/test_workspace/build/screen_service' returned '0': CMAKE_PREFIX_PATH=/opt/ros/jazzy /usr/bin/cmake --build /home/pi/test_workspace/build/screen_service -- -j4 -l4
[7.483s] DEBUG:colcon.colcon_core.event_handler.log_command:Invoking command in '/home/pi/test_workspace/build/screen_service': CMAKE_PREFIX_PATH=/opt/ros/jazzy /usr/bin/cmake --install /home/pi/test_workspace/build/screen_service
[7.518s] Level 1:colcon.colcon_core.environment:create_environment_scripts_only(screen_service)
[7.518s] Level 1:colcon.colcon_core.environment:checking '/home/pi/test_workspace/install/screen_service' for CMake module files
[7.519s] Level 1:colcon.colcon_core.environment:checking '/home/pi/test_workspace/install/screen_service' for CMake config files
[7.519s] DEBUG:colcon.colcon_core.event_handler.log_command:Invoked command in '/home/pi/test_workspace/build/screen_service' returned '0': CMAKE_PREFIX_PATH=/opt/ros/jazzy /usr/bin/cmake --install /home/pi/test_workspace/build/screen_service
[7.520s] Level 1:colcon.colcon_core.shell:create_environment_hook('screen_service', 'cmake_prefix_path')
[7.520s] INFO:colcon.colcon_core.shell:Creating environment hook '/home/pi/test_workspace/install/screen_service/share/screen_service/hook/cmake_prefix_path.ps1'
[7.521s] INFO:colcon.colcon_core.shell:Creating environment descriptor '/home/pi/test_workspace/install/screen_service/share/screen_service/hook/cmake_prefix_path.dsv'
[7.522s] INFO:colcon.colcon_core.shell:Creating environment hook '/home/pi/test_workspace/install/screen_service/share/screen_service/hook/cmake_prefix_path.sh'
[7.523s] Level 1:colcon.colcon_core.environment:checking '/home/pi/test_workspace/install/screen_service/lib'
[7.523s] Level 1:colcon.colcon_core.environment:checking '/home/pi/test_workspace/install/screen_service/bin'
[7.523s] Level 1:colcon.colcon_core.environment:checking '/home/pi/test_workspace/install/screen_service/lib/pkgconfig/screen_service.pc'
[7.524s] Level 1:colcon.colcon_core.environment:checking '/home/pi/test_workspace/install/screen_service/lib/python3.12/site-packages'
[7.524s] Level 1:colcon.colcon_core.environment:checking '/home/pi/test_workspace/install/screen_service/bin'
[7.524s] INFO:colcon.colcon_core.shell:Creating package script '/home/pi/test_workspace/install/screen_service/share/screen_service/package.ps1'
[7.525s] INFO:colcon.colcon_core.shell:Creating package descriptor '/home/pi/test_workspace/install/screen_service/share/screen_service/package.dsv'
[7.525s] INFO:colcon.colcon_core.shell:Creating package script '/home/pi/test_workspace/install/screen_service/share/screen_service/package.sh'
[7.526s] INFO:colcon.colcon_core.shell:Creating package script '/home/pi/test_workspace/install/screen_service/share/screen_service/package.bash'
[7.527s] INFO:colcon.colcon_core.shell:Creating package script '/home/pi/test_workspace/install/screen_service/share/screen_service/package.zsh'
[7.527s] Level 1:colcon.colcon_core.environment:create_file_with_runtime_dependencies(/home/pi/test_workspace/install/screen_service/share/colcon-core/packages/screen_service)
[7.568s] Level 1:colcon.colcon_core.environment:create_environment_scripts_only(screen_service)
[7.568s] Level 1:colcon.colcon_core.environment:checking '/home/pi/test_workspace/install/screen_service' for CMake module files
[7.569s] Level 1:colcon.colcon_core.environment:checking '/home/pi/test_workspace/install/screen_service' for CMake config files
[7.570s] Level 1:colcon.colcon_core.shell:create_environment_hook('screen_service', 'cmake_prefix_path')
[7.570s] INFO:colcon.colcon_core.shell:Creating environment hook '/home/pi/test_workspace/install/screen_service/share/screen_service/hook/cmake_prefix_path.ps1'
[7.571s] INFO:colcon.colcon_core.shell:Creating environment descriptor '/home/pi/test_workspace/install/screen_service/share/screen_service/hook/cmake_prefix_path.dsv'
[7.572s] INFO:colcon.colcon_core.shell:Creating environment hook '/home/pi/test_workspace/install/screen_service/share/screen_service/hook/cmake_prefix_path.sh'
[7.573s] Level 1:colcon.colcon_core.environment:checking '/home/pi/test_workspace/install/screen_service/lib'
[7.573s] Level 1:colcon.colcon_core.environment:checking '/home/pi/test_workspace/install/screen_service/bin'
[7.573s] Level 1:colcon.colcon_core.environment:checking '/home/pi/test_workspace/install/screen_service/lib/pkgconfig/screen_service.pc'
[7.574s] Level 1:colcon.colcon_core.environment:checking '/home/pi/test_workspace/install/screen_service/lib/python3.12/site-packages'
[7.574s] Level 1:colcon.colcon_core.environment:checking '/home/pi/test_workspace/install/screen_service/bin'
[7.574s] INFO:colcon.colcon_core.shell:Creating package script '/home/pi/test_workspace/install/screen_service/share/screen_service/package.ps1'
[7.575s] INFO:colcon.colcon_core.shell:Creating package descriptor '/home/pi/test_workspace/install/screen_service/share/screen_service/package.dsv'
[7.576s] INFO:colcon.colcon_core.shell:Creating package script '/home/pi/test_workspace/install/screen_service/share/screen_service/package.sh'
[7.576s] INFO:colcon.colcon_core.shell:Creating package script '/home/pi/test_workspace/install/screen_service/share/screen_service/package.bash'
[7.577s] INFO:colcon.colcon_core.shell:Creating package script '/home/pi/test_workspace/install/screen_service/share/screen_service/package.zsh'
[7.578s] Level 1:colcon.colcon_core.environment:create_file_with_runtime_dependencies(/home/pi/test_workspace/install/screen_service/share/colcon-core/packages/screen_service)
[7.579s] DEBUG:colcon.colcon_parallel_executor.executor.parallel:closing loop
[7.579s] DEBUG:colcon.colcon_parallel_executor.executor.parallel:loop closed
[7.579s] DEBUG:colcon.colcon_parallel_executor.executor.parallel:run_until_complete finished with '0'
[7.580s] DEBUG:colcon.colcon_core.event_reactor:joining thread
[7.588s] INFO:colcon.colcon_core.plugin_system:Skipping extension 'colcon_notification.desktop_notification.notify_send': Could not find 'notify-send'
[7.588s] INFO:colcon.colcon_core.plugin_system:Skipping extension 'colcon_notification.desktop_notification.terminal_notifier': Not used on non-Darwin systems
[7.588s] INFO:colcon.colcon_core.plugin_system:Skipping extension 'colcon_notification.desktop_notification.win32': Not used on non-Windows systems
[7.588s] INFO:colcon.colcon_notification.desktop_notification:Sending desktop notification using 'notify2'
[7.589s] DEBUG:colcon.colcon_notification.desktop_notification.notify2:Failed to initialize notify2: org.freedesktop.DBus.Error.ServiceUnknown: The name org.freedesktop.Notifications was not provided by any .service files
[7.589s] DEBUG:colcon.colcon_core.event_reactor:joined thread
[7.590s] INFO:colcon.colcon_core.shell:Creating prefix script '/home/pi/test_workspace/install/local_setup.ps1'
[7.591s] INFO:colcon.colcon_core.shell:Creating prefix util module '/home/pi/test_workspace/install/_local_setup_util_ps1.py'
[7.592s] INFO:colcon.colcon_core.shell:Creating prefix chain script '/home/pi/test_workspace/install/setup.ps1'
[7.593s] INFO:colcon.colcon_core.shell:Creating prefix script '/home/pi/test_workspace/install/local_setup.sh'
[7.594s] INFO:colcon.colcon_core.shell:Creating prefix util module '/home/pi/test_workspace/install/_local_setup_util_sh.py'
[7.595s] INFO:colcon.colcon_core.shell:Creating prefix chain script '/home/pi/test_workspace/install/setup.sh'
[7.596s] INFO:colcon.colcon_core.shell:Creating prefix script '/home/pi/test_workspace/install/local_setup.bash'
[7.597s] INFO:colcon.colcon_core.shell:Creating prefix chain script '/home/pi/test_workspace/install/setup.bash'
[7.598s] INFO:colcon.colcon_core.shell:Creating prefix script '/home/pi/test_workspace/install/local_setup.zsh'
[7.599s] INFO:colcon.colcon_core.shell:Creating prefix chain script '/home/pi/test_workspace/install/setup.zsh'
