[0.012s] Invoking command in '/home/pi/test_workspace/build/my_first_pkg': CMAKE_PREFIX_PATH=${CMAKE_PREFIX_PATH}: /home/pi/test_workspace/install/screen_service  /home/pi/test_workspace/install/my_first_pkg /opt/ros/jazzy /usr/bin/cmake /home/pi/test_workspace/src/my_first_pkg -DAMENT_CMAKE_SYMLINK_INSTALL=1 -DCMAKE_INSTALL_PREFIX=/home/pi/test_workspace/install/my_first_pkg
[0.127s] -- The C compiler identification is GNU 13.2.0
[0.246s] -- The CXX compiler identification is GNU 13.2.0
[0.273s] -- Detecting C compiler ABI info
[0.443s] -- Detecting C compiler ABI info - done
[0.458s] -- Check for working C compiler: /usr/bin/cc - skipped
[0.459s] -- Detecting C compile features
[0.459s] -- Detecting C compile features - done
[0.473s] -- Detecting CXX compiler ABI info
[0.659s] -- Detecting CXX compiler ABI info - done
[0.674s] -- Check for working CXX compiler: /usr/bin/c++ - skipped
[0.674s] -- Detecting CXX compile features
[0.675s] -- Detecting CXX compile features - done
[0.677s] -- Found ament_cmake: 2.5.2 (/opt/ros/jazzy/share/ament_cmake/cmake)
[0.916s] -- Found Python3: /usr/bin/python3 (found version "3.12.3") found components: Interpreter 
[1.055s] -- Override CMake install command with custom implementation using symlinks instead of copying resources
[1.084s] -- Found rclcpp: 28.1.5 (/opt/ros/jazzy/share/rclcpp/cmake)
[1.125s] -- Found rosidl_generator_c: 4.6.4 (/opt/ros/jazzy/share/rosidl_generator_c/cmake)
[1.141s] -- Found rosidl_generator_cpp: 4.6.4 (/opt/ros/jazzy/share/rosidl_generator_cpp/cmake)
[1.161s] [31mCMake Error at /opt/ros/jazzy/share/rosidl_typesupport_c/cmake/get_used_typesupports.cmake:35 (message):
[1.161s]   No 'rosidl_typesupport_c' found
[1.161s] Call Stack (most recent call first):
[1.161s]   /opt/ros/jazzy/share/rosidl_typesupport_c/cmake/rosidl_typesupport_c-extras.cmake:8 (get_used_typesupports)
[1.161s]   /opt/ros/jazzy/share/rosidl_typesupport_c/cmake/rosidl_typesupport_cConfig.cmake:41 (include)
[1.161s]   /opt/ros/jazzy/share/builtin_interfaces/cmake/ament_cmake_export_dependencies-extras.cmake:21 (find_package)
[1.161s]   /opt/ros/jazzy/share/builtin_interfaces/cmake/builtin_interfacesConfig.cmake:41 (include)
[1.162s]   /opt/ros/jazzy/share/rclcpp/cmake/ament_cmake_export_dependencies-extras.cmake:21 (find_package)
[1.162s]   /opt/ros/jazzy/share/rclcpp/cmake/rclcppConfig.cmake:41 (include)
[1.162s]   CMakeLists.txt:15 (find_package)
[1.162s] 
[1.162s] [0m
[1.163s] -- Configuring incomplete, errors occurred!
[1.172s] Invoked command in '/home/pi/test_workspace/build/my_first_pkg' returned '1': CMAKE_PREFIX_PATH=${CMAKE_PREFIX_PATH}: /home/pi/test_workspace/install/screen_service  /home/pi/test_workspace/install/my_first_pkg /opt/ros/jazzy /usr/bin/cmake /home/pi/test_workspace/src/my_first_pkg -DAMENT_CMAKE_SYMLINK_INSTALL=1 -DCMAKE_INSTALL_PREFIX=/home/pi/test_workspace/install/my_first_pkg
