[0.026s] Invoking command in '/home/jetpack/JetRacer/build/servo_motor': CMAKE_PREFIX_PATH=/home/jetpack/JetRacer/install/bus_msgs:/home/jetpack/JetRacer/install/servo_motor:/home/jetpack/JetRacer/install/oled_service:/home/jetpack/JetRacer/install/i2c_interface:/home/jetpack/JetRacer/install/can_interface:/home/jetpack/piracer/install/oled_service:/home/jetpack/piracer/install/i2c_interface:/home/jetpack/piracer/install/can_interface:/home/jetpack/piracer/install/bus_msgs:/opt/ros/jazzy/opt/gz_math_vendor:/opt/ros/jazzy/opt/gz_utils_vendor:/opt/ros/jazzy/opt/gz_cmake_vendor:/opt/ros/jazzy LD_LIBRARY_PATH=/home/jetpack/JetRacer/install/bus_msgs/lib:/home/jetpack/JetRacer/install/can_interface/lib:/home/jetpack/piracer/install/can_interface/lib:/home/jetpack/piracer/install/bus_msgs/lib:/opt/ros/jazzy/opt/rviz_ogre_vendor/lib:/opt/ros/jazzy/lib/aarch64-linux-gnu:/opt/ros/jazzy/opt/gz_math_vendor/lib:/opt/ros/jazzy/opt/gz_utils_vendor/lib:/opt/ros/jazzy/opt/gz_cmake_vendor/lib:/opt/ros/jazzy/lib /usr/bin/cmake --build /home/jetpack/JetRacer/build/servo_motor -- -j4 -l4
[0.143s] [100%] Built target servo_motor_node
[0.169s] Invoked command in '/home/jetpack/JetRacer/build/servo_motor' returned '0': CMAKE_PREFIX_PATH=/home/jetpack/JetRacer/install/bus_msgs:/home/jetpack/JetRacer/install/servo_motor:/home/jetpack/JetRacer/install/oled_service:/home/jetpack/JetRacer/install/i2c_interface:/home/jetpack/JetRacer/install/can_interface:/home/jetpack/piracer/install/oled_service:/home/jetpack/piracer/install/i2c_interface:/home/jetpack/piracer/install/can_interface:/home/jetpack/piracer/install/bus_msgs:/opt/ros/jazzy/opt/gz_math_vendor:/opt/ros/jazzy/opt/gz_utils_vendor:/opt/ros/jazzy/opt/gz_cmake_vendor:/opt/ros/jazzy LD_LIBRARY_PATH=/home/jetpack/JetRacer/install/bus_msgs/lib:/home/jetpack/JetRacer/install/can_interface/lib:/home/jetpack/piracer/install/can_interface/lib:/home/jetpack/piracer/install/bus_msgs/lib:/opt/ros/jazzy/opt/rviz_ogre_vendor/lib:/opt/ros/jazzy/lib/aarch64-linux-gnu:/opt/ros/jazzy/opt/gz_math_vendor/lib:/opt/ros/jazzy/opt/gz_utils_vendor/lib:/opt/ros/jazzy/opt/gz_cmake_vendor/lib:/opt/ros/jazzy/lib /usr/bin/cmake --build /home/jetpack/JetRacer/build/servo_motor -- -j4 -l4
[0.227s] Invoking command in '/home/jetpack/JetRacer/build/servo_motor': CMAKE_PREFIX_PATH=/home/jetpack/JetRacer/install/bus_msgs:/home/jetpack/JetRacer/install/servo_motor:/home/jetpack/JetRacer/install/oled_service:/home/jetpack/JetRacer/install/i2c_interface:/home/jetpack/JetRacer/install/can_interface:/home/jetpack/piracer/install/oled_service:/home/jetpack/piracer/install/i2c_interface:/home/jetpack/piracer/install/can_interface:/home/jetpack/piracer/install/bus_msgs:/opt/ros/jazzy/opt/gz_math_vendor:/opt/ros/jazzy/opt/gz_utils_vendor:/opt/ros/jazzy/opt/gz_cmake_vendor:/opt/ros/jazzy LD_LIBRARY_PATH=/home/jetpack/JetRacer/install/bus_msgs/lib:/home/jetpack/JetRacer/install/can_interface/lib:/home/jetpack/piracer/install/can_interface/lib:/home/jetpack/piracer/install/bus_msgs/lib:/opt/ros/jazzy/opt/rviz_ogre_vendor/lib:/opt/ros/jazzy/lib/aarch64-linux-gnu:/opt/ros/jazzy/opt/gz_math_vendor/lib:/opt/ros/jazzy/opt/gz_utils_vendor/lib:/opt/ros/jazzy/opt/gz_cmake_vendor/lib:/opt/ros/jazzy/lib /usr/bin/cmake --install /home/jetpack/JetRacer/build/servo_motor
[0.249s] -- Install configuration: ""
[0.251s] -- Execute custom install script
[0.252s] -- Up-to-date symlink: /home/jetpack/JetRacer/install/servo_motor/lib/servo_motor/servo_motor_node
[0.253s] -- Up-to-date symlink: /home/jetpack/JetRacer/install/servo_motor/share/ament_index/resource_index/package_run_dependencies/servo_motor
[0.254s] -- Up-to-date symlink: /home/jetpack/JetRacer/install/servo_motor/share/ament_index/resource_index/parent_prefix_path/servo_motor
[0.255s] -- Up-to-date symlink: /home/jetpack/JetRacer/install/servo_motor/share/servo_motor/environment/ament_prefix_path.sh
[0.255s] -- Up-to-date symlink: /home/jetpack/JetRacer/install/servo_motor/share/servo_motor/environment/ament_prefix_path.dsv
[0.256s] -- Up-to-date symlink: /home/jetpack/JetRacer/install/servo_motor/share/servo_motor/environment/path.sh
[0.257s] -- Up-to-date symlink: /home/jetpack/JetRacer/install/servo_motor/share/servo_motor/environment/path.dsv
[0.258s] -- Up-to-date symlink: /home/jetpack/JetRacer/install/servo_motor/share/servo_motor/local_setup.bash
[0.261s] -- Up-to-date symlink: /home/jetpack/JetRacer/install/servo_motor/share/servo_motor/local_setup.sh
[0.261s] -- Up-to-date symlink: /home/jetpack/JetRacer/install/servo_motor/share/servo_motor/local_setup.zsh
[0.261s] -- Up-to-date symlink: /home/jetpack/JetRacer/install/servo_motor/share/servo_motor/local_setup.dsv
[0.261s] -- Symlinking: /home/jetpack/JetRacer/install/servo_motor/share/servo_motor/package.dsv
[0.282s] -- Up-to-date symlink: /home/jetpack/JetRacer/install/servo_motor/share/ament_index/resource_index/packages/servo_motor
[0.284s] -- Up-to-date symlink: /home/jetpack/JetRacer/install/servo_motor/share/servo_motor/cmake/ament_cmake_export_dependencies-extras.cmake
[0.285s] -- Up-to-date symlink: /home/jetpack/JetRacer/install/servo_motor/share/servo_motor/cmake/servo_motorConfig.cmake
[0.285s] -- Up-to-date symlink: /home/jetpack/JetRacer/install/servo_motor/share/servo_motor/cmake/servo_motorConfig-version.cmake
[0.285s] -- Up-to-date symlink: /home/jetpack/JetRacer/install/servo_motor/share/servo_motor/package.xml
[0.289s] Invoked command in '/home/jetpack/JetRacer/build/servo_motor' returned '0': CMAKE_PREFIX_PATH=/home/jetpack/JetRacer/install/bus_msgs:/home/jetpack/JetRacer/install/servo_motor:/home/jetpack/JetRacer/install/oled_service:/home/jetpack/JetRacer/install/i2c_interface:/home/jetpack/JetRacer/install/can_interface:/home/jetpack/piracer/install/oled_service:/home/jetpack/piracer/install/i2c_interface:/home/jetpack/piracer/install/can_interface:/home/jetpack/piracer/install/bus_msgs:/opt/ros/jazzy/opt/gz_math_vendor:/opt/ros/jazzy/opt/gz_utils_vendor:/opt/ros/jazzy/opt/gz_cmake_vendor:/opt/ros/jazzy LD_LIBRARY_PATH=/home/jetpack/JetRacer/install/bus_msgs/lib:/home/jetpack/JetRacer/install/can_interface/lib:/home/jetpack/piracer/install/can_interface/lib:/home/jetpack/piracer/install/bus_msgs/lib:/opt/ros/jazzy/opt/rviz_ogre_vendor/lib:/opt/ros/jazzy/lib/aarch64-linux-gnu:/opt/ros/jazzy/opt/gz_math_vendor/lib:/opt/ros/jazzy/opt/gz_utils_vendor/lib:/opt/ros/jazzy/opt/gz_cmake_vendor/lib:/opt/ros/jazzy/lib /usr/bin/cmake --install /home/jetpack/JetRacer/build/servo_motor
