[100%] Built target oled_display
-- Install configuration: ""
-- Execute custom install script
-- Up-to-date symlink: /home/jetpack/JetRacer/install/oled_service/lib/oled_service/oled_display
-- Up-to-date symlink: /home/jetpack/JetRacer/install/oled_service/share/ament_index/resource_index/package_run_dependencies/oled_service
-- Up-to-date symlink: /home/jetpack/JetRacer/install/oled_service/share/ament_index/resource_index/parent_prefix_path/oled_service
-- Up-to-date symlink: /home/jetpack/JetRacer/install/oled_service/share/oled_service/environment/ament_prefix_path.sh
-- Up-to-date symlink: /home/jetpack/JetRacer/install/oled_service/share/oled_service/environment/ament_prefix_path.dsv
-- Up-to-date symlink: /home/jetpack/JetRacer/install/oled_service/share/oled_service/environment/path.sh
-- Up-to-date symlink: /home/jetpack/JetRacer/install/oled_service/share/oled_service/environment/path.dsv
-- Up-to-date symlink: /home/jetpack/JetRacer/install/oled_service/share/oled_service/local_setup.bash
-- Up-to-date symlink: /home/jetpack/JetRacer/install/oled_service/share/oled_service/local_setup.sh
-- Up-to-date symlink: /home/jetpack/JetRacer/install/oled_service/share/oled_service/local_setup.zsh
-- Up-to-date symlink: /home/jetpack/JetRacer/install/oled_service/share/oled_service/local_setup.dsv
-- Symlinking: /home/jetpack/JetRacer/install/oled_service/share/oled_service/package.dsv
-- Up-to-date symlink: /home/jetpack/JetRacer/install/oled_service/share/ament_index/resource_index/packages/oled_service
-- Up-to-date symlink: /home/jetpack/JetRacer/install/oled_service/share/oled_service/cmake/ament_cmake_export_dependencies-extras.cmake
-- Up-to-date symlink: /home/jetpack/JetRacer/install/oled_service/share/oled_service/cmake/oled_serviceConfig.cmake
-- Up-to-date symlink: /home/jetpack/JetRacer/install/oled_service/share/oled_service/cmake/oled_serviceConfig-version.cmake
-- Up-to-date symlink: /home/jetpack/JetRacer/install/oled_service/share/oled_service/package.xml
