-- Found ament_cmake: 2.5.2 (/opt/ros/jazzy/share/ament_cmake/cmake)
-- Override CMake install command with custom implementation using symlinks instead of copying resources
-- Found rclcpp: 28.1.5 (/opt/ros/jazzy/share/rclcpp/cmake)
-- Found rosidl_generator_c: 4.6.4 (/opt/ros/jazzy/share/rosidl_generator_c/cmake)
-- Found rosidl_generator_cpp: 4.6.4 (/opt/ros/jazzy/share/rosidl_generator_cpp/cmake)
-- Using all available rosidl_typesupport_c: rosidl_typesupport_fastrtps_c;rosidl_typesupport_introspection_c
-- Using all available rosidl_typesupport_cpp: rosidl_typesupport_fastrtps_cpp;rosidl_typesupport_introspection_cpp
-- Found rmw_implementation_cmake: 7.3.1 (/opt/ros/jazzy/share/rmw_implementation_cmake/cmake)
-- Found rmw_fastrtps_cpp: 8.4.1 (/opt/ros/jazzy/share/rmw_fastrtps_cpp/cmake)
-- Using RMW implementation 'rmw_fastrtps_cpp' as default
-- Found bus_msgs: 0.0.0 (/home/jetpack/piracer/install/bus_msgs/share/bus_msgs/cmake)
-- Configuring done (1.9s)
-- Generating done (0.0s)
-- Build files have been written to: /home/jetpack/piracer/build/can_interface
[ 40%] Built target sockcanpp
[ 60%] [32mBuilding CXX object CMakeFiles/can_interface_node.dir/src/CanInterface.cpp.o[0m
[ 80%] [32m[1mLinking CXX executable can_interface_node[0m
[100%] Built target can_interface_node
-- Install configuration: ""
-- Execute custom install script
-- Symlinking: /home/jetpack/piracer/install/can_interface/lib/cmake/sockcanpp/libsockcanppConfig.cmake
-- Symlinking: /home/jetpack/piracer/install/can_interface/lib/cmake/sockcanpp/libsockcanppConfigVersion.cmake
-- Symlinking: /home/jetpack/piracer/install/can_interface/lib/pkgconfig/libsockcanpp.pc
-- Symlinking: /home/jetpack/piracer/install/can_interface/lib/can_interface/can_interface_node
-- Symlinking: /home/jetpack/piracer/install/can_interface/share/ament_index/resource_index/package_run_dependencies/can_interface
-- Symlinking: /home/jetpack/piracer/install/can_interface/share/ament_index/resource_index/parent_prefix_path/can_interface
-- Symlinking: /home/jetpack/piracer/install/can_interface/share/can_interface/environment/ament_prefix_path.sh
-- Symlinking: /home/jetpack/piracer/install/can_interface/share/can_interface/environment/ament_prefix_path.dsv
-- Symlinking: /home/jetpack/piracer/install/can_interface/share/can_interface/environment/path.sh
-- Symlinking: /home/jetpack/piracer/install/can_interface/share/can_interface/environment/path.dsv
-- Symlinking: /home/jetpack/piracer/install/can_interface/share/can_interface/local_setup.bash
-- Symlinking: /home/jetpack/piracer/install/can_interface/share/can_interface/local_setup.sh
-- Symlinking: /home/jetpack/piracer/install/can_interface/share/can_interface/local_setup.zsh
-- Symlinking: /home/jetpack/piracer/install/can_interface/share/can_interface/local_setup.dsv
-- Symlinking: /home/jetpack/piracer/install/can_interface/share/can_interface/package.dsv
-- Symlinking: /home/jetpack/piracer/install/can_interface/share/ament_index/resource_index/packages/can_interface
-- Symlinking: /home/jetpack/piracer/install/can_interface/share/can_interface/cmake/can_interfaceConfig.cmake
-- Symlinking: /home/jetpack/piracer/install/can_interface/share/can_interface/cmake/can_interfaceConfig-version.cmake
-- Symlinking: /home/jetpack/piracer/install/can_interface/share/can_interface/package.xml
-- Installing: /home/jetpack/piracer/install/can_interface/lib/sockcanpp.so.1.1.0
-- Installing: /home/jetpack/piracer/install/can_interface/lib/sockcanpp.so
-- Installing: /home/jetpack/piracer/install/can_interface/include/CanDriver.hpp
-- Installing: /home/jetpack/piracer/install/can_interface/include/CanId.hpp
-- Installing: /home/jetpack/piracer/install/can_interface/include/CanMessage.hpp
-- Installing: /home/jetpack/piracer/install/can_interface/lib/cmake/sockcanpp/sockcanppTargets.cmake
-- Installing: /home/jetpack/piracer/install/can_interface/lib/cmake/sockcanpp/sockcanppTargets-noconfig.cmake
