[  1%] Built target bus_msgs__rosidl_generator_type_description
[  1%] Built target ament_cmake_python_symlink_bus_msgs
[  3%] Built target bus_msgs__cpp
[ 24%] Built target bus_msgs__rosidl_generator_c
[ 35%] Built target bus_msgs__rosidl_typesupport_cpp
[ 42%] Built target bus_msgs__rosidl_typesupport_introspection_c
[ 51%] Built target bus_msgs__rosidl_typesupport_fastrtps_c
[ 61%] Built target bus_msgs__rosidl_typesupport_c
[ 70%] Built target bus_msgs__rosidl_typesupport_introspection_cpp
[ 79%] Built target bus_msgs__rosidl_typesupport_fastrtps_cpp
[ 79%] Built target bus_msgs
[ 81%] Built target bus_msgs__py
[ 88%] Built target bus_msgs__rosidl_generator_py
[100%] Built target bus_msgs_s__rosidl_typesupport_fastrtps_c
[100%] Built target bus_msgs_s__rosidl_typesupport_c
[100%] Built target bus_msgs_s__rosidl_typesupport_introspection_c
running egg_info
writing bus_msgs.egg-info/PKG-INFO
writing dependency_links to bus_msgs.egg-info/dependency_links.txt
writing top-level names to bus_msgs.egg-info/top_level.txt
reading manifest file 'bus_msgs.egg-info/SOURCES.txt'
writing manifest file 'bus_msgs.egg-info/SOURCES.txt'
[100%] Built target ament_cmake_python_build_bus_msgs_egg
-- Install configuration: ""
-- Execute custom install script
-- Up-to-date symlink: /home/jetpack/JetRacer/install/bus_msgs/share/ament_index/resource_index/rosidl_interfaces/bus_msgs
-- Up-to-date symlink: /home/jetpack/JetRacer/install/bus_msgs/share/bus_msgs/msg/CanFrame.json
-- Up-to-date symlink: /home/jetpack/JetRacer/install/bus_msgs/share/bus_msgs/srv/I2cService.json
-- Up-to-date symlink: /home/jetpack/JetRacer/install/bus_msgs/share/bus_msgs/srv/CanService.json
-- Up-to-date symlink: /home/jetpack/JetRacer/install/bus_msgs/include/bus_msgs/bus_msgs/msg/can_frame.h
-- Up-to-date symlink: /home/jetpack/JetRacer/install/bus_msgs/include/bus_msgs/bus_msgs/msg/detail/can_frame__functions.h
-- Up-to-date symlink: /home/jetpack/JetRacer/install/bus_msgs/include/bus_msgs/bus_msgs/msg/detail/can_frame__struct.h
-- Up-to-date symlink: /home/jetpack/JetRacer/install/bus_msgs/include/bus_msgs/bus_msgs/msg/detail/can_frame__type_support.h
-- Up-to-date symlink: /home/jetpack/JetRacer/install/bus_msgs/include/bus_msgs/bus_msgs/msg/rosidl_generator_c__visibility_control.h
-- Up-to-date symlink: /home/jetpack/JetRacer/install/bus_msgs/include/bus_msgs/bus_msgs/srv/can_service.h
-- Up-to-date symlink: /home/jetpack/JetRacer/install/bus_msgs/include/bus_msgs/bus_msgs/srv/detail/can_service__functions.h
-- Up-to-date symlink: /home/jetpack/JetRacer/install/bus_msgs/include/bus_msgs/bus_msgs/srv/detail/can_service__struct.h
-- Up-to-date symlink: /home/jetpack/JetRacer/install/bus_msgs/include/bus_msgs/bus_msgs/srv/detail/can_service__type_support.h
-- Up-to-date symlink: /home/jetpack/JetRacer/install/bus_msgs/include/bus_msgs/bus_msgs/srv/detail/i2c_service__functions.h
-- Up-to-date symlink: /home/jetpack/JetRacer/install/bus_msgs/include/bus_msgs/bus_msgs/srv/detail/i2c_service__struct.h
-- Up-to-date symlink: /home/jetpack/JetRacer/install/bus_msgs/include/bus_msgs/bus_msgs/srv/detail/i2c_service__type_support.h
-- Up-to-date symlink: /home/jetpack/JetRacer/install/bus_msgs/include/bus_msgs/bus_msgs/srv/i2c_service.h
-- Up-to-date symlink: /home/jetpack/JetRacer/install/bus_msgs/share/bus_msgs/environment/library_path.sh
-- Up-to-date symlink: /home/jetpack/JetRacer/install/bus_msgs/share/bus_msgs/environment/library_path.dsv
-- Up-to-date symlink: /home/jetpack/JetRacer/install/bus_msgs/include/bus_msgs/bus_msgs/msg/detail/can_frame__rosidl_typesupport_fastrtps_c.h
-- Up-to-date symlink: /home/jetpack/JetRacer/install/bus_msgs/include/bus_msgs/bus_msgs/msg/rosidl_typesupport_fastrtps_c__visibility_control.h
-- Up-to-date symlink: /home/jetpack/JetRacer/install/bus_msgs/include/bus_msgs/bus_msgs/srv/detail/can_service__rosidl_typesupport_fastrtps_c.h
-- Up-to-date symlink: /home/jetpack/JetRacer/install/bus_msgs/include/bus_msgs/bus_msgs/srv/detail/i2c_service__rosidl_typesupport_fastrtps_c.h
-- Up-to-date symlink: /home/jetpack/JetRacer/install/bus_msgs/include/bus_msgs/bus_msgs/msg/detail/can_frame__rosidl_typesupport_introspection_c.h
-- Up-to-date symlink: /home/jetpack/JetRacer/install/bus_msgs/include/bus_msgs/bus_msgs/msg/rosidl_typesupport_introspection_c__visibility_control.h
-- Up-to-date symlink: /home/jetpack/JetRacer/install/bus_msgs/include/bus_msgs/bus_msgs/srv/detail/can_service__rosidl_typesupport_introspection_c.h
-- Up-to-date symlink: /home/jetpack/JetRacer/install/bus_msgs/include/bus_msgs/bus_msgs/srv/detail/i2c_service__rosidl_typesupport_introspection_c.h
-- Up-to-date symlink: /home/jetpack/JetRacer/install/bus_msgs/include/bus_msgs/bus_msgs/msg/can_frame.hpp
-- Up-to-date symlink: /home/jetpack/JetRacer/install/bus_msgs/include/bus_msgs/bus_msgs/msg/detail/can_frame__builder.hpp
-- Up-to-date symlink: /home/jetpack/JetRacer/install/bus_msgs/include/bus_msgs/bus_msgs/msg/detail/can_frame__struct.hpp
-- Up-to-date symlink: /home/jetpack/JetRacer/install/bus_msgs/include/bus_msgs/bus_msgs/msg/detail/can_frame__traits.hpp
-- Up-to-date symlink: /home/jetpack/JetRacer/install/bus_msgs/include/bus_msgs/bus_msgs/msg/detail/can_frame__type_support.hpp
-- Up-to-date symlink: /home/jetpack/JetRacer/install/bus_msgs/include/bus_msgs/bus_msgs/msg/rosidl_generator_cpp__visibility_control.hpp
-- Up-to-date symlink: /home/jetpack/JetRacer/install/bus_msgs/include/bus_msgs/bus_msgs/srv/can_service.hpp
-- Up-to-date symlink: /home/jetpack/JetRacer/install/bus_msgs/include/bus_msgs/bus_msgs/srv/detail/can_service__builder.hpp
-- Up-to-date symlink: /home/jetpack/JetRacer/install/bus_msgs/include/bus_msgs/bus_msgs/srv/detail/can_service__struct.hpp
-- Up-to-date symlink: /home/jetpack/JetRacer/install/bus_msgs/include/bus_msgs/bus_msgs/srv/detail/can_service__traits.hpp
-- Up-to-date symlink: /home/jetpack/JetRacer/install/bus_msgs/include/bus_msgs/bus_msgs/srv/detail/can_service__type_support.hpp
-- Up-to-date symlink: /home/jetpack/JetRacer/install/bus_msgs/include/bus_msgs/bus_msgs/srv/detail/i2c_service__builder.hpp
-- Up-to-date symlink: /home/jetpack/JetRacer/install/bus_msgs/include/bus_msgs/bus_msgs/srv/detail/i2c_service__struct.hpp
-- Up-to-date symlink: /home/jetpack/JetRacer/install/bus_msgs/include/bus_msgs/bus_msgs/srv/detail/i2c_service__traits.hpp
-- Up-to-date symlink: /home/jetpack/JetRacer/install/bus_msgs/include/bus_msgs/bus_msgs/srv/detail/i2c_service__type_support.hpp
-- Up-to-date symlink: /home/jetpack/JetRacer/install/bus_msgs/include/bus_msgs/bus_msgs/srv/i2c_service.hpp
-- Up-to-date symlink: /home/jetpack/JetRacer/install/bus_msgs/include/bus_msgs/bus_msgs/msg/detail/can_frame__rosidl_typesupport_fastrtps_cpp.hpp
-- Up-to-date symlink: /home/jetpack/JetRacer/install/bus_msgs/include/bus_msgs/bus_msgs/msg/rosidl_typesupport_fastrtps_cpp__visibility_control.h
-- Up-to-date symlink: /home/jetpack/JetRacer/install/bus_msgs/include/bus_msgs/bus_msgs/srv/detail/can_service__rosidl_typesupport_fastrtps_cpp.hpp
-- Up-to-date symlink: /home/jetpack/JetRacer/install/bus_msgs/include/bus_msgs/bus_msgs/srv/detail/i2c_service__rosidl_typesupport_fastrtps_cpp.hpp
-- Up-to-date symlink: /home/jetpack/JetRacer/install/bus_msgs/include/bus_msgs/bus_msgs/msg/detail/can_frame__rosidl_typesupport_introspection_cpp.hpp
-- Up-to-date symlink: /home/jetpack/JetRacer/install/bus_msgs/include/bus_msgs/bus_msgs/srv/detail/can_service__rosidl_typesupport_introspection_cpp.hpp
-- Up-to-date symlink: /home/jetpack/JetRacer/install/bus_msgs/include/bus_msgs/bus_msgs/srv/detail/i2c_service__rosidl_typesupport_introspection_cpp.hpp
-- Up-to-date symlink: /home/jetpack/JetRacer/install/bus_msgs/share/bus_msgs/environment/pythonpath.sh
-- Up-to-date symlink: /home/jetpack/JetRacer/install/bus_msgs/share/bus_msgs/environment/pythonpath.dsv
-- Up-to-date symlink: /home/jetpack/JetRacer/install/bus_msgs/lib/python3.12/site-packages/bus_msgs-0.0.0-py3.12.egg-info/PKG-INFO
-- Up-to-date symlink: /home/jetpack/JetRacer/install/bus_msgs/lib/python3.12/site-packages/bus_msgs-0.0.0-py3.12.egg-info/SOURCES.txt
-- Up-to-date symlink: /home/jetpack/JetRacer/install/bus_msgs/lib/python3.12/site-packages/bus_msgs-0.0.0-py3.12.egg-info/dependency_links.txt
-- Up-to-date symlink: /home/jetpack/JetRacer/install/bus_msgs/lib/python3.12/site-packages/bus_msgs-0.0.0-py3.12.egg-info/top_level.txt
-- Up-to-date symlink: /home/jetpack/JetRacer/install/bus_msgs/lib/python3.12/site-packages/bus_msgs/__init__.py
-- Up-to-date symlink: /home/jetpack/JetRacer/install/bus_msgs/lib/python3.12/site-packages/bus_msgs/_bus_msgs_s.ep.rosidl_typesupport_c.c
-- Up-to-date symlink: /home/jetpack/JetRacer/install/bus_msgs/lib/python3.12/site-packages/bus_msgs/_bus_msgs_s.ep.rosidl_typesupport_fastrtps_c.c
-- Up-to-date symlink: /home/jetpack/JetRacer/install/bus_msgs/lib/python3.12/site-packages/bus_msgs/_bus_msgs_s.ep.rosidl_typesupport_introspection_c.c
-- Up-to-date symlink: /home/jetpack/JetRacer/install/bus_msgs/lib/python3.12/site-packages/bus_msgs/bus_msgs_s__rosidl_typesupport_c.so
-- Up-to-date symlink: /home/jetpack/JetRacer/install/bus_msgs/lib/python3.12/site-packages/bus_msgs/bus_msgs_s__rosidl_typesupport_fastrtps_c.so
-- Up-to-date symlink: /home/jetpack/JetRacer/install/bus_msgs/lib/python3.12/site-packages/bus_msgs/bus_msgs_s__rosidl_typesupport_introspection_c.so
-- Up-to-date symlink: /home/jetpack/JetRacer/install/bus_msgs/lib/python3.12/site-packages/bus_msgs/msg/__init__.py
-- Up-to-date symlink: /home/jetpack/JetRacer/install/bus_msgs/lib/python3.12/site-packages/bus_msgs/msg/_can_frame.py
-- Up-to-date symlink: /home/jetpack/JetRacer/install/bus_msgs/lib/python3.12/site-packages/bus_msgs/msg/_can_frame_s.c
-- Up-to-date symlink: /home/jetpack/JetRacer/install/bus_msgs/lib/python3.12/site-packages/bus_msgs/srv/__init__.py
-- Up-to-date symlink: /home/jetpack/JetRacer/install/bus_msgs/lib/python3.12/site-packages/bus_msgs/srv/_can_service.py
-- Up-to-date symlink: /home/jetpack/JetRacer/install/bus_msgs/lib/python3.12/site-packages/bus_msgs/srv/_can_service_s.c
-- Up-to-date symlink: /home/jetpack/JetRacer/install/bus_msgs/lib/python3.12/site-packages/bus_msgs/srv/_i2c_service.py
-- Up-to-date symlink: /home/jetpack/JetRacer/install/bus_msgs/lib/python3.12/site-packages/bus_msgs/srv/_i2c_service_s.c
-- Up-to-date symlink: /home/jetpack/JetRacer/install/bus_msgs/lib/python3.12/site-packages/bus_msgs/bus_msgs_s__rosidl_typesupport_fastrtps_c.so
-- Up-to-date symlink: /home/jetpack/JetRacer/install/bus_msgs/lib/python3.12/site-packages/bus_msgs/bus_msgs_s__rosidl_typesupport_introspection_c.so
-- Up-to-date symlink: /home/jetpack/JetRacer/install/bus_msgs/lib/python3.12/site-packages/bus_msgs/bus_msgs_s__rosidl_typesupport_c.so
-- Up-to-date symlink: /home/jetpack/JetRacer/install/bus_msgs/share/bus_msgs/msg/CanFrame.idl
-- Up-to-date symlink: /home/jetpack/JetRacer/install/bus_msgs/share/bus_msgs/srv/I2cService.idl
-- Up-to-date symlink: /home/jetpack/JetRacer/install/bus_msgs/share/bus_msgs/srv/CanService.idl
-- Up-to-date symlink: /home/jetpack/JetRacer/install/bus_msgs/share/bus_msgs/msg/CanFrame.msg
-- Up-to-date symlink: /home/jetpack/JetRacer/install/bus_msgs/share/bus_msgs/srv/I2cService.srv
-- Up-to-date symlink: /home/jetpack/JetRacer/install/bus_msgs/share/bus_msgs/srv/CanService.srv
-- Up-to-date symlink: /home/jetpack/JetRacer/install/bus_msgs/share/ament_index/resource_index/package_run_dependencies/bus_msgs
-- Up-to-date symlink: /home/jetpack/JetRacer/install/bus_msgs/share/ament_index/resource_index/parent_prefix_path/bus_msgs
-- Up-to-date symlink: /home/jetpack/JetRacer/install/bus_msgs/share/bus_msgs/environment/ament_prefix_path.sh
-- Up-to-date symlink: /home/jetpack/JetRacer/install/bus_msgs/share/bus_msgs/environment/ament_prefix_path.dsv
-- Up-to-date symlink: /home/jetpack/JetRacer/install/bus_msgs/share/bus_msgs/environment/path.sh
-- Up-to-date symlink: /home/jetpack/JetRacer/install/bus_msgs/share/bus_msgs/environment/path.dsv
-- Up-to-date symlink: /home/jetpack/JetRacer/install/bus_msgs/share/bus_msgs/local_setup.bash
-- Up-to-date symlink: /home/jetpack/JetRacer/install/bus_msgs/share/bus_msgs/local_setup.sh
-- Up-to-date symlink: /home/jetpack/JetRacer/install/bus_msgs/share/bus_msgs/local_setup.zsh
-- Up-to-date symlink: /home/jetpack/JetRacer/install/bus_msgs/share/bus_msgs/local_setup.dsv
-- Symlinking: /home/jetpack/JetRacer/install/bus_msgs/share/bus_msgs/package.dsv
-- Up-to-date symlink: /home/jetpack/JetRacer/install/bus_msgs/share/ament_index/resource_index/packages/bus_msgs
-- Up-to-date symlink: /home/jetpack/JetRacer/install/bus_msgs/share/bus_msgs/cmake/rosidl_cmake-extras.cmake
-- Up-to-date symlink: /home/jetpack/JetRacer/install/bus_msgs/share/bus_msgs/cmake/ament_cmake_export_dependencies-extras.cmake
-- Up-to-date symlink: /home/jetpack/JetRacer/install/bus_msgs/share/bus_msgs/cmake/ament_cmake_export_include_directories-extras.cmake
-- Up-to-date symlink: /home/jetpack/JetRacer/install/bus_msgs/share/bus_msgs/cmake/ament_cmake_export_libraries-extras.cmake
-- Up-to-date symlink: /home/jetpack/JetRacer/install/bus_msgs/share/bus_msgs/cmake/ament_cmake_export_targets-extras.cmake
-- Up-to-date symlink: /home/jetpack/JetRacer/install/bus_msgs/share/bus_msgs/cmake/rosidl_cmake_export_typesupport_targets-extras.cmake
-- Up-to-date symlink: /home/jetpack/JetRacer/install/bus_msgs/share/bus_msgs/cmake/rosidl_cmake_export_typesupport_libraries-extras.cmake
-- Up-to-date symlink: /home/jetpack/JetRacer/install/bus_msgs/share/bus_msgs/cmake/bus_msgsConfig.cmake
-- Up-to-date symlink: /home/jetpack/JetRacer/install/bus_msgs/share/bus_msgs/cmake/bus_msgsConfig-version.cmake
-- Up-to-date symlink: /home/jetpack/JetRacer/install/bus_msgs/share/bus_msgs/package.xml
-- Up-to-date: /home/jetpack/JetRacer/install/bus_msgs/lib/libbus_msgs__rosidl_generator_c.so
-- Up-to-date: /home/jetpack/JetRacer/install/bus_msgs/lib/libbus_msgs__rosidl_typesupport_fastrtps_c.so
-- Up-to-date: /home/jetpack/JetRacer/install/bus_msgs/lib/libbus_msgs__rosidl_typesupport_introspection_c.so
-- Up-to-date: /home/jetpack/JetRacer/install/bus_msgs/lib/libbus_msgs__rosidl_typesupport_c.so
-- Up-to-date: /home/jetpack/JetRacer/install/bus_msgs/lib/libbus_msgs__rosidl_typesupport_fastrtps_cpp.so
-- Up-to-date: /home/jetpack/JetRacer/install/bus_msgs/lib/libbus_msgs__rosidl_typesupport_introspection_cpp.so
-- Up-to-date: /home/jetpack/JetRacer/install/bus_msgs/lib/libbus_msgs__rosidl_typesupport_cpp.so
Listing '/home/jetpack/JetRacer/install/bus_msgs/lib/python3.12/site-packages/bus_msgs'...
Listing '/home/jetpack/JetRacer/install/bus_msgs/lib/python3.12/site-packages/bus_msgs/msg'...
Listing '/home/jetpack/JetRacer/install/bus_msgs/lib/python3.12/site-packages/bus_msgs/srv'...
-- Up-to-date: /home/jetpack/JetRacer/install/bus_msgs/lib/libbus_msgs__rosidl_generator_py.so
-- Up-to-date: /home/jetpack/JetRacer/install/bus_msgs/share/bus_msgs/cmake/export_bus_msgs__rosidl_generator_cExport.cmake
-- Up-to-date: /home/jetpack/JetRacer/install/bus_msgs/share/bus_msgs/cmake/export_bus_msgs__rosidl_generator_cExport-noconfig.cmake
-- Up-to-date: /home/jetpack/JetRacer/install/bus_msgs/share/bus_msgs/cmake/export_bus_msgs__rosidl_typesupport_fastrtps_cExport.cmake
-- Up-to-date: /home/jetpack/JetRacer/install/bus_msgs/share/bus_msgs/cmake/export_bus_msgs__rosidl_typesupport_fastrtps_cExport-noconfig.cmake
-- Up-to-date: /home/jetpack/JetRacer/install/bus_msgs/share/bus_msgs/cmake/bus_msgs__rosidl_typesupport_introspection_cExport.cmake
-- Up-to-date: /home/jetpack/JetRacer/install/bus_msgs/share/bus_msgs/cmake/bus_msgs__rosidl_typesupport_introspection_cExport-noconfig.cmake
-- Up-to-date: /home/jetpack/JetRacer/install/bus_msgs/share/bus_msgs/cmake/bus_msgs__rosidl_typesupport_cExport.cmake
-- Up-to-date: /home/jetpack/JetRacer/install/bus_msgs/share/bus_msgs/cmake/bus_msgs__rosidl_typesupport_cExport-noconfig.cmake
-- Up-to-date: /home/jetpack/JetRacer/install/bus_msgs/share/bus_msgs/cmake/export_bus_msgs__rosidl_generator_cppExport.cmake
-- Up-to-date: /home/jetpack/JetRacer/install/bus_msgs/share/bus_msgs/cmake/export_bus_msgs__rosidl_typesupport_fastrtps_cppExport.cmake
-- Up-to-date: /home/jetpack/JetRacer/install/bus_msgs/share/bus_msgs/cmake/export_bus_msgs__rosidl_typesupport_fastrtps_cppExport-noconfig.cmake
-- Up-to-date: /home/jetpack/JetRacer/install/bus_msgs/share/bus_msgs/cmake/bus_msgs__rosidl_typesupport_introspection_cppExport.cmake
-- Up-to-date: /home/jetpack/JetRacer/install/bus_msgs/share/bus_msgs/cmake/bus_msgs__rosidl_typesupport_introspection_cppExport-noconfig.cmake
-- Up-to-date: /home/jetpack/JetRacer/install/bus_msgs/share/bus_msgs/cmake/bus_msgs__rosidl_typesupport_cppExport.cmake
-- Up-to-date: /home/jetpack/JetRacer/install/bus_msgs/share/bus_msgs/cmake/bus_msgs__rosidl_typesupport_cppExport-noconfig.cmake
-- Up-to-date: /home/jetpack/JetRacer/install/bus_msgs/share/bus_msgs/cmake/export_bus_msgs__rosidl_generator_pyExport.cmake
-- Up-to-date: /home/jetpack/JetRacer/install/bus_msgs/share/bus_msgs/cmake/export_bus_msgs__rosidl_generator_pyExport-noconfig.cmake
