[0.020s] Invoking command in '/home/jetpack/JetRacer/build/bus_msgs': CMAKE_PREFIX_PATH=${CMAKE_PREFIX_PATH}:/opt/ros/jazzy /usr/bin/cmake --build /home/jetpack/JetRacer/build/bus_msgs -- -j4 -l4
[0.110s] [  1%] Built target bus_msgs__rosidl_generator_type_description
[0.127s] [  1%] Built target ament_cmake_python_symlink_bus_msgs
[0.151s] [  3%] Built target bus_msgs__cpp
[0.161s] [ 24%] Built target bus_msgs__rosidl_generator_c
[0.225s] [ 35%] Built target bus_msgs__rosidl_typesupport_cpp
[0.225s] [ 42%] Built target bus_msgs__rosidl_typesupport_introspection_c
[0.231s] [ 51%] Built target bus_msgs__rosidl_typesupport_fastrtps_c
[0.274s] [ 61%] Built target bus_msgs__rosidl_typesupport_c
[0.282s] [ 70%] Built target bus_msgs__rosidl_typesupport_introspection_cpp
[0.303s] [ 79%] Built target bus_msgs__rosidl_typesupport_fastrtps_cpp
[0.341s] [ 79%] Built target bus_msgs
[0.381s] [ 81%] Built target bus_msgs__py
[0.420s] [ 88%] Built target bus_msgs__rosidl_generator_py
[0.462s] [100%] Built target bus_msgs_s__rosidl_typesupport_fastrtps_c
[0.462s] [100%] Built target bus_msgs_s__rosidl_typesupport_c
[0.462s] [100%] Built target bus_msgs_s__rosidl_typesupport_introspection_c
[0.507s] running egg_info
[0.532s] writing bus_msgs.egg-info/PKG-INFO
[0.532s] writing dependency_links to bus_msgs.egg-info/dependency_links.txt
[0.533s] writing top-level names to bus_msgs.egg-info/top_level.txt
[0.606s] reading manifest file 'bus_msgs.egg-info/SOURCES.txt'
[0.607s] writing manifest file 'bus_msgs.egg-info/SOURCES.txt'
[0.668s] [100%] Built target ament_cmake_python_build_bus_msgs_egg
[0.689s] Invoked command in '/home/jetpack/JetRacer/build/bus_msgs' returned '0': CMAKE_PREFIX_PATH=${CMAKE_PREFIX_PATH}:/opt/ros/jazzy /usr/bin/cmake --build /home/jetpack/JetRacer/build/bus_msgs -- -j4 -l4
[0.841s] Invoking command in '/home/jetpack/JetRacer/build/bus_msgs': CMAKE_PREFIX_PATH=${CMAKE_PREFIX_PATH}:/opt/ros/jazzy /usr/bin/cmake --install /home/jetpack/JetRacer/build/bus_msgs
[0.857s] -- Install configuration: ""
[0.857s] -- Execute custom install script
[0.858s] -- Up-to-date symlink: /home/jetpack/JetRacer/install/bus_msgs/share/ament_index/resource_index/rosidl_interfaces/bus_msgs
[0.858s] -- Up-to-date symlink: /home/jetpack/JetRacer/install/bus_msgs/share/bus_msgs/msg/CanFrame.json
[0.858s] -- Up-to-date symlink: /home/jetpack/JetRacer/install/bus_msgs/share/bus_msgs/srv/I2cService.json
[0.858s] -- Up-to-date symlink: /home/jetpack/JetRacer/install/bus_msgs/share/bus_msgs/srv/CanService.json
[0.859s] -- Up-to-date symlink: /home/jetpack/JetRacer/install/bus_msgs/include/bus_msgs/bus_msgs/msg/can_frame.h
[0.859s] -- Up-to-date symlink: /home/jetpack/JetRacer/install/bus_msgs/include/bus_msgs/bus_msgs/msg/detail/can_frame__functions.h
[0.859s] -- Up-to-date symlink: /home/jetpack/JetRacer/install/bus_msgs/include/bus_msgs/bus_msgs/msg/detail/can_frame__struct.h
[0.860s] -- Up-to-date symlink: /home/jetpack/JetRacer/install/bus_msgs/include/bus_msgs/bus_msgs/msg/detail/can_frame__type_support.h
[0.860s] -- Up-to-date symlink: /home/jetpack/JetRacer/install/bus_msgs/include/bus_msgs/bus_msgs/msg/rosidl_generator_c__visibility_control.h
[0.860s] -- Up-to-date symlink: /home/jetpack/JetRacer/install/bus_msgs/include/bus_msgs/bus_msgs/srv/can_service.h
[0.860s] -- Up-to-date symlink: /home/jetpack/JetRacer/install/bus_msgs/include/bus_msgs/bus_msgs/srv/detail/can_service__functions.h
[0.860s] -- Up-to-date symlink: /home/jetpack/JetRacer/install/bus_msgs/include/bus_msgs/bus_msgs/srv/detail/can_service__struct.h
[0.860s] -- Up-to-date symlink: /home/jetpack/JetRacer/install/bus_msgs/include/bus_msgs/bus_msgs/srv/detail/can_service__type_support.h
[0.860s] -- Up-to-date symlink: /home/jetpack/JetRacer/install/bus_msgs/include/bus_msgs/bus_msgs/srv/detail/i2c_service__functions.h
[0.861s] -- Up-to-date symlink: /home/jetpack/JetRacer/install/bus_msgs/include/bus_msgs/bus_msgs/srv/detail/i2c_service__struct.h
[0.861s] -- Up-to-date symlink: /home/jetpack/JetRacer/install/bus_msgs/include/bus_msgs/bus_msgs/srv/detail/i2c_service__type_support.h
[0.861s] -- Up-to-date symlink: /home/jetpack/JetRacer/install/bus_msgs/include/bus_msgs/bus_msgs/srv/i2c_service.h
[0.861s] -- Up-to-date symlink: /home/jetpack/JetRacer/install/bus_msgs/share/bus_msgs/environment/library_path.sh
[0.861s] -- Up-to-date symlink: /home/jetpack/JetRacer/install/bus_msgs/share/bus_msgs/environment/library_path.dsv
[0.862s] -- Up-to-date symlink: /home/jetpack/JetRacer/install/bus_msgs/include/bus_msgs/bus_msgs/msg/detail/can_frame__rosidl_typesupport_fastrtps_c.h
[0.862s] -- Up-to-date symlink: /home/jetpack/JetRacer/install/bus_msgs/include/bus_msgs/bus_msgs/msg/rosidl_typesupport_fastrtps_c__visibility_control.h
[0.862s] -- Up-to-date symlink: /home/jetpack/JetRacer/install/bus_msgs/include/bus_msgs/bus_msgs/srv/detail/can_service__rosidl_typesupport_fastrtps_c.h
[0.862s] -- Up-to-date symlink: /home/jetpack/JetRacer/install/bus_msgs/include/bus_msgs/bus_msgs/srv/detail/i2c_service__rosidl_typesupport_fastrtps_c.h
[0.863s] -- Up-to-date symlink: /home/jetpack/JetRacer/install/bus_msgs/include/bus_msgs/bus_msgs/msg/detail/can_frame__rosidl_typesupport_introspection_c.h
[0.863s] -- Up-to-date symlink: /home/jetpack/JetRacer/install/bus_msgs/include/bus_msgs/bus_msgs/msg/rosidl_typesupport_introspection_c__visibility_control.h
[0.863s] -- Up-to-date symlink: /home/jetpack/JetRacer/install/bus_msgs/include/bus_msgs/bus_msgs/srv/detail/can_service__rosidl_typesupport_introspection_c.h
[0.863s] -- Up-to-date symlink: /home/jetpack/JetRacer/install/bus_msgs/include/bus_msgs/bus_msgs/srv/detail/i2c_service__rosidl_typesupport_introspection_c.h
[0.864s] -- Up-to-date symlink: /home/jetpack/JetRacer/install/bus_msgs/include/bus_msgs/bus_msgs/msg/can_frame.hpp
[0.864s] -- Up-to-date symlink: /home/jetpack/JetRacer/install/bus_msgs/include/bus_msgs/bus_msgs/msg/detail/can_frame__builder.hpp
[0.864s] -- Up-to-date symlink: /home/jetpack/JetRacer/install/bus_msgs/include/bus_msgs/bus_msgs/msg/detail/can_frame__struct.hpp
[0.864s] -- Up-to-date symlink: /home/jetpack/JetRacer/install/bus_msgs/include/bus_msgs/bus_msgs/msg/detail/can_frame__traits.hpp
[0.864s] -- Up-to-date symlink: /home/jetpack/JetRacer/install/bus_msgs/include/bus_msgs/bus_msgs/msg/detail/can_frame__type_support.hpp
[0.865s] -- Up-to-date symlink: /home/jetpack/JetRacer/install/bus_msgs/include/bus_msgs/bus_msgs/msg/rosidl_generator_cpp__visibility_control.hpp
[0.865s] -- Up-to-date symlink: /home/jetpack/JetRacer/install/bus_msgs/include/bus_msgs/bus_msgs/srv/can_service.hpp
[0.865s] -- Up-to-date symlink: /home/jetpack/JetRacer/install/bus_msgs/include/bus_msgs/bus_msgs/srv/detail/can_service__builder.hpp
[0.865s] -- Up-to-date symlink: /home/jetpack/JetRacer/install/bus_msgs/include/bus_msgs/bus_msgs/srv/detail/can_service__struct.hpp
[0.865s] -- Up-to-date symlink: /home/jetpack/JetRacer/install/bus_msgs/include/bus_msgs/bus_msgs/srv/detail/can_service__traits.hpp
[0.865s] -- Up-to-date symlink: /home/jetpack/JetRacer/install/bus_msgs/include/bus_msgs/bus_msgs/srv/detail/can_service__type_support.hpp
[0.865s] -- Up-to-date symlink: /home/jetpack/JetRacer/install/bus_msgs/include/bus_msgs/bus_msgs/srv/detail/i2c_service__builder.hpp
[0.866s] -- Up-to-date symlink: /home/jetpack/JetRacer/install/bus_msgs/include/bus_msgs/bus_msgs/srv/detail/i2c_service__struct.hpp
[0.866s] -- Up-to-date symlink: /home/jetpack/JetRacer/install/bus_msgs/include/bus_msgs/bus_msgs/srv/detail/i2c_service__traits.hpp
[0.866s] -- Up-to-date symlink: /home/jetpack/JetRacer/install/bus_msgs/include/bus_msgs/bus_msgs/srv/detail/i2c_service__type_support.hpp
[0.866s] -- Up-to-date symlink: /home/jetpack/JetRacer/install/bus_msgs/include/bus_msgs/bus_msgs/srv/i2c_service.hpp
[0.867s] -- Up-to-date symlink: /home/jetpack/JetRacer/install/bus_msgs/include/bus_msgs/bus_msgs/msg/detail/can_frame__rosidl_typesupport_fastrtps_cpp.hpp
[0.867s] -- Up-to-date symlink: /home/jetpack/JetRacer/install/bus_msgs/include/bus_msgs/bus_msgs/msg/rosidl_typesupport_fastrtps_cpp__visibility_control.h
[0.867s] -- Up-to-date symlink: /home/jetpack/JetRacer/install/bus_msgs/include/bus_msgs/bus_msgs/srv/detail/can_service__rosidl_typesupport_fastrtps_cpp.hpp
[0.867s] -- Up-to-date symlink: /home/jetpack/JetRacer/install/bus_msgs/include/bus_msgs/bus_msgs/srv/detail/i2c_service__rosidl_typesupport_fastrtps_cpp.hpp
[0.868s] -- Up-to-date symlink: /home/jetpack/JetRacer/install/bus_msgs/include/bus_msgs/bus_msgs/msg/detail/can_frame__rosidl_typesupport_introspection_cpp.hpp
[0.868s] -- Up-to-date symlink: /home/jetpack/JetRacer/install/bus_msgs/include/bus_msgs/bus_msgs/srv/detail/can_service__rosidl_typesupport_introspection_cpp.hpp
[0.868s] -- Up-to-date symlink: /home/jetpack/JetRacer/install/bus_msgs/include/bus_msgs/bus_msgs/srv/detail/i2c_service__rosidl_typesupport_introspection_cpp.hpp
[0.868s] -- Up-to-date symlink: /home/jetpack/JetRacer/install/bus_msgs/share/bus_msgs/environment/pythonpath.sh
[0.868s] -- Up-to-date symlink: /home/jetpack/JetRacer/install/bus_msgs/share/bus_msgs/environment/pythonpath.dsv
[0.869s] -- Up-to-date symlink: /home/jetpack/JetRacer/install/bus_msgs/lib/python3.12/site-packages/bus_msgs-0.0.0-py3.12.egg-info/PKG-INFO
[0.869s] -- Up-to-date symlink: /home/jetpack/JetRacer/install/bus_msgs/lib/python3.12/site-packages/bus_msgs-0.0.0-py3.12.egg-info/SOURCES.txt
[0.869s] -- Up-to-date symlink: /home/jetpack/JetRacer/install/bus_msgs/lib/python3.12/site-packages/bus_msgs-0.0.0-py3.12.egg-info/dependency_links.txt
[0.869s] -- Up-to-date symlink: /home/jetpack/JetRacer/install/bus_msgs/lib/python3.12/site-packages/bus_msgs-0.0.0-py3.12.egg-info/top_level.txt
[0.870s] -- Up-to-date symlink: /home/jetpack/JetRacer/install/bus_msgs/lib/python3.12/site-packages/bus_msgs/__init__.py
[0.870s] -- Up-to-date symlink: /home/jetpack/JetRacer/install/bus_msgs/lib/python3.12/site-packages/bus_msgs/_bus_msgs_s.ep.rosidl_typesupport_c.c
[0.870s] -- Up-to-date symlink: /home/jetpack/JetRacer/install/bus_msgs/lib/python3.12/site-packages/bus_msgs/_bus_msgs_s.ep.rosidl_typesupport_fastrtps_c.c
[0.870s] -- Up-to-date symlink: /home/jetpack/JetRacer/install/bus_msgs/lib/python3.12/site-packages/bus_msgs/_bus_msgs_s.ep.rosidl_typesupport_introspection_c.c
[0.870s] -- Up-to-date symlink: /home/jetpack/JetRacer/install/bus_msgs/lib/python3.12/site-packages/bus_msgs/bus_msgs_s__rosidl_typesupport_c.so
[0.870s] -- Up-to-date symlink: /home/jetpack/JetRacer/install/bus_msgs/lib/python3.12/site-packages/bus_msgs/bus_msgs_s__rosidl_typesupport_fastrtps_c.so
[0.871s] -- Up-to-date symlink: /home/jetpack/JetRacer/install/bus_msgs/lib/python3.12/site-packages/bus_msgs/bus_msgs_s__rosidl_typesupport_introspection_c.so
[0.871s] -- Up-to-date symlink: /home/jetpack/JetRacer/install/bus_msgs/lib/python3.12/site-packages/bus_msgs/msg/__init__.py
[0.871s] -- Up-to-date symlink: /home/jetpack/JetRacer/install/bus_msgs/lib/python3.12/site-packages/bus_msgs/msg/_can_frame.py
[0.871s] -- Up-to-date symlink: /home/jetpack/JetRacer/install/bus_msgs/lib/python3.12/site-packages/bus_msgs/msg/_can_frame_s.c
[0.871s] -- Up-to-date symlink: /home/jetpack/JetRacer/install/bus_msgs/lib/python3.12/site-packages/bus_msgs/srv/__init__.py
[0.871s] -- Up-to-date symlink: /home/jetpack/JetRacer/install/bus_msgs/lib/python3.12/site-packages/bus_msgs/srv/_can_service.py
[0.871s] -- Up-to-date symlink: /home/jetpack/JetRacer/install/bus_msgs/lib/python3.12/site-packages/bus_msgs/srv/_can_service_s.c
[0.872s] -- Up-to-date symlink: /home/jetpack/JetRacer/install/bus_msgs/lib/python3.12/site-packages/bus_msgs/srv/_i2c_service.py
[0.872s] -- Up-to-date symlink: /home/jetpack/JetRacer/install/bus_msgs/lib/python3.12/site-packages/bus_msgs/srv/_i2c_service_s.c
[0.872s] -- Up-to-date symlink: /home/jetpack/JetRacer/install/bus_msgs/lib/python3.12/site-packages/bus_msgs/bus_msgs_s__rosidl_typesupport_fastrtps_c.so
[0.872s] -- Up-to-date symlink: /home/jetpack/JetRacer/install/bus_msgs/lib/python3.12/site-packages/bus_msgs/bus_msgs_s__rosidl_typesupport_introspection_c.so
[0.873s] -- Up-to-date symlink: /home/jetpack/JetRacer/install/bus_msgs/lib/python3.12/site-packages/bus_msgs/bus_msgs_s__rosidl_typesupport_c.so
[0.873s] -- Up-to-date symlink: /home/jetpack/JetRacer/install/bus_msgs/share/bus_msgs/msg/CanFrame.idl
[0.873s] -- Up-to-date symlink: /home/jetpack/JetRacer/install/bus_msgs/share/bus_msgs/srv/I2cService.idl
[0.873s] -- Up-to-date symlink: /home/jetpack/JetRacer/install/bus_msgs/share/bus_msgs/srv/CanService.idl
[0.873s] -- Up-to-date symlink: /home/jetpack/JetRacer/install/bus_msgs/share/bus_msgs/msg/CanFrame.msg
[0.874s] -- Up-to-date symlink: /home/jetpack/JetRacer/install/bus_msgs/share/bus_msgs/srv/I2cService.srv
[0.874s] -- Up-to-date symlink: /home/jetpack/JetRacer/install/bus_msgs/share/bus_msgs/srv/CanService.srv
[0.874s] -- Up-to-date symlink: /home/jetpack/JetRacer/install/bus_msgs/share/ament_index/resource_index/package_run_dependencies/bus_msgs
[0.874s] -- Up-to-date symlink: /home/jetpack/JetRacer/install/bus_msgs/share/ament_index/resource_index/parent_prefix_path/bus_msgs
[0.874s] -- Up-to-date symlink: /home/jetpack/JetRacer/install/bus_msgs/share/bus_msgs/environment/ament_prefix_path.sh
[0.875s] -- Up-to-date symlink: /home/jetpack/JetRacer/install/bus_msgs/share/bus_msgs/environment/ament_prefix_path.dsv
[0.875s] -- Up-to-date symlink: /home/jetpack/JetRacer/install/bus_msgs/share/bus_msgs/environment/path.sh
[0.875s] -- Up-to-date symlink: /home/jetpack/JetRacer/install/bus_msgs/share/bus_msgs/environment/path.dsv
[0.875s] -- Up-to-date symlink: /home/jetpack/JetRacer/install/bus_msgs/share/bus_msgs/local_setup.bash
[0.875s] -- Up-to-date symlink: /home/jetpack/JetRacer/install/bus_msgs/share/bus_msgs/local_setup.sh
[0.876s] -- Up-to-date symlink: /home/jetpack/JetRacer/install/bus_msgs/share/bus_msgs/local_setup.zsh
[0.876s] -- Up-to-date symlink: /home/jetpack/JetRacer/install/bus_msgs/share/bus_msgs/local_setup.dsv
[0.876s] -- Symlinking: /home/jetpack/JetRacer/install/bus_msgs/share/bus_msgs/package.dsv
[0.893s] -- Up-to-date symlink: /home/jetpack/JetRacer/install/bus_msgs/share/ament_index/resource_index/packages/bus_msgs
[0.893s] -- Up-to-date symlink: /home/jetpack/JetRacer/install/bus_msgs/share/bus_msgs/cmake/rosidl_cmake-extras.cmake
[0.893s] -- Up-to-date symlink: /home/jetpack/JetRacer/install/bus_msgs/share/bus_msgs/cmake/ament_cmake_export_dependencies-extras.cmake
[0.893s] -- Up-to-date symlink: /home/jetpack/JetRacer/install/bus_msgs/share/bus_msgs/cmake/ament_cmake_export_include_directories-extras.cmake
[0.894s] -- Up-to-date symlink: /home/jetpack/JetRacer/install/bus_msgs/share/bus_msgs/cmake/ament_cmake_export_libraries-extras.cmake
[0.894s] -- Up-to-date symlink: /home/jetpack/JetRacer/install/bus_msgs/share/bus_msgs/cmake/ament_cmake_export_targets-extras.cmake
[0.894s] -- Up-to-date symlink: /home/jetpack/JetRacer/install/bus_msgs/share/bus_msgs/cmake/rosidl_cmake_export_typesupport_targets-extras.cmake
[0.894s] -- Up-to-date symlink: /home/jetpack/JetRacer/install/bus_msgs/share/bus_msgs/cmake/rosidl_cmake_export_typesupport_libraries-extras.cmake
[0.895s] -- Up-to-date symlink: /home/jetpack/JetRacer/install/bus_msgs/share/bus_msgs/cmake/bus_msgsConfig.cmake
[0.895s] -- Up-to-date symlink: /home/jetpack/JetRacer/install/bus_msgs/share/bus_msgs/cmake/bus_msgsConfig-version.cmake
[0.895s] -- Up-to-date symlink: /home/jetpack/JetRacer/install/bus_msgs/share/bus_msgs/package.xml
[0.895s] -- Up-to-date: /home/jetpack/JetRacer/install/bus_msgs/lib/libbus_msgs__rosidl_generator_c.so
[0.896s] -- Up-to-date: /home/jetpack/JetRacer/install/bus_msgs/lib/libbus_msgs__rosidl_typesupport_fastrtps_c.so
[0.896s] -- Up-to-date: /home/jetpack/JetRacer/install/bus_msgs/lib/libbus_msgs__rosidl_typesupport_introspection_c.so
[0.897s] -- Up-to-date: /home/jetpack/JetRacer/install/bus_msgs/lib/libbus_msgs__rosidl_typesupport_c.so
[0.897s] -- Up-to-date: /home/jetpack/JetRacer/install/bus_msgs/lib/libbus_msgs__rosidl_typesupport_fastrtps_cpp.so
[0.897s] -- Up-to-date: /home/jetpack/JetRacer/install/bus_msgs/lib/libbus_msgs__rosidl_typesupport_introspection_cpp.so
[0.898s] -- Up-to-date: /home/jetpack/JetRacer/install/bus_msgs/lib/libbus_msgs__rosidl_typesupport_cpp.so
[0.948s] Listing '/home/jetpack/JetRacer/install/bus_msgs/lib/python3.12/site-packages/bus_msgs'...
[0.948s] Listing '/home/jetpack/JetRacer/install/bus_msgs/lib/python3.12/site-packages/bus_msgs/msg'...
[0.948s] Listing '/home/jetpack/JetRacer/install/bus_msgs/lib/python3.12/site-packages/bus_msgs/srv'...
[0.959s] -- Up-to-date: /home/jetpack/JetRacer/install/bus_msgs/lib/libbus_msgs__rosidl_generator_py.so
[0.959s] -- Up-to-date: /home/jetpack/JetRacer/install/bus_msgs/share/bus_msgs/cmake/export_bus_msgs__rosidl_generator_cExport.cmake
[0.959s] -- Up-to-date: /home/jetpack/JetRacer/install/bus_msgs/share/bus_msgs/cmake/export_bus_msgs__rosidl_generator_cExport-noconfig.cmake
[0.959s] -- Up-to-date: /home/jetpack/JetRacer/install/bus_msgs/share/bus_msgs/cmake/export_bus_msgs__rosidl_typesupport_fastrtps_cExport.cmake
[0.959s] -- Up-to-date: /home/jetpack/JetRacer/install/bus_msgs/share/bus_msgs/cmake/export_bus_msgs__rosidl_typesupport_fastrtps_cExport-noconfig.cmake
[0.959s] -- Up-to-date: /home/jetpack/JetRacer/install/bus_msgs/share/bus_msgs/cmake/bus_msgs__rosidl_typesupport_introspection_cExport.cmake
[0.960s] -- Up-to-date: /home/jetpack/JetRacer/install/bus_msgs/share/bus_msgs/cmake/bus_msgs__rosidl_typesupport_introspection_cExport-noconfig.cmake
[0.960s] -- Up-to-date: /home/jetpack/JetRacer/install/bus_msgs/share/bus_msgs/cmake/bus_msgs__rosidl_typesupport_cExport.cmake
[0.960s] -- Up-to-date: /home/jetpack/JetRacer/install/bus_msgs/share/bus_msgs/cmake/bus_msgs__rosidl_typesupport_cExport-noconfig.cmake
[0.960s] -- Up-to-date: /home/jetpack/JetRacer/install/bus_msgs/share/bus_msgs/cmake/export_bus_msgs__rosidl_generator_cppExport.cmake
[0.960s] -- Up-to-date: /home/jetpack/JetRacer/install/bus_msgs/share/bus_msgs/cmake/export_bus_msgs__rosidl_typesupport_fastrtps_cppExport.cmake
[0.960s] -- Up-to-date: /home/jetpack/JetRacer/install/bus_msgs/share/bus_msgs/cmake/export_bus_msgs__rosidl_typesupport_fastrtps_cppExport-noconfig.cmake
[0.960s] -- Up-to-date: /home/jetpack/JetRacer/install/bus_msgs/share/bus_msgs/cmake/bus_msgs__rosidl_typesupport_introspection_cppExport.cmake
[0.960s] -- Up-to-date: /home/jetpack/JetRacer/install/bus_msgs/share/bus_msgs/cmake/bus_msgs__rosidl_typesupport_introspection_cppExport-noconfig.cmake
[0.960s] -- Up-to-date: /home/jetpack/JetRacer/install/bus_msgs/share/bus_msgs/cmake/bus_msgs__rosidl_typesupport_cppExport.cmake
[0.960s] -- Up-to-date: /home/jetpack/JetRacer/install/bus_msgs/share/bus_msgs/cmake/bus_msgs__rosidl_typesupport_cppExport-noconfig.cmake
[0.961s] -- Up-to-date: /home/jetpack/JetRacer/install/bus_msgs/share/bus_msgs/cmake/export_bus_msgs__rosidl_generator_pyExport.cmake
[0.961s] -- Up-to-date: /home/jetpack/JetRacer/install/bus_msgs/share/bus_msgs/cmake/export_bus_msgs__rosidl_generator_pyExport-noconfig.cmake
[0.964s] Invoked command in '/home/jetpack/JetRacer/build/bus_msgs' returned '0': CMAKE_PREFIX_PATH=${CMAKE_PREFIX_PATH}:/opt/ros/jazzy /usr/bin/cmake --install /home/jetpack/JetRacer/build/bus_msgs
