[0.016s] Invoking command in '/home/jetpack/piracer/build/bus_msgs': CMAKE_PREFIX_PATH=${CMAKE_PREFIX_PATH}:/opt/ros/jazzy /usr/bin/cmake --build /home/jetpack/piracer/build/bus_msgs -- -j4 -l4
[0.102s] [  2%] Built target bus_msgs__rosidl_generator_type_description
[0.124s] [  2%] Built target ament_cmake_python_symlink_bus_msgs
[0.141s] [  5%] Built target bus_msgs__cpp
[0.143s] [ 20%] Built target bus_msgs__rosidl_generator_c
[0.192s] [ 29%] Built target bus_msgs__rosidl_typesupport_introspection_c
[0.204s] [ 38%] Built target bus_msgs__rosidl_typesupport_c
[0.215s] [ 47%] Built target bus_msgs__rosidl_typesupport_fastrtps_cpp
[0.258s] [ 55%] Built target bus_msgs__rosidl_typesupport_introspection_cpp
[0.275s] [ 64%] Built target bus_msgs__rosidl_typesupport_cpp
[0.280s] [ 73%] Built target bus_msgs__rosidl_typesupport_fastrtps_c
[0.319s] [ 73%] Built target bus_msgs
[0.358s] [ 76%] Built target bus_msgs__py
[0.397s] [ 82%] Built target bus_msgs__rosidl_generator_py
[0.437s] [ 88%] Built target bus_msgs_s__rosidl_typesupport_introspection_c
[0.439s] [ 97%] Built target bus_msgs_s__rosidl_typesupport_c
[0.439s] [100%] Built target bus_msgs_s__rosidl_typesupport_fastrtps_c
[0.502s] running egg_info
[0.527s] writing bus_msgs.egg-info/PKG-INFO
[0.527s] writing dependency_links to bus_msgs.egg-info/dependency_links.txt
[0.528s] writing top-level names to bus_msgs.egg-info/top_level.txt
[0.601s] reading manifest file 'bus_msgs.egg-info/SOURCES.txt'
[0.602s] writing manifest file 'bus_msgs.egg-info/SOURCES.txt'
[0.664s] [100%] Built target ament_cmake_python_build_bus_msgs_egg
[0.684s] Invoked command in '/home/jetpack/piracer/build/bus_msgs' returned '0': CMAKE_PREFIX_PATH=${CMAKE_PREFIX_PATH}:/opt/ros/jazzy /usr/bin/cmake --build /home/jetpack/piracer/build/bus_msgs -- -j4 -l4
[0.772s] Invoking command in '/home/jetpack/piracer/build/bus_msgs': CMAKE_PREFIX_PATH=${CMAKE_PREFIX_PATH}:/opt/ros/jazzy /usr/bin/cmake --install /home/jetpack/piracer/build/bus_msgs
[0.787s] -- Install configuration: ""
[0.788s] -- Execute custom install script
[0.788s] -- Up-to-date symlink: /home/jetpack/piracer/install/bus_msgs/share/ament_index/resource_index/rosidl_interfaces/bus_msgs
[0.789s] -- Up-to-date symlink: /home/jetpack/piracer/install/bus_msgs/share/bus_msgs/msg/CanPacket.json
[0.789s] -- Up-to-date symlink: /home/jetpack/piracer/install/bus_msgs/include/bus_msgs/bus_msgs/msg/can_packet.h
[0.789s] -- Up-to-date symlink: /home/jetpack/piracer/install/bus_msgs/include/bus_msgs/bus_msgs/msg/detail/can_packet__functions.h
[0.789s] -- Up-to-date symlink: /home/jetpack/piracer/install/bus_msgs/include/bus_msgs/bus_msgs/msg/detail/can_packet__struct.h
[0.790s] -- Up-to-date symlink: /home/jetpack/piracer/install/bus_msgs/include/bus_msgs/bus_msgs/msg/detail/can_packet__type_support.h
[0.790s] -- Up-to-date symlink: /home/jetpack/piracer/install/bus_msgs/include/bus_msgs/bus_msgs/msg/rosidl_generator_c__visibility_control.h
[0.790s] -- Up-to-date symlink: /home/jetpack/piracer/install/bus_msgs/share/bus_msgs/environment/library_path.sh
[0.790s] -- Up-to-date symlink: /home/jetpack/piracer/install/bus_msgs/share/bus_msgs/environment/library_path.dsv
[0.791s] -- Up-to-date symlink: /home/jetpack/piracer/install/bus_msgs/include/bus_msgs/bus_msgs/msg/detail/can_packet__rosidl_typesupport_fastrtps_c.h
[0.791s] -- Up-to-date symlink: /home/jetpack/piracer/install/bus_msgs/include/bus_msgs/bus_msgs/msg/rosidl_typesupport_fastrtps_c__visibility_control.h
[0.791s] -- Up-to-date symlink: /home/jetpack/piracer/install/bus_msgs/include/bus_msgs/bus_msgs/msg/detail/can_packet__rosidl_typesupport_introspection_c.h
[0.791s] -- Up-to-date symlink: /home/jetpack/piracer/install/bus_msgs/include/bus_msgs/bus_msgs/msg/rosidl_typesupport_introspection_c__visibility_control.h
[0.792s] -- Up-to-date symlink: /home/jetpack/piracer/install/bus_msgs/include/bus_msgs/bus_msgs/msg/can_packet.hpp
[0.792s] -- Up-to-date symlink: /home/jetpack/piracer/install/bus_msgs/include/bus_msgs/bus_msgs/msg/detail/can_packet__builder.hpp
[0.792s] -- Up-to-date symlink: /home/jetpack/piracer/install/bus_msgs/include/bus_msgs/bus_msgs/msg/detail/can_packet__struct.hpp
[0.792s] -- Up-to-date symlink: /home/jetpack/piracer/install/bus_msgs/include/bus_msgs/bus_msgs/msg/detail/can_packet__traits.hpp
[0.792s] -- Up-to-date symlink: /home/jetpack/piracer/install/bus_msgs/include/bus_msgs/bus_msgs/msg/detail/can_packet__type_support.hpp
[0.792s] -- Up-to-date symlink: /home/jetpack/piracer/install/bus_msgs/include/bus_msgs/bus_msgs/msg/rosidl_generator_cpp__visibility_control.hpp
[0.793s] -- Up-to-date symlink: /home/jetpack/piracer/install/bus_msgs/include/bus_msgs/bus_msgs/msg/detail/can_packet__rosidl_typesupport_fastrtps_cpp.hpp
[0.793s] -- Up-to-date symlink: /home/jetpack/piracer/install/bus_msgs/include/bus_msgs/bus_msgs/msg/rosidl_typesupport_fastrtps_cpp__visibility_control.h
[0.794s] -- Up-to-date symlink: /home/jetpack/piracer/install/bus_msgs/include/bus_msgs/bus_msgs/msg/detail/can_packet__rosidl_typesupport_introspection_cpp.hpp
[0.794s] -- Up-to-date symlink: /home/jetpack/piracer/install/bus_msgs/share/bus_msgs/environment/pythonpath.sh
[0.794s] -- Up-to-date symlink: /home/jetpack/piracer/install/bus_msgs/share/bus_msgs/environment/pythonpath.dsv
[0.794s] -- Up-to-date symlink: /home/jetpack/piracer/install/bus_msgs/lib/python3.12/site-packages/bus_msgs-0.0.0-py3.12.egg-info/PKG-INFO
[0.795s] -- Up-to-date symlink: /home/jetpack/piracer/install/bus_msgs/lib/python3.12/site-packages/bus_msgs-0.0.0-py3.12.egg-info/SOURCES.txt
[0.795s] -- Up-to-date symlink: /home/jetpack/piracer/install/bus_msgs/lib/python3.12/site-packages/bus_msgs-0.0.0-py3.12.egg-info/dependency_links.txt
[0.795s] -- Up-to-date symlink: /home/jetpack/piracer/install/bus_msgs/lib/python3.12/site-packages/bus_msgs-0.0.0-py3.12.egg-info/top_level.txt
[0.795s] -- Up-to-date symlink: /home/jetpack/piracer/install/bus_msgs/lib/python3.12/site-packages/bus_msgs/__init__.py
[0.796s] -- Up-to-date symlink: /home/jetpack/piracer/install/bus_msgs/lib/python3.12/site-packages/bus_msgs/_bus_msgs_s.ep.rosidl_typesupport_c.c
[0.796s] -- Up-to-date symlink: /home/jetpack/piracer/install/bus_msgs/lib/python3.12/site-packages/bus_msgs/_bus_msgs_s.ep.rosidl_typesupport_fastrtps_c.c
[0.796s] -- Up-to-date symlink: /home/jetpack/piracer/install/bus_msgs/lib/python3.12/site-packages/bus_msgs/_bus_msgs_s.ep.rosidl_typesupport_introspection_c.c
[0.796s] -- Up-to-date symlink: /home/jetpack/piracer/install/bus_msgs/lib/python3.12/site-packages/bus_msgs/bus_msgs_s__rosidl_typesupport_c.so
[0.796s] -- Up-to-date symlink: /home/jetpack/piracer/install/bus_msgs/lib/python3.12/site-packages/bus_msgs/bus_msgs_s__rosidl_typesupport_fastrtps_c.so
[0.796s] -- Up-to-date symlink: /home/jetpack/piracer/install/bus_msgs/lib/python3.12/site-packages/bus_msgs/bus_msgs_s__rosidl_typesupport_introspection_c.so
[0.796s] -- Up-to-date symlink: /home/jetpack/piracer/install/bus_msgs/lib/python3.12/site-packages/bus_msgs/msg/__init__.py
[0.796s] -- Up-to-date symlink: /home/jetpack/piracer/install/bus_msgs/lib/python3.12/site-packages/bus_msgs/msg/_can_packet.py
[0.797s] -- Up-to-date symlink: /home/jetpack/piracer/install/bus_msgs/lib/python3.12/site-packages/bus_msgs/msg/_can_packet_s.c
[0.797s] -- Up-to-date symlink: /home/jetpack/piracer/install/bus_msgs/lib/python3.12/site-packages/bus_msgs/bus_msgs_s__rosidl_typesupport_fastrtps_c.so
[0.797s] -- Up-to-date symlink: /home/jetpack/piracer/install/bus_msgs/lib/python3.12/site-packages/bus_msgs/bus_msgs_s__rosidl_typesupport_introspection_c.so
[0.798s] -- Up-to-date symlink: /home/jetpack/piracer/install/bus_msgs/lib/python3.12/site-packages/bus_msgs/bus_msgs_s__rosidl_typesupport_c.so
[0.798s] -- Up-to-date symlink: /home/jetpack/piracer/install/bus_msgs/share/bus_msgs/msg/CanPacket.idl
[0.798s] -- Up-to-date symlink: /home/jetpack/piracer/install/bus_msgs/share/bus_msgs/msg/CanPacket.msg
[0.798s] -- Up-to-date symlink: /home/jetpack/piracer/install/bus_msgs/share/ament_index/resource_index/package_run_dependencies/bus_msgs
[0.798s] -- Up-to-date symlink: /home/jetpack/piracer/install/bus_msgs/share/ament_index/resource_index/parent_prefix_path/bus_msgs
[0.799s] -- Up-to-date symlink: /home/jetpack/piracer/install/bus_msgs/share/bus_msgs/environment/ament_prefix_path.sh
[0.799s] -- Up-to-date symlink: /home/jetpack/piracer/install/bus_msgs/share/bus_msgs/environment/ament_prefix_path.dsv
[0.799s] -- Up-to-date symlink: /home/jetpack/piracer/install/bus_msgs/share/bus_msgs/environment/path.sh
[0.799s] -- Up-to-date symlink: /home/jetpack/piracer/install/bus_msgs/share/bus_msgs/environment/path.dsv
[0.799s] -- Up-to-date symlink: /home/jetpack/piracer/install/bus_msgs/share/bus_msgs/local_setup.bash
[0.799s] -- Up-to-date symlink: /home/jetpack/piracer/install/bus_msgs/share/bus_msgs/local_setup.sh
[0.800s] -- Up-to-date symlink: /home/jetpack/piracer/install/bus_msgs/share/bus_msgs/local_setup.zsh
[0.800s] -- Up-to-date symlink: /home/jetpack/piracer/install/bus_msgs/share/bus_msgs/local_setup.dsv
[0.800s] -- Symlinking: /home/jetpack/piracer/install/bus_msgs/share/bus_msgs/package.dsv
[0.816s] -- Up-to-date symlink: /home/jetpack/piracer/install/bus_msgs/share/ament_index/resource_index/packages/bus_msgs
[0.816s] -- Up-to-date symlink: /home/jetpack/piracer/install/bus_msgs/share/bus_msgs/cmake/rosidl_cmake-extras.cmake
[0.816s] -- Up-to-date symlink: /home/jetpack/piracer/install/bus_msgs/share/bus_msgs/cmake/ament_cmake_export_include_directories-extras.cmake
[0.816s] -- Up-to-date symlink: /home/jetpack/piracer/install/bus_msgs/share/bus_msgs/cmake/ament_cmake_export_libraries-extras.cmake
[0.817s] -- Up-to-date symlink: /home/jetpack/piracer/install/bus_msgs/share/bus_msgs/cmake/ament_cmake_export_targets-extras.cmake
[0.817s] -- Up-to-date symlink: /home/jetpack/piracer/install/bus_msgs/share/bus_msgs/cmake/rosidl_cmake_export_typesupport_targets-extras.cmake
[0.817s] -- Up-to-date symlink: /home/jetpack/piracer/install/bus_msgs/share/bus_msgs/cmake/ament_cmake_export_dependencies-extras.cmake
[0.817s] -- Up-to-date symlink: /home/jetpack/piracer/install/bus_msgs/share/bus_msgs/cmake/rosidl_cmake_export_typesupport_libraries-extras.cmake
[0.817s] -- Up-to-date symlink: /home/jetpack/piracer/install/bus_msgs/share/bus_msgs/cmake/bus_msgsConfig.cmake
[0.818s] -- Up-to-date symlink: /home/jetpack/piracer/install/bus_msgs/share/bus_msgs/cmake/bus_msgsConfig-version.cmake
[0.818s] -- Up-to-date symlink: /home/jetpack/piracer/install/bus_msgs/share/bus_msgs/package.xml
[0.818s] -- Up-to-date: /home/jetpack/piracer/install/bus_msgs/lib/libbus_msgs__rosidl_generator_c.so
[0.819s] -- Up-to-date: /home/jetpack/piracer/install/bus_msgs/lib/libbus_msgs__rosidl_typesupport_fastrtps_c.so
[0.819s] -- Up-to-date: /home/jetpack/piracer/install/bus_msgs/lib/libbus_msgs__rosidl_typesupport_introspection_c.so
[0.819s] -- Up-to-date: /home/jetpack/piracer/install/bus_msgs/lib/libbus_msgs__rosidl_typesupport_c.so
[0.820s] -- Up-to-date: /home/jetpack/piracer/install/bus_msgs/lib/libbus_msgs__rosidl_typesupport_fastrtps_cpp.so
[0.820s] -- Up-to-date: /home/jetpack/piracer/install/bus_msgs/lib/libbus_msgs__rosidl_typesupport_introspection_cpp.so
[0.821s] -- Up-to-date: /home/jetpack/piracer/install/bus_msgs/lib/libbus_msgs__rosidl_typesupport_cpp.so
[0.870s] Listing '/home/jetpack/piracer/install/bus_msgs/lib/python3.12/site-packages/bus_msgs'...
[0.870s] Listing '/home/jetpack/piracer/install/bus_msgs/lib/python3.12/site-packages/bus_msgs/msg'...
[0.881s] -- Up-to-date: /home/jetpack/piracer/install/bus_msgs/lib/libbus_msgs__rosidl_generator_py.so
[0.882s] -- Up-to-date: /home/jetpack/piracer/install/bus_msgs/share/bus_msgs/cmake/export_bus_msgs__rosidl_generator_cExport.cmake
[0.882s] -- Up-to-date: /home/jetpack/piracer/install/bus_msgs/share/bus_msgs/cmake/export_bus_msgs__rosidl_generator_cExport-noconfig.cmake
[0.882s] -- Up-to-date: /home/jetpack/piracer/install/bus_msgs/share/bus_msgs/cmake/export_bus_msgs__rosidl_typesupport_fastrtps_cExport.cmake
[0.882s] -- Up-to-date: /home/jetpack/piracer/install/bus_msgs/share/bus_msgs/cmake/export_bus_msgs__rosidl_typesupport_fastrtps_cExport-noconfig.cmake
[0.882s] -- Up-to-date: /home/jetpack/piracer/install/bus_msgs/share/bus_msgs/cmake/bus_msgs__rosidl_typesupport_introspection_cExport.cmake
[0.882s] -- Up-to-date: /home/jetpack/piracer/install/bus_msgs/share/bus_msgs/cmake/bus_msgs__rosidl_typesupport_introspection_cExport-noconfig.cmake
[0.882s] -- Up-to-date: /home/jetpack/piracer/install/bus_msgs/share/bus_msgs/cmake/bus_msgs__rosidl_typesupport_cExport.cmake
[0.882s] -- Up-to-date: /home/jetpack/piracer/install/bus_msgs/share/bus_msgs/cmake/bus_msgs__rosidl_typesupport_cExport-noconfig.cmake
[0.882s] -- Up-to-date: /home/jetpack/piracer/install/bus_msgs/share/bus_msgs/cmake/export_bus_msgs__rosidl_generator_cppExport.cmake
[0.883s] -- Up-to-date: /home/jetpack/piracer/install/bus_msgs/share/bus_msgs/cmake/export_bus_msgs__rosidl_typesupport_fastrtps_cppExport.cmake
[0.883s] -- Up-to-date: /home/jetpack/piracer/install/bus_msgs/share/bus_msgs/cmake/export_bus_msgs__rosidl_typesupport_fastrtps_cppExport-noconfig.cmake
[0.883s] -- Up-to-date: /home/jetpack/piracer/install/bus_msgs/share/bus_msgs/cmake/bus_msgs__rosidl_typesupport_introspection_cppExport.cmake
[0.883s] -- Up-to-date: /home/jetpack/piracer/install/bus_msgs/share/bus_msgs/cmake/bus_msgs__rosidl_typesupport_introspection_cppExport-noconfig.cmake
[0.883s] -- Up-to-date: /home/jetpack/piracer/install/bus_msgs/share/bus_msgs/cmake/bus_msgs__rosidl_typesupport_cppExport.cmake
[0.883s] -- Up-to-date: /home/jetpack/piracer/install/bus_msgs/share/bus_msgs/cmake/bus_msgs__rosidl_typesupport_cppExport-noconfig.cmake
[0.883s] -- Up-to-date: /home/jetpack/piracer/install/bus_msgs/share/bus_msgs/cmake/export_bus_msgs__rosidl_generator_pyExport.cmake
[0.883s] -- Up-to-date: /home/jetpack/piracer/install/bus_msgs/share/bus_msgs/cmake/export_bus_msgs__rosidl_generator_pyExport-noconfig.cmake
[0.887s] Invoked command in '/home/jetpack/piracer/build/bus_msgs' returned '0': CMAKE_PREFIX_PATH=${CMAKE_PREFIX_PATH}:/opt/ros/jazzy /usr/bin/cmake --install /home/jetpack/piracer/build/bus_msgs
