[0.015s] Invoking command in '/home/jetpack/piracer/build/bus_msgs': CMAKE_PREFIX_PATH=${CMAKE_PREFIX_PATH}:/opt/ros/jazzy /usr/bin/cmake /home/jetpack/piracer/src/bus_interfaces/bus_msgs -DCMAKE_INSTALL_PREFIX=/home/jetpack/piracer/install/bus_msgs
[0.591s] -- The C compiler identification is GNU 13.2.0
[1.072s] -- The CXX compiler identification is GNU 13.2.0
[1.106s] -- Detecting C compiler ABI info
[1.283s] -- Detecting C compiler ABI info - done
[1.297s] -- Check for working C compiler: /usr/bin/cc - skipped
[1.298s] -- Detecting C compile features
[1.299s] -- Detecting C compile features - done
[1.315s] -- Detecting CXX compiler ABI info
[1.498s] -- Detecting CXX compiler ABI info - done
[1.513s] -- Check for working CXX compiler: /usr/bin/c++ - skipped
[1.513s] -- Detecting CXX compile features
[1.514s] -- Detecting CXX compile features - done
[1.519s] -- Found ament_cmake: 2.5.2 (/opt/ros/jazzy/share/ament_cmake/cmake)
[1.760s] -- Found Python3: /usr/bin/python3 (found version "3.12.3") found components: Interpreter 
[1.955s] -- Found rosidl_default_generators: 1.6.0 (/opt/ros/jazzy/share/rosidl_default_generators/cmake)
[1.966s] -- Using all available rosidl_typesupport_c: rosidl_typesupport_fastrtps_c;rosidl_typesupport_introspection_c
[2.047s] -- Using all available rosidl_typesupport_cpp: rosidl_typesupport_fastrtps_cpp;rosidl_typesupport_introspection_cpp
[2.110s] -- Found rosidl_adapter: 4.6.4 (/opt/ros/jazzy/share/rosidl_adapter/cmake)
[3.064s] -- Found ament_cmake_ros: 0.12.0 (/opt/ros/jazzy/share/ament_cmake_ros/cmake)
[3.729s] -- Using all available rosidl_typesupport_c: rosidl_typesupport_fastrtps_c;rosidl_typesupport_introspection_c
[4.615s] -- Using all available rosidl_typesupport_cpp: rosidl_typesupport_fastrtps_cpp;rosidl_typesupport_introspection_cpp
[4.625s] -- Found python_cmake_module: 0.11.1 (/opt/ros/jazzy/share/python_cmake_module/cmake)
[4.862s] -- Found PythonExtra: /usr/bin/python3  
[5.758s] -- Found Python3: /usr/bin/python3 (found version "3.12.3") found components: Interpreter Development NumPy Development.Module Development.Embed 
[5.808s] -- Found ament_lint_auto: 0.17.1 (/opt/ros/jazzy/share/ament_lint_auto/cmake)
[5.845s] -- Added test 'lint_cmake' to check CMake code style
[5.847s] -- Added test 'xmllint' to check XML markup files
[5.851s] -- Configuring done (5.8s)
[5.897s] -- Generating done (0.0s)
[5.902s] -- Build files have been written to: /home/jetpack/piracer/build/bus_msgs
[5.915s] Invoked command in '/home/jetpack/piracer/build/bus_msgs' returned '0': CMAKE_PREFIX_PATH=${CMAKE_PREFIX_PATH}:/opt/ros/jazzy /usr/bin/cmake /home/jetpack/piracer/src/bus_interfaces/bus_msgs -DCMAKE_INSTALL_PREFIX=/home/jetpack/piracer/install/bus_msgs
[5.917s] Invoking command in '/home/jetpack/piracer/build/bus_msgs': CMAKE_PREFIX_PATH=${CMAKE_PREFIX_PATH}:/opt/ros/jazzy /usr/bin/cmake --build /home/jetpack/piracer/build/bus_msgs -- -j4 -l4
[6.001s] [  2%] [34m[1mGenerating type hashes for ROS interfaces[0m
[6.020s] [  2%] Built target ament_cmake_python_copy_bus_msgs
[6.347s] [  2%] Built target bus_msgs__rosidl_generator_type_description
[6.357s] running egg_info
[6.357s] creating bus_msgs.egg-info
[6.367s] [  5%] [34m[1mGenerating C code for ROS interfaces[0m
[6.388s] [  8%] [34m[1mGenerating C++ code for ROS interfaces[0m
[6.398s] writing bus_msgs.egg-info/PKG-INFO
[6.399s] writing dependency_links to bus_msgs.egg-info/dependency_links.txt
[6.400s] writing top-level names to bus_msgs.egg-info/top_level.txt
[6.400s] writing manifest file 'bus_msgs.egg-info/SOURCES.txt'
[6.513s] reading manifest file 'bus_msgs.egg-info/SOURCES.txt'
[6.516s] writing manifest file 'bus_msgs.egg-info/SOURCES.txt'
[6.598s] [  8%] Built target ament_cmake_python_build_bus_msgs_egg
[6.867s] [  8%] Built target bus_msgs__cpp
[6.889s] [ 17%] [32mBuilding C object CMakeFiles/bus_msgs__rosidl_generator_c.dir/rosidl_generator_c/bus_msgs/msg/detail/can_packet__description.c.o[0m
[6.889s] [ 17%] [32mBuilding C object CMakeFiles/bus_msgs__rosidl_generator_c.dir/rosidl_generator_c/bus_msgs/msg/detail/can_packet__type_support.c.o[0m
[6.891s] [ 17%] [32mBuilding C object CMakeFiles/bus_msgs__rosidl_generator_c.dir/rosidl_generator_c/bus_msgs/msg/detail/can_packet__functions.c.o[0m
[6.983s] [ 20%] [32m[1mLinking C shared library libbus_msgs__rosidl_generator_c.so[0m
[7.051s] [ 20%] Built target bus_msgs__rosidl_generator_c
[7.072s] [ 26%] [34m[1mGenerating C type support for eProsima Fast-RTPS[0m
[7.072s] [ 26%] [34m[1mGenerating C++ type support dispatch for ROS interfaces[0m
[7.079s] [ 29%] [34m[1mGenerating C introspection for ROS interfaces[0m
[7.084s] [ 32%] [34m[1mGenerating C type support dispatch for ROS interfaces[0m
[7.616s] [ 35%] [32mBuilding CXX object CMakeFiles/bus_msgs__rosidl_typesupport_c.dir/rosidl_typesupport_c/bus_msgs/msg/can_packet__type_support.cpp.o[0m
[7.680s] [ 38%] [32mBuilding C object CMakeFiles/bus_msgs__rosidl_typesupport_introspection_c.dir/rosidl_typesupport_introspection_c/bus_msgs/msg/detail/can_packet__type_support.c.o[0m
[7.699s] [ 44%] [32mBuilding CXX object CMakeFiles/bus_msgs__rosidl_typesupport_fastrtps_c.dir/rosidl_typesupport_fastrtps_c/bus_msgs/msg/detail/can_packet__type_support_c.cpp.o[0m
[7.699s] [ 44%] [32mBuilding CXX object CMakeFiles/bus_msgs__rosidl_typesupport_cpp.dir/rosidl_typesupport_cpp/bus_msgs/msg/can_packet__type_support.cpp.o[0m
[7.741s] [ 47%] [32m[1mLinking CXX shared library libbus_msgs__rosidl_typesupport_c.so[0m
[7.790s] [ 50%] [32m[1mLinking C shared library libbus_msgs__rosidl_typesupport_introspection_c.so[0m
[7.878s] [ 50%] Built target bus_msgs__rosidl_typesupport_c
[7.887s] [ 50%] Built target bus_msgs__rosidl_typesupport_introspection_c
[7.900s] [ 52%] [34m[1mGenerating C++ type support for eProsima Fast-RTPS[0m
[7.910s] [ 55%] [34m[1mGenerating C++ introspection for ROS interfaces[0m
[8.494s] [ 58%] [32m[1mLinking CXX shared library libbus_msgs__rosidl_typesupport_cpp.so[0m
[8.629s] [ 61%] [32mBuilding CXX object CMakeFiles/bus_msgs__rosidl_typesupport_introspection_cpp.dir/rosidl_typesupport_introspection_cpp/bus_msgs/msg/detail/can_packet__type_support.cpp.o[0m
[8.659s] [ 61%] Built target bus_msgs__rosidl_typesupport_cpp
[8.731s] [ 64%] [32mBuilding CXX object CMakeFiles/bus_msgs__rosidl_typesupport_fastrtps_cpp.dir/rosidl_typesupport_fastrtps_cpp/bus_msgs/msg/detail/dds_fastrtps/can_packet__type_support.cpp.o[0m
[8.820s] [ 67%] [32m[1mLinking CXX shared library libbus_msgs__rosidl_typesupport_fastrtps_c.so[0m
[8.935s] [ 67%] Built target bus_msgs__rosidl_typesupport_fastrtps_c
[9.304s] [ 70%] [32m[1mLinking CXX shared library libbus_msgs__rosidl_typesupport_introspection_cpp.so[0m
[9.463s] [ 70%] Built target bus_msgs__rosidl_typesupport_introspection_cpp
[9.683s] [ 73%] [32m[1mLinking CXX shared library libbus_msgs__rosidl_typesupport_fastrtps_cpp.so[0m
[9.842s] [ 73%] Built target bus_msgs__rosidl_typesupport_fastrtps_cpp
[9.876s] [ 73%] Built target bus_msgs
[9.910s] [ 76%] [34m[1mGenerating Python code for ROS interfaces[0m
[10.339s] [ 76%] Built target bus_msgs__py
[10.375s] [ 79%] [32mBuilding C object CMakeFiles/bus_msgs__rosidl_generator_py.dir/rosidl_generator_py/bus_msgs/msg/_can_packet_s.c.o[0m
[10.624s] [ 82%] [32m[1mLinking C shared library libbus_msgs__rosidl_generator_py.so[0m
[10.698s] [ 82%] Built target bus_msgs__rosidl_generator_py
[10.734s] [ 91%] [32mBuilding C object CMakeFiles/bus_msgs_s__rosidl_typesupport_introspection_c.dir/rosidl_generator_py/bus_msgs/_bus_msgs_s.ep.rosidl_typesupport_introspection_c.c.o[0m
[10.736s] [ 91%] [32mBuilding C object CMakeFiles/bus_msgs_s__rosidl_typesupport_fastrtps_c.dir/rosidl_generator_py/bus_msgs/_bus_msgs_s.ep.rosidl_typesupport_fastrtps_c.c.o[0m
[10.736s] [ 91%] [32mBuilding C object CMakeFiles/bus_msgs_s__rosidl_typesupport_c.dir/rosidl_generator_py/bus_msgs/_bus_msgs_s.ep.rosidl_typesupport_c.c.o[0m
[10.940s] [ 94%] [32m[1mLinking C shared module rosidl_generator_py/bus_msgs/bus_msgs_s__rosidl_typesupport_c.so[0m
[10.944s] [ 97%] [32m[1mLinking C shared module rosidl_generator_py/bus_msgs/bus_msgs_s__rosidl_typesupport_introspection_c.so[0m
[10.956s] [100%] [32m[1mLinking C shared module rosidl_generator_py/bus_msgs/bus_msgs_s__rosidl_typesupport_fastrtps_c.so[0m
[11.005s] [100%] Built target bus_msgs_s__rosidl_typesupport_c
[11.009s] [100%] Built target bus_msgs_s__rosidl_typesupport_introspection_c
[11.021s] [100%] Built target bus_msgs_s__rosidl_typesupport_fastrtps_c
[11.041s] Invoked command in '/home/jetpack/piracer/build/bus_msgs' returned '0': CMAKE_PREFIX_PATH=${CMAKE_PREFIX_PATH}:/opt/ros/jazzy /usr/bin/cmake --build /home/jetpack/piracer/build/bus_msgs -- -j4 -l4
[11.145s] Invoking command in '/home/jetpack/piracer/build/bus_msgs': CMAKE_PREFIX_PATH=${CMAKE_PREFIX_PATH}:/opt/ros/jazzy /usr/bin/cmake --install /home/jetpack/piracer/build/bus_msgs
[11.159s] -- Install configuration: ""
[11.160s] -- Installing: /home/jetpack/piracer/install/bus_msgs/share/ament_index/resource_index/rosidl_interfaces/bus_msgs
[11.160s] -- Installing: /home/jetpack/piracer/install/bus_msgs/share/bus_msgs/msg/CanPacket.json
[11.160s] -- Installing: /home/jetpack/piracer/install/bus_msgs/include/bus_msgs/bus_msgs
[11.160s] -- Installing: /home/jetpack/piracer/install/bus_msgs/include/bus_msgs/bus_msgs/msg
[11.160s] -- Installing: /home/jetpack/piracer/install/bus_msgs/include/bus_msgs/bus_msgs/msg/can_packet.h
[11.161s] -- Installing: /home/jetpack/piracer/install/bus_msgs/include/bus_msgs/bus_msgs/msg/detail
[11.161s] -- Installing: /home/jetpack/piracer/install/bus_msgs/include/bus_msgs/bus_msgs/msg/detail/can_packet__functions.h
[11.161s] -- Installing: /home/jetpack/piracer/install/bus_msgs/include/bus_msgs/bus_msgs/msg/detail/can_packet__type_support.h
[11.161s] -- Installing: /home/jetpack/piracer/install/bus_msgs/include/bus_msgs/bus_msgs/msg/detail/can_packet__functions.c
[11.161s] -- Installing: /home/jetpack/piracer/install/bus_msgs/include/bus_msgs/bus_msgs/msg/detail/can_packet__type_support.c
[11.161s] -- Installing: /home/jetpack/piracer/install/bus_msgs/include/bus_msgs/bus_msgs/msg/detail/can_packet__description.c
[11.162s] -- Installing: /home/jetpack/piracer/install/bus_msgs/include/bus_msgs/bus_msgs/msg/detail/can_packet__struct.h
[11.162s] -- Installing: /home/jetpack/piracer/install/bus_msgs/include/bus_msgs/bus_msgs/msg/rosidl_generator_c__visibility_control.h
[11.162s] -- Installing: /home/jetpack/piracer/install/bus_msgs/share/bus_msgs/environment/library_path.sh
[11.162s] -- Installing: /home/jetpack/piracer/install/bus_msgs/share/bus_msgs/environment/library_path.dsv
[11.162s] -- Installing: /home/jetpack/piracer/install/bus_msgs/lib/libbus_msgs__rosidl_generator_c.so
[11.163s] -- Set non-toolchain portion of runtime path of "/home/jetpack/piracer/install/bus_msgs/lib/libbus_msgs__rosidl_generator_c.so" to ""
[11.163s] -- Up-to-date: /home/jetpack/piracer/install/bus_msgs/include/bus_msgs/bus_msgs
[11.164s] -- Up-to-date: /home/jetpack/piracer/install/bus_msgs/include/bus_msgs/bus_msgs/msg
[11.164s] -- Installing: /home/jetpack/piracer/install/bus_msgs/include/bus_msgs/bus_msgs/msg/rosidl_typesupport_fastrtps_c__visibility_control.h
[11.164s] -- Up-to-date: /home/jetpack/piracer/install/bus_msgs/include/bus_msgs/bus_msgs/msg/detail
[11.164s] -- Installing: /home/jetpack/piracer/install/bus_msgs/include/bus_msgs/bus_msgs/msg/detail/can_packet__rosidl_typesupport_fastrtps_c.h
[11.165s] -- Installing: /home/jetpack/piracer/install/bus_msgs/lib/libbus_msgs__rosidl_typesupport_fastrtps_c.so
[11.165s] -- Set non-toolchain portion of runtime path of "/home/jetpack/piracer/install/bus_msgs/lib/libbus_msgs__rosidl_typesupport_fastrtps_c.so" to ""
[11.165s] -- Up-to-date: /home/jetpack/piracer/install/bus_msgs/include/bus_msgs/bus_msgs
[11.165s] -- Up-to-date: /home/jetpack/piracer/install/bus_msgs/include/bus_msgs/bus_msgs/msg
[11.165s] -- Installing: /home/jetpack/piracer/install/bus_msgs/include/bus_msgs/bus_msgs/msg/rosidl_typesupport_introspection_c__visibility_control.h
[11.165s] -- Up-to-date: /home/jetpack/piracer/install/bus_msgs/include/bus_msgs/bus_msgs/msg/detail
[11.165s] -- Up-to-date: /home/jetpack/piracer/install/bus_msgs/include/bus_msgs/bus_msgs/msg/detail/can_packet__type_support.c
[11.165s] -- Installing: /home/jetpack/piracer/install/bus_msgs/include/bus_msgs/bus_msgs/msg/detail/can_packet__rosidl_typesupport_introspection_c.h
[11.165s] -- Installing: /home/jetpack/piracer/install/bus_msgs/lib/libbus_msgs__rosidl_typesupport_introspection_c.so
[11.166s] -- Set non-toolchain portion of runtime path of "/home/jetpack/piracer/install/bus_msgs/lib/libbus_msgs__rosidl_typesupport_introspection_c.so" to ""
[11.166s] -- Installing: /home/jetpack/piracer/install/bus_msgs/lib/libbus_msgs__rosidl_typesupport_c.so
[11.166s] -- Set non-toolchain portion of runtime path of "/home/jetpack/piracer/install/bus_msgs/lib/libbus_msgs__rosidl_typesupport_c.so" to ""
[11.166s] -- Up-to-date: /home/jetpack/piracer/install/bus_msgs/include/bus_msgs/bus_msgs
[11.167s] -- Up-to-date: /home/jetpack/piracer/install/bus_msgs/include/bus_msgs/bus_msgs/msg
[11.167s] -- Installing: /home/jetpack/piracer/install/bus_msgs/include/bus_msgs/bus_msgs/msg/rosidl_generator_cpp__visibility_control.hpp
[11.167s] -- Installing: /home/jetpack/piracer/install/bus_msgs/include/bus_msgs/bus_msgs/msg/can_packet.hpp
[11.167s] -- Up-to-date: /home/jetpack/piracer/install/bus_msgs/include/bus_msgs/bus_msgs/msg/detail
[11.167s] -- Installing: /home/jetpack/piracer/install/bus_msgs/include/bus_msgs/bus_msgs/msg/detail/can_packet__type_support.hpp
[11.167s] -- Installing: /home/jetpack/piracer/install/bus_msgs/include/bus_msgs/bus_msgs/msg/detail/can_packet__traits.hpp
[11.167s] -- Installing: /home/jetpack/piracer/install/bus_msgs/include/bus_msgs/bus_msgs/msg/detail/can_packet__builder.hpp
[11.167s] -- Installing: /home/jetpack/piracer/install/bus_msgs/include/bus_msgs/bus_msgs/msg/detail/can_packet__struct.hpp
[11.168s] -- Up-to-date: /home/jetpack/piracer/install/bus_msgs/include/bus_msgs/bus_msgs
[11.168s] -- Up-to-date: /home/jetpack/piracer/install/bus_msgs/include/bus_msgs/bus_msgs/msg
[11.168s] -- Installing: /home/jetpack/piracer/install/bus_msgs/include/bus_msgs/bus_msgs/msg/rosidl_typesupport_fastrtps_cpp__visibility_control.h
[11.168s] -- Up-to-date: /home/jetpack/piracer/install/bus_msgs/include/bus_msgs/bus_msgs/msg/detail
[11.168s] -- Installing: /home/jetpack/piracer/install/bus_msgs/include/bus_msgs/bus_msgs/msg/detail/can_packet__rosidl_typesupport_fastrtps_cpp.hpp
[11.168s] -- Installing: /home/jetpack/piracer/install/bus_msgs/include/bus_msgs/bus_msgs/msg/detail/dds_fastrtps
[11.168s] -- Installing: /home/jetpack/piracer/install/bus_msgs/lib/libbus_msgs__rosidl_typesupport_fastrtps_cpp.so
[11.169s] -- Set non-toolchain portion of runtime path of "/home/jetpack/piracer/install/bus_msgs/lib/libbus_msgs__rosidl_typesupport_fastrtps_cpp.so" to ""
[11.169s] -- Up-to-date: /home/jetpack/piracer/install/bus_msgs/include/bus_msgs/bus_msgs
[11.169s] -- Up-to-date: /home/jetpack/piracer/install/bus_msgs/include/bus_msgs/bus_msgs/msg
[11.169s] -- Up-to-date: /home/jetpack/piracer/install/bus_msgs/include/bus_msgs/bus_msgs/msg/detail
[11.169s] -- Installing: /home/jetpack/piracer/install/bus_msgs/include/bus_msgs/bus_msgs/msg/detail/can_packet__rosidl_typesupport_introspection_cpp.hpp
[11.169s] -- Installing: /home/jetpack/piracer/install/bus_msgs/include/bus_msgs/bus_msgs/msg/detail/can_packet__type_support.cpp
[11.170s] -- Installing: /home/jetpack/piracer/install/bus_msgs/lib/libbus_msgs__rosidl_typesupport_introspection_cpp.so
[11.170s] -- Set non-toolchain portion of runtime path of "/home/jetpack/piracer/install/bus_msgs/lib/libbus_msgs__rosidl_typesupport_introspection_cpp.so" to ""
[11.170s] -- Installing: /home/jetpack/piracer/install/bus_msgs/lib/libbus_msgs__rosidl_typesupport_cpp.so
[11.171s] -- Set non-toolchain portion of runtime path of "/home/jetpack/piracer/install/bus_msgs/lib/libbus_msgs__rosidl_typesupport_cpp.so" to ""
[11.171s] -- Installing: /home/jetpack/piracer/install/bus_msgs/share/bus_msgs/environment/pythonpath.sh
[11.171s] -- Installing: /home/jetpack/piracer/install/bus_msgs/share/bus_msgs/environment/pythonpath.dsv
[11.171s] -- Installing: /home/jetpack/piracer/install/bus_msgs/lib/python3.12/site-packages/bus_msgs-0.0.0-py3.12.egg-info
[11.171s] -- Installing: /home/jetpack/piracer/install/bus_msgs/lib/python3.12/site-packages/bus_msgs-0.0.0-py3.12.egg-info/SOURCES.txt
[11.172s] -- Installing: /home/jetpack/piracer/install/bus_msgs/lib/python3.12/site-packages/bus_msgs-0.0.0-py3.12.egg-info/top_level.txt
[11.172s] -- Installing: /home/jetpack/piracer/install/bus_msgs/lib/python3.12/site-packages/bus_msgs-0.0.0-py3.12.egg-info/PKG-INFO
[11.172s] -- Installing: /home/jetpack/piracer/install/bus_msgs/lib/python3.12/site-packages/bus_msgs-0.0.0-py3.12.egg-info/dependency_links.txt
[11.172s] -- Installing: /home/jetpack/piracer/install/bus_msgs/lib/python3.12/site-packages/bus_msgs
[11.172s] -- Installing: /home/jetpack/piracer/install/bus_msgs/lib/python3.12/site-packages/bus_msgs/__init__.py
[11.172s] -- Installing: /home/jetpack/piracer/install/bus_msgs/lib/python3.12/site-packages/bus_msgs/_bus_msgs_s.ep.rosidl_typesupport_fastrtps_c.c
[11.173s] -- Installing: /home/jetpack/piracer/install/bus_msgs/lib/python3.12/site-packages/bus_msgs/msg
[11.173s] -- Installing: /home/jetpack/piracer/install/bus_msgs/lib/python3.12/site-packages/bus_msgs/msg/__init__.py
[11.173s] -- Installing: /home/jetpack/piracer/install/bus_msgs/lib/python3.12/site-packages/bus_msgs/msg/_can_packet.py
[11.173s] -- Installing: /home/jetpack/piracer/install/bus_msgs/lib/python3.12/site-packages/bus_msgs/msg/_can_packet_s.c
[11.173s] -- Installing: /home/jetpack/piracer/install/bus_msgs/lib/python3.12/site-packages/bus_msgs/bus_msgs_s__rosidl_typesupport_fastrtps_c.so
[11.173s] -- Installing: /home/jetpack/piracer/install/bus_msgs/lib/python3.12/site-packages/bus_msgs/bus_msgs_s__rosidl_typesupport_introspection_c.so
[11.174s] -- Installing: /home/jetpack/piracer/install/bus_msgs/lib/python3.12/site-packages/bus_msgs/bus_msgs_s__rosidl_typesupport_c.so
[11.174s] -- Installing: /home/jetpack/piracer/install/bus_msgs/lib/python3.12/site-packages/bus_msgs/_bus_msgs_s.ep.rosidl_typesupport_c.c
[11.174s] -- Installing: /home/jetpack/piracer/install/bus_msgs/lib/python3.12/site-packages/bus_msgs/_bus_msgs_s.ep.rosidl_typesupport_introspection_c.c
[11.235s] Listing '/home/jetpack/piracer/install/bus_msgs/lib/python3.12/site-packages/bus_msgs'...
[11.235s] Compiling '/home/jetpack/piracer/install/bus_msgs/lib/python3.12/site-packages/bus_msgs/__init__.py'...
[11.235s] Listing '/home/jetpack/piracer/install/bus_msgs/lib/python3.12/site-packages/bus_msgs/msg'...
[11.235s] Compiling '/home/jetpack/piracer/install/bus_msgs/lib/python3.12/site-packages/bus_msgs/msg/__init__.py'...
[11.235s] Compiling '/home/jetpack/piracer/install/bus_msgs/lib/python3.12/site-packages/bus_msgs/msg/_can_packet.py'...
[11.247s] -- Installing: /home/jetpack/piracer/install/bus_msgs/lib/python3.12/site-packages/bus_msgs/bus_msgs_s__rosidl_typesupport_fastrtps_c.so
[11.248s] -- Set non-toolchain portion of runtime path of "/home/jetpack/piracer/install/bus_msgs/lib/python3.12/site-packages/bus_msgs/bus_msgs_s__rosidl_typesupport_fastrtps_c.so" to ""
[11.248s] -- Installing: /home/jetpack/piracer/install/bus_msgs/lib/python3.12/site-packages/bus_msgs/bus_msgs_s__rosidl_typesupport_introspection_c.so
[11.248s] -- Set non-toolchain portion of runtime path of "/home/jetpack/piracer/install/bus_msgs/lib/python3.12/site-packages/bus_msgs/bus_msgs_s__rosidl_typesupport_introspection_c.so" to ""
[11.249s] -- Installing: /home/jetpack/piracer/install/bus_msgs/lib/python3.12/site-packages/bus_msgs/bus_msgs_s__rosidl_typesupport_c.so
[11.249s] -- Set non-toolchain portion of runtime path of "/home/jetpack/piracer/install/bus_msgs/lib/python3.12/site-packages/bus_msgs/bus_msgs_s__rosidl_typesupport_c.so" to ""
[11.249s] -- Installing: /home/jetpack/piracer/install/bus_msgs/lib/libbus_msgs__rosidl_generator_py.so
[11.250s] -- Set non-toolchain portion of runtime path of "/home/jetpack/piracer/install/bus_msgs/lib/libbus_msgs__rosidl_generator_py.so" to ""
[11.250s] -- Installing: /home/jetpack/piracer/install/bus_msgs/share/bus_msgs/msg/CanPacket.idl
[11.250s] -- Installing: /home/jetpack/piracer/install/bus_msgs/share/bus_msgs/msg/CanPacket.msg
[11.250s] -- Installing: /home/jetpack/piracer/install/bus_msgs/share/ament_index/resource_index/package_run_dependencies/bus_msgs
[11.250s] -- Installing: /home/jetpack/piracer/install/bus_msgs/share/ament_index/resource_index/parent_prefix_path/bus_msgs
[11.251s] -- Installing: /home/jetpack/piracer/install/bus_msgs/share/bus_msgs/environment/ament_prefix_path.sh
[11.251s] -- Installing: /home/jetpack/piracer/install/bus_msgs/share/bus_msgs/environment/ament_prefix_path.dsv
[11.251s] -- Installing: /home/jetpack/piracer/install/bus_msgs/share/bus_msgs/environment/path.sh
[11.251s] -- Installing: /home/jetpack/piracer/install/bus_msgs/share/bus_msgs/environment/path.dsv
[11.251s] -- Installing: /home/jetpack/piracer/install/bus_msgs/share/bus_msgs/local_setup.bash
[11.251s] -- Installing: /home/jetpack/piracer/install/bus_msgs/share/bus_msgs/local_setup.sh
[11.252s] -- Installing: /home/jetpack/piracer/install/bus_msgs/share/bus_msgs/local_setup.zsh
[11.252s] -- Installing: /home/jetpack/piracer/install/bus_msgs/share/bus_msgs/local_setup.dsv
[11.252s] -- Installing: /home/jetpack/piracer/install/bus_msgs/share/bus_msgs/package.dsv
[11.252s] -- Installing: /home/jetpack/piracer/install/bus_msgs/share/ament_index/resource_index/packages/bus_msgs
[11.252s] -- Installing: /home/jetpack/piracer/install/bus_msgs/share/bus_msgs/cmake/export_bus_msgs__rosidl_generator_cExport.cmake
[11.253s] -- Installing: /home/jetpack/piracer/install/bus_msgs/share/bus_msgs/cmake/export_bus_msgs__rosidl_generator_cExport-noconfig.cmake
[11.253s] -- Installing: /home/jetpack/piracer/install/bus_msgs/share/bus_msgs/cmake/export_bus_msgs__rosidl_typesupport_fastrtps_cExport.cmake
[11.253s] -- Installing: /home/jetpack/piracer/install/bus_msgs/share/bus_msgs/cmake/export_bus_msgs__rosidl_typesupport_fastrtps_cExport-noconfig.cmake
[11.253s] -- Installing: /home/jetpack/piracer/install/bus_msgs/share/bus_msgs/cmake/bus_msgs__rosidl_typesupport_introspection_cExport.cmake
[11.253s] -- Installing: /home/jetpack/piracer/install/bus_msgs/share/bus_msgs/cmake/bus_msgs__rosidl_typesupport_introspection_cExport-noconfig.cmake
[11.254s] -- Installing: /home/jetpack/piracer/install/bus_msgs/share/bus_msgs/cmake/bus_msgs__rosidl_typesupport_cExport.cmake
[11.254s] -- Installing: /home/jetpack/piracer/install/bus_msgs/share/bus_msgs/cmake/bus_msgs__rosidl_typesupport_cExport-noconfig.cmake
[11.254s] -- Installing: /home/jetpack/piracer/install/bus_msgs/share/bus_msgs/cmake/export_bus_msgs__rosidl_generator_cppExport.cmake
[11.254s] -- Installing: /home/jetpack/piracer/install/bus_msgs/share/bus_msgs/cmake/export_bus_msgs__rosidl_typesupport_fastrtps_cppExport.cmake
[11.254s] -- Installing: /home/jetpack/piracer/install/bus_msgs/share/bus_msgs/cmake/export_bus_msgs__rosidl_typesupport_fastrtps_cppExport-noconfig.cmake
[11.254s] -- Installing: /home/jetpack/piracer/install/bus_msgs/share/bus_msgs/cmake/bus_msgs__rosidl_typesupport_introspection_cppExport.cmake
[11.255s] -- Installing: /home/jetpack/piracer/install/bus_msgs/share/bus_msgs/cmake/bus_msgs__rosidl_typesupport_introspection_cppExport-noconfig.cmake
[11.255s] -- Installing: /home/jetpack/piracer/install/bus_msgs/share/bus_msgs/cmake/bus_msgs__rosidl_typesupport_cppExport.cmake
[11.255s] -- Installing: /home/jetpack/piracer/install/bus_msgs/share/bus_msgs/cmake/bus_msgs__rosidl_typesupport_cppExport-noconfig.cmake
[11.255s] -- Installing: /home/jetpack/piracer/install/bus_msgs/share/bus_msgs/cmake/export_bus_msgs__rosidl_generator_pyExport.cmake
[11.255s] -- Installing: /home/jetpack/piracer/install/bus_msgs/share/bus_msgs/cmake/export_bus_msgs__rosidl_generator_pyExport-noconfig.cmake
[11.256s] -- Installing: /home/jetpack/piracer/install/bus_msgs/share/bus_msgs/cmake/rosidl_cmake-extras.cmake
[11.256s] -- Installing: /home/jetpack/piracer/install/bus_msgs/share/bus_msgs/cmake/ament_cmake_export_include_directories-extras.cmake
[11.256s] -- Installing: /home/jetpack/piracer/install/bus_msgs/share/bus_msgs/cmake/ament_cmake_export_libraries-extras.cmake
[11.256s] -- Installing: /home/jetpack/piracer/install/bus_msgs/share/bus_msgs/cmake/ament_cmake_export_targets-extras.cmake
[11.256s] -- Installing: /home/jetpack/piracer/install/bus_msgs/share/bus_msgs/cmake/rosidl_cmake_export_typesupport_targets-extras.cmake
[11.256s] -- Installing: /home/jetpack/piracer/install/bus_msgs/share/bus_msgs/cmake/ament_cmake_export_dependencies-extras.cmake
[11.257s] -- Installing: /home/jetpack/piracer/install/bus_msgs/share/bus_msgs/cmake/rosidl_cmake_export_typesupport_libraries-extras.cmake
[11.257s] -- Installing: /home/jetpack/piracer/install/bus_msgs/share/bus_msgs/cmake/bus_msgsConfig.cmake
[11.257s] -- Installing: /home/jetpack/piracer/install/bus_msgs/share/bus_msgs/cmake/bus_msgsConfig-version.cmake
[11.257s] -- Installing: /home/jetpack/piracer/install/bus_msgs/share/bus_msgs/package.xml
[11.261s] Invoked command in '/home/jetpack/piracer/build/bus_msgs' returned '0': CMAKE_PREFIX_PATH=${CMAKE_PREFIX_PATH}:/opt/ros/jazzy /usr/bin/cmake --install /home/jetpack/piracer/build/bus_msgs
