[0.138s] DEBUG:colcon:Command line arguments: ['/usr/bin/colcon', 'build', '--symlink-install']
[0.138s] DEBUG:colcon:Parsed command line arguments: Namespace(log_base=None, log_level=None, verb_name='build', build_base='build', install_base='install', merge_install=False, symlink_install=True, test_result_base=None, continue_on_error=False, executor='parallel', parallel_workers=4, event_handlers=None, ignore_user_meta=False, metas=['./colcon.meta'], base_paths=['.'], packages_ignore=None, packages_ignore_regex=None, paths=None, packages_up_to=None, packages_up_to_regex=None, packages_above=None, packages_above_and_dependencies=None, packages_above_depth=None, packages_select_by_dep=None, packages_skip_by_dep=None, packages_skip_up_to=None, packages_select_build_failed=False, packages_skip_build_finished=False, packages_select_test_failures=False, packages_skip_test_passed=False, packages_select=None, packages_skip=None, packages_select_regex=None, packages_skip_regex=None, packages_start=None, packages_end=None, allow_overriding=[], cmake_args=None, cmake_target=None, cmake_target_skip_unavailable=False, cmake_clean_cache=False, cmake_clean_first=False, cmake_force_configure=False, ament_cmake_args=None, catkin_cmake_args=None, catkin_skip_building_tests=False, mixin_files=None, mixin=None, verb_parser=<colcon_mixin.mixin.mixin_argument.MixinArgumentDecorator object at 0xffffb4544200>, verb_extension=<colcon_core.verb.build.BuildVerb object at 0xffffb4682ed0>, main=<bound method BuildVerb.main of <colcon_core.verb.build.BuildVerb object at 0xffffb4682ed0>>, mixin_verb=('build',))
[0.193s] Level 1:colcon.colcon_core.package_discovery:discover_packages(colcon_meta) check parameters
[0.193s] Level 1:colcon.colcon_core.package_discovery:discover_packages(recursive) check parameters
[0.193s] Level 1:colcon.colcon_core.package_discovery:discover_packages(ignore) check parameters
[0.193s] Level 1:colcon.colcon_core.package_discovery:discover_packages(path) check parameters
[0.193s] Level 1:colcon.colcon_core.package_discovery:discover_packages(colcon_meta) discover
[0.193s] Level 1:colcon.colcon_core.package_discovery:discover_packages(recursive) discover
[0.193s] INFO:colcon.colcon_core.package_discovery:Crawling recursively for packages in '/home/pi/test_workspace'
[0.193s] Level 1:colcon.colcon_core.package_identification:_identify(.) by extensions ['ignore', 'ignore_ament_install']
[0.194s] Level 1:colcon.colcon_core.package_identification:_identify(.) by extension 'ignore'
[0.194s] Level 1:colcon.colcon_core.package_identification:_identify(.) by extension 'ignore_ament_install'
[0.194s] Level 1:colcon.colcon_core.package_identification:_identify(.) by extensions ['colcon_pkg']
[0.194s] Level 1:colcon.colcon_core.package_identification:_identify(.) by extension 'colcon_pkg'
[0.194s] Level 1:colcon.colcon_core.package_identification:_identify(.) by extensions ['colcon_meta']
[0.194s] Level 1:colcon.colcon_core.package_identification:_identify(.) by extension 'colcon_meta'
[0.194s] Level 1:colcon.colcon_core.package_identification:_identify(.) by extensions ['ros']
[0.194s] Level 1:colcon.colcon_core.package_identification:_identify(.) by extension 'ros'
[0.231s] Level 1:colcon.colcon_core.package_identification:_identify(.) by extensions ['cmake', 'python']
[0.231s] Level 1:colcon.colcon_core.package_identification:_identify(.) by extension 'cmake'
[0.231s] Level 1:colcon.colcon_core.package_identification:_identify(.) by extension 'python'
[0.231s] Level 1:colcon.colcon_core.package_identification:_identify(.) by extensions ['python_setup_py']
[0.231s] Level 1:colcon.colcon_core.package_identification:_identify(.) by extension 'python_setup_py'
[0.231s] Level 1:colcon.colcon_core.package_identification:_identify(build) by extensions ['ignore', 'ignore_ament_install']
[0.231s] Level 1:colcon.colcon_core.package_identification:_identify(build) by extension 'ignore'
[0.231s] Level 1:colcon.colcon_core.package_identification:_identify(build) ignored
[0.232s] Level 1:colcon.colcon_core.package_identification:_identify(install) by extensions ['ignore', 'ignore_ament_install']
[0.232s] Level 1:colcon.colcon_core.package_identification:_identify(install) by extension 'ignore'
[0.232s] Level 1:colcon.colcon_core.package_identification:_identify(install) ignored
[0.232s] Level 1:colcon.colcon_core.package_identification:_identify(log) by extensions ['ignore', 'ignore_ament_install']
[0.232s] Level 1:colcon.colcon_core.package_identification:_identify(log) by extension 'ignore'
[0.232s] Level 1:colcon.colcon_core.package_identification:_identify(log) ignored
[0.232s] Level 1:colcon.colcon_core.package_identification:_identify(src) by extensions ['ignore', 'ignore_ament_install']
[0.232s] Level 1:colcon.colcon_core.package_identification:_identify(src) by extension 'ignore'
[0.232s] Level 1:colcon.colcon_core.package_identification:_identify(src) by extension 'ignore_ament_install'
[0.232s] Level 1:colcon.colcon_core.package_identification:_identify(src) by extensions ['colcon_pkg']
[0.232s] Level 1:colcon.colcon_core.package_identification:_identify(src) by extension 'colcon_pkg'
[0.232s] Level 1:colcon.colcon_core.package_identification:_identify(src) by extensions ['colcon_meta']
[0.232s] Level 1:colcon.colcon_core.package_identification:_identify(src) by extension 'colcon_meta'
[0.232s] Level 1:colcon.colcon_core.package_identification:_identify(src) by extensions ['ros']
[0.232s] Level 1:colcon.colcon_core.package_identification:_identify(src) by extension 'ros'
[0.233s] Level 1:colcon.colcon_core.package_identification:_identify(src) by extensions ['cmake', 'python']
[0.233s] Level 1:colcon.colcon_core.package_identification:_identify(src) by extension 'cmake'
[0.233s] Level 1:colcon.colcon_core.package_identification:_identify(src) by extension 'python'
[0.233s] Level 1:colcon.colcon_core.package_identification:_identify(src) by extensions ['python_setup_py']
[0.233s] Level 1:colcon.colcon_core.package_identification:_identify(src) by extension 'python_setup_py'
[0.233s] Level 1:colcon.colcon_core.package_identification:_identify(src/my_first_pkg) by extensions ['ignore', 'ignore_ament_install']
[0.233s] Level 1:colcon.colcon_core.package_identification:_identify(src/my_first_pkg) by extension 'ignore'
[0.233s] Level 1:colcon.colcon_core.package_identification:_identify(src/my_first_pkg) by extension 'ignore_ament_install'
[0.233s] Level 1:colcon.colcon_core.package_identification:_identify(src/my_first_pkg) by extensions ['colcon_pkg']
[0.233s] Level 1:colcon.colcon_core.package_identification:_identify(src/my_first_pkg) by extension 'colcon_pkg'
[0.233s] Level 1:colcon.colcon_core.package_identification:_identify(src/my_first_pkg) by extensions ['colcon_meta']
[0.233s] Level 1:colcon.colcon_core.package_identification:_identify(src/my_first_pkg) by extension 'colcon_meta'
[0.233s] Level 1:colcon.colcon_core.package_identification:_identify(src/my_first_pkg) by extensions ['ros']
[0.233s] Level 1:colcon.colcon_core.package_identification:_identify(src/my_first_pkg) by extension 'ros'
[0.236s] DEBUG:colcon.colcon_core.package_identification:Package 'src/my_first_pkg' with type 'ros.ament_cmake' and name 'my_first_pkg'
[0.236s] Level 1:colcon.colcon_core.package_identification:_identify(src/screen_service) by extensions ['ignore', 'ignore_ament_install']
[0.237s] Level 1:colcon.colcon_core.package_identification:_identify(src/screen_service) by extension 'ignore'
[0.237s] Level 1:colcon.colcon_core.package_identification:_identify(src/screen_service) by extension 'ignore_ament_install'
[0.237s] Level 1:colcon.colcon_core.package_identification:_identify(src/screen_service) by extensions ['colcon_pkg']
[0.237s] Level 1:colcon.colcon_core.package_identification:_identify(src/screen_service) by extension 'colcon_pkg'
[0.237s] Level 1:colcon.colcon_core.package_identification:_identify(src/screen_service) by extensions ['colcon_meta']
[0.237s] Level 1:colcon.colcon_core.package_identification:_identify(src/screen_service) by extension 'colcon_meta'
[0.237s] Level 1:colcon.colcon_core.package_identification:_identify(src/screen_service) by extensions ['ros']
[0.237s] Level 1:colcon.colcon_core.package_identification:_identify(src/screen_service) by extension 'ros'
[0.238s] DEBUG:colcon.colcon_core.package_identification:Package 'src/screen_service' with type 'ros.ament_cmake' and name 'screen_service'
[0.238s] Level 1:colcon.colcon_core.package_discovery:discover_packages(recursive) using defaults
[0.238s] Level 1:colcon.colcon_core.package_discovery:discover_packages(ignore) discover
[0.238s] Level 1:colcon.colcon_core.package_discovery:discover_packages(ignore) using defaults
[0.238s] Level 1:colcon.colcon_core.package_discovery:discover_packages(path) discover
[0.238s] Level 1:colcon.colcon_core.package_discovery:discover_packages(path) using defaults
[0.261s] Level 1:colcon.colcon_core.package_discovery:discover_packages(prefix_path) check parameters
[0.261s] Level 1:colcon.colcon_core.package_discovery:discover_packages(prefix_path) discover
[0.262s] WARNING:colcon.colcon_ros.prefix_path.ament:The path '/home/pi/test_workspace/install/oled_display' in the environment variable AMENT_PREFIX_PATH doesn't exist
[0.262s] WARNING:colcon.colcon_ros.prefix_path.ament:The path '/home/pi/test_workspace/install/oled_display_node' in the environment variable AMENT_PREFIX_PATH doesn't exist
[0.262s] WARNING:colcon.colcon_ros.prefix_path.catkin:The path ' /home/pi/test_workspace/install/screen_service /home/pi/test_workspace/install/oled_display_node /home/pi/test_workspace/install/my_first_pkg' in the environment variable CMAKE_PREFIX_PATH doesn't exist
[0.263s] DEBUG:colcon.colcon_installed_package_information.package_discovery:Found 2 installed packages in /home/pi/test_workspace/install
[0.264s] DEBUG:colcon.colcon_installed_package_information.package_discovery:Found 201 installed packages in /opt/ros/jazzy
[0.265s] Level 1:colcon.colcon_core.package_discovery:discover_packages(prefix_path) using defaults
[0.307s] Level 5:colcon.colcon_core.verb:set package 'my_first_pkg' build argument 'cmake_args' from command line to 'None'
[0.307s] Level 5:colcon.colcon_core.verb:set package 'my_first_pkg' build argument 'cmake_target' from command line to 'None'
[0.307s] Level 5:colcon.colcon_core.verb:set package 'my_first_pkg' build argument 'cmake_target_skip_unavailable' from command line to 'False'
[0.307s] Level 5:colcon.colcon_core.verb:set package 'my_first_pkg' build argument 'cmake_clean_cache' from command line to 'False'
[0.307s] Level 5:colcon.colcon_core.verb:set package 'my_first_pkg' build argument 'cmake_clean_first' from command line to 'False'
[0.307s] Level 5:colcon.colcon_core.verb:set package 'my_first_pkg' build argument 'cmake_force_configure' from command line to 'False'
[0.307s] Level 5:colcon.colcon_core.verb:set package 'my_first_pkg' build argument 'ament_cmake_args' from command line to 'None'
[0.307s] Level 5:colcon.colcon_core.verb:set package 'my_first_pkg' build argument 'catkin_cmake_args' from command line to 'None'
[0.307s] Level 5:colcon.colcon_core.verb:set package 'my_first_pkg' build argument 'catkin_skip_building_tests' from command line to 'False'
[0.307s] DEBUG:colcon.colcon_core.verb:Building package 'my_first_pkg' with the following arguments: {'ament_cmake_args': None, 'build_base': '/home/pi/test_workspace/build/my_first_pkg', 'catkin_cmake_args': None, 'catkin_skip_building_tests': False, 'cmake_args': None, 'cmake_clean_cache': False, 'cmake_clean_first': False, 'cmake_force_configure': False, 'cmake_target': None, 'cmake_target_skip_unavailable': False, 'install_base': '/home/pi/test_workspace/install/my_first_pkg', 'merge_install': False, 'path': '/home/pi/test_workspace/src/my_first_pkg', 'symlink_install': True, 'test_result_base': None}
[0.307s] Level 5:colcon.colcon_core.verb:set package 'screen_service' build argument 'cmake_args' from command line to 'None'
[0.307s] Level 5:colcon.colcon_core.verb:set package 'screen_service' build argument 'cmake_target' from command line to 'None'
[0.307s] Level 5:colcon.colcon_core.verb:set package 'screen_service' build argument 'cmake_target_skip_unavailable' from command line to 'False'
[0.307s] Level 5:colcon.colcon_core.verb:set package 'screen_service' build argument 'cmake_clean_cache' from command line to 'False'
[0.307s] Level 5:colcon.colcon_core.verb:set package 'screen_service' build argument 'cmake_clean_first' from command line to 'False'
[0.307s] Level 5:colcon.colcon_core.verb:set package 'screen_service' build argument 'cmake_force_configure' from command line to 'False'
[0.307s] Level 5:colcon.colcon_core.verb:set package 'screen_service' build argument 'ament_cmake_args' from command line to 'None'
[0.308s] Level 5:colcon.colcon_core.verb:set package 'screen_service' build argument 'catkin_cmake_args' from command line to 'None'
[0.308s] Level 5:colcon.colcon_core.verb:set package 'screen_service' build argument 'catkin_skip_building_tests' from command line to 'False'
[0.308s] DEBUG:colcon.colcon_core.verb:Building package 'screen_service' with the following arguments: {'ament_cmake_args': None, 'build_base': '/home/pi/test_workspace/build/screen_service', 'catkin_cmake_args': None, 'catkin_skip_building_tests': False, 'cmake_args': None, 'cmake_clean_cache': False, 'cmake_clean_first': False, 'cmake_force_configure': False, 'cmake_target': None, 'cmake_target_skip_unavailable': False, 'install_base': '/home/pi/test_workspace/install/screen_service', 'merge_install': False, 'path': '/home/pi/test_workspace/src/screen_service', 'symlink_install': True, 'test_result_base': None}
[0.308s] INFO:colcon.colcon_core.executor:Executing jobs using 'parallel' executor
[0.309s] DEBUG:colcon.colcon_parallel_executor.executor.parallel:run_until_complete
[0.309s] INFO:colcon.colcon_ros.task.ament_cmake.build:Building ROS package in '/home/pi/test_workspace/src/my_first_pkg' with build type 'ament_cmake'
[0.309s] INFO:colcon.colcon_cmake.task.cmake.build:Building CMake package in '/home/pi/test_workspace/src/my_first_pkg'
[0.312s] INFO:colcon.colcon_core.plugin_system:Skipping extension 'colcon_core.shell.bat': Not used on non-Windows systems
[0.312s] INFO:colcon.colcon_core.shell:Skip shell extension 'powershell' for command environment: Not usable outside of PowerShell
[0.312s] DEBUG:colcon.colcon_core.shell:Skip shell extension 'dsv' for command environment
[0.316s] INFO:colcon.colcon_ros.task.ament_cmake.build:Building ROS package in '/home/pi/test_workspace/src/screen_service' with build type 'ament_cmake'
[0.316s] INFO:colcon.colcon_cmake.task.cmake.build:Building CMake package in '/home/pi/test_workspace/src/screen_service'
[0.316s] INFO:colcon.colcon_core.shell:Skip shell extension 'powershell' for command environment: Not usable outside of PowerShell
[0.316s] DEBUG:colcon.colcon_core.shell:Skip shell extension 'dsv' for command environment
[0.326s] DEBUG:colcon.colcon_core.event_handler.log_command:Invoking command in '/home/pi/test_workspace/build/my_first_pkg': CMAKE_PREFIX_PATH=${CMAKE_PREFIX_PATH}:/home/pi/test_workspace/install/oled_display:/home/pi/test_workspace/install/screen_service:/home/pi/test_workspace/install/oled_display_node:/home/pi/test_workspace/install/my_first_pkg:/opt/ros/jazzy /usr/bin/cmake --build /home/pi/test_workspace/build/my_first_pkg -- -j4 -l4
[0.333s] DEBUG:colcon.colcon_core.event_handler.log_command:Invoking command in '/home/pi/test_workspace/build/screen_service': CMAKE_PREFIX_PATH=${CMAKE_PREFIX_PATH}:/home/pi/test_workspace/install/oled_display:/home/pi/test_workspace/install/screen_service:/home/pi/test_workspace/install/oled_display_node:/home/pi/test_workspace/install/my_first_pkg:/opt/ros/jazzy /usr/bin/cmake --build /home/pi/test_workspace/build/screen_service -- -j4 -l4
[0.441s] DEBUG:colcon.colcon_core.event_handler.log_command:Invoked command in '/home/pi/test_workspace/build/my_first_pkg' returned '0': CMAKE_PREFIX_PATH=${CMAKE_PREFIX_PATH}:/home/pi/test_workspace/install/oled_display:/home/pi/test_workspace/install/screen_service:/home/pi/test_workspace/install/oled_display_node:/home/pi/test_workspace/install/my_first_pkg:/opt/ros/jazzy /usr/bin/cmake --build /home/pi/test_workspace/build/my_first_pkg -- -j4 -l4
[0.447s] DEBUG:colcon.colcon_core.event_handler.log_command:Invoked command in '/home/pi/test_workspace/build/screen_service' returned '0': CMAKE_PREFIX_PATH=${CMAKE_PREFIX_PATH}:/home/pi/test_workspace/install/oled_display:/home/pi/test_workspace/install/screen_service:/home/pi/test_workspace/install/oled_display_node:/home/pi/test_workspace/install/my_first_pkg:/opt/ros/jazzy /usr/bin/cmake --build /home/pi/test_workspace/build/screen_service -- -j4 -l4
[0.492s] DEBUG:colcon.colcon_core.event_handler.log_command:Invoking command in '/home/pi/test_workspace/build/my_first_pkg': CMAKE_PREFIX_PATH=${CMAKE_PREFIX_PATH}:/home/pi/test_workspace/install/oled_display:/home/pi/test_workspace/install/screen_service:/home/pi/test_workspace/install/oled_display_node:/home/pi/test_workspace/install/my_first_pkg:/opt/ros/jazzy /usr/bin/cmake --install /home/pi/test_workspace/build/my_first_pkg
[0.495s] DEBUG:colcon.colcon_core.event_handler.log_command:Invoking command in '/home/pi/test_workspace/build/screen_service': CMAKE_PREFIX_PATH=${CMAKE_PREFIX_PATH}:/home/pi/test_workspace/install/oled_display:/home/pi/test_workspace/install/screen_service:/home/pi/test_workspace/install/oled_display_node:/home/pi/test_workspace/install/my_first_pkg:/opt/ros/jazzy /usr/bin/cmake --install /home/pi/test_workspace/build/screen_service
[0.529s] Level 1:colcon.colcon_core.environment:create_environment_scripts_only(screen_service)
[0.530s] DEBUG:colcon.colcon_core.event_handler.log_command:Invoked command in '/home/pi/test_workspace/build/screen_service' returned '0': CMAKE_PREFIX_PATH=${CMAKE_PREFIX_PATH}:/home/pi/test_workspace/install/oled_display:/home/pi/test_workspace/install/screen_service:/home/pi/test_workspace/install/oled_display_node:/home/pi/test_workspace/install/my_first_pkg:/opt/ros/jazzy /usr/bin/cmake --install /home/pi/test_workspace/build/screen_service
[0.532s] Level 1:colcon.colcon_core.environment:checking '/home/pi/test_workspace/install/screen_service' for CMake module files
[0.533s] Level 1:colcon.colcon_core.environment:checking '/home/pi/test_workspace/install/screen_service' for CMake config files
[0.533s] Level 1:colcon.colcon_core.shell:create_environment_hook('screen_service', 'cmake_prefix_path')
[0.534s] INFO:colcon.colcon_core.shell:Creating environment hook '/home/pi/test_workspace/install/screen_service/share/screen_service/hook/cmake_prefix_path.ps1'
[0.534s] INFO:colcon.colcon_core.shell:Creating environment descriptor '/home/pi/test_workspace/install/screen_service/share/screen_service/hook/cmake_prefix_path.dsv'
[0.535s] INFO:colcon.colcon_core.shell:Creating environment hook '/home/pi/test_workspace/install/screen_service/share/screen_service/hook/cmake_prefix_path.sh'
[0.536s] Level 1:colcon.colcon_core.environment:checking '/home/pi/test_workspace/install/screen_service/lib'
[0.537s] Level 1:colcon.colcon_core.environment:checking '/home/pi/test_workspace/install/screen_service/bin'
[0.537s] Level 1:colcon.colcon_core.environment:checking '/home/pi/test_workspace/install/screen_service/lib/pkgconfig/screen_service.pc'
[0.537s] Level 1:colcon.colcon_core.environment:checking '/home/pi/test_workspace/install/screen_service/lib/python3.12/site-packages'
[0.537s] Level 1:colcon.colcon_core.environment:checking '/home/pi/test_workspace/install/screen_service/bin'
[0.538s] INFO:colcon.colcon_core.shell:Creating package script '/home/pi/test_workspace/install/screen_service/share/screen_service/package.ps1'
[0.538s] INFO:colcon.colcon_core.shell:Creating package descriptor '/home/pi/test_workspace/install/screen_service/share/screen_service/package.dsv'
[0.539s] INFO:colcon.colcon_core.shell:Creating package script '/home/pi/test_workspace/install/screen_service/share/screen_service/package.sh'
[0.540s] INFO:colcon.colcon_core.shell:Creating package script '/home/pi/test_workspace/install/screen_service/share/screen_service/package.bash'
[0.541s] INFO:colcon.colcon_core.shell:Creating package script '/home/pi/test_workspace/install/screen_service/share/screen_service/package.zsh'
[0.541s] Level 1:colcon.colcon_core.environment:create_file_with_runtime_dependencies(/home/pi/test_workspace/install/screen_service/share/colcon-core/packages/screen_service)
[0.543s] Level 1:colcon.colcon_core.environment:create_environment_scripts_only(my_first_pkg)
[0.544s] Level 1:colcon.colcon_core.environment:checking '/home/pi/test_workspace/install/my_first_pkg' for CMake module files
[0.544s] DEBUG:colcon.colcon_core.event_handler.log_command:Invoked command in '/home/pi/test_workspace/build/my_first_pkg' returned '0': CMAKE_PREFIX_PATH=${CMAKE_PREFIX_PATH}:/home/pi/test_workspace/install/oled_display:/home/pi/test_workspace/install/screen_service:/home/pi/test_workspace/install/oled_display_node:/home/pi/test_workspace/install/my_first_pkg:/opt/ros/jazzy /usr/bin/cmake --install /home/pi/test_workspace/build/my_first_pkg
[0.545s] Level 1:colcon.colcon_core.environment:checking '/home/pi/test_workspace/install/my_first_pkg' for CMake config files
[0.545s] Level 1:colcon.colcon_core.shell:create_environment_hook('my_first_pkg', 'cmake_prefix_path')
[0.545s] INFO:colcon.colcon_core.shell:Creating environment hook '/home/pi/test_workspace/install/my_first_pkg/share/my_first_pkg/hook/cmake_prefix_path.ps1'
[0.546s] INFO:colcon.colcon_core.shell:Creating environment descriptor '/home/pi/test_workspace/install/my_first_pkg/share/my_first_pkg/hook/cmake_prefix_path.dsv'
[0.547s] INFO:colcon.colcon_core.shell:Creating environment hook '/home/pi/test_workspace/install/my_first_pkg/share/my_first_pkg/hook/cmake_prefix_path.sh'
[0.548s] Level 1:colcon.colcon_core.environment:checking '/home/pi/test_workspace/install/my_first_pkg/lib'
[0.548s] Level 1:colcon.colcon_core.environment:checking '/home/pi/test_workspace/install/my_first_pkg/bin'
[0.548s] Level 1:colcon.colcon_core.environment:checking '/home/pi/test_workspace/install/my_first_pkg/lib/pkgconfig/my_first_pkg.pc'
[0.549s] Level 1:colcon.colcon_core.environment:checking '/home/pi/test_workspace/install/my_first_pkg/lib/python3.12/site-packages'
[0.549s] Level 1:colcon.colcon_core.environment:checking '/home/pi/test_workspace/install/my_first_pkg/bin'
[0.549s] INFO:colcon.colcon_core.shell:Creating package script '/home/pi/test_workspace/install/my_first_pkg/share/my_first_pkg/package.ps1'
[0.550s] INFO:colcon.colcon_core.shell:Creating package descriptor '/home/pi/test_workspace/install/my_first_pkg/share/my_first_pkg/package.dsv'
[0.551s] INFO:colcon.colcon_core.shell:Creating package script '/home/pi/test_workspace/install/my_first_pkg/share/my_first_pkg/package.sh'
[0.551s] INFO:colcon.colcon_core.shell:Creating package script '/home/pi/test_workspace/install/my_first_pkg/share/my_first_pkg/package.bash'
[0.552s] INFO:colcon.colcon_core.shell:Creating package script '/home/pi/test_workspace/install/my_first_pkg/share/my_first_pkg/package.zsh'
[0.553s] Level 1:colcon.colcon_core.environment:create_file_with_runtime_dependencies(/home/pi/test_workspace/install/my_first_pkg/share/colcon-core/packages/my_first_pkg)
[0.583s] Level 1:colcon.colcon_core.environment:create_environment_scripts_only(screen_service)
[0.584s] Level 1:colcon.colcon_core.environment:checking '/home/pi/test_workspace/install/screen_service' for CMake module files
[0.584s] Level 1:colcon.colcon_core.environment:checking '/home/pi/test_workspace/install/screen_service' for CMake config files
[0.585s] Level 1:colcon.colcon_core.shell:create_environment_hook('screen_service', 'cmake_prefix_path')
[0.585s] INFO:colcon.colcon_core.shell:Creating environment hook '/home/pi/test_workspace/install/screen_service/share/screen_service/hook/cmake_prefix_path.ps1'
[0.586s] INFO:colcon.colcon_core.shell:Creating environment descriptor '/home/pi/test_workspace/install/screen_service/share/screen_service/hook/cmake_prefix_path.dsv'
[0.587s] INFO:colcon.colcon_core.shell:Creating environment hook '/home/pi/test_workspace/install/screen_service/share/screen_service/hook/cmake_prefix_path.sh'
[0.588s] Level 1:colcon.colcon_core.environment:checking '/home/pi/test_workspace/install/screen_service/lib'
[0.588s] Level 1:colcon.colcon_core.environment:checking '/home/pi/test_workspace/install/screen_service/bin'
[0.588s] Level 1:colcon.colcon_core.environment:checking '/home/pi/test_workspace/install/screen_service/lib/pkgconfig/screen_service.pc'
[0.588s] Level 1:colcon.colcon_core.environment:checking '/home/pi/test_workspace/install/screen_service/lib/python3.12/site-packages'
[0.589s] Level 1:colcon.colcon_core.environment:checking '/home/pi/test_workspace/install/screen_service/bin'
[0.589s] INFO:colcon.colcon_core.shell:Creating package script '/home/pi/test_workspace/install/screen_service/share/screen_service/package.ps1'
[0.590s] INFO:colcon.colcon_core.shell:Creating package descriptor '/home/pi/test_workspace/install/screen_service/share/screen_service/package.dsv'
[0.590s] INFO:colcon.colcon_core.shell:Creating package script '/home/pi/test_workspace/install/screen_service/share/screen_service/package.sh'
[0.591s] INFO:colcon.colcon_core.shell:Creating package script '/home/pi/test_workspace/install/screen_service/share/screen_service/package.bash'
[0.592s] INFO:colcon.colcon_core.shell:Creating package script '/home/pi/test_workspace/install/screen_service/share/screen_service/package.zsh'
[0.593s] Level 1:colcon.colcon_core.environment:create_file_with_runtime_dependencies(/home/pi/test_workspace/install/screen_service/share/colcon-core/packages/screen_service)
[0.595s] Level 1:colcon.colcon_core.environment:create_environment_scripts_only(my_first_pkg)
[0.595s] Level 1:colcon.colcon_core.environment:checking '/home/pi/test_workspace/install/my_first_pkg' for CMake module files
[0.596s] Level 1:colcon.colcon_core.environment:checking '/home/pi/test_workspace/install/my_first_pkg' for CMake config files
[0.597s] Level 1:colcon.colcon_core.shell:create_environment_hook('my_first_pkg', 'cmake_prefix_path')
[0.597s] INFO:colcon.colcon_core.shell:Creating environment hook '/home/pi/test_workspace/install/my_first_pkg/share/my_first_pkg/hook/cmake_prefix_path.ps1'
[0.598s] INFO:colcon.colcon_core.shell:Creating environment descriptor '/home/pi/test_workspace/install/my_first_pkg/share/my_first_pkg/hook/cmake_prefix_path.dsv'
[0.598s] INFO:colcon.colcon_core.shell:Creating environment hook '/home/pi/test_workspace/install/my_first_pkg/share/my_first_pkg/hook/cmake_prefix_path.sh'
[0.599s] Level 1:colcon.colcon_core.environment:checking '/home/pi/test_workspace/install/my_first_pkg/lib'
[0.599s] Level 1:colcon.colcon_core.environment:checking '/home/pi/test_workspace/install/my_first_pkg/bin'
[0.599s] Level 1:colcon.colcon_core.environment:checking '/home/pi/test_workspace/install/my_first_pkg/lib/pkgconfig/my_first_pkg.pc'
[0.600s] Level 1:colcon.colcon_core.environment:checking '/home/pi/test_workspace/install/my_first_pkg/lib/python3.12/site-packages'
[0.600s] Level 1:colcon.colcon_core.environment:checking '/home/pi/test_workspace/install/my_first_pkg/bin'
[0.600s] INFO:colcon.colcon_core.shell:Creating package script '/home/pi/test_workspace/install/my_first_pkg/share/my_first_pkg/package.ps1'
[0.601s] INFO:colcon.colcon_core.shell:Creating package descriptor '/home/pi/test_workspace/install/my_first_pkg/share/my_first_pkg/package.dsv'
[0.602s] INFO:colcon.colcon_core.shell:Creating package script '/home/pi/test_workspace/install/my_first_pkg/share/my_first_pkg/package.sh'
[0.603s] INFO:colcon.colcon_core.shell:Creating package script '/home/pi/test_workspace/install/my_first_pkg/share/my_first_pkg/package.bash'
[0.604s] INFO:colcon.colcon_core.shell:Creating package script '/home/pi/test_workspace/install/my_first_pkg/share/my_first_pkg/package.zsh'
[0.604s] Level 1:colcon.colcon_core.environment:create_file_with_runtime_dependencies(/home/pi/test_workspace/install/my_first_pkg/share/colcon-core/packages/my_first_pkg)
[0.605s] DEBUG:colcon.colcon_parallel_executor.executor.parallel:closing loop
[0.605s] DEBUG:colcon.colcon_parallel_executor.executor.parallel:loop closed
[0.606s] DEBUG:colcon.colcon_parallel_executor.executor.parallel:run_until_complete finished with '0'
[0.606s] DEBUG:colcon.colcon_core.event_reactor:joining thread
[0.614s] INFO:colcon.colcon_core.plugin_system:Skipping extension 'colcon_notification.desktop_notification.notify_send': Could not find 'notify-send'
[0.614s] INFO:colcon.colcon_core.plugin_system:Skipping extension 'colcon_notification.desktop_notification.terminal_notifier': Not used on non-Darwin systems
[0.614s] INFO:colcon.colcon_core.plugin_system:Skipping extension 'colcon_notification.desktop_notification.win32': Not used on non-Windows systems
[0.614s] INFO:colcon.colcon_notification.desktop_notification:Sending desktop notification using 'notify2'
[0.615s] DEBUG:colcon.colcon_notification.desktop_notification.notify2:Failed to initialize notify2: org.freedesktop.DBus.Error.ServiceUnknown: The name org.freedesktop.Notifications was not provided by any .service files
[0.615s] DEBUG:colcon.colcon_core.event_reactor:joined thread
[0.616s] INFO:colcon.colcon_core.shell:Creating prefix script '/home/pi/test_workspace/install/local_setup.ps1'
[0.617s] INFO:colcon.colcon_core.shell:Creating prefix util module '/home/pi/test_workspace/install/_local_setup_util_ps1.py'
[0.618s] INFO:colcon.colcon_core.shell:Creating prefix chain script '/home/pi/test_workspace/install/setup.ps1'
[0.620s] INFO:colcon.colcon_core.shell:Creating prefix script '/home/pi/test_workspace/install/local_setup.sh'
[0.620s] INFO:colcon.colcon_core.shell:Creating prefix util module '/home/pi/test_workspace/install/_local_setup_util_sh.py'
[0.621s] INFO:colcon.colcon_core.shell:Creating prefix chain script '/home/pi/test_workspace/install/setup.sh'
[0.622s] INFO:colcon.colcon_core.shell:Creating prefix script '/home/pi/test_workspace/install/local_setup.bash'
[0.623s] INFO:colcon.colcon_core.shell:Creating prefix chain script '/home/pi/test_workspace/install/setup.bash'
[0.624s] INFO:colcon.colcon_core.shell:Creating prefix script '/home/pi/test_workspace/install/local_setup.zsh'
[0.625s] INFO:colcon.colcon_core.shell:Creating prefix chain script '/home/pi/test_workspace/install/setup.zsh'
