[0.016s] Invoking command in '/home/pi/test_workspace/build/my_first_pkg': CMAKE_PREFIX_PATH=${CMAKE_PREFIX_PATH}:/home/pi/test_workspace/install/oled_display:/home/pi/test_workspace/install/screen_service:/home/pi/test_workspace/install/oled_display_node:/home/pi/test_workspace/install/my_first_pkg:/opt/ros/jazzy /usr/bin/cmake --build /home/pi/test_workspace/build/my_first_pkg -- -j4 -l4
[0.112s] [100%] Built target simple
[0.131s] Invoked command in '/home/pi/test_workspace/build/my_first_pkg' returned '0': CMAKE_PREFIX_PATH=${CMAKE_PREFIX_PATH}:/home/pi/test_workspace/install/oled_display:/home/pi/test_workspace/install/screen_service:/home/pi/test_workspace/install/oled_display_node:/home/pi/test_workspace/install/my_first_pkg:/opt/ros/jazzy /usr/bin/cmake --build /home/pi/test_workspace/build/my_first_pkg -- -j4 -l4
[0.183s] Invoking command in '/home/pi/test_workspace/build/my_first_pkg': CMAKE_PREFIX_PATH=${CMAKE_PREFIX_PATH}:/home/pi/test_workspace/install/oled_display:/home/pi/test_workspace/install/screen_service:/home/pi/test_workspace/install/oled_display_node:/home/pi/test_workspace/install/my_first_pkg:/opt/ros/jazzy /usr/bin/cmake --install /home/pi/test_workspace/build/my_first_pkg
[0.196s] -- Install configuration: ""
[0.197s] -- Execute custom install script
[0.197s] -- Up-to-date symlink: /home/pi/test_workspace/install/my_first_pkg/lib/my_first_pkg/simple
[0.197s] -- Up-to-date symlink: /home/pi/test_workspace/install/my_first_pkg/share/ament_index/resource_index/package_run_dependencies/my_first_pkg
[0.198s] -- Up-to-date symlink: /home/pi/test_workspace/install/my_first_pkg/share/ament_index/resource_index/parent_prefix_path/my_first_pkg
[0.198s] -- Up-to-date symlink: /home/pi/test_workspace/install/my_first_pkg/share/my_first_pkg/environment/ament_prefix_path.sh
[0.198s] -- Up-to-date symlink: /home/pi/test_workspace/install/my_first_pkg/share/my_first_pkg/environment/ament_prefix_path.dsv
[0.198s] -- Up-to-date symlink: /home/pi/test_workspace/install/my_first_pkg/share/my_first_pkg/environment/path.sh
[0.199s] -- Up-to-date symlink: /home/pi/test_workspace/install/my_first_pkg/share/my_first_pkg/environment/path.dsv
[0.199s] -- Up-to-date symlink: /home/pi/test_workspace/install/my_first_pkg/share/my_first_pkg/local_setup.bash
[0.199s] -- Up-to-date symlink: /home/pi/test_workspace/install/my_first_pkg/share/my_first_pkg/local_setup.sh
[0.200s] -- Up-to-date symlink: /home/pi/test_workspace/install/my_first_pkg/share/my_first_pkg/local_setup.zsh
[0.200s] -- Up-to-date symlink: /home/pi/test_workspace/install/my_first_pkg/share/my_first_pkg/local_setup.dsv
[0.200s] -- Symlinking: /home/pi/test_workspace/install/my_first_pkg/share/my_first_pkg/package.dsv
[0.216s] -- Up-to-date symlink: /home/pi/test_workspace/install/my_first_pkg/share/ament_index/resource_index/packages/my_first_pkg
[0.216s] -- Up-to-date symlink: /home/pi/test_workspace/install/my_first_pkg/share/my_first_pkg/cmake/ament_cmake_export_dependencies-extras.cmake
[0.217s] -- Up-to-date symlink: /home/pi/test_workspace/install/my_first_pkg/share/my_first_pkg/cmake/my_first_pkgConfig.cmake
[0.217s] -- Up-to-date symlink: /home/pi/test_workspace/install/my_first_pkg/share/my_first_pkg/cmake/my_first_pkgConfig-version.cmake
[0.217s] -- Up-to-date symlink: /home/pi/test_workspace/install/my_first_pkg/share/my_first_pkg/package.xml
[0.235s] Invoked command in '/home/pi/test_workspace/build/my_first_pkg' returned '0': CMAKE_PREFIX_PATH=${CMAKE_PREFIX_PATH}:/home/pi/test_workspace/install/oled_display:/home/pi/test_workspace/install/screen_service:/home/pi/test_workspace/install/oled_display_node:/home/pi/test_workspace/install/my_first_pkg:/opt/ros/jazzy /usr/bin/cmake --install /home/pi/test_workspace/build/my_first_pkg
