-- The C compiler identification is GNU 13.2.0
-- The CXX compiler identification is GNU 13.2.0
-- Detecting C compiler ABI info
-- Detecting C compiler ABI info - done
-- Check for working C compiler: /usr/bin/cc - skipped
-- Detecting C compile features
-- Detecting C compile features - done
-- Detecting CXX compiler ABI info
-- Detecting CXX compiler ABI info - done
-- Check for working CXX compiler: /usr/bin/c++ - skipped
-- Detecting CXX compile features
-- Detecting CXX compile features - done
-- Found ament_cmake: 2.5.2 (/opt/ros/jazzy/share/ament_cmake/cmake)
-- Found Python3: /usr/bin/python3 (found version "3.12.3") found components: Interpreter 
-- Override CMake install command with custom implementation using symlinks instead of copying resources
-- Found rclcpp: 28.1.5 (/opt/ros/jazzy/share/rclcpp/cmake)
-- Found rosidl_generator_c: 4.6.4 (/opt/ros/jazzy/share/rosidl_generator_c/cmake)
-- Found rosidl_generator_cpp: 4.6.4 (/opt/ros/jazzy/share/rosidl_generator_cpp/cmake)
-- Using all available rosidl_typesupport_c: rosidl_typesupport_fastrtps_c;rosidl_typesupport_introspection_c
-- Using all available rosidl_typesupport_cpp: rosidl_typesupport_fastrtps_cpp;rosidl_typesupport_introspection_cpp
-- Found rmw_implementation_cmake: 7.3.1 (/opt/ros/jazzy/share/rmw_implementation_cmake/cmake)
-- Found rmw_fastrtps_cpp: 8.4.1 (/opt/ros/jazzy/share/rmw_fastrtps_cpp/cmake)
-- Found OpenSSL: /usr/lib/aarch64-linux-gnu/libcrypto.so (found version "3.0.13")  
-- Found FastRTPS: /opt/ros/jazzy/include (Required is at least version "2.13") 
-- Using RMW implementation 'rmw_fastrtps_cpp' as default
-- Found bus_msgs: 0.0.0 (/home/jetpack/JetRacer/install/bus_msgs/share/bus_msgs/cmake)
-- Configuring done (7.5s)
-- Generating done (0.0s)
-- Build files have been written to: /home/jetpack/JetRacer/build/can_interface
[ 20%] [32mBuilding CXX object _deps/sockcanpp-build/CMakeFiles/sockcanpp.dir/src/CanDriver.cpp.o[0m
[ 40%] [32m[1mLinking CXX shared library sockcanpp.so[0m
[ 40%] Built target sockcanpp
[ 60%] [32mBuilding CXX object CMakeFiles/can_interface_node.dir/src/main.cpp.o[0m
[ 80%] [32mBuilding CXX object CMakeFiles/can_interface_node.dir/src/CanInterface.cpp.o[0m
[01m[K/home/jetpack/JetRacer/src/bus_interfaces/can_interface/src/CanInterface.cpp:3:10:[m[K [01;31m[Kfatal error: [m[Kbus_msgs/msg/can_packet.hpp: No such file or directory
    3 | #include [01;31m[K"bus_msgs/msg/can_packet.hpp"[m[K
      |          [01;31m[K^~~~~~~~~~~~~~~~~~~~~~~~~~~~~[m[K
compilation terminated.
gmake[2]: *** [CMakeFiles/can_interface_node.dir/build.make:90: CMakeFiles/can_interface_node.dir/src/CanInterface.cpp.o] Error 1
gmake[2]: *** Waiting for unfinished jobs....
gmake[1]: *** [CMakeFiles/Makefile2:190: CMakeFiles/can_interface_node.dir/all] Error 2
gmake: *** [Makefile:166: all] Error 2
