[0.013s] Invoking command in '/home/pi/test_workspace/build/my_first_pkg': CMAKE_PREFIX_PATH=${CMAKE_PREFIX_PATH}: /home/pi/test_workspace/install/screen_service  /home/pi/test_workspace/install/my_first_pkg /opt/ros/jazzy /usr/bin/cmake /home/pi/test_workspace/src/my_first_pkg -DAMENT_CMAKE_SYMLINK_INSTALL=1 -DCMAKE_INSTALL_PREFIX=/home/pi/test_workspace/install/my_first_pkg
[0.035s] -- Found ament_cmake: 2.5.2 (/opt/ros/jazzy/share/ament_cmake/cmake)
[0.395s] -- Override CMake install command with custom implementation using symlinks instead of copying resources
[0.406s] -- Found rclcpp: 28.1.5 (/opt/ros/jazzy/share/rclcpp/cmake)
[0.438s] -- Found rosidl_generator_c: 4.6.4 (/opt/ros/jazzy/share/rosidl_generator_c/cmake)
[0.451s] -- Found rosidl_generator_cpp: 4.6.4 (/opt/ros/jazzy/share/rosidl_generator_cpp/cmake)
[0.468s] [31mCMake Error at /opt/ros/jazzy/share/rosidl_typesupport_c/cmake/get_used_typesupports.cmake:35 (message):
[0.468s]   No 'rosidl_typesupport_c' found
[0.468s] Call Stack (most recent call first):
[0.468s]   /opt/ros/jazzy/share/rosidl_typesupport_c/cmake/rosidl_typesupport_c-extras.cmake:8 (get_used_typesupports)
[0.469s]   /opt/ros/jazzy/share/rosidl_typesupport_c/cmake/rosidl_typesupport_cConfig.cmake:41 (include)
[0.469s]   /opt/ros/jazzy/share/builtin_interfaces/cmake/ament_cmake_export_dependencies-extras.cmake:21 (find_package)
[0.469s]   /opt/ros/jazzy/share/builtin_interfaces/cmake/builtin_interfacesConfig.cmake:41 (include)
[0.469s]   /opt/ros/jazzy/share/rclcpp/cmake/ament_cmake_export_dependencies-extras.cmake:21 (find_package)
[0.469s]   /opt/ros/jazzy/share/rclcpp/cmake/rclcppConfig.cmake:41 (include)
[0.469s]   CMakeLists.txt:15 (find_package)
[0.469s] 
[0.469s] [0m
[0.470s] -- Configuring incomplete, errors occurred!
[0.477s] Invoked command in '/home/pi/test_workspace/build/my_first_pkg' returned '1': CMAKE_PREFIX_PATH=${CMAKE_PREFIX_PATH}: /home/pi/test_workspace/install/screen_service  /home/pi/test_workspace/install/my_first_pkg /opt/ros/jazzy /usr/bin/cmake /home/pi/test_workspace/src/my_first_pkg -DAMENT_CMAKE_SYMLINK_INSTALL=1 -DCMAKE_INSTALL_PREFIX=/home/pi/test_workspace/install/my_first_pkg
