[0.026s] Invoking command in '/home/jetpack/JetRacer/build/speed_sensor': AMENT_PREFIX_PATH=/home/jetpack/JetRacer/install/bus_msgs:${AMENT_PREFIX_PATH} CMAKE_PREFIX_PATH=/home/jetpack/JetRacer/install/bus_msgs:/opt/ros/jazzy/opt/gz_math_vendor:/opt/ros/jazzy/opt/gz_utils_vendor:/opt/ros/jazzy/opt/gz_cmake_vendor:/opt/ros/jazzy LD_LIBRARY_PATH=/home/jetpack/JetRacer/install/bus_msgs/lib:${LD_LIBRARY_PATH} PYTHONPATH=/home/jetpack/JetRacer/install/bus_msgs/lib/python3.12/site-packages:${PYTHONPATH} /usr/bin/cmake --build /home/jetpack/JetRacer/build/speed_sensor -- -j4 -l4
[0.145s] [100%] Built target speed_sensor_node
[0.169s] Invoked command in '/home/jetpack/JetRacer/build/speed_sensor' returned '0': AMENT_PREFIX_PATH=/home/jetpack/JetRacer/install/bus_msgs:${AMENT_PREFIX_PATH} CMAKE_PREFIX_PATH=/home/jetpack/JetRacer/install/bus_msgs:/opt/ros/jazzy/opt/gz_math_vendor:/opt/ros/jazzy/opt/gz_utils_vendor:/opt/ros/jazzy/opt/gz_cmake_vendor:/opt/ros/jazzy LD_LIBRARY_PATH=/home/jetpack/JetRacer/install/bus_msgs/lib:${LD_LIBRARY_PATH} PYTHONPATH=/home/jetpack/JetRacer/install/bus_msgs/lib/python3.12/site-packages:${PYTHONPATH} /usr/bin/cmake --build /home/jetpack/JetRacer/build/speed_sensor -- -j4 -l4
[0.219s] Invoking command in '/home/jetpack/JetRacer/build/speed_sensor': AMENT_PREFIX_PATH=/home/jetpack/JetRacer/install/bus_msgs:${AMENT_PREFIX_PATH} CMAKE_PREFIX_PATH=/home/jetpack/JetRacer/install/bus_msgs:/opt/ros/jazzy/opt/gz_math_vendor:/opt/ros/jazzy/opt/gz_utils_vendor:/opt/ros/jazzy/opt/gz_cmake_vendor:/opt/ros/jazzy LD_LIBRARY_PATH=/home/jetpack/JetRacer/install/bus_msgs/lib:${LD_LIBRARY_PATH} PYTHONPATH=/home/jetpack/JetRacer/install/bus_msgs/lib/python3.12/site-packages:${PYTHONPATH} /usr/bin/cmake --install /home/jetpack/JetRacer/build/speed_sensor
[0.235s] -- Install configuration: ""
[0.236s] -- Execute custom install script
[0.240s] -- Up-to-date symlink: /home/jetpack/JetRacer/install/speed_sensor/lib/speed_sensor/speed_sensor_node
[0.240s] -- Up-to-date symlink: /home/jetpack/JetRacer/install/speed_sensor/share/ament_index/resource_index/package_run_dependencies/speed_sensor
[0.241s] -- Up-to-date symlink: /home/jetpack/JetRacer/install/speed_sensor/share/ament_index/resource_index/parent_prefix_path/speed_sensor
[0.241s] -- Up-to-date symlink: /home/jetpack/JetRacer/install/speed_sensor/share/speed_sensor/environment/ament_prefix_path.sh
[0.241s] -- Up-to-date symlink: /home/jetpack/JetRacer/install/speed_sensor/share/speed_sensor/environment/ament_prefix_path.dsv
[0.241s] -- Up-to-date symlink: /home/jetpack/JetRacer/install/speed_sensor/share/speed_sensor/environment/path.sh
[0.241s] -- Up-to-date symlink: /home/jetpack/JetRacer/install/speed_sensor/share/speed_sensor/environment/path.dsv
[0.242s] -- Up-to-date symlink: /home/jetpack/JetRacer/install/speed_sensor/share/speed_sensor/local_setup.bash
[0.242s] -- Up-to-date symlink: /home/jetpack/JetRacer/install/speed_sensor/share/speed_sensor/local_setup.sh
[0.242s] -- Up-to-date symlink: /home/jetpack/JetRacer/install/speed_sensor/share/speed_sensor/local_setup.zsh
[0.242s] -- Up-to-date symlink: /home/jetpack/JetRacer/install/speed_sensor/share/speed_sensor/local_setup.dsv
[0.242s] -- Symlinking: /home/jetpack/JetRacer/install/speed_sensor/share/speed_sensor/package.dsv
[0.260s] -- Up-to-date symlink: /home/jetpack/JetRacer/install/speed_sensor/share/ament_index/resource_index/packages/speed_sensor
[0.261s] -- Up-to-date symlink: /home/jetpack/JetRacer/install/speed_sensor/share/speed_sensor/cmake/ament_cmake_export_dependencies-extras.cmake
[0.261s] -- Up-to-date symlink: /home/jetpack/JetRacer/install/speed_sensor/share/speed_sensor/cmake/speed_sensorConfig.cmake
[0.263s] -- Up-to-date symlink: /home/jetpack/JetRacer/install/speed_sensor/share/speed_sensor/cmake/speed_sensorConfig-version.cmake
[0.263s] -- Up-to-date symlink: /home/jetpack/JetRacer/install/speed_sensor/share/speed_sensor/package.xml
[0.269s] Invoked command in '/home/jetpack/JetRacer/build/speed_sensor' returned '0': AMENT_PREFIX_PATH=/home/jetpack/JetRacer/install/bus_msgs:${AMENT_PREFIX_PATH} CMAKE_PREFIX_PATH=/home/jetpack/JetRacer/install/bus_msgs:/opt/ros/jazzy/opt/gz_math_vendor:/opt/ros/jazzy/opt/gz_utils_vendor:/opt/ros/jazzy/opt/gz_cmake_vendor:/opt/ros/jazzy LD_LIBRARY_PATH=/home/jetpack/JetRacer/install/bus_msgs/lib:${LD_LIBRARY_PATH} PYTHONPATH=/home/jetpack/JetRacer/install/bus_msgs/lib/python3.12/site-packages:${PYTHONPATH} /usr/bin/cmake --install /home/jetpack/JetRacer/build/speed_sensor
