[0.017s] Invoking command in '/home/jetpack/JetRacer/build/oled_display': AMENT_PREFIX_PATH=/home/jetpack/JetRacer/install/bus_msgs:${AMENT_PREFIX_PATH} CMAKE_PREFIX_PATH=/home/jetpack/JetRacer/install/bus_msgs:/opt/ros/jazzy/opt/gz_math_vendor:/opt/ros/jazzy/opt/gz_utils_vendor:/opt/ros/jazzy/opt/gz_cmake_vendor:/opt/ros/jazzy LD_LIBRARY_PATH=/home/jetpack/JetRacer/install/bus_msgs/lib:${LD_LIBRARY_PATH} PYTHONPATH=/home/jetpack/JetRacer/install/bus_msgs/lib/python3.12/site-packages:${PYTHONPATH} /usr/bin/cmake /home/jetpack/JetRacer/src/peripherals/oled_display -DCMAKE_INSTALL_PREFIX=/home/jetpack/JetRacer/install/oled_display
[0.039s] -- Found ament_cmake: 2.5.2 (/opt/ros/jazzy/share/ament_cmake/cmake)
[0.358s] -- Found rclcpp: 28.1.5 (/opt/ros/jazzy/share/rclcpp/cmake)
[0.392s] -- Found rosidl_generator_c: 4.6.4 (/opt/ros/jazzy/share/rosidl_generator_c/cmake)
[0.404s] -- Found rosidl_generator_cpp: 4.6.4 (/opt/ros/jazzy/share/rosidl_generator_cpp/cmake)
[0.420s] -- Using all available rosidl_typesupport_c: rosidl_typesupport_fastrtps_c;rosidl_typesupport_introspection_c
[0.438s] -- Using all available rosidl_typesupport_cpp: rosidl_typesupport_fastrtps_cpp;rosidl_typesupport_introspection_cpp
[0.517s] -- Found rmw_implementation_cmake: 7.3.1 (/opt/ros/jazzy/share/rmw_implementation_cmake/cmake)
[0.519s] -- Found rmw_fastrtps_cpp: 8.4.1 (/opt/ros/jazzy/share/rmw_fastrtps_cpp/cmake)
[0.609s] -- Using RMW implementation 'rmw_fastrtps_cpp' as default
[0.688s] -- Found std_msgs: 5.3.5 (/opt/ros/jazzy/share/std_msgs/cmake)
[0.705s] -- Found bus_msgs: 0.0.0 (/home/jetpack/JetRacer/install/bus_msgs/share/bus_msgs/cmake)
[0.871s] -- Configuring done (0.8s)
[0.891s] -- Generating done (0.0s)
[0.894s] -- Build files have been written to: /home/jetpack/JetRacer/build/oled_display
[0.908s] Invoked command in '/home/jetpack/JetRacer/build/oled_display' returned '0': AMENT_PREFIX_PATH=/home/jetpack/JetRacer/install/bus_msgs:${AMENT_PREFIX_PATH} CMAKE_PREFIX_PATH=/home/jetpack/JetRacer/install/bus_msgs:/opt/ros/jazzy/opt/gz_math_vendor:/opt/ros/jazzy/opt/gz_utils_vendor:/opt/ros/jazzy/opt/gz_cmake_vendor:/opt/ros/jazzy LD_LIBRARY_PATH=/home/jetpack/JetRacer/install/bus_msgs/lib:${LD_LIBRARY_PATH} PYTHONPATH=/home/jetpack/JetRacer/install/bus_msgs/lib/python3.12/site-packages:${PYTHONPATH} /usr/bin/cmake /home/jetpack/JetRacer/src/peripherals/oled_display -DCMAKE_INSTALL_PREFIX=/home/jetpack/JetRacer/install/oled_display
[0.910s] Invoking command in '/home/jetpack/JetRacer/build/oled_display': AMENT_PREFIX_PATH=/home/jetpack/JetRacer/install/bus_msgs:${AMENT_PREFIX_PATH} CMAKE_PREFIX_PATH=/home/jetpack/JetRacer/install/bus_msgs:/opt/ros/jazzy/opt/gz_math_vendor:/opt/ros/jazzy/opt/gz_utils_vendor:/opt/ros/jazzy/opt/gz_cmake_vendor:/opt/ros/jazzy LD_LIBRARY_PATH=/home/jetpack/JetRacer/install/bus_msgs/lib:${LD_LIBRARY_PATH} PYTHONPATH=/home/jetpack/JetRacer/install/bus_msgs/lib/python3.12/site-packages:${PYTHONPATH} /usr/bin/cmake --build /home/jetpack/JetRacer/build/oled_display -- -j4 -l4
[0.997s] [ 75%] [32mBuilding C object CMakeFiles/oled_display_node.dir/src/ssd1306_linux/ssd1306.c.o[0m
[0.998s] [ 75%] [32mBuilding C object CMakeFiles/oled_display_node.dir/src/ssd1306_linux/linux_i2c.c.o[0m
[0.998s] [ 75%] [32mBuilding CXX object CMakeFiles/oled_display_node.dir/src/main.cpp.o[0m
[1.072s] [01m[K/home/jetpack/JetRacer/src/peripherals/oled_display/src/ssd1306_linux/ssd1306.c:[m[K In function ‘[01m[Kssd1306_oled_write_string[m[K’:
[1.072s] [01m[K/home/jetpack/JetRacer/src/peripherals/oled_display/src/ssd1306_linux/ssd1306.c:372:10:[m[K [01;35m[Kwarning: [m[Kassignment discards ‘[01m[Kconst[m[K’ qualifier from pointer target type [[01;35m[K]8;;https://gcc.gnu.org/onlinedocs/gcc/Warning-Options.html#index-Wdiscarded-qualifiers-Wdiscarded-qualifiers]8;;[m[K]
[1.072s]   372 |     line [01;35m[K=[m[K ptr;
[1.072s]       |          [01;35m[K^[m[K
[12.958s] [100%] [32m[1mLinking CXX executable oled_display_node[0m
[13.736s] [100%] Built target oled_display_node
[13.756s] Invoked command in '/home/jetpack/JetRacer/build/oled_display' returned '0': AMENT_PREFIX_PATH=/home/jetpack/JetRacer/install/bus_msgs:${AMENT_PREFIX_PATH} CMAKE_PREFIX_PATH=/home/jetpack/JetRacer/install/bus_msgs:/opt/ros/jazzy/opt/gz_math_vendor:/opt/ros/jazzy/opt/gz_utils_vendor:/opt/ros/jazzy/opt/gz_cmake_vendor:/opt/ros/jazzy LD_LIBRARY_PATH=/home/jetpack/JetRacer/install/bus_msgs/lib:${LD_LIBRARY_PATH} PYTHONPATH=/home/jetpack/JetRacer/install/bus_msgs/lib/python3.12/site-packages:${PYTHONPATH} /usr/bin/cmake --build /home/jetpack/JetRacer/build/oled_display -- -j4 -l4
[13.815s] Invoking command in '/home/jetpack/JetRacer/build/oled_display': AMENT_PREFIX_PATH=/home/jetpack/JetRacer/install/bus_msgs:${AMENT_PREFIX_PATH} CMAKE_PREFIX_PATH=/home/jetpack/JetRacer/install/bus_msgs:/opt/ros/jazzy/opt/gz_math_vendor:/opt/ros/jazzy/opt/gz_utils_vendor:/opt/ros/jazzy/opt/gz_cmake_vendor:/opt/ros/jazzy LD_LIBRARY_PATH=/home/jetpack/JetRacer/install/bus_msgs/lib:${LD_LIBRARY_PATH} PYTHONPATH=/home/jetpack/JetRacer/install/bus_msgs/lib/python3.12/site-packages:${PYTHONPATH} /usr/bin/cmake --install /home/jetpack/JetRacer/build/oled_display
[13.828s] -- Install configuration: ""
[13.828s] -- Installing: /home/jetpack/JetRacer/install/oled_display/lib/oled_display/oled_display_node
[13.836s] -- Set non-toolchain portion of runtime path of "/home/jetpack/JetRacer/install/oled_display/lib/oled_display/oled_display_node" to ""
[13.837s] -- Installing: /home/jetpack/JetRacer/install/oled_display/share/ament_index/resource_index/package_run_dependencies/oled_display
[13.837s] -- Installing: /home/jetpack/JetRacer/install/oled_display/share/ament_index/resource_index/parent_prefix_path/oled_display
[13.837s] -- Installing: /home/jetpack/JetRacer/install/oled_display/share/oled_display/environment/ament_prefix_path.sh
[13.837s] -- Installing: /home/jetpack/JetRacer/install/oled_display/share/oled_display/environment/ament_prefix_path.dsv
[13.837s] -- Installing: /home/jetpack/JetRacer/install/oled_display/share/oled_display/environment/path.sh
[13.838s] -- Installing: /home/jetpack/JetRacer/install/oled_display/share/oled_display/environment/path.dsv
[13.838s] -- Installing: /home/jetpack/JetRacer/install/oled_display/share/oled_display/local_setup.bash
[13.838s] -- Installing: /home/jetpack/JetRacer/install/oled_display/share/oled_display/local_setup.sh
[13.838s] -- Installing: /home/jetpack/JetRacer/install/oled_display/share/oled_display/local_setup.zsh
[13.838s] -- Installing: /home/jetpack/JetRacer/install/oled_display/share/oled_display/local_setup.dsv
[13.838s] -- Installing: /home/jetpack/JetRacer/install/oled_display/share/oled_display/package.dsv
[13.839s] -- Installing: /home/jetpack/JetRacer/install/oled_display/share/ament_index/resource_index/packages/oled_display
[13.839s] -- Installing: /home/jetpack/JetRacer/install/oled_display/share/oled_display/cmake/ament_cmake_export_dependencies-extras.cmake
[13.839s] -- Installing: /home/jetpack/JetRacer/install/oled_display/share/oled_display/cmake/oled_displayConfig.cmake
[13.839s] -- Installing: /home/jetpack/JetRacer/install/oled_display/share/oled_display/cmake/oled_displayConfig-version.cmake
[13.839s] -- Installing: /home/jetpack/JetRacer/install/oled_display/share/oled_display/package.xml
[13.842s] Invoked command in '/home/jetpack/JetRacer/build/oled_display' returned '0': AMENT_PREFIX_PATH=/home/jetpack/JetRacer/install/bus_msgs:${AMENT_PREFIX_PATH} CMAKE_PREFIX_PATH=/home/jetpack/JetRacer/install/bus_msgs:/opt/ros/jazzy/opt/gz_math_vendor:/opt/ros/jazzy/opt/gz_utils_vendor:/opt/ros/jazzy/opt/gz_cmake_vendor:/opt/ros/jazzy LD_LIBRARY_PATH=/home/jetpack/JetRacer/install/bus_msgs/lib:${LD_LIBRARY_PATH} PYTHONPATH=/home/jetpack/JetRacer/install/bus_msgs/lib/python3.12/site-packages:${PYTHONPATH} /usr/bin/cmake --install /home/jetpack/JetRacer/build/oled_display
