[0.017s] Invoking command in '/home/jetpack/piracer/build/oled_service': CMAKE_PREFIX_PATH=${CMAKE_PREFIX_PATH}:/opt/ros/jazzy /usr/bin/cmake --build /home/jetpack/piracer/build/oled_service -- -j4 -l4
[0.118s] [100%] Built target oled_display
[0.140s] Invoked command in '/home/jetpack/piracer/build/oled_service' returned '0': CMAKE_PREFIX_PATH=${CMAKE_PREFIX_PATH}:/opt/ros/jazzy /usr/bin/cmake --build /home/jetpack/piracer/build/oled_service -- -j4 -l4
[0.253s] Invoking command in '/home/jetpack/piracer/build/oled_service': CMAKE_PREFIX_PATH=${CMAKE_PREFIX_PATH}:/opt/ros/jazzy /usr/bin/cmake --install /home/jetpack/piracer/build/oled_service
[0.272s] -- Install configuration: ""
[0.272s] -- Execute custom install script
[0.273s] -- Up-to-date symlink: /home/jetpack/piracer/install/oled_service/lib/oled_service/oled_display
[0.274s] -- Up-to-date symlink: /home/jetpack/piracer/install/oled_service/share/ament_index/resource_index/package_run_dependencies/oled_service
[0.274s] -- Up-to-date symlink: /home/jetpack/piracer/install/oled_service/share/ament_index/resource_index/parent_prefix_path/oled_service
[0.274s] -- Up-to-date symlink: /home/jetpack/piracer/install/oled_service/share/oled_service/environment/ament_prefix_path.sh
[0.275s] -- Up-to-date symlink: /home/jetpack/piracer/install/oled_service/share/oled_service/environment/ament_prefix_path.dsv
[0.275s] -- Up-to-date symlink: /home/jetpack/piracer/install/oled_service/share/oled_service/environment/path.sh
[0.275s] -- Up-to-date symlink: /home/jetpack/piracer/install/oled_service/share/oled_service/environment/path.dsv
[0.276s] -- Up-to-date symlink: /home/jetpack/piracer/install/oled_service/share/oled_service/local_setup.bash
[0.276s] -- Up-to-date symlink: /home/jetpack/piracer/install/oled_service/share/oled_service/local_setup.sh
[0.276s] -- Up-to-date symlink: /home/jetpack/piracer/install/oled_service/share/oled_service/local_setup.zsh
[0.277s] -- Up-to-date symlink: /home/jetpack/piracer/install/oled_service/share/oled_service/local_setup.dsv
[0.277s] -- Symlinking: /home/jetpack/piracer/install/oled_service/share/oled_service/package.dsv
[0.296s] -- Up-to-date symlink: /home/jetpack/piracer/install/oled_service/share/ament_index/resource_index/packages/oled_service
[0.296s] -- Up-to-date symlink: /home/jetpack/piracer/install/oled_service/share/oled_service/cmake/ament_cmake_export_dependencies-extras.cmake
[0.296s] -- Up-to-date symlink: /home/jetpack/piracer/install/oled_service/share/oled_service/cmake/oled_serviceConfig.cmake
[0.297s] -- Up-to-date symlink: /home/jetpack/piracer/install/oled_service/share/oled_service/cmake/oled_serviceConfig-version.cmake
[0.297s] -- Up-to-date symlink: /home/jetpack/piracer/install/oled_service/share/oled_service/package.xml
[0.300s] Invoked command in '/home/jetpack/piracer/build/oled_service' returned '0': CMAKE_PREFIX_PATH=${CMAKE_PREFIX_PATH}:/opt/ros/jazzy /usr/bin/cmake --install /home/jetpack/piracer/build/oled_service
