-- The C compiler identification is GNU 13.2.0
-- The CXX compiler identification is GNU 13.2.0
-- Detecting C compiler ABI info
-- Detecting C compiler ABI info - done
-- Check for working C compiler: /usr/bin/cc - skipped
-- Detecting C compile features
-- Detecting C compile features - done
-- Detecting CXX compiler ABI info
-- Detecting CXX compiler ABI info - done
-- Check for working CXX compiler: /usr/bin/c++ - skipped
-- Detecting CXX compile features
-- Detecting CXX compile features - done
-- Found ament_cmake: 2.5.2 (/opt/ros/jazzy/share/ament_cmake/cmake)
-- Found Python3: /usr/bin/python3 (found version "3.12.3") found components: Interpreter 
-- Override CMake install command with custom implementation using symlinks instead of copying resources
-- Found rclcpp: 28.1.5 (/opt/ros/jazzy/share/rclcpp/cmake)
-- Found rosidl_generator_c: 4.6.4 (/opt/ros/jazzy/share/rosidl_generator_c/cmake)
-- Found rosidl_generator_cpp: 4.6.4 (/opt/ros/jazzy/share/rosidl_generator_cpp/cmake)
-- Using all available rosidl_typesupport_c: rosidl_typesupport_fastrtps_c;rosidl_typesupport_introspection_c
-- Using all available rosidl_typesupport_cpp: rosidl_typesupport_fastrtps_cpp;rosidl_typesupport_introspection_cpp
-- Found rmw_implementation_cmake: 7.3.1 (/opt/ros/jazzy/share/rmw_implementation_cmake/cmake)
-- Found rmw_fastrtps_cpp: 8.4.1 (/opt/ros/jazzy/share/rmw_fastrtps_cpp/cmake)
-- Found OpenSSL: /usr/lib/aarch64-linux-gnu/libcrypto.so (found version "3.0.13")  
-- Found FastRTPS: /opt/ros/jazzy/include (Required is at least version "2.13") 
-- Using RMW implementation 'rmw_fastrtps_cpp' as default
-- Found std_msgs: 5.3.5 (/opt/ros/jazzy/share/std_msgs/cmake)
-- Configuring done (1.8s)
-- Generating done (0.0s)
-- Build files have been written to: /home/pi/test_workspace/build/screen_service
[ 75%] [32mBuilding CXX object CMakeFiles/oled_display_node.dir/src/main.cpp.o[0m
[ 75%] [32mBuilding C object CMakeFiles/oled_display_node.dir/src/ssd1306_linux/linux_i2c.c.o[0m
[ 75%] [32mBuilding C object CMakeFiles/oled_display_node.dir/src/ssd1306_linux/ssd1306.c.o[0m
[100%] [32m[1mLinking CXX executable oled_display_node[0m
[100%] Built target oled_display_node
-- Install configuration: ""
-- Execute custom install script
-- Symlinking: /home/pi/test_workspace/install/screen_service/lib/screen_service/oled_display_node
-- Symlinking: /home/pi/test_workspace/install/screen_service/share/ament_index/resource_index/package_run_dependencies/screen_service
-- Symlinking: /home/pi/test_workspace/install/screen_service/share/ament_index/resource_index/parent_prefix_path/screen_service
-- Symlinking: /home/pi/test_workspace/install/screen_service/share/screen_service/environment/ament_prefix_path.sh
-- Symlinking: /home/pi/test_workspace/install/screen_service/share/screen_service/environment/ament_prefix_path.dsv
-- Symlinking: /home/pi/test_workspace/install/screen_service/share/screen_service/environment/path.sh
-- Symlinking: /home/pi/test_workspace/install/screen_service/share/screen_service/environment/path.dsv
-- Symlinking: /home/pi/test_workspace/install/screen_service/share/screen_service/local_setup.bash
-- Symlinking: /home/pi/test_workspace/install/screen_service/share/screen_service/local_setup.sh
-- Symlinking: /home/pi/test_workspace/install/screen_service/share/screen_service/local_setup.zsh
-- Symlinking: /home/pi/test_workspace/install/screen_service/share/screen_service/local_setup.dsv
-- Symlinking: /home/pi/test_workspace/install/screen_service/share/screen_service/package.dsv
-- Symlinking: /home/pi/test_workspace/install/screen_service/share/ament_index/resource_index/packages/screen_service
-- Symlinking: /home/pi/test_workspace/install/screen_service/share/screen_service/cmake/ament_cmake_export_dependencies-extras.cmake
-- Symlinking: /home/pi/test_workspace/install/screen_service/share/screen_service/cmake/screen_serviceConfig.cmake
-- Symlinking: /home/pi/test_workspace/install/screen_service/share/screen_service/cmake/screen_serviceConfig-version.cmake
-- Symlinking: /home/pi/test_workspace/install/screen_service/share/screen_service/package.xml
