[0.028s] Invoking command in '/home/jetpack/JetRacer/build/i2c_interface': CMAKE_PREFIX_PATH=/home/jetpack/JetRacer/install/bus_msgs:/home/jetpack/JetRacer/install/servo_motor:/home/jetpack/JetRacer/install/oled_service:/home/jetpack/JetRacer/install/i2c_interface:/home/jetpack/JetRacer/install/can_interface:/home/jetpack/piracer/install/oled_service:/home/jetpack/piracer/install/i2c_interface:/home/jetpack/piracer/install/can_interface:/home/jetpack/piracer/install/bus_msgs:/opt/ros/jazzy/opt/gz_math_vendor:/opt/ros/jazzy/opt/gz_utils_vendor:/opt/ros/jazzy/opt/gz_cmake_vendor:/opt/ros/jazzy LD_LIBRARY_PATH=/home/jetpack/JetRacer/install/bus_msgs/lib:/home/jetpack/JetRacer/install/can_interface/lib:/home/jetpack/piracer/install/can_interface/lib:/home/jetpack/piracer/install/bus_msgs/lib:/opt/ros/jazzy/opt/rviz_ogre_vendor/lib:/opt/ros/jazzy/lib/aarch64-linux-gnu:/opt/ros/jazzy/opt/gz_math_vendor/lib:/opt/ros/jazzy/opt/gz_utils_vendor/lib:/opt/ros/jazzy/opt/gz_cmake_vendor/lib:/opt/ros/jazzy/lib /usr/bin/cmake --build /home/jetpack/JetRacer/build/i2c_interface -- -j4 -l4
[0.151s] [ 33%] [32mBuilding CXX object CMakeFiles/i2c_interface_node.dir/src/I2cInterface.cpp.o[0m
[6.130s] [ 66%] [32m[1mLinking CXX executable i2c_interface_node[0m
[6.395s] [100%] Built target i2c_interface_node
[6.415s] Invoked command in '/home/jetpack/JetRacer/build/i2c_interface' returned '0': CMAKE_PREFIX_PATH=/home/jetpack/JetRacer/install/bus_msgs:/home/jetpack/JetRacer/install/servo_motor:/home/jetpack/JetRacer/install/oled_service:/home/jetpack/JetRacer/install/i2c_interface:/home/jetpack/JetRacer/install/can_interface:/home/jetpack/piracer/install/oled_service:/home/jetpack/piracer/install/i2c_interface:/home/jetpack/piracer/install/can_interface:/home/jetpack/piracer/install/bus_msgs:/opt/ros/jazzy/opt/gz_math_vendor:/opt/ros/jazzy/opt/gz_utils_vendor:/opt/ros/jazzy/opt/gz_cmake_vendor:/opt/ros/jazzy LD_LIBRARY_PATH=/home/jetpack/JetRacer/install/bus_msgs/lib:/home/jetpack/JetRacer/install/can_interface/lib:/home/jetpack/piracer/install/can_interface/lib:/home/jetpack/piracer/install/bus_msgs/lib:/opt/ros/jazzy/opt/rviz_ogre_vendor/lib:/opt/ros/jazzy/lib/aarch64-linux-gnu:/opt/ros/jazzy/opt/gz_math_vendor/lib:/opt/ros/jazzy/opt/gz_utils_vendor/lib:/opt/ros/jazzy/opt/gz_cmake_vendor/lib:/opt/ros/jazzy/lib /usr/bin/cmake --build /home/jetpack/JetRacer/build/i2c_interface -- -j4 -l4
[6.456s] Invoking command in '/home/jetpack/JetRacer/build/i2c_interface': CMAKE_PREFIX_PATH=/home/jetpack/JetRacer/install/bus_msgs:/home/jetpack/JetRacer/install/servo_motor:/home/jetpack/JetRacer/install/oled_service:/home/jetpack/JetRacer/install/i2c_interface:/home/jetpack/JetRacer/install/can_interface:/home/jetpack/piracer/install/oled_service:/home/jetpack/piracer/install/i2c_interface:/home/jetpack/piracer/install/can_interface:/home/jetpack/piracer/install/bus_msgs:/opt/ros/jazzy/opt/gz_math_vendor:/opt/ros/jazzy/opt/gz_utils_vendor:/opt/ros/jazzy/opt/gz_cmake_vendor:/opt/ros/jazzy LD_LIBRARY_PATH=/home/jetpack/JetRacer/install/bus_msgs/lib:/home/jetpack/JetRacer/install/can_interface/lib:/home/jetpack/piracer/install/can_interface/lib:/home/jetpack/piracer/install/bus_msgs/lib:/opt/ros/jazzy/opt/rviz_ogre_vendor/lib:/opt/ros/jazzy/lib/aarch64-linux-gnu:/opt/ros/jazzy/opt/gz_math_vendor/lib:/opt/ros/jazzy/opt/gz_utils_vendor/lib:/opt/ros/jazzy/opt/gz_cmake_vendor/lib:/opt/ros/jazzy/lib /usr/bin/cmake --install /home/jetpack/JetRacer/build/i2c_interface
[6.471s] -- Install configuration: ""
[6.471s] -- Execute custom install script
[6.472s] -- Up-to-date symlink: /home/jetpack/JetRacer/install/i2c_interface/lib/i2c_interface/i2c_interface_node
[6.472s] -- Up-to-date symlink: /home/jetpack/JetRacer/install/i2c_interface/share/ament_index/resource_index/package_run_dependencies/i2c_interface
[6.472s] -- Up-to-date symlink: /home/jetpack/JetRacer/install/i2c_interface/share/ament_index/resource_index/parent_prefix_path/i2c_interface
[6.472s] -- Up-to-date symlink: /home/jetpack/JetRacer/install/i2c_interface/share/i2c_interface/environment/ament_prefix_path.sh
[6.473s] -- Up-to-date symlink: /home/jetpack/JetRacer/install/i2c_interface/share/i2c_interface/environment/ament_prefix_path.dsv
[6.473s] -- Up-to-date symlink: /home/jetpack/JetRacer/install/i2c_interface/share/i2c_interface/environment/path.sh
[6.473s] -- Up-to-date symlink: /home/jetpack/JetRacer/install/i2c_interface/share/i2c_interface/environment/path.dsv
[6.473s] -- Up-to-date symlink: /home/jetpack/JetRacer/install/i2c_interface/share/i2c_interface/local_setup.bash
[6.473s] -- Up-to-date symlink: /home/jetpack/JetRacer/install/i2c_interface/share/i2c_interface/local_setup.sh
[6.474s] -- Up-to-date symlink: /home/jetpack/JetRacer/install/i2c_interface/share/i2c_interface/local_setup.zsh
[6.474s] -- Up-to-date symlink: /home/jetpack/JetRacer/install/i2c_interface/share/i2c_interface/local_setup.dsv
[6.474s] -- Symlinking: /home/jetpack/JetRacer/install/i2c_interface/share/i2c_interface/package.dsv
[6.491s] -- Up-to-date symlink: /home/jetpack/JetRacer/install/i2c_interface/share/ament_index/resource_index/packages/i2c_interface
[6.491s] -- Up-to-date symlink: /home/jetpack/JetRacer/install/i2c_interface/share/i2c_interface/cmake/i2c_interfaceConfig.cmake
[6.491s] -- Up-to-date symlink: /home/jetpack/JetRacer/install/i2c_interface/share/i2c_interface/cmake/i2c_interfaceConfig-version.cmake
[6.491s] -- Up-to-date symlink: /home/jetpack/JetRacer/install/i2c_interface/share/i2c_interface/package.xml
[6.495s] Invoked command in '/home/jetpack/JetRacer/build/i2c_interface' returned '0': CMAKE_PREFIX_PATH=/home/jetpack/JetRacer/install/bus_msgs:/home/jetpack/JetRacer/install/servo_motor:/home/jetpack/JetRacer/install/oled_service:/home/jetpack/JetRacer/install/i2c_interface:/home/jetpack/JetRacer/install/can_interface:/home/jetpack/piracer/install/oled_service:/home/jetpack/piracer/install/i2c_interface:/home/jetpack/piracer/install/can_interface:/home/jetpack/piracer/install/bus_msgs:/opt/ros/jazzy/opt/gz_math_vendor:/opt/ros/jazzy/opt/gz_utils_vendor:/opt/ros/jazzy/opt/gz_cmake_vendor:/opt/ros/jazzy LD_LIBRARY_PATH=/home/jetpack/JetRacer/install/bus_msgs/lib:/home/jetpack/JetRacer/install/can_interface/lib:/home/jetpack/piracer/install/can_interface/lib:/home/jetpack/piracer/install/bus_msgs/lib:/opt/ros/jazzy/opt/rviz_ogre_vendor/lib:/opt/ros/jazzy/lib/aarch64-linux-gnu:/opt/ros/jazzy/opt/gz_math_vendor/lib:/opt/ros/jazzy/opt/gz_utils_vendor/lib:/opt/ros/jazzy/opt/gz_cmake_vendor/lib:/opt/ros/jazzy/lib /usr/bin/cmake --install /home/jetpack/JetRacer/build/i2c_interface
