[0.016s] Invoking command in '/home/pi/test_workspace/build/screen_service': CMAKE_PREFIX_PATH=${CMAKE_PREFIX_PATH}:/opt/ros/jazzy /usr/bin/cmake --build /home/pi/test_workspace/build/screen_service -- -j4 -l4
[0.117s] [ 25%] [32mBuilding CXX object CMakeFiles/oled_display_node.dir/src/main.cpp.o[0m
[12.143s] [ 50%] [32m[1mLinking CXX executable oled_display_node[0m
[12.737s] [100%] Built target oled_display_node
[12.756s] Invoked command in '/home/pi/test_workspace/build/screen_service' returned '0': CMAKE_PREFIX_PATH=${CMAKE_PREFIX_PATH}:/opt/ros/jazzy /usr/bin/cmake --build /home/pi/test_workspace/build/screen_service -- -j4 -l4
[12.798s] Invoking command in '/home/pi/test_workspace/build/screen_service': CMAKE_PREFIX_PATH=${CMAKE_PREFIX_PATH}:/opt/ros/jazzy /usr/bin/cmake --install /home/pi/test_workspace/build/screen_service
[12.812s] -- Install configuration: ""
[12.812s] -- Execute custom install script
[12.813s] -- Up-to-date symlink: /home/pi/test_workspace/install/screen_service/lib/screen_service/oled_display_node
[12.813s] -- Up-to-date symlink: /home/pi/test_workspace/install/screen_service/share/ament_index/resource_index/package_run_dependencies/screen_service
[12.813s] -- Up-to-date symlink: /home/pi/test_workspace/install/screen_service/share/ament_index/resource_index/parent_prefix_path/screen_service
[12.813s] -- Up-to-date symlink: /home/pi/test_workspace/install/screen_service/share/screen_service/environment/ament_prefix_path.sh
[12.814s] -- Up-to-date symlink: /home/pi/test_workspace/install/screen_service/share/screen_service/environment/ament_prefix_path.dsv
[12.814s] -- Up-to-date symlink: /home/pi/test_workspace/install/screen_service/share/screen_service/environment/path.sh
[12.814s] -- Up-to-date symlink: /home/pi/test_workspace/install/screen_service/share/screen_service/environment/path.dsv
[12.814s] -- Up-to-date symlink: /home/pi/test_workspace/install/screen_service/share/screen_service/local_setup.bash
[12.815s] -- Up-to-date symlink: /home/pi/test_workspace/install/screen_service/share/screen_service/local_setup.sh
[12.815s] -- Up-to-date symlink: /home/pi/test_workspace/install/screen_service/share/screen_service/local_setup.zsh
[12.815s] -- Up-to-date symlink: /home/pi/test_workspace/install/screen_service/share/screen_service/local_setup.dsv
[12.815s] -- Symlinking: /home/pi/test_workspace/install/screen_service/share/screen_service/package.dsv
[12.830s] -- Up-to-date symlink: /home/pi/test_workspace/install/screen_service/share/ament_index/resource_index/packages/screen_service
[12.830s] -- Up-to-date symlink: /home/pi/test_workspace/install/screen_service/share/screen_service/cmake/ament_cmake_export_dependencies-extras.cmake
[12.830s] -- Up-to-date symlink: /home/pi/test_workspace/install/screen_service/share/screen_service/cmake/screen_serviceConfig.cmake
[12.831s] -- Up-to-date symlink: /home/pi/test_workspace/install/screen_service/share/screen_service/cmake/screen_serviceConfig-version.cmake
[12.831s] -- Up-to-date symlink: /home/pi/test_workspace/install/screen_service/share/screen_service/package.xml
[12.834s] Invoked command in '/home/pi/test_workspace/build/screen_service' returned '0': CMAKE_PREFIX_PATH=${CMAKE_PREFIX_PATH}:/opt/ros/jazzy /usr/bin/cmake --install /home/pi/test_workspace/build/screen_service
