[0.140s] DEBUG:colcon:Command line arguments: ['/usr/bin/colcon', 'build', '--symlink-install']
[0.140s] DEBUG:colcon:Parsed command line arguments: Namespace(log_base=None, log_level=None, verb_name='build', build_base='build', install_base='install', merge_install=False, symlink_install=True, test_result_base=None, continue_on_error=False, executor='parallel', parallel_workers=4, event_handlers=None, ignore_user_meta=False, metas=['./colcon.meta'], base_paths=['.'], packages_ignore=None, packages_ignore_regex=None, paths=None, packages_up_to=None, packages_up_to_regex=None, packages_above=None, packages_above_and_dependencies=None, packages_above_depth=None, packages_select_by_dep=None, packages_skip_by_dep=None, packages_skip_up_to=None, packages_select_build_failed=False, packages_skip_build_finished=False, packages_select_test_failures=False, packages_skip_test_passed=False, packages_select=None, packages_skip=None, packages_select_regex=None, packages_skip_regex=None, packages_start=None, packages_end=None, allow_overriding=[], cmake_args=None, cmake_target=None, cmake_target_skip_unavailable=False, cmake_clean_cache=False, cmake_clean_first=False, cmake_force_configure=False, ament_cmake_args=None, catkin_cmake_args=None, catkin_skip_building_tests=False, mixin_files=None, mixin=None, verb_parser=<colcon_mixin.mixin.mixin_argument.MixinArgumentDecorator object at 0xffff89f2ae40>, verb_extension=<colcon_core.verb.build.BuildVerb object at 0xffff8a0a5be0>, main=<bound method BuildVerb.main of <colcon_core.verb.build.BuildVerb object at 0xffff8a0a5be0>>, mixin_verb=('build',))
[0.195s] Level 1:colcon.colcon_core.package_discovery:discover_packages(colcon_meta) check parameters
[0.195s] Level 1:colcon.colcon_core.package_discovery:discover_packages(recursive) check parameters
[0.195s] Level 1:colcon.colcon_core.package_discovery:discover_packages(ignore) check parameters
[0.195s] Level 1:colcon.colcon_core.package_discovery:discover_packages(path) check parameters
[0.195s] Level 1:colcon.colcon_core.package_discovery:discover_packages(colcon_meta) discover
[0.196s] Level 1:colcon.colcon_core.package_discovery:discover_packages(recursive) discover
[0.196s] INFO:colcon.colcon_core.package_discovery:Crawling recursively for packages in '/home/jetpack/piracer'
[0.196s] Level 1:colcon.colcon_core.package_identification:_identify(.) by extensions ['ignore', 'ignore_ament_install']
[0.196s] Level 1:colcon.colcon_core.package_identification:_identify(.) by extension 'ignore'
[0.196s] Level 1:colcon.colcon_core.package_identification:_identify(.) by extension 'ignore_ament_install'
[0.196s] Level 1:colcon.colcon_core.package_identification:_identify(.) by extensions ['colcon_pkg']
[0.196s] Level 1:colcon.colcon_core.package_identification:_identify(.) by extension 'colcon_pkg'
[0.196s] Level 1:colcon.colcon_core.package_identification:_identify(.) by extensions ['colcon_meta']
[0.196s] Level 1:colcon.colcon_core.package_identification:_identify(.) by extension 'colcon_meta'
[0.196s] Level 1:colcon.colcon_core.package_identification:_identify(.) by extensions ['ros']
[0.196s] Level 1:colcon.colcon_core.package_identification:_identify(.) by extension 'ros'
[0.233s] Level 1:colcon.colcon_core.package_identification:_identify(.) by extensions ['cmake', 'python']
[0.233s] Level 1:colcon.colcon_core.package_identification:_identify(.) by extension 'cmake'
[0.233s] Level 1:colcon.colcon_core.package_identification:_identify(.) by extension 'python'
[0.233s] Level 1:colcon.colcon_core.package_identification:_identify(.) by extensions ['python_setup_py']
[0.233s] Level 1:colcon.colcon_core.package_identification:_identify(.) by extension 'python_setup_py'
[0.233s] Level 1:colcon.colcon_core.package_identification:_identify(build) by extensions ['ignore', 'ignore_ament_install']
[0.233s] Level 1:colcon.colcon_core.package_identification:_identify(build) by extension 'ignore'
[0.233s] Level 1:colcon.colcon_core.package_identification:_identify(build) ignored
[0.233s] Level 1:colcon.colcon_core.package_identification:_identify(install) by extensions ['ignore', 'ignore_ament_install']
[0.234s] Level 1:colcon.colcon_core.package_identification:_identify(install) by extension 'ignore'
[0.234s] Level 1:colcon.colcon_core.package_identification:_identify(install) ignored
[0.234s] Level 1:colcon.colcon_core.package_identification:_identify(log) by extensions ['ignore', 'ignore_ament_install']
[0.234s] Level 1:colcon.colcon_core.package_identification:_identify(log) by extension 'ignore'
[0.234s] Level 1:colcon.colcon_core.package_identification:_identify(log) ignored
[0.234s] Level 1:colcon.colcon_core.package_identification:_identify(src) by extensions ['ignore', 'ignore_ament_install']
[0.234s] Level 1:colcon.colcon_core.package_identification:_identify(src) by extension 'ignore'
[0.234s] Level 1:colcon.colcon_core.package_identification:_identify(src) by extension 'ignore_ament_install'
[0.234s] Level 1:colcon.colcon_core.package_identification:_identify(src) by extensions ['colcon_pkg']
[0.234s] Level 1:colcon.colcon_core.package_identification:_identify(src) by extension 'colcon_pkg'
[0.234s] Level 1:colcon.colcon_core.package_identification:_identify(src) by extensions ['colcon_meta']
[0.234s] Level 1:colcon.colcon_core.package_identification:_identify(src) by extension 'colcon_meta'
[0.234s] Level 1:colcon.colcon_core.package_identification:_identify(src) by extensions ['ros']
[0.234s] Level 1:colcon.colcon_core.package_identification:_identify(src) by extension 'ros'
[0.234s] Level 1:colcon.colcon_core.package_identification:_identify(src) by extensions ['cmake', 'python']
[0.234s] Level 1:colcon.colcon_core.package_identification:_identify(src) by extension 'cmake'
[0.234s] Level 1:colcon.colcon_core.package_identification:_identify(src) by extension 'python'
[0.235s] Level 1:colcon.colcon_core.package_identification:_identify(src) by extensions ['python_setup_py']
[0.235s] Level 1:colcon.colcon_core.package_identification:_identify(src) by extension 'python_setup_py'
[0.235s] Level 1:colcon.colcon_core.package_identification:_identify(src/bus_interfaces) by extensions ['ignore', 'ignore_ament_install']
[0.235s] Level 1:colcon.colcon_core.package_identification:_identify(src/bus_interfaces) by extension 'ignore'
[0.235s] Level 1:colcon.colcon_core.package_identification:_identify(src/bus_interfaces) by extension 'ignore_ament_install'
[0.235s] Level 1:colcon.colcon_core.package_identification:_identify(src/bus_interfaces) by extensions ['colcon_pkg']
[0.235s] Level 1:colcon.colcon_core.package_identification:_identify(src/bus_interfaces) by extension 'colcon_pkg'
[0.235s] Level 1:colcon.colcon_core.package_identification:_identify(src/bus_interfaces) by extensions ['colcon_meta']
[0.235s] Level 1:colcon.colcon_core.package_identification:_identify(src/bus_interfaces) by extension 'colcon_meta'
[0.235s] Level 1:colcon.colcon_core.package_identification:_identify(src/bus_interfaces) by extensions ['ros']
[0.235s] Level 1:colcon.colcon_core.package_identification:_identify(src/bus_interfaces) by extension 'ros'
[0.235s] Level 1:colcon.colcon_core.package_identification:_identify(src/bus_interfaces) by extensions ['cmake', 'python']
[0.235s] Level 1:colcon.colcon_core.package_identification:_identify(src/bus_interfaces) by extension 'cmake'
[0.235s] Level 1:colcon.colcon_core.package_identification:_identify(src/bus_interfaces) by extension 'python'
[0.235s] Level 1:colcon.colcon_core.package_identification:_identify(src/bus_interfaces) by extensions ['python_setup_py']
[0.235s] Level 1:colcon.colcon_core.package_identification:_identify(src/bus_interfaces) by extension 'python_setup_py'
[0.235s] Level 1:colcon.colcon_core.package_identification:_identify(src/bus_interfaces/bus_msgs) by extensions ['ignore', 'ignore_ament_install']
[0.235s] Level 1:colcon.colcon_core.package_identification:_identify(src/bus_interfaces/bus_msgs) by extension 'ignore'
[0.235s] Level 1:colcon.colcon_core.package_identification:_identify(src/bus_interfaces/bus_msgs) by extension 'ignore_ament_install'
[0.236s] Level 1:colcon.colcon_core.package_identification:_identify(src/bus_interfaces/bus_msgs) by extensions ['colcon_pkg']
[0.236s] Level 1:colcon.colcon_core.package_identification:_identify(src/bus_interfaces/bus_msgs) by extension 'colcon_pkg'
[0.236s] Level 1:colcon.colcon_core.package_identification:_identify(src/bus_interfaces/bus_msgs) by extensions ['colcon_meta']
[0.236s] Level 1:colcon.colcon_core.package_identification:_identify(src/bus_interfaces/bus_msgs) by extension 'colcon_meta'
[0.236s] Level 1:colcon.colcon_core.package_identification:_identify(src/bus_interfaces/bus_msgs) by extensions ['ros']
[0.236s] Level 1:colcon.colcon_core.package_identification:_identify(src/bus_interfaces/bus_msgs) by extension 'ros'
[0.239s] DEBUG:colcon.colcon_core.package_identification:Package 'src/bus_interfaces/bus_msgs' with type 'ros.ament_cmake' and name 'bus_msgs'
[0.239s] Level 1:colcon.colcon_core.package_identification:_identify(src/bus_interfaces/can_interface) by extensions ['ignore', 'ignore_ament_install']
[0.239s] Level 1:colcon.colcon_core.package_identification:_identify(src/bus_interfaces/can_interface) by extension 'ignore'
[0.239s] Level 1:colcon.colcon_core.package_identification:_identify(src/bus_interfaces/can_interface) by extension 'ignore_ament_install'
[0.239s] Level 1:colcon.colcon_core.package_identification:_identify(src/bus_interfaces/can_interface) by extensions ['colcon_pkg']
[0.239s] Level 1:colcon.colcon_core.package_identification:_identify(src/bus_interfaces/can_interface) by extension 'colcon_pkg'
[0.239s] Level 1:colcon.colcon_core.package_identification:_identify(src/bus_interfaces/can_interface) by extensions ['colcon_meta']
[0.239s] Level 1:colcon.colcon_core.package_identification:_identify(src/bus_interfaces/can_interface) by extension 'colcon_meta'
[0.239s] Level 1:colcon.colcon_core.package_identification:_identify(src/bus_interfaces/can_interface) by extensions ['ros']
[0.239s] Level 1:colcon.colcon_core.package_identification:_identify(src/bus_interfaces/can_interface) by extension 'ros'
[0.240s] DEBUG:colcon.colcon_core.package_identification:Package 'src/bus_interfaces/can_interface' with type 'ros.ament_cmake' and name 'can_interface'
[0.240s] Level 1:colcon.colcon_core.package_identification:_identify(src/peripherals) by extensions ['ignore', 'ignore_ament_install']
[0.240s] Level 1:colcon.colcon_core.package_identification:_identify(src/peripherals) by extension 'ignore'
[0.240s] Level 1:colcon.colcon_core.package_identification:_identify(src/peripherals) by extension 'ignore_ament_install'
[0.240s] Level 1:colcon.colcon_core.package_identification:_identify(src/peripherals) by extensions ['colcon_pkg']
[0.240s] Level 1:colcon.colcon_core.package_identification:_identify(src/peripherals) by extension 'colcon_pkg'
[0.240s] Level 1:colcon.colcon_core.package_identification:_identify(src/peripherals) by extensions ['colcon_meta']
[0.240s] Level 1:colcon.colcon_core.package_identification:_identify(src/peripherals) by extension 'colcon_meta'
[0.241s] Level 1:colcon.colcon_core.package_identification:_identify(src/peripherals) by extensions ['ros']
[0.241s] Level 1:colcon.colcon_core.package_identification:_identify(src/peripherals) by extension 'ros'
[0.241s] Level 1:colcon.colcon_core.package_identification:_identify(src/peripherals) by extensions ['cmake', 'python']
[0.241s] Level 1:colcon.colcon_core.package_identification:_identify(src/peripherals) by extension 'cmake'
[0.241s] Level 1:colcon.colcon_core.package_identification:_identify(src/peripherals) by extension 'python'
[0.241s] Level 1:colcon.colcon_core.package_identification:_identify(src/peripherals) by extensions ['python_setup_py']
[0.241s] Level 1:colcon.colcon_core.package_identification:_identify(src/peripherals) by extension 'python_setup_py'
[0.241s] Level 1:colcon.colcon_core.package_identification:_identify(src/peripherals/oled_service) by extensions ['ignore', 'ignore_ament_install']
[0.241s] Level 1:colcon.colcon_core.package_identification:_identify(src/peripherals/oled_service) by extension 'ignore'
[0.241s] Level 1:colcon.colcon_core.package_identification:_identify(src/peripherals/oled_service) by extension 'ignore_ament_install'
[0.241s] Level 1:colcon.colcon_core.package_identification:_identify(src/peripherals/oled_service) by extensions ['colcon_pkg']
[0.241s] Level 1:colcon.colcon_core.package_identification:_identify(src/peripherals/oled_service) by extension 'colcon_pkg'
[0.241s] Level 1:colcon.colcon_core.package_identification:_identify(src/peripherals/oled_service) by extensions ['colcon_meta']
[0.241s] Level 1:colcon.colcon_core.package_identification:_identify(src/peripherals/oled_service) by extension 'colcon_meta'
[0.241s] Level 1:colcon.colcon_core.package_identification:_identify(src/peripherals/oled_service) by extensions ['ros']
[0.241s] Level 1:colcon.colcon_core.package_identification:_identify(src/peripherals/oled_service) by extension 'ros'
[0.242s] DEBUG:colcon.colcon_core.package_identification:Package 'src/peripherals/oled_service' with type 'ros.ament_cmake' and name 'oled_service'
[0.242s] Level 1:colcon.colcon_core.package_discovery:discover_packages(recursive) using defaults
[0.242s] Level 1:colcon.colcon_core.package_discovery:discover_packages(ignore) discover
[0.242s] Level 1:colcon.colcon_core.package_discovery:discover_packages(ignore) using defaults
[0.242s] Level 1:colcon.colcon_core.package_discovery:discover_packages(path) discover
[0.242s] Level 1:colcon.colcon_core.package_discovery:discover_packages(path) using defaults
[0.265s] Level 1:colcon.colcon_core.package_discovery:discover_packages(prefix_path) check parameters
[0.265s] Level 1:colcon.colcon_core.package_discovery:discover_packages(prefix_path) discover
[0.267s] DEBUG:colcon.colcon_installed_package_information.package_discovery:Found 3 installed packages in /home/jetpack/piracer/install
[0.269s] DEBUG:colcon.colcon_installed_package_information.package_discovery:Found 285 installed packages in /opt/ros/jazzy
[0.270s] Level 1:colcon.colcon_core.package_discovery:discover_packages(prefix_path) using defaults
[0.328s] Level 5:colcon.colcon_core.verb:set package 'bus_msgs' build argument 'cmake_args' from command line to 'None'
[0.328s] Level 5:colcon.colcon_core.verb:set package 'bus_msgs' build argument 'cmake_target' from command line to 'None'
[0.328s] Level 5:colcon.colcon_core.verb:set package 'bus_msgs' build argument 'cmake_target_skip_unavailable' from command line to 'False'
[0.328s] Level 5:colcon.colcon_core.verb:set package 'bus_msgs' build argument 'cmake_clean_cache' from command line to 'False'
[0.328s] Level 5:colcon.colcon_core.verb:set package 'bus_msgs' build argument 'cmake_clean_first' from command line to 'False'
[0.329s] Level 5:colcon.colcon_core.verb:set package 'bus_msgs' build argument 'cmake_force_configure' from command line to 'False'
[0.329s] Level 5:colcon.colcon_core.verb:set package 'bus_msgs' build argument 'ament_cmake_args' from command line to 'None'
[0.329s] Level 5:colcon.colcon_core.verb:set package 'bus_msgs' build argument 'catkin_cmake_args' from command line to 'None'
[0.329s] Level 5:colcon.colcon_core.verb:set package 'bus_msgs' build argument 'catkin_skip_building_tests' from command line to 'False'
[0.329s] DEBUG:colcon.colcon_core.verb:Building package 'bus_msgs' with the following arguments: {'ament_cmake_args': None, 'build_base': '/home/jetpack/piracer/build/bus_msgs', 'catkin_cmake_args': None, 'catkin_skip_building_tests': False, 'cmake_args': None, 'cmake_clean_cache': False, 'cmake_clean_first': False, 'cmake_force_configure': False, 'cmake_target': None, 'cmake_target_skip_unavailable': False, 'install_base': '/home/jetpack/piracer/install/bus_msgs', 'merge_install': False, 'path': '/home/jetpack/piracer/src/bus_interfaces/bus_msgs', 'symlink_install': True, 'test_result_base': None}
[0.329s] Level 5:colcon.colcon_core.verb:set package 'oled_service' build argument 'cmake_args' from command line to 'None'
[0.329s] Level 5:colcon.colcon_core.verb:set package 'oled_service' build argument 'cmake_target' from command line to 'None'
[0.329s] Level 5:colcon.colcon_core.verb:set package 'oled_service' build argument 'cmake_target_skip_unavailable' from command line to 'False'
[0.329s] Level 5:colcon.colcon_core.verb:set package 'oled_service' build argument 'cmake_clean_cache' from command line to 'False'
[0.329s] Level 5:colcon.colcon_core.verb:set package 'oled_service' build argument 'cmake_clean_first' from command line to 'False'
[0.329s] Level 5:colcon.colcon_core.verb:set package 'oled_service' build argument 'cmake_force_configure' from command line to 'False'
[0.329s] Level 5:colcon.colcon_core.verb:set package 'oled_service' build argument 'ament_cmake_args' from command line to 'None'
[0.329s] Level 5:colcon.colcon_core.verb:set package 'oled_service' build argument 'catkin_cmake_args' from command line to 'None'
[0.329s] Level 5:colcon.colcon_core.verb:set package 'oled_service' build argument 'catkin_skip_building_tests' from command line to 'False'
[0.329s] DEBUG:colcon.colcon_core.verb:Building package 'oled_service' with the following arguments: {'ament_cmake_args': None, 'build_base': '/home/jetpack/piracer/build/oled_service', 'catkin_cmake_args': None, 'catkin_skip_building_tests': False, 'cmake_args': None, 'cmake_clean_cache': False, 'cmake_clean_first': False, 'cmake_force_configure': False, 'cmake_target': None, 'cmake_target_skip_unavailable': False, 'install_base': '/home/jetpack/piracer/install/oled_service', 'merge_install': False, 'path': '/home/jetpack/piracer/src/peripherals/oled_service', 'symlink_install': True, 'test_result_base': None}
[0.330s] Level 5:colcon.colcon_core.verb:set package 'can_interface' build argument 'cmake_args' from command line to 'None'
[0.330s] Level 5:colcon.colcon_core.verb:set package 'can_interface' build argument 'cmake_target' from command line to 'None'
[0.330s] Level 5:colcon.colcon_core.verb:set package 'can_interface' build argument 'cmake_target_skip_unavailable' from command line to 'False'
[0.330s] Level 5:colcon.colcon_core.verb:set package 'can_interface' build argument 'cmake_clean_cache' from command line to 'False'
[0.330s] Level 5:colcon.colcon_core.verb:set package 'can_interface' build argument 'cmake_clean_first' from command line to 'False'
[0.330s] Level 5:colcon.colcon_core.verb:set package 'can_interface' build argument 'cmake_force_configure' from command line to 'False'
[0.330s] Level 5:colcon.colcon_core.verb:set package 'can_interface' build argument 'ament_cmake_args' from command line to 'None'
[0.330s] Level 5:colcon.colcon_core.verb:set package 'can_interface' build argument 'catkin_cmake_args' from command line to 'None'
[0.330s] Level 5:colcon.colcon_core.verb:set package 'can_interface' build argument 'catkin_skip_building_tests' from command line to 'False'
[0.330s] DEBUG:colcon.colcon_core.verb:Building package 'can_interface' with the following arguments: {'ament_cmake_args': None, 'build_base': '/home/jetpack/piracer/build/can_interface', 'catkin_cmake_args': None, 'catkin_skip_building_tests': False, 'cmake_args': None, 'cmake_clean_cache': False, 'cmake_clean_first': False, 'cmake_force_configure': False, 'cmake_target': None, 'cmake_target_skip_unavailable': False, 'install_base': '/home/jetpack/piracer/install/can_interface', 'merge_install': False, 'path': '/home/jetpack/piracer/src/bus_interfaces/can_interface', 'symlink_install': True, 'test_result_base': None}
[0.330s] INFO:colcon.colcon_core.executor:Executing jobs using 'parallel' executor
[0.331s] DEBUG:colcon.colcon_parallel_executor.executor.parallel:run_until_complete
[0.331s] INFO:colcon.colcon_ros.task.ament_cmake.build:Building ROS package in '/home/jetpack/piracer/src/bus_interfaces/bus_msgs' with build type 'ament_cmake'
[0.332s] INFO:colcon.colcon_cmake.task.cmake.build:Building CMake package in '/home/jetpack/piracer/src/bus_interfaces/bus_msgs'
[0.334s] INFO:colcon.colcon_core.plugin_system:Skipping extension 'colcon_core.shell.bat': Not used on non-Windows systems
[0.334s] INFO:colcon.colcon_core.shell:Skip shell extension 'powershell' for command environment: Not usable outside of PowerShell
[0.334s] DEBUG:colcon.colcon_core.shell:Skip shell extension 'dsv' for command environment
[0.338s] INFO:colcon.colcon_ros.task.ament_cmake.build:Building ROS package in '/home/jetpack/piracer/src/peripherals/oled_service' with build type 'ament_cmake'
[0.339s] INFO:colcon.colcon_cmake.task.cmake.build:Building CMake package in '/home/jetpack/piracer/src/peripherals/oled_service'
[0.339s] INFO:colcon.colcon_core.shell:Skip shell extension 'powershell' for command environment: Not usable outside of PowerShell
[0.339s] DEBUG:colcon.colcon_core.shell:Skip shell extension 'dsv' for command environment
[0.349s] DEBUG:colcon.colcon_core.event_handler.log_command:Invoking command in '/home/jetpack/piracer/build/bus_msgs': CMAKE_PREFIX_PATH=${CMAKE_PREFIX_PATH}:/opt/ros/jazzy /usr/bin/cmake --build /home/jetpack/piracer/build/bus_msgs -- -j4 -l4
[0.359s] DEBUG:colcon.colcon_core.event_handler.log_command:Invoking command in '/home/jetpack/piracer/build/oled_service': CMAKE_PREFIX_PATH=${CMAKE_PREFIX_PATH}:/opt/ros/jazzy /usr/bin/cmake --build /home/jetpack/piracer/build/oled_service -- -j4 -l4
[0.485s] DEBUG:colcon.colcon_core.event_handler.log_command:Invoked command in '/home/jetpack/piracer/build/oled_service' returned '0': CMAKE_PREFIX_PATH=${CMAKE_PREFIX_PATH}:/opt/ros/jazzy /usr/bin/cmake --build /home/jetpack/piracer/build/oled_service -- -j4 -l4
[0.599s] DEBUG:colcon.colcon_core.event_handler.log_command:Invoking command in '/home/jetpack/piracer/build/oled_service': CMAKE_PREFIX_PATH=${CMAKE_PREFIX_PATH}:/opt/ros/jazzy /usr/bin/cmake --install /home/jetpack/piracer/build/oled_service
[0.644s] Level 1:colcon.colcon_core.environment:create_environment_scripts_only(oled_service)
[0.645s] DEBUG:colcon.colcon_core.event_handler.log_command:Invoked command in '/home/jetpack/piracer/build/oled_service' returned '0': CMAKE_PREFIX_PATH=${CMAKE_PREFIX_PATH}:/opt/ros/jazzy /usr/bin/cmake --install /home/jetpack/piracer/build/oled_service
[0.647s] Level 1:colcon.colcon_core.environment:checking '/home/jetpack/piracer/install/oled_service' for CMake module files
[0.649s] Level 1:colcon.colcon_core.environment:checking '/home/jetpack/piracer/install/oled_service' for CMake config files
[0.649s] Level 1:colcon.colcon_core.shell:create_environment_hook('oled_service', 'cmake_prefix_path')
[0.649s] INFO:colcon.colcon_core.shell:Creating environment hook '/home/jetpack/piracer/install/oled_service/share/oled_service/hook/cmake_prefix_path.ps1'
[0.650s] INFO:colcon.colcon_core.shell:Creating environment descriptor '/home/jetpack/piracer/install/oled_service/share/oled_service/hook/cmake_prefix_path.dsv'
[0.651s] INFO:colcon.colcon_core.shell:Creating environment hook '/home/jetpack/piracer/install/oled_service/share/oled_service/hook/cmake_prefix_path.sh'
[0.653s] Level 1:colcon.colcon_core.environment:checking '/home/jetpack/piracer/install/oled_service/lib'
[0.653s] Level 1:colcon.colcon_core.environment:checking '/home/jetpack/piracer/install/oled_service/bin'
[0.653s] Level 1:colcon.colcon_core.environment:checking '/home/jetpack/piracer/install/oled_service/lib/pkgconfig/oled_service.pc'
[0.654s] Level 1:colcon.colcon_core.environment:checking '/home/jetpack/piracer/install/oled_service/lib/python3.12/site-packages'
[0.654s] Level 1:colcon.colcon_core.environment:checking '/home/jetpack/piracer/install/oled_service/bin'
[0.654s] INFO:colcon.colcon_core.shell:Creating package script '/home/jetpack/piracer/install/oled_service/share/oled_service/package.ps1'
[0.656s] INFO:colcon.colcon_core.shell:Creating package descriptor '/home/jetpack/piracer/install/oled_service/share/oled_service/package.dsv'
[0.656s] INFO:colcon.colcon_core.shell:Creating package script '/home/jetpack/piracer/install/oled_service/share/oled_service/package.sh'
[0.657s] INFO:colcon.colcon_core.shell:Creating package script '/home/jetpack/piracer/install/oled_service/share/oled_service/package.bash'
[0.658s] INFO:colcon.colcon_core.shell:Creating package script '/home/jetpack/piracer/install/oled_service/share/oled_service/package.zsh'
[0.659s] Level 1:colcon.colcon_core.environment:create_file_with_runtime_dependencies(/home/jetpack/piracer/install/oled_service/share/colcon-core/packages/oled_service)
[0.710s] Level 1:colcon.colcon_core.environment:create_environment_scripts_only(oled_service)
[0.711s] Level 1:colcon.colcon_core.environment:checking '/home/jetpack/piracer/install/oled_service' for CMake module files
[0.712s] Level 1:colcon.colcon_core.environment:checking '/home/jetpack/piracer/install/oled_service' for CMake config files
[0.712s] Level 1:colcon.colcon_core.shell:create_environment_hook('oled_service', 'cmake_prefix_path')
[0.712s] INFO:colcon.colcon_core.shell:Creating environment hook '/home/jetpack/piracer/install/oled_service/share/oled_service/hook/cmake_prefix_path.ps1'
[0.713s] INFO:colcon.colcon_core.shell:Creating environment descriptor '/home/jetpack/piracer/install/oled_service/share/oled_service/hook/cmake_prefix_path.dsv'
[0.714s] INFO:colcon.colcon_core.shell:Creating environment hook '/home/jetpack/piracer/install/oled_service/share/oled_service/hook/cmake_prefix_path.sh'
[0.715s] Level 1:colcon.colcon_core.environment:checking '/home/jetpack/piracer/install/oled_service/lib'
[0.715s] Level 1:colcon.colcon_core.environment:checking '/home/jetpack/piracer/install/oled_service/bin'
[0.715s] Level 1:colcon.colcon_core.environment:checking '/home/jetpack/piracer/install/oled_service/lib/pkgconfig/oled_service.pc'
[0.716s] Level 1:colcon.colcon_core.environment:checking '/home/jetpack/piracer/install/oled_service/lib/python3.12/site-packages'
[0.716s] Level 1:colcon.colcon_core.environment:checking '/home/jetpack/piracer/install/oled_service/bin'
[0.716s] INFO:colcon.colcon_core.shell:Creating package script '/home/jetpack/piracer/install/oled_service/share/oled_service/package.ps1'
[0.717s] INFO:colcon.colcon_core.shell:Creating package descriptor '/home/jetpack/piracer/install/oled_service/share/oled_service/package.dsv'
[0.718s] INFO:colcon.colcon_core.shell:Creating package script '/home/jetpack/piracer/install/oled_service/share/oled_service/package.sh'
[0.718s] INFO:colcon.colcon_core.shell:Creating package script '/home/jetpack/piracer/install/oled_service/share/oled_service/package.bash'
[0.719s] INFO:colcon.colcon_core.shell:Creating package script '/home/jetpack/piracer/install/oled_service/share/oled_service/package.zsh'
[0.720s] Level 1:colcon.colcon_core.environment:create_file_with_runtime_dependencies(/home/jetpack/piracer/install/oled_service/share/colcon-core/packages/oled_service)
[1.021s] DEBUG:colcon.colcon_core.event_handler.log_command:Invoked command in '/home/jetpack/piracer/build/bus_msgs' returned '0': CMAKE_PREFIX_PATH=${CMAKE_PREFIX_PATH}:/opt/ros/jazzy /usr/bin/cmake --build /home/jetpack/piracer/build/bus_msgs -- -j4 -l4
[1.110s] DEBUG:colcon.colcon_core.event_handler.log_command:Invoking command in '/home/jetpack/piracer/build/bus_msgs': CMAKE_PREFIX_PATH=${CMAKE_PREFIX_PATH}:/opt/ros/jazzy /usr/bin/cmake --install /home/jetpack/piracer/build/bus_msgs
[1.225s] Level 1:colcon.colcon_core.environment:create_environment_scripts_only(bus_msgs)
[1.226s] Level 1:colcon.colcon_core.environment:checking '/home/jetpack/piracer/install/bus_msgs' for CMake module files
[1.226s] DEBUG:colcon.colcon_core.event_handler.log_command:Invoked command in '/home/jetpack/piracer/build/bus_msgs' returned '0': CMAKE_PREFIX_PATH=${CMAKE_PREFIX_PATH}:/opt/ros/jazzy /usr/bin/cmake --install /home/jetpack/piracer/build/bus_msgs
[1.227s] Level 1:colcon.colcon_core.environment:checking '/home/jetpack/piracer/install/bus_msgs' for CMake config files
[1.227s] Level 1:colcon.colcon_core.shell:create_environment_hook('bus_msgs', 'cmake_prefix_path')
[1.228s] INFO:colcon.colcon_core.shell:Creating environment hook '/home/jetpack/piracer/install/bus_msgs/share/bus_msgs/hook/cmake_prefix_path.ps1'
[1.228s] INFO:colcon.colcon_core.shell:Creating environment descriptor '/home/jetpack/piracer/install/bus_msgs/share/bus_msgs/hook/cmake_prefix_path.dsv'
[1.229s] INFO:colcon.colcon_core.shell:Creating environment hook '/home/jetpack/piracer/install/bus_msgs/share/bus_msgs/hook/cmake_prefix_path.sh'
[1.230s] Level 1:colcon.colcon_core.environment:checking '/home/jetpack/piracer/install/bus_msgs/lib'
[1.231s] Level 1:colcon.colcon_core.shell:create_environment_hook('bus_msgs', 'ld_library_path_lib')
[1.231s] INFO:colcon.colcon_core.shell:Creating environment hook '/home/jetpack/piracer/install/bus_msgs/share/bus_msgs/hook/ld_library_path_lib.ps1'
[1.231s] INFO:colcon.colcon_core.shell:Creating environment descriptor '/home/jetpack/piracer/install/bus_msgs/share/bus_msgs/hook/ld_library_path_lib.dsv'
[1.232s] INFO:colcon.colcon_core.shell:Creating environment hook '/home/jetpack/piracer/install/bus_msgs/share/bus_msgs/hook/ld_library_path_lib.sh'
[1.233s] Level 1:colcon.colcon_core.environment:checking '/home/jetpack/piracer/install/bus_msgs/bin'
[1.233s] Level 1:colcon.colcon_core.environment:checking '/home/jetpack/piracer/install/bus_msgs/lib/pkgconfig/bus_msgs.pc'
[1.233s] Level 1:colcon.colcon_core.environment:checking '/home/jetpack/piracer/install/bus_msgs/lib/python3.12/site-packages'
[1.233s] Level 1:colcon.colcon_core.shell:create_environment_hook('bus_msgs', 'pythonpath')
[1.234s] INFO:colcon.colcon_core.shell:Creating environment hook '/home/jetpack/piracer/install/bus_msgs/share/bus_msgs/hook/pythonpath.ps1'
[1.234s] INFO:colcon.colcon_core.shell:Creating environment descriptor '/home/jetpack/piracer/install/bus_msgs/share/bus_msgs/hook/pythonpath.dsv'
[1.235s] INFO:colcon.colcon_core.shell:Creating environment hook '/home/jetpack/piracer/install/bus_msgs/share/bus_msgs/hook/pythonpath.sh'
[1.236s] Level 1:colcon.colcon_core.environment:checking '/home/jetpack/piracer/install/bus_msgs/bin'
[1.236s] INFO:colcon.colcon_core.shell:Creating package script '/home/jetpack/piracer/install/bus_msgs/share/bus_msgs/package.ps1'
[1.237s] INFO:colcon.colcon_core.shell:Creating package descriptor '/home/jetpack/piracer/install/bus_msgs/share/bus_msgs/package.dsv'
[1.238s] INFO:colcon.colcon_core.shell:Creating package script '/home/jetpack/piracer/install/bus_msgs/share/bus_msgs/package.sh'
[1.238s] INFO:colcon.colcon_core.shell:Creating package script '/home/jetpack/piracer/install/bus_msgs/share/bus_msgs/package.bash'
[1.239s] INFO:colcon.colcon_core.shell:Creating package script '/home/jetpack/piracer/install/bus_msgs/share/bus_msgs/package.zsh'
[1.240s] Level 1:colcon.colcon_core.environment:create_file_with_runtime_dependencies(/home/jetpack/piracer/install/bus_msgs/share/colcon-core/packages/bus_msgs)
[1.328s] Level 1:colcon.colcon_core.environment:create_environment_scripts_only(bus_msgs)
[1.329s] Level 1:colcon.colcon_core.environment:checking '/home/jetpack/piracer/install/bus_msgs' for CMake module files
[1.330s] Level 1:colcon.colcon_core.environment:checking '/home/jetpack/piracer/install/bus_msgs' for CMake config files
[1.330s] Level 1:colcon.colcon_core.shell:create_environment_hook('bus_msgs', 'cmake_prefix_path')
[1.331s] INFO:colcon.colcon_core.shell:Creating environment hook '/home/jetpack/piracer/install/bus_msgs/share/bus_msgs/hook/cmake_prefix_path.ps1'
[1.331s] INFO:colcon.colcon_core.shell:Creating environment descriptor '/home/jetpack/piracer/install/bus_msgs/share/bus_msgs/hook/cmake_prefix_path.dsv'
[1.332s] INFO:colcon.colcon_core.shell:Creating environment hook '/home/jetpack/piracer/install/bus_msgs/share/bus_msgs/hook/cmake_prefix_path.sh'
[1.333s] Level 1:colcon.colcon_core.environment:checking '/home/jetpack/piracer/install/bus_msgs/lib'
[1.333s] Level 1:colcon.colcon_core.shell:create_environment_hook('bus_msgs', 'ld_library_path_lib')
[1.334s] INFO:colcon.colcon_core.shell:Creating environment hook '/home/jetpack/piracer/install/bus_msgs/share/bus_msgs/hook/ld_library_path_lib.ps1'
[1.334s] INFO:colcon.colcon_core.shell:Creating environment descriptor '/home/jetpack/piracer/install/bus_msgs/share/bus_msgs/hook/ld_library_path_lib.dsv'
[1.335s] INFO:colcon.colcon_core.shell:Creating environment hook '/home/jetpack/piracer/install/bus_msgs/share/bus_msgs/hook/ld_library_path_lib.sh'
[1.336s] Level 1:colcon.colcon_core.environment:checking '/home/jetpack/piracer/install/bus_msgs/bin'
[1.336s] Level 1:colcon.colcon_core.environment:checking '/home/jetpack/piracer/install/bus_msgs/lib/pkgconfig/bus_msgs.pc'
[1.337s] Level 1:colcon.colcon_core.environment:checking '/home/jetpack/piracer/install/bus_msgs/lib/python3.12/site-packages'
[1.337s] Level 1:colcon.colcon_core.shell:create_environment_hook('bus_msgs', 'pythonpath')
[1.337s] INFO:colcon.colcon_core.shell:Creating environment hook '/home/jetpack/piracer/install/bus_msgs/share/bus_msgs/hook/pythonpath.ps1'
[1.338s] INFO:colcon.colcon_core.shell:Creating environment descriptor '/home/jetpack/piracer/install/bus_msgs/share/bus_msgs/hook/pythonpath.dsv'
[1.338s] INFO:colcon.colcon_core.shell:Creating environment hook '/home/jetpack/piracer/install/bus_msgs/share/bus_msgs/hook/pythonpath.sh'
[1.339s] Level 1:colcon.colcon_core.environment:checking '/home/jetpack/piracer/install/bus_msgs/bin'
[1.340s] INFO:colcon.colcon_core.shell:Creating package script '/home/jetpack/piracer/install/bus_msgs/share/bus_msgs/package.ps1'
[1.340s] INFO:colcon.colcon_core.shell:Creating package descriptor '/home/jetpack/piracer/install/bus_msgs/share/bus_msgs/package.dsv'
[1.341s] INFO:colcon.colcon_core.shell:Creating package script '/home/jetpack/piracer/install/bus_msgs/share/bus_msgs/package.sh'
[1.342s] INFO:colcon.colcon_core.shell:Creating package script '/home/jetpack/piracer/install/bus_msgs/share/bus_msgs/package.bash'
[1.343s] INFO:colcon.colcon_core.shell:Creating package script '/home/jetpack/piracer/install/bus_msgs/share/bus_msgs/package.zsh'
[1.344s] Level 1:colcon.colcon_core.environment:create_file_with_runtime_dependencies(/home/jetpack/piracer/install/bus_msgs/share/colcon-core/packages/bus_msgs)
[1.344s] INFO:colcon.colcon_ros.task.ament_cmake.build:Building ROS package in '/home/jetpack/piracer/src/bus_interfaces/can_interface' with build type 'ament_cmake'
[1.345s] INFO:colcon.colcon_cmake.task.cmake.build:Building CMake package in '/home/jetpack/piracer/src/bus_interfaces/can_interface'
[1.345s] INFO:colcon.colcon_core.shell:Skip shell extension 'powershell' for command environment: Not usable outside of PowerShell
[1.345s] DEBUG:colcon.colcon_core.shell:Skip shell extension 'dsv' for command environment
[1.360s] DEBUG:colcon.colcon_core.event_handler.log_command:Invoking command in '/home/jetpack/piracer/build/can_interface': CMAKE_PREFIX_PATH=/home/jetpack/piracer/install/bus_msgs:/home/jetpack/piracer/install/oled_service:/home/jetpack/piracer/install/can_interface:/opt/ros/jazzy/opt/gz_math_vendor:/opt/ros/jazzy/opt/gz_utils_vendor:/opt/ros/jazzy/opt/gz_cmake_vendor:/opt/ros/jazzy LD_LIBRARY_PATH=/home/jetpack/piracer/install/bus_msgs/lib:/home/jetpack/piracer/install/can_interface/lib:/opt/ros/jazzy/opt/rviz_ogre_vendor/lib:/opt/ros/jazzy/lib/aarch64-linux-gnu:/opt/ros/jazzy/opt/gz_math_vendor/lib:/opt/ros/jazzy/opt/gz_utils_vendor/lib:/opt/ros/jazzy/opt/gz_cmake_vendor/lib:/opt/ros/jazzy/lib /usr/bin/cmake --build /home/jetpack/piracer/build/can_interface -- -j4 -l4
[9.260s] DEBUG:colcon.colcon_core.event_handler.log_command:Invoked command in '/home/jetpack/piracer/build/can_interface' returned '0': CMAKE_PREFIX_PATH=/home/jetpack/piracer/install/bus_msgs:/home/jetpack/piracer/install/oled_service:/home/jetpack/piracer/install/can_interface:/opt/ros/jazzy/opt/gz_math_vendor:/opt/ros/jazzy/opt/gz_utils_vendor:/opt/ros/jazzy/opt/gz_cmake_vendor:/opt/ros/jazzy LD_LIBRARY_PATH=/home/jetpack/piracer/install/bus_msgs/lib:/home/jetpack/piracer/install/can_interface/lib:/opt/ros/jazzy/opt/rviz_ogre_vendor/lib:/opt/ros/jazzy/lib/aarch64-linux-gnu:/opt/ros/jazzy/opt/gz_math_vendor/lib:/opt/ros/jazzy/opt/gz_utils_vendor/lib:/opt/ros/jazzy/opt/gz_cmake_vendor/lib:/opt/ros/jazzy/lib /usr/bin/cmake --build /home/jetpack/piracer/build/can_interface -- -j4 -l4
[9.305s] DEBUG:colcon.colcon_core.event_handler.log_command:Invoking command in '/home/jetpack/piracer/build/can_interface': CMAKE_PREFIX_PATH=/home/jetpack/piracer/install/bus_msgs:/home/jetpack/piracer/install/oled_service:/home/jetpack/piracer/install/can_interface:/opt/ros/jazzy/opt/gz_math_vendor:/opt/ros/jazzy/opt/gz_utils_vendor:/opt/ros/jazzy/opt/gz_cmake_vendor:/opt/ros/jazzy LD_LIBRARY_PATH=/home/jetpack/piracer/install/bus_msgs/lib:/home/jetpack/piracer/install/can_interface/lib:/opt/ros/jazzy/opt/rviz_ogre_vendor/lib:/opt/ros/jazzy/lib/aarch64-linux-gnu:/opt/ros/jazzy/opt/gz_math_vendor/lib:/opt/ros/jazzy/opt/gz_utils_vendor/lib:/opt/ros/jazzy/opt/gz_cmake_vendor/lib:/opt/ros/jazzy/lib /usr/bin/cmake --install /home/jetpack/piracer/build/can_interface
[9.344s] Level 1:colcon.colcon_core.environment:create_environment_scripts_only(can_interface)
[9.345s] Level 1:colcon.colcon_core.environment:checking '/home/jetpack/piracer/install/can_interface' for CMake module files
[9.345s] DEBUG:colcon.colcon_core.event_handler.log_command:Invoked command in '/home/jetpack/piracer/build/can_interface' returned '0': CMAKE_PREFIX_PATH=/home/jetpack/piracer/install/bus_msgs:/home/jetpack/piracer/install/oled_service:/home/jetpack/piracer/install/can_interface:/opt/ros/jazzy/opt/gz_math_vendor:/opt/ros/jazzy/opt/gz_utils_vendor:/opt/ros/jazzy/opt/gz_cmake_vendor:/opt/ros/jazzy LD_LIBRARY_PATH=/home/jetpack/piracer/install/bus_msgs/lib:/home/jetpack/piracer/install/can_interface/lib:/opt/ros/jazzy/opt/rviz_ogre_vendor/lib:/opt/ros/jazzy/lib/aarch64-linux-gnu:/opt/ros/jazzy/opt/gz_math_vendor/lib:/opt/ros/jazzy/opt/gz_utils_vendor/lib:/opt/ros/jazzy/opt/gz_cmake_vendor/lib:/opt/ros/jazzy/lib /usr/bin/cmake --install /home/jetpack/piracer/build/can_interface
[9.346s] Level 1:colcon.colcon_core.environment:checking '/home/jetpack/piracer/install/can_interface' for CMake config files
[9.346s] Level 1:colcon.colcon_core.shell:create_environment_hook('can_interface', 'cmake_prefix_path')
[9.346s] INFO:colcon.colcon_core.shell:Creating environment hook '/home/jetpack/piracer/install/can_interface/share/can_interface/hook/cmake_prefix_path.ps1'
[9.347s] INFO:colcon.colcon_core.shell:Creating environment descriptor '/home/jetpack/piracer/install/can_interface/share/can_interface/hook/cmake_prefix_path.dsv'
[9.348s] INFO:colcon.colcon_core.shell:Creating environment hook '/home/jetpack/piracer/install/can_interface/share/can_interface/hook/cmake_prefix_path.sh'
[9.349s] Level 1:colcon.colcon_core.environment:checking '/home/jetpack/piracer/install/can_interface/lib'
[9.349s] Level 1:colcon.colcon_core.shell:create_environment_hook('can_interface', 'ld_library_path_lib')
[9.349s] INFO:colcon.colcon_core.shell:Creating environment hook '/home/jetpack/piracer/install/can_interface/share/can_interface/hook/ld_library_path_lib.ps1'
[9.349s] INFO:colcon.colcon_core.shell:Creating environment descriptor '/home/jetpack/piracer/install/can_interface/share/can_interface/hook/ld_library_path_lib.dsv'
[9.350s] INFO:colcon.colcon_core.shell:Creating environment hook '/home/jetpack/piracer/install/can_interface/share/can_interface/hook/ld_library_path_lib.sh'
[9.351s] Level 1:colcon.colcon_core.environment:checking '/home/jetpack/piracer/install/can_interface/bin'
[9.351s] Level 1:colcon.colcon_core.environment:checking '/home/jetpack/piracer/install/can_interface/lib/pkgconfig/can_interface.pc'
[9.352s] Level 1:colcon.colcon_core.environment:checking '/home/jetpack/piracer/install/can_interface/lib/python3.12/site-packages'
[9.352s] Level 1:colcon.colcon_core.environment:checking '/home/jetpack/piracer/install/can_interface/bin'
[9.352s] INFO:colcon.colcon_core.shell:Creating package script '/home/jetpack/piracer/install/can_interface/share/can_interface/package.ps1'
[9.353s] INFO:colcon.colcon_core.shell:Creating package descriptor '/home/jetpack/piracer/install/can_interface/share/can_interface/package.dsv'
[9.353s] INFO:colcon.colcon_core.shell:Creating package script '/home/jetpack/piracer/install/can_interface/share/can_interface/package.sh'
[9.354s] INFO:colcon.colcon_core.shell:Creating package script '/home/jetpack/piracer/install/can_interface/share/can_interface/package.bash'
[9.354s] INFO:colcon.colcon_core.shell:Creating package script '/home/jetpack/piracer/install/can_interface/share/can_interface/package.zsh'
[9.355s] Level 1:colcon.colcon_core.environment:create_file_with_runtime_dependencies(/home/jetpack/piracer/install/can_interface/share/colcon-core/packages/can_interface)
[9.400s] Level 1:colcon.colcon_core.environment:create_environment_scripts_only(can_interface)
[9.400s] Level 1:colcon.colcon_core.environment:checking '/home/jetpack/piracer/install/can_interface' for CMake module files
[9.401s] Level 1:colcon.colcon_core.environment:checking '/home/jetpack/piracer/install/can_interface' for CMake config files
[9.402s] Level 1:colcon.colcon_core.shell:create_environment_hook('can_interface', 'cmake_prefix_path')
[9.402s] INFO:colcon.colcon_core.shell:Creating environment hook '/home/jetpack/piracer/install/can_interface/share/can_interface/hook/cmake_prefix_path.ps1'
[9.403s] INFO:colcon.colcon_core.shell:Creating environment descriptor '/home/jetpack/piracer/install/can_interface/share/can_interface/hook/cmake_prefix_path.dsv'
[9.404s] INFO:colcon.colcon_core.shell:Creating environment hook '/home/jetpack/piracer/install/can_interface/share/can_interface/hook/cmake_prefix_path.sh'
[9.405s] Level 1:colcon.colcon_core.environment:checking '/home/jetpack/piracer/install/can_interface/lib'
[9.405s] Level 1:colcon.colcon_core.shell:create_environment_hook('can_interface', 'ld_library_path_lib')
[9.405s] INFO:colcon.colcon_core.shell:Creating environment hook '/home/jetpack/piracer/install/can_interface/share/can_interface/hook/ld_library_path_lib.ps1'
[9.406s] INFO:colcon.colcon_core.shell:Creating environment descriptor '/home/jetpack/piracer/install/can_interface/share/can_interface/hook/ld_library_path_lib.dsv'
[9.407s] INFO:colcon.colcon_core.shell:Creating environment hook '/home/jetpack/piracer/install/can_interface/share/can_interface/hook/ld_library_path_lib.sh'
[9.408s] Level 1:colcon.colcon_core.environment:checking '/home/jetpack/piracer/install/can_interface/bin'
[9.408s] Level 1:colcon.colcon_core.environment:checking '/home/jetpack/piracer/install/can_interface/lib/pkgconfig/can_interface.pc'
[9.408s] Level 1:colcon.colcon_core.environment:checking '/home/jetpack/piracer/install/can_interface/lib/python3.12/site-packages'
[9.409s] Level 1:colcon.colcon_core.environment:checking '/home/jetpack/piracer/install/can_interface/bin'
[9.409s] INFO:colcon.colcon_core.shell:Creating package script '/home/jetpack/piracer/install/can_interface/share/can_interface/package.ps1'
[9.410s] INFO:colcon.colcon_core.shell:Creating package descriptor '/home/jetpack/piracer/install/can_interface/share/can_interface/package.dsv'
[9.410s] INFO:colcon.colcon_core.shell:Creating package script '/home/jetpack/piracer/install/can_interface/share/can_interface/package.sh'
[9.411s] INFO:colcon.colcon_core.shell:Creating package script '/home/jetpack/piracer/install/can_interface/share/can_interface/package.bash'
[9.412s] INFO:colcon.colcon_core.shell:Creating package script '/home/jetpack/piracer/install/can_interface/share/can_interface/package.zsh'
[9.413s] Level 1:colcon.colcon_core.environment:create_file_with_runtime_dependencies(/home/jetpack/piracer/install/can_interface/share/colcon-core/packages/can_interface)
[9.414s] DEBUG:colcon.colcon_parallel_executor.executor.parallel:closing loop
[9.415s] DEBUG:colcon.colcon_parallel_executor.executor.parallel:loop closed
[9.415s] DEBUG:colcon.colcon_parallel_executor.executor.parallel:run_until_complete finished with '0'
[9.415s] DEBUG:colcon.colcon_core.event_reactor:joining thread
[9.422s] INFO:colcon.colcon_core.plugin_system:Skipping extension 'colcon_notification.desktop_notification.terminal_notifier': Not used on non-Darwin systems
[9.422s] INFO:colcon.colcon_core.plugin_system:Skipping extension 'colcon_notification.desktop_notification.win32': Not used on non-Windows systems
[9.422s] INFO:colcon.colcon_notification.desktop_notification:Sending desktop notification using 'notify2'
[9.423s] DEBUG:colcon.colcon_notification.desktop_notification.notify2:Failed to initialize notify2: org.freedesktop.DBus.Error.ServiceUnknown: The name org.freedesktop.Notifications was not provided by any .service files
[9.423s] DEBUG:colcon.colcon_core.event_reactor:joined thread
[9.424s] INFO:colcon.colcon_core.shell:Creating prefix script '/home/jetpack/piracer/install/local_setup.ps1'
[9.425s] INFO:colcon.colcon_core.shell:Creating prefix util module '/home/jetpack/piracer/install/_local_setup_util_ps1.py'
[9.427s] INFO:colcon.colcon_core.shell:Creating prefix chain script '/home/jetpack/piracer/install/setup.ps1'
[9.428s] INFO:colcon.colcon_core.shell:Creating prefix script '/home/jetpack/piracer/install/local_setup.sh'
[9.429s] INFO:colcon.colcon_core.shell:Creating prefix util module '/home/jetpack/piracer/install/_local_setup_util_sh.py'
[9.430s] INFO:colcon.colcon_core.shell:Creating prefix chain script '/home/jetpack/piracer/install/setup.sh'
[9.432s] INFO:colcon.colcon_core.shell:Creating prefix script '/home/jetpack/piracer/install/local_setup.bash'
[9.432s] INFO:colcon.colcon_core.shell:Creating prefix chain script '/home/jetpack/piracer/install/setup.bash'
[9.434s] INFO:colcon.colcon_core.shell:Creating prefix script '/home/jetpack/piracer/install/local_setup.zsh'
[9.434s] INFO:colcon.colcon_core.shell:Creating prefix chain script '/home/jetpack/piracer/install/setup.zsh'
